# JRE version: Java(TM) SE Runtime Environment (8.0_121-b13) (build 1.8.0_121-b13)
# Java VM: Java HotSpot(TM) 64-Bit Server VM (25.121-b13 mixed mode windows-amd64 compressed oops)
Heap:
 PSYoungGen      total 97792K, used 23664K [0x00000000d5b00000, 0x00000000dfa00000, 0x0000000100000000)
  eden space 82944K, 10% used [0x00000000d5b00000,0x00000000d63a36e8,0x00000000dac00000)
  from space 14848K, 99% used [0x00000000deb80000,0x00000000df9f8a80,0x00000000dfa00000)
  to   space 17920K, 0% used [0x00000000dd700000,0x00000000dd700000,0x00000000de880000)
 ParOldGen       total 86528K, used 20557K [0x0000000081000000, 0x0000000086480000, 0x00000000d5b00000)
  object space 86528K, 23% used [0x0000000081000000,0x00000000824135d0,0x0000000086480000)
 Metaspace       used 27414K, capacity 29448K, committed 29744K, reserved 1075200K
  class space    used 3912K, capacity 4286K, committed 4400K, reserved 1048576K
GC Heap History (10 events):
Event: 1.631 GC heap before
{Heap before GC invocations=3 (full 0):
 PSYoungGen      total 38400K, used 38377K [0x00000000d5b00000, 0x00000000d8580000, 0x0000000100000000)
  eden space 33280K, 100% used [0x00000000d5b00000,0x00000000d7b80000,0x00000000d7b80000)
  from space 5120K, 99% used [0x00000000d8080000,0x00000000d857a5a0,0x00000000d8580000)
  to   space 5120K, 0% used [0x00000000d7b80000,0x00000000d7b80000,0x00000000d8080000)
 ParOldGen       total 87552K, used 10669K [0x0000000081000000, 0x0000000086580000, 0x00000000d5b00000)
  object space 87552K, 12% used [0x0000000081000000,0x0000000081a6b708,0x0000000086580000)
 Metaspace       used 19019K, capacity 19926K, committed 20096K, reserved 1067008K
  class space    used 2682K, capacity 2881K, committed 2944K, reserved 1048576K
Event: 1.637 GC heap after
Heap after GC invocations=3 (full 0):
 PSYoungGen      total 38400K, used 5113K [0x00000000d5b00000, 0x00000000da600000, 0x0000000100000000)
  eden space 33280K, 0% used [0x00000000d5b00000,0x00000000d5b00000,0x00000000d7b80000)
  from space 5120K, 99% used [0x00000000d7b80000,0x00000000d807e530,0x00000000d8080000)
  to   space 5120K, 0% used [0x00000000da100000,0x00000000da100000,0x00000000da600000)
 ParOldGen       total 87552K, used 12247K [0x0000000081000000, 0x0000000086580000, 0x00000000d5b00000)
  object space 87552K, 13% used [0x0000000081000000,0x0000000081bf5e68,0x0000000086580000)
 Metaspace       used 19019K, capacity 19926K, committed 20096K, reserved 1067008K
  class space    used 2682K, capacity 2881K, committed 2944K, reserved 1048576K
}
Event: 1.883 GC heap before
{Heap before GC invocations=4 (full 0):
 PSYoungGen      total 38400K, used 38393K [0x00000000d5b00000, 0x00000000da600000, 0x0000000100000000)
  eden space 33280K, 100% used [0x00000000d5b00000,0x00000000d7b80000,0x00000000d7b80000)
  from space 5120K, 99% used [0x00000000d7b80000,0x00000000d807e530,0x00000000d8080000)
  to   space 5120K, 0% used [0x00000000da100000,0x00000000da100000,0x00000000da600000)
 ParOldGen       total 87552K, used 12247K [0x0000000081000000, 0x0000000086580000, 0x00000000d5b00000)
  object space 87552K, 13% used [0x0000000081000000,0x0000000081bf5e68,0x0000000086580000)
 Metaspace       used 19722K, capacity 20758K, committed 20992K, reserved 1067008K
  class space    used 2823K, capacity 3041K, committed 3072K, reserved 1048576K
Event: 1.891 GC heap after
Heap after GC invocations=4 (full 0):
 PSYoungGen      total 71680K, used 5112K [0x00000000d5b00000, 0x00000000da600000, 0x0000000100000000)
  eden space 66560K, 0% used [0x00000000d5b00000,0x00000000d5b00000,0x00000000d9c00000)
  from space 5120K, 99% used [0x00000000da100000,0x00000000da5fe240,0x00000000da600000)
  to   space 5120K, 0% used [0x00000000d9c00000,0x00000000d9c00000,0x00000000da100000)
 ParOldGen       total 87552K, used 13688K [0x0000000081000000, 0x0000000086580000, 0x00000000d5b00000)
  object space 87552K, 15% used [0x0000000081000000,0x0000000081d5e088,0x0000000086580000)
 Metaspace       used 19722K, capacity 20758K, committed 20992K, reserved 1067008K
  class space    used 2823K, capacity 3041K, committed 3072K, reserved 1048576K
}
Event: 2.269 GC heap before
{Heap before GC invocations=5 (full 0):
 PSYoungGen      total 71680K, used 62126K [0x00000000d5b00000, 0x00000000da600000, 0x0000000100000000)
  eden space 66560K, 85% used [0x00000000d5b00000,0x00000000d92ad630,0x00000000d9c00000)
  from space 5120K, 99% used [0x00000000da100000,0x00000000da5fe240,0x00000000da600000)
  to   space 5120K, 0% used [0x00000000d9c00000,0x00000000d9c00000,0x00000000da100000)
 ParOldGen       total 87552K, used 13688K [0x0000000081000000, 0x0000000086580000, 0x00000000d5b00000)
  object space 87552K, 15% used [0x0000000081000000,0x0000000081d5e088,0x0000000086580000)
 Metaspace       used 20179K, capacity 21250K, committed 21296K, reserved 1067008K
  class space    used 2875K, capacity 3095K, committed 3120K, reserved 1048576K
Event: 2.280 GC heap after
Heap after GC invocations=5 (full 0):
 PSYoungGen      total 71680K, used 5111K [0x00000000d5b00000, 0x00000000dfa00000, 0x0000000100000000)
  eden space 66560K, 0% used [0x00000000d5b00000,0x00000000d5b00000,0x00000000d9c00000)
  from space 5120K, 99% used [0x00000000d9c00000,0x00000000da0fdf70,0x00000000da100000)
  to   space 14848K, 0% used [0x00000000deb80000,0x00000000deb80000,0x00000000dfa00000)
 ParOldGen       total 87552K, used 15450K [0x0000000081000000, 0x0000000086580000, 0x00000000d5b00000)
  object space 87552K, 17% used [0x0000000081000000,0x0000000081f16a78,0x0000000086580000)
 Metaspace       used 20179K, capacity 21250K, committed 21296K, reserved 1067008K
  class space    used 2875K, capacity 3095K, committed 3120K, reserved 1048576K
}
Event: 2.280 GC heap before
{Heap before GC invocations=6 (full 1):
 PSYoungGen      total 71680K, used 5111K [0x00000000d5b00000, 0x00000000dfa00000, 0x0000000100000000)
  eden space 66560K, 0% used [0x00000000d5b00000,0x00000000d5b00000,0x00000000d9c00000)
  from space 5120K, 99% used [0x00000000d9c00000,0x00000000da0fdf70,0x00000000da100000)
  to   space 14848K, 0% used [0x00000000deb80000,0x00000000deb80000,0x00000000dfa00000)
 ParOldGen       total 87552K, used 15450K [0x0000000081000000, 0x0000000086580000, 0x00000000d5b00000)
  object space 87552K, 17% used [0x0000000081000000,0x0000000081f16a78,0x0000000086580000)
 Metaspace       used 20179K, capacity 21250K, committed 21296K, reserved 1067008K
  class space    used 2875K, capacity 3095K, committed 3120K, reserved 1048576K
Event: 2.389 GC heap after
Heap after GC invocations=6 (full 1):
 PSYoungGen      total 71680K, used 0K [0x00000000d5b00000, 0x00000000dfa00000, 0x0000000100000000)
  eden space 66560K, 0% used [0x00000000d5b00000,0x00000000d5b00000,0x00000000d9c00000)
  from space 5120K, 0% used [0x00000000d9c00000,0x00000000d9c00000,0x00000000da100000)
  to   space 14848K, 0% used [0x00000000deb80000,0x00000000deb80000,0x00000000dfa00000)
 ParOldGen       total 86528K, used 19963K [0x0000000081000000, 0x0000000086480000, 0x00000000d5b00000)
  object space 86528K, 23% used [0x0000000081000000,0x000000008237eee8,0x0000000086480000)
 Metaspace       used 20179K, capacity 21250K, committed 21296K, reserved 1067008K
  class space    used 2875K, capacity 3095K, committed 3120K, reserved 1048576K
}
Event: 14.849 GC heap before
{Heap before GC invocations=7 (full 1):
 PSYoungGen      total 71680K, used 66560K [0x00000000d5b00000, 0x00000000dfa00000, 0x0000000100000000)
  eden space 66560K, 100% used [0x00000000d5b00000,0x00000000d9c00000,0x00000000d9c00000)
  from space 5120K, 0% used [0x00000000d9c00000,0x00000000d9c00000,0x00000000da100000)
  to   space 14848K, 0% used [0x00000000deb80000,0x00000000deb80000,0x00000000dfa00000)
 ParOldGen       total 86528K, used 19963K [0x0000000081000000, 0x0000000086480000, 0x00000000d5b00000)
  object space 86528K, 23% used [0x0000000081000000,0x000000008237eee8,0x0000000086480000)
 Metaspace       used 27109K, capacity 29120K, committed 29360K, reserved 1075200K
  class space    used 3894K, capacity 4248K, committed 4272K, reserved 1048576K
Event: 14.868 GC heap after
Heap after GC invocations=7 (full 1):
 PSYoungGen      total 97792K, used 14818K [0x00000000d5b00000, 0x00000000dfa00000, 0x0000000100000000)
  eden space 82944K, 0% used [0x00000000d5b00000,0x00000000d5b00000,0x00000000dac00000)
  from space 14848K, 99% used [0x00000000deb80000,0x00000000df9f8a80,0x00000000dfa00000)
  to   space 17920K, 0% used [0x00000000dd700000,0x00000000dd700000,0x00000000de880000)
 ParOldGen       total 86528K, used 20557K [0x0000000081000000, 0x0000000086480000, 0x00000000d5b00000)
  object space 86528K, 23% used [0x0000000081000000,0x00000000824135d0,0x0000000086480000)
 Metaspace       used 27109K, capacity 29120K, committed 29360K, reserved 1075200K
  class space    used 3894K, capacity 4248K, committed 4272K, reserved 1048576K
}

