# JRE version: Java(TM) SE Runtime Environment (8.0_161-b12) (build 1.8.0_161-b12)
# Java VM: Java HotSpot(TM) 64-Bit Server VM (25.161-b12 mixed mode windows-amd64 compressed oops)
Heap:
 PSYoungGen      total 70656K, used 30901K [0x00000000d6000000, 0x00000000ddc00000, 0x0000000100000000)
  eden space 65536K, 39% used [0x00000000d6000000,0x00000000d7931c58,0x00000000da000000)
  from space 5120K, 99% used [0x00000000da000000,0x00000000da4fb910,0x00000000da500000)
  to   space 16384K, 0% used [0x00000000dcc00000,0x00000000dcc00000,0x00000000ddc00000)
 ParOldGen       total 75264K, used 24138K [0x0000000082000000, 0x0000000086980000, 0x00000000d6000000)
  object space 75264K, 32% used [0x0000000082000000,0x0000000083792968,0x0000000086980000)
 Metaspace       used 32781K, capacity 34180K, committed 34608K, reserved 1079296K
  class space    used 4593K, capacity 4866K, committed 4912K, reserved 1048576K
GC Heap History (10 events):
Event: 1.370 GC heap before
{Heap before GC invocations=2 (full 0):
 PSYoungGen      total 37888K, used 36384K [0x00000000d6000000, 0x00000000d8a00000, 0x0000000100000000)
  eden space 32768K, 100% used [0x00000000d6000000,0x00000000d8000000,0x00000000d8000000)
  from space 5120K, 70% used [0x00000000d8000000,0x00000000d8388040,0x00000000d8500000)
  to   space 5120K, 0% used [0x00000000d8500000,0x00000000d8500000,0x00000000d8a00000)
 ParOldGen       total 86016K, used 80K [0x0000000082000000, 0x0000000087400000, 0x00000000d6000000)
  object space 86016K, 0% used [0x0000000082000000,0x0000000082014010,0x0000000087400000)
 Metaspace       used 14682K, capacity 15262K, committed 15488K, reserved 1062912K
  class space    used 2016K, capacity 2161K, committed 2176K, reserved 1048576K
Event: 1.377 GC heap after
Heap after GC invocations=2 (full 0):
 PSYoungGen      total 37888K, used 5097K [0x00000000d6000000, 0x00000000d8a00000, 0x0000000100000000)
  eden space 32768K, 0% used [0x00000000d6000000,0x00000000d6000000,0x00000000d8000000)
  from space 5120K, 99% used [0x00000000d8500000,0x00000000d89fa5a0,0x00000000d8a00000)
  to   space 5120K, 0% used [0x00000000d8000000,0x00000000d8000000,0x00000000d8500000)
 ParOldGen       total 86016K, used 8953K [0x0000000082000000, 0x0000000087400000, 0x00000000d6000000)
  object space 86016K, 10% used [0x0000000082000000,0x00000000828be648,0x0000000087400000)
 Metaspace       used 14682K, capacity 15262K, committed 15488K, reserved 1062912K
  class space    used 2016K, capacity 2161K, committed 2176K, reserved 1048576K
}
Event: 1.889 GC heap before
{Heap before GC invocations=3 (full 0):
 PSYoungGen      total 37888K, used 37865K [0x00000000d6000000, 0x00000000d8a00000, 0x0000000100000000)
  eden space 32768K, 100% used [0x00000000d6000000,0x00000000d8000000,0x00000000d8000000)
  from space 5120K, 99% used [0x00000000d8500000,0x00000000d89fa5a0,0x00000000d8a00000)
  to   space 5120K, 0% used [0x00000000d8000000,0x00000000d8000000,0x00000000d8500000)
 ParOldGen       total 86016K, used 8953K [0x0000000082000000, 0x0000000087400000, 0x00000000d6000000)
  object space 86016K, 10% used [0x0000000082000000,0x00000000828be648,0x0000000087400000)
 Metaspace       used 18280K, capacity 18986K, committed 19072K, reserved 1064960K
  class space    used 2491K, capacity 2673K, committed 2688K, reserved 1048576K
Event: 1.897 GC heap after
Heap after GC invocations=3 (full 0):
 PSYoungGen      total 37888K, used 5113K [0x00000000d6000000, 0x00000000daa00000, 0x0000000100000000)
  eden space 32768K, 0% used [0x00000000d6000000,0x00000000d6000000,0x00000000d8000000)
  from space 5120K, 99% used [0x00000000d8000000,0x00000000d84fe590,0x00000000d8500000)
  to   space 5120K, 0% used [0x00000000da500000,0x00000000da500000,0x00000000daa00000)
 ParOldGen       total 86016K, used 12646K [0x0000000082000000, 0x0000000087400000, 0x00000000d6000000)
  object space 86016K, 14% used [0x0000000082000000,0x0000000082c59a18,0x0000000087400000)
 Metaspace       used 18280K, capacity 18986K, committed 19072K, reserved 1064960K
  class space    used 2491K, capacity 2673K, committed 2688K, reserved 1048576K
}
Event: 2.129 GC heap before
{Heap before GC invocations=4 (full 0):
 PSYoungGen      total 37888K, used 14402K [0x00000000d6000000, 0x00000000daa00000, 0x0000000100000000)
  eden space 32768K, 28% used [0x00000000d6000000,0x00000000d6912610,0x00000000d8000000)
  from space 5120K, 99% used [0x00000000d8000000,0x00000000d84fe590,0x00000000d8500000)
  to   space 5120K, 0% used [0x00000000da500000,0x00000000da500000,0x00000000daa00000)
 ParOldGen       total 86016K, used 12646K [0x0000000082000000, 0x0000000087400000, 0x00000000d6000000)
  object space 86016K, 14% used [0x0000000082000000,0x0000000082c59a18,0x0000000087400000)
 Metaspace       used 20465K, capacity 21240K, committed 21296K, reserved 1067008K
  class space    used 2897K, capacity 3100K, committed 3120K, reserved 1048576K
Event: 2.137 GC heap after
Heap after GC invocations=4 (full 0):
 PSYoungGen      total 70656K, used 5113K [0x00000000d6000000, 0x00000000daa00000, 0x0000000100000000)
  eden space 65536K, 0% used [0x00000000d6000000,0x00000000d6000000,0x00000000da000000)
  from space 5120K, 99% used [0x00000000da500000,0x00000000da9fe590,0x00000000daa00000)
  to   space 5120K, 0% used [0x00000000da000000,0x00000000da000000,0x00000000da500000)
 ParOldGen       total 86016K, used 13326K [0x0000000082000000, 0x0000000087400000, 0x00000000d6000000)
  object space 86016K, 15% used [0x0000000082000000,0x0000000082d03a18,0x0000000087400000)
 Metaspace       used 20465K, capacity 21240K, committed 21296K, reserved 1067008K
  class space    used 2897K, capacity 3100K, committed 3120K, reserved 1048576K
}
Event: 2.137 GC heap before
{Heap before GC invocations=5 (full 1):
 PSYoungGen      total 70656K, used 5113K [0x00000000d6000000, 0x00000000daa00000, 0x0000000100000000)
  eden space 65536K, 0% used [0x00000000d6000000,0x00000000d6000000,0x00000000da000000)
  from space 5120K, 99% used [0x00000000da500000,0x00000000da9fe590,0x00000000daa00000)
  to   space 5120K, 0% used [0x00000000da000000,0x00000000da000000,0x00000000da500000)
 ParOldGen       total 86016K, used 13326K [0x0000000082000000, 0x0000000087400000, 0x00000000d6000000)
  object space 86016K, 15% used [0x0000000082000000,0x0000000082d03a18,0x0000000087400000)
 Metaspace       used 20465K, capacity 21240K, committed 21296K, reserved 1067008K
  class space    used 2897K, capacity 3100K, committed 3120K, reserved 1048576K
Event: 2.173 GC heap after
Heap after GC invocations=5 (full 1):
 PSYoungGen      total 70656K, used 0K [0x00000000d6000000, 0x00000000daa00000, 0x0000000100000000)
  eden space 65536K, 0% used [0x00000000d6000000,0x00000000d6000000,0x00000000da000000)
  from space 5120K, 0% used [0x00000000da500000,0x00000000da500000,0x00000000daa00000)
  to   space 5120K, 0% used [0x00000000da000000,0x00000000da000000,0x00000000da500000)
 ParOldGen       total 75264K, used 16166K [0x0000000082000000, 0x0000000086980000, 0x00000000d6000000)
  object space 75264K, 21% used [0x0000000082000000,0x0000000082fc9978,0x0000000086980000)
 Metaspace       used 20465K, capacity 21240K, committed 21296K, reserved 1067008K
  class space    used 2897K, capacity 3100K, committed 3120K, reserved 1048576K
}
Event: 5.772 GC heap before
{Heap before GC invocations=6 (full 1):
 PSYoungGen      total 70656K, used 65536K [0x00000000d6000000, 0x00000000daa00000, 0x0000000100000000)
  eden space 65536K, 100% used [0x00000000d6000000,0x00000000da000000,0x00000000da000000)
  from space 5120K, 0% used [0x00000000da500000,0x00000000da500000,0x00000000daa00000)
  to   space 5120K, 0% used [0x00000000da000000,0x00000000da000000,0x00000000da500000)
 ParOldGen       total 75264K, used 16166K [0x0000000082000000, 0x0000000086980000, 0x00000000d6000000)
  object space 75264K, 21% used [0x0000000082000000,0x0000000082fc9978,0x0000000086980000)
 Metaspace       used 29797K, capacity 31174K, committed 31408K, reserved 1077248K
  class space    used 4216K, capacity 4509K, committed 4528K, reserved 1048576K
Event: 5.784 GC heap after
Heap after GC invocations=6 (full 1):
 PSYoungGen      total 70656K, used 5102K [0x00000000d6000000, 0x00000000ddc00000, 0x0000000100000000)
  eden space 65536K, 0% used [0x00000000d6000000,0x00000000d6000000,0x00000000da000000)
  from space 5120K, 99% used [0x00000000da000000,0x00000000da4fb910,0x00000000da500000)
  to   space 16384K, 0% used [0x00000000dcc00000,0x00000000dcc00000,0x00000000ddc00000)
 ParOldGen       total 75264K, used 24138K [0x0000000082000000, 0x0000000086980000, 0x00000000d6000000)
  object space 75264K, 32% used [0x0000000082000000,0x0000000083792968,0x0000000086980000)
 Metaspace       used 29797K, capacity 31174K, committed 31408K, reserved 1077248K
  class space    used 4216K, capacity 4509K, committed 4528K, reserved 1048576K
}

