# JRE version: Java(TM) SE Runtime Environment (8.0_161-b12) (build 1.8.0_161-b12)
# Java VM: Java HotSpot(TM) 64-Bit Server VM (25.161-b12 mixed mode windows-amd64 compressed oops)
Heap:
 PSYoungGen      total 117760K, used 25464K [0x00000000d6000000, 0x00000000dfa00000, 0x0000000100000000)
  eden space 104448K, 11% used [0x00000000d6000000,0x00000000d6be2780,0x00000000dc600000)
  from space 13312K, 99% used [0x00000000ded00000,0x00000000df9fb8f0,0x00000000dfa00000)
  to   space 16896K, 0% used [0x00000000dd900000,0x00000000dd900000,0x00000000de980000)
 ParOldGen       total 72192K, used 18562K [0x0000000082000000, 0x0000000086680000, 0x00000000d6000000)
  object space 72192K, 25% used [0x0000000082000000,0x00000000832208f8,0x0000000086680000)
 Metaspace       used 26069K, capacity 27914K, committed 28080K, reserved 1073152K
  class space    used 3825K, capacity 4165K, committed 4272K, reserved 1048576K
GC Heap History (10 events):
Event: 1.688 GC heap before
{Heap before GC invocations=3 (full 0):
 PSYoungGen      total 37888K, used 37865K [0x00000000d6000000, 0x00000000daa00000, 0x0000000100000000)
  eden space 32768K, 100% used [0x00000000d6000000,0x00000000d8000000,0x00000000d8000000)
  from space 5120K, 99% used [0x00000000d8500000,0x00000000d89fa5c0,0x00000000d8a00000)
  to   space 5120K, 0% used [0x00000000d8000000,0x00000000d8000000,0x00000000d8500000)
 ParOldGen       total 86016K, used 9104K [0x0000000082000000, 0x0000000087400000, 0x00000000d6000000)
  object space 86016K, 10% used [0x0000000082000000,0x00000000828e4070,0x0000000087400000)
 Metaspace       used 18248K, capacity 18858K, committed 19072K, reserved 1064960K
  class space    used 2489K, capacity 2673K, committed 2688K, reserved 1048576K
Event: 1.694 GC heap after
Heap after GC invocations=3 (full 0):
 PSYoungGen      total 37888K, used 5113K [0x00000000d6000000, 0x00000000daa00000, 0x0000000100000000)
  eden space 32768K, 0% used [0x00000000d6000000,0x00000000d6000000,0x00000000d8000000)
  from space 5120K, 99% used [0x00000000d8000000,0x00000000d84fe5b0,0x00000000d8500000)
  to   space 5120K, 0% used [0x00000000da500000,0x00000000da500000,0x00000000daa00000)
 ParOldGen       total 86016K, used 12669K [0x0000000082000000, 0x0000000087400000, 0x00000000d6000000)
  object space 86016K, 14% used [0x0000000082000000,0x0000000082c5f6e0,0x0000000087400000)
 Metaspace       used 18248K, capacity 18858K, committed 19072K, reserved 1064960K
  class space    used 2489K, capacity 2673K, committed 2688K, reserved 1048576K
}
Event: 1.910 GC heap before
{Heap before GC invocations=4 (full 0):
 PSYoungGen      total 37888K, used 37881K [0x00000000d6000000, 0x00000000daa00000, 0x0000000100000000)
  eden space 32768K, 100% used [0x00000000d6000000,0x00000000d8000000,0x00000000d8000000)
  from space 5120K, 99% used [0x00000000d8000000,0x00000000d84fe5b0,0x00000000d8500000)
  to   space 5120K, 0% used [0x00000000da500000,0x00000000da500000,0x00000000daa00000)
 ParOldGen       total 86016K, used 12669K [0x0000000082000000, 0x0000000087400000, 0x00000000d6000000)
  object space 86016K, 14% used [0x0000000082000000,0x0000000082c5f6e0,0x0000000087400000)
 Metaspace       used 20102K, capacity 20940K, committed 20992K, reserved 1067008K
  class space    used 2854K, capacity 3056K, committed 3072K, reserved 1048576K
Event: 1.915 GC heap after
Heap after GC invocations=4 (full 0):
 PSYoungGen      total 70656K, used 5088K [0x00000000d6000000, 0x00000000daa00000, 0x0000000100000000)
  eden space 65536K, 0% used [0x00000000d6000000,0x00000000d6000000,0x00000000da000000)
  from space 5120K, 99% used [0x00000000da500000,0x00000000da9f81f0,0x00000000daa00000)
  to   space 5120K, 0% used [0x00000000da000000,0x00000000da000000,0x00000000da500000)
 ParOldGen       total 86016K, used 13712K [0x0000000082000000, 0x0000000087400000, 0x00000000d6000000)
  object space 86016K, 15% used [0x0000000082000000,0x0000000082d64190,0x0000000087400000)
 Metaspace       used 20102K, capacity 20940K, committed 20992K, reserved 1067008K
  class space    used 2854K, capacity 3056K, committed 3072K, reserved 1048576K
}
Event: 2.022 GC heap before
{Heap before GC invocations=5 (full 0):
 PSYoungGen      total 70656K, used 27466K [0x00000000d6000000, 0x00000000daa00000, 0x0000000100000000)
  eden space 65536K, 34% used [0x00000000d6000000,0x00000000d75da6e0,0x00000000da000000)
  from space 5120K, 99% used [0x00000000da500000,0x00000000da9f81f0,0x00000000daa00000)
  to   space 5120K, 0% used [0x00000000da000000,0x00000000da000000,0x00000000da500000)
 ParOldGen       total 86016K, used 13712K [0x0000000082000000, 0x0000000087400000, 0x00000000d6000000)
  object space 86016K, 15% used [0x0000000082000000,0x0000000082d64190,0x0000000087400000)
 Metaspace       used 20386K, capacity 21272K, committed 21296K, reserved 1067008K
  class space    used 2911K, capacity 3106K, committed 3120K, reserved 1048576K
Event: 2.029 GC heap after
Heap after GC invocations=5 (full 0):
 PSYoungGen      total 70656K, used 5088K [0x00000000d6000000, 0x00000000dfa00000, 0x0000000100000000)
  eden space 65536K, 0% used [0x00000000d6000000,0x00000000d6000000,0x00000000da000000)
  from space 5120K, 99% used [0x00000000da000000,0x00000000da4f81f0,0x00000000da500000)
  to   space 13312K, 0% used [0x00000000ded00000,0x00000000ded00000,0x00000000dfa00000)
 ParOldGen       total 86016K, used 14192K [0x0000000082000000, 0x0000000087400000, 0x00000000d6000000)
  object space 86016K, 16% used [0x0000000082000000,0x0000000082ddc1c0,0x0000000087400000)
 Metaspace       used 20386K, capacity 21272K, committed 21296K, reserved 1067008K
  class space    used 2911K, capacity 3106K, committed 3120K, reserved 1048576K
}
Event: 2.029 GC heap before
{Heap before GC invocations=6 (full 1):
 PSYoungGen      total 70656K, used 5088K [0x00000000d6000000, 0x00000000dfa00000, 0x0000000100000000)
  eden space 65536K, 0% used [0x00000000d6000000,0x00000000d6000000,0x00000000da000000)
  from space 5120K, 99% used [0x00000000da000000,0x00000000da4f81f0,0x00000000da500000)
  to   space 13312K, 0% used [0x00000000ded00000,0x00000000ded00000,0x00000000dfa00000)
 ParOldGen       total 86016K, used 14192K [0x0000000082000000, 0x0000000087400000, 0x00000000d6000000)
  object space 86016K, 16% used [0x0000000082000000,0x0000000082ddc1c0,0x0000000087400000)
 Metaspace       used 20386K, capacity 21272K, committed 21296K, reserved 1067008K
  class space    used 2911K, capacity 3106K, committed 3120K, reserved 1048576K
Event: 2.061 GC heap after
Heap after GC invocations=6 (full 1):
 PSYoungGen      total 70656K, used 0K [0x00000000d6000000, 0x00000000dfa00000, 0x0000000100000000)
  eden space 65536K, 0% used [0x00000000d6000000,0x00000000d6000000,0x00000000da000000)
  from space 5120K, 0% used [0x00000000da000000,0x00000000da000000,0x00000000da500000)
  to   space 13312K, 0% used [0x00000000ded00000,0x00000000ded00000,0x00000000dfa00000)
 ParOldGen       total 72192K, used 16898K [0x0000000082000000, 0x0000000086680000, 0x00000000d6000000)
  object space 72192K, 23% used [0x0000000082000000,0x00000000830808e8,0x0000000086680000)
 Metaspace       used 20386K, capacity 21272K, committed 21296K, reserved 1067008K
  class space    used 2911K, capacity 3106K, committed 3120K, reserved 1048576K
}
Event: 3.245 GC heap before
{Heap before GC invocations=7 (full 1):
 PSYoungGen      total 70656K, used 65536K [0x00000000d6000000, 0x00000000dfa00000, 0x0000000100000000)
  eden space 65536K, 100% used [0x00000000d6000000,0x00000000da000000,0x00000000da000000)
  from space 5120K, 0% used [0x00000000da000000,0x00000000da000000,0x00000000da500000)
  to   space 13312K, 0% used [0x00000000ded00000,0x00000000ded00000,0x00000000dfa00000)
 ParOldGen       total 72192K, used 16898K [0x0000000082000000, 0x0000000086680000, 0x00000000d6000000)
  object space 72192K, 23% used [0x0000000082000000,0x00000000830808e8,0x0000000086680000)
 Metaspace       used 25677K, capacity 27434K, committed 27696K, reserved 1073152K
  class space    used 3783K, capacity 4103K, committed 4144K, reserved 1048576K
Event: 3.266 GC heap after
Heap after GC invocations=7 (full 1):
 PSYoungGen      total 117760K, used 13294K [0x00000000d6000000, 0x00000000dfa00000, 0x0000000100000000)
  eden space 104448K, 0% used [0x00000000d6000000,0x00000000d6000000,0x00000000dc600000)
  from space 13312K, 99% used [0x00000000ded00000,0x00000000df9fb8f0,0x00000000dfa00000)
  to   space 16896K, 0% used [0x00000000dd900000,0x00000000dd900000,0x00000000de980000)
 ParOldGen       total 72192K, used 18562K [0x0000000082000000, 0x0000000086680000, 0x00000000d6000000)
  object space 72192K, 25% used [0x0000000082000000,0x00000000832208f8,0x0000000086680000)
 Metaspace       used 25677K, capacity 27434K, committed 27696K, reserved 1073152K
  class space    used 3783K, capacity 4103K, committed 4144K, reserved 1048576K
}

