# JRE version: Java(TM) SE Runtime Environment (8.0_121-b13) (build 1.8.0_121-b13)
# Java VM: Java HotSpot(TM) 64-Bit Server VM (25.121-b13 mixed mode windows-amd64 compressed oops)
Heap:
 PSYoungGen      total 101888K, used 38679K [0x00000000d5b00000, 0x00000000df700000, 0x0000000100000000)
  eden space 88576K, 28% used [0x00000000d5b00000,0x00000000d73cb100,0x00000000db180000)
  from space 13312K, 99% used [0x00000000dea00000,0x00000000df6fab58,0x00000000df700000)
  to   space 17408K, 0% used [0x00000000dd500000,0x00000000dd500000,0x00000000de600000)
 ParOldGen       total 80896K, used 21711K [0x0000000081000000, 0x0000000085f00000, 0x00000000d5b00000)
  object space 80896K, 26% used [0x0000000081000000,0x0000000082533cd0,0x0000000085f00000)
 Metaspace       used 30785K, capacity 32702K, committed 32896K, reserved 1077248K
  class space    used 4305K, capacity 4651K, committed 4736K, reserved 1048576K
GC Heap History (10 events):
Event: 1.521 GC heap before
{Heap before GC invocations=3 (full 0):
 PSYoungGen      total 38400K, used 38386K [0x00000000d5b00000, 0x00000000da600000, 0x0000000100000000)
  eden space 33280K, 100% used [0x00000000d5b00000,0x00000000d7b80000,0x00000000d7b80000)
  from space 5120K, 99% used [0x00000000d8080000,0x00000000d857cb00,0x00000000d8580000)
  to   space 5120K, 0% used [0x00000000d7b80000,0x00000000d7b80000,0x00000000d8080000)
 ParOldGen       total 87552K, used 9003K [0x0000000081000000, 0x0000000086580000, 0x00000000d5b00000)
  object space 87552K, 10% used [0x0000000081000000,0x00000000818caf38,0x0000000086580000)
 Metaspace       used 16807K, capacity 17726K, committed 17920K, reserved 1064960K
  class space    used 2489K, capacity 2717K, committed 2816K, reserved 1048576K
Event: 1.532 GC heap after
Heap after GC invocations=3 (full 0):
 PSYoungGen      total 38400K, used 5104K [0x00000000d5b00000, 0x00000000da600000, 0x0000000100000000)
  eden space 33280K, 0% used [0x00000000d5b00000,0x00000000d5b00000,0x00000000d7b80000)
  from space 5120K, 99% used [0x00000000d7b80000,0x00000000d807c0a0,0x00000000d8080000)
  to   space 5120K, 0% used [0x00000000da100000,0x00000000da100000,0x00000000da600000)
 ParOldGen       total 87552K, used 10454K [0x0000000081000000, 0x0000000086580000, 0x00000000d5b00000)
  object space 87552K, 11% used [0x0000000081000000,0x0000000081a358e8,0x0000000086580000)
 Metaspace       used 16807K, capacity 17726K, committed 17920K, reserved 1064960K
  class space    used 2489K, capacity 2717K, committed 2816K, reserved 1048576K
}
Event: 1.783 GC heap before
{Heap before GC invocations=4 (full 0):
 PSYoungGen      total 38400K, used 38384K [0x00000000d5b00000, 0x00000000da600000, 0x0000000100000000)
  eden space 33280K, 100% used [0x00000000d5b00000,0x00000000d7b80000,0x00000000d7b80000)
  from space 5120K, 99% used [0x00000000d7b80000,0x00000000d807c0a0,0x00000000d8080000)
  to   space 5120K, 0% used [0x00000000da100000,0x00000000da100000,0x00000000da600000)
 ParOldGen       total 87552K, used 10454K [0x0000000081000000, 0x0000000086580000, 0x00000000d5b00000)
  object space 87552K, 11% used [0x0000000081000000,0x0000000081a358e8,0x0000000086580000)
 Metaspace       used 17039K, capacity 18036K, committed 18176K, reserved 1064960K
  class space    used 2518K, capacity 2734K, committed 2816K, reserved 1048576K
Event: 1.792 GC heap after
Heap after GC invocations=4 (full 0):
 PSYoungGen      total 71680K, used 5104K [0x00000000d5b00000, 0x00000000da600000, 0x0000000100000000)
  eden space 66560K, 0% used [0x00000000d5b00000,0x00000000d5b00000,0x00000000d9c00000)
  from space 5120K, 99% used [0x00000000da100000,0x00000000da5fc080,0x00000000da600000)
  to   space 5120K, 0% used [0x00000000d9c00000,0x00000000d9c00000,0x00000000da100000)
 ParOldGen       total 87552K, used 11360K [0x0000000081000000, 0x0000000086580000, 0x00000000d5b00000)
  object space 87552K, 12% used [0x0000000081000000,0x0000000081b181e8,0x0000000086580000)
 Metaspace       used 17039K, capacity 18036K, committed 18176K, reserved 1064960K
  class space    used 2518K, capacity 2734K, committed 2816K, reserved 1048576K
}
Event: 2.361 GC heap before
{Heap before GC invocations=5 (full 0):
 PSYoungGen      total 71680K, used 46988K [0x00000000d5b00000, 0x00000000da600000, 0x0000000100000000)
  eden space 66560K, 62% used [0x00000000d5b00000,0x00000000d83e7128,0x00000000d9c00000)
  from space 5120K, 99% used [0x00000000da100000,0x00000000da5fc080,0x00000000da600000)
  to   space 5120K, 0% used [0x00000000d9c00000,0x00000000d9c00000,0x00000000da100000)
 ParOldGen       total 87552K, used 11360K [0x0000000081000000, 0x0000000086580000, 0x00000000d5b00000)
  object space 87552K, 12% used [0x0000000081000000,0x0000000081b181e8,0x0000000086580000)
 Metaspace       used 19619K, capacity 21116K, committed 21248K, reserved 1067008K
  class space    used 2944K, capacity 3218K, committed 3328K, reserved 1048576K
Event: 2.376 GC heap after
Heap after GC invocations=5 (full 0):
 PSYoungGen      total 71680K, used 5111K [0x00000000d5b00000, 0x00000000df700000, 0x0000000100000000)
  eden space 66560K, 0% used [0x00000000d5b00000,0x00000000d5b00000,0x00000000d9c00000)
  from space 5120K, 99% used [0x00000000d9c00000,0x00000000da0fdcd0,0x00000000da100000)
  to   space 13312K, 0% used [0x00000000dea00000,0x00000000dea00000,0x00000000df700000)
 ParOldGen       total 87552K, used 13851K [0x0000000081000000, 0x0000000086580000, 0x00000000d5b00000)
  object space 87552K, 15% used [0x0000000081000000,0x0000000081d86db8,0x0000000086580000)
 Metaspace       used 19619K, capacity 21116K, committed 21248K, reserved 1067008K
  class space    used 2944K, capacity 3218K, committed 3328K, reserved 1048576K
}
Event: 2.376 GC heap before
{Heap before GC invocations=6 (full 1):
 PSYoungGen      total 71680K, used 5111K [0x00000000d5b00000, 0x00000000df700000, 0x0000000100000000)
  eden space 66560K, 0% used [0x00000000d5b00000,0x00000000d5b00000,0x00000000d9c00000)
  from space 5120K, 99% used [0x00000000d9c00000,0x00000000da0fdcd0,0x00000000da100000)
  to   space 13312K, 0% used [0x00000000dea00000,0x00000000dea00000,0x00000000df700000)
 ParOldGen       total 87552K, used 13851K [0x0000000081000000, 0x0000000086580000, 0x00000000d5b00000)
  object space 87552K, 15% used [0x0000000081000000,0x0000000081d86db8,0x0000000086580000)
 Metaspace       used 19619K, capacity 21116K, committed 21248K, reserved 1067008K
  class space    used 2944K, capacity 3218K, committed 3328K, reserved 1048576K
Event: 2.470 GC heap after
Heap after GC invocations=6 (full 1):
 PSYoungGen      total 71680K, used 0K [0x00000000d5b00000, 0x00000000df700000, 0x0000000100000000)
  eden space 66560K, 0% used [0x00000000d5b00000,0x00000000d5b00000,0x00000000d9c00000)
  from space 5120K, 0% used [0x00000000d9c00000,0x00000000d9c00000,0x00000000da100000)
  to   space 13312K, 0% used [0x00000000dea00000,0x00000000dea00000,0x00000000df700000)
 ParOldGen       total 80896K, used 18383K [0x0000000081000000, 0x0000000085f00000, 0x00000000d5b00000)
  object space 80896K, 22% used [0x0000000081000000,0x00000000821f3c40,0x0000000085f00000)
 Metaspace       used 19619K, capacity 21116K, committed 21248K, reserved 1067008K
  class space    used 2944K, capacity 3218K, committed 3328K, reserved 1048576K
}
Event: 19.534 GC heap before
{Heap before GC invocations=7 (full 1):
 PSYoungGen      total 71680K, used 66560K [0x00000000d5b00000, 0x00000000df700000, 0x0000000100000000)
  eden space 66560K, 100% used [0x00000000d5b00000,0x00000000d9c00000,0x00000000d9c00000)
  from space 5120K, 0% used [0x00000000d9c00000,0x00000000d9c00000,0x00000000da100000)
  to   space 13312K, 0% used [0x00000000dea00000,0x00000000dea00000,0x00000000df700000)
 ParOldGen       total 80896K, used 18383K [0x0000000081000000, 0x0000000085f00000, 0x00000000d5b00000)
  object space 80896K, 22% used [0x0000000081000000,0x00000000821f3c40,0x0000000085f00000)
 Metaspace       used 29165K, capacity 30948K, committed 31104K, reserved 1075200K
  class space    used 4103K, capacity 4434K, committed 4480K, reserved 1048576K
Event: 19.566 GC heap after
Heap after GC invocations=7 (full 1):
 PSYoungGen      total 101888K, used 13290K [0x00000000d5b00000, 0x00000000df700000, 0x0000000100000000)
  eden space 88576K, 0% used [0x00000000d5b00000,0x00000000d5b00000,0x00000000db180000)
  from space 13312K, 99% used [0x00000000dea00000,0x00000000df6fab58,0x00000000df700000)
  to   space 17408K, 0% used [0x00000000dd500000,0x00000000dd500000,0x00000000de600000)
 ParOldGen       total 80896K, used 21711K [0x0000000081000000, 0x0000000085f00000, 0x00000000d5b00000)
  object space 80896K, 26% used [0x0000000081000000,0x0000000082533cd0,0x0000000085f00000)
 Metaspace       used 29165K, capacity 30948K, committed 31104K, reserved 1075200K
  class space    used 4103K, capacity 4434K, committed 4480K, reserved 1048576K
}

