# JRE version: Java(TM) SE Runtime Environment (8.0_151-b12) (build 1.8.0_151-b12)
# Java VM: Java HotSpot(TM) 64-Bit Server VM (25.151-b12 mixed mode windows-amd64 compressed oops)
Heap:
 PSYoungGen      total 105984K, used 101965K [0x00000000d5b00000, 0x00000000def80000, 0x0000000100000000)
  eden space 100864K, 96% used [0x00000000d5b00000,0x00000000db9ec9c0,0x00000000dbd80000)
  from space 5120K, 93% used [0x00000000dea80000,0x00000000def26cb8,0x00000000def80000)
  to   space 13312K, 0% used [0x00000000dd580000,0x00000000dd580000,0x00000000de280000)
 ParOldGen       total 75264K, used 18013K [0x0000000081000000, 0x0000000085980000, 0x00000000d5b00000)
  object space 75264K, 23% used [0x0000000081000000,0x0000000082197408,0x0000000085980000)
 Metaspace       used 27042K, capacity 28956K, committed 29184K, reserved 1075200K
  class space    used 3978K, capacity 4317K, committed 4352K, reserved 1048576K
GC Heap History (10 events):
Event: 1.841 GC heap before
{Heap before GC invocations=3 (full 0):
 PSYoungGen      total 38400K, used 38393K [0x00000000d5b00000, 0x00000000da600000, 0x0000000100000000)
  eden space 33280K, 100% used [0x00000000d5b00000,0x00000000d7b80000,0x00000000d7b80000)
  from space 5120K, 99% used [0x00000000d8080000,0x00000000d857e5d0,0x00000000d8580000)
  to   space 5120K, 0% used [0x00000000d7b80000,0x00000000d7b80000,0x00000000d8080000)
 ParOldGen       total 87552K, used 8905K [0x0000000081000000, 0x0000000086580000, 0x00000000d5b00000)
  object space 87552K, 10% used [0x0000000081000000,0x00000000818b2410,0x0000000086580000)
 Metaspace       used 18082K, capacity 18688K, committed 18816K, reserved 1064960K
  class space    used 2508K, capacity 2675K, committed 2688K, reserved 1048576K
Event: 1.848 GC heap after
Heap after GC invocations=3 (full 0):
 PSYoungGen      total 38400K, used 5113K [0x00000000d5b00000, 0x00000000da600000, 0x0000000100000000)
  eden space 33280K, 0% used [0x00000000d5b00000,0x00000000d5b00000,0x00000000d7b80000)
  from space 5120K, 99% used [0x00000000d7b80000,0x00000000d807e590,0x00000000d8080000)
  to   space 5120K, 0% used [0x00000000da100000,0x00000000da100000,0x00000000da600000)
 ParOldGen       total 87552K, used 12499K [0x0000000081000000, 0x0000000086580000, 0x00000000d5b00000)
  object space 87552K, 14% used [0x0000000081000000,0x0000000081c34cd8,0x0000000086580000)
 Metaspace       used 18082K, capacity 18688K, committed 18816K, reserved 1064960K
  class space    used 2508K, capacity 2675K, committed 2688K, reserved 1048576K
}
Event: 2.159 GC heap before
{Heap before GC invocations=4 (full 0):
 PSYoungGen      total 38400K, used 38393K [0x00000000d5b00000, 0x00000000da600000, 0x0000000100000000)
  eden space 33280K, 100% used [0x00000000d5b00000,0x00000000d7b80000,0x00000000d7b80000)
  from space 5120K, 99% used [0x00000000d7b80000,0x00000000d807e590,0x00000000d8080000)
  to   space 5120K, 0% used [0x00000000da100000,0x00000000da100000,0x00000000da600000)
 ParOldGen       total 87552K, used 12499K [0x0000000081000000, 0x0000000086580000, 0x00000000d5b00000)
  object space 87552K, 14% used [0x0000000081000000,0x0000000081c34cd8,0x0000000086580000)
 Metaspace       used 19886K, capacity 20800K, committed 20992K, reserved 1067008K
  class space    used 2871K, capacity 3063K, committed 3072K, reserved 1048576K
Event: 2.169 GC heap after
Heap after GC invocations=4 (full 0):
 PSYoungGen      total 71680K, used 4535K [0x00000000d5b00000, 0x00000000da600000, 0x0000000100000000)
  eden space 66560K, 0% used [0x00000000d5b00000,0x00000000d5b00000,0x00000000d9c00000)
  from space 5120K, 88% used [0x00000000da100000,0x00000000da56dce0,0x00000000da600000)
  to   space 5120K, 0% used [0x00000000d9c00000,0x00000000d9c00000,0x00000000da100000)
 ParOldGen       total 87552K, used 14228K [0x0000000081000000, 0x0000000086580000, 0x00000000d5b00000)
  object space 87552K, 16% used [0x0000000081000000,0x0000000081de51e8,0x0000000086580000)
 Metaspace       used 19886K, capacity 20800K, committed 20992K, reserved 1067008K
  class space    used 2871K, capacity 3063K, committed 3072K, reserved 1048576K
}
Event: 2.282 GC heap before
{Heap before GC invocations=5 (full 0):
 PSYoungGen      total 71680K, used 26291K [0x00000000d5b00000, 0x00000000da600000, 0x0000000100000000)
  eden space 66560K, 32% used [0x00000000d5b00000,0x00000000d703f0b0,0x00000000d9c00000)
  from space 5120K, 88% used [0x00000000da100000,0x00000000da56dce0,0x00000000da600000)
  to   space 5120K, 0% used [0x00000000d9c00000,0x00000000d9c00000,0x00000000da100000)
 ParOldGen       total 87552K, used 14228K [0x0000000081000000, 0x0000000086580000, 0x00000000d5b00000)
  object space 87552K, 16% used [0x0000000081000000,0x0000000081de51e8,0x0000000086580000)
 Metaspace       used 20285K, capacity 21262K, committed 21296K, reserved 1067008K
  class space    used 2961K, capacity 3168K, committed 3200K, reserved 1048576K
Event: 2.288 GC heap after
Heap after GC invocations=5 (full 0):
 PSYoungGen      total 71680K, used 4791K [0x00000000d5b00000, 0x00000000df800000, 0x0000000100000000)
  eden space 66560K, 0% used [0x00000000d5b00000,0x00000000d5b00000,0x00000000d9c00000)
  from space 5120K, 93% used [0x00000000d9c00000,0x00000000da0adce0,0x00000000da100000)
  to   space 13824K, 0% used [0x00000000dea80000,0x00000000dea80000,0x00000000df800000)
 ParOldGen       total 87552K, used 14236K [0x0000000081000000, 0x0000000086580000, 0x00000000d5b00000)
  object space 87552K, 16% used [0x0000000081000000,0x0000000081de71e8,0x0000000086580000)
 Metaspace       used 20285K, capacity 21262K, committed 21296K, reserved 1067008K
  class space    used 2961K, capacity 3168K, committed 3200K, reserved 1048576K
}
Event: 2.288 GC heap before
{Heap before GC invocations=6 (full 1):
 PSYoungGen      total 71680K, used 4791K [0x00000000d5b00000, 0x00000000df800000, 0x0000000100000000)
  eden space 66560K, 0% used [0x00000000d5b00000,0x00000000d5b00000,0x00000000d9c00000)
  from space 5120K, 93% used [0x00000000d9c00000,0x00000000da0adce0,0x00000000da100000)
  to   space 13824K, 0% used [0x00000000dea80000,0x00000000dea80000,0x00000000df800000)
 ParOldGen       total 87552K, used 14236K [0x0000000081000000, 0x0000000086580000, 0x00000000d5b00000)
  object space 87552K, 16% used [0x0000000081000000,0x0000000081de71e8,0x0000000086580000)
 Metaspace       used 20285K, capacity 21262K, committed 21296K, reserved 1067008K
  class space    used 2961K, capacity 3168K, committed 3200K, reserved 1048576K
Event: 2.333 GC heap after
Heap after GC invocations=6 (full 1):
 PSYoungGen      total 71680K, used 0K [0x00000000d5b00000, 0x00000000df800000, 0x0000000100000000)
  eden space 66560K, 0% used [0x00000000d5b00000,0x00000000d5b00000,0x00000000d9c00000)
  from space 5120K, 0% used [0x00000000d9c00000,0x00000000d9c00000,0x00000000da100000)
  to   space 13824K, 0% used [0x00000000dea80000,0x00000000dea80000,0x00000000df800000)
 ParOldGen       total 75264K, used 18005K [0x0000000081000000, 0x0000000085980000, 0x00000000d5b00000)
  object space 75264K, 23% used [0x0000000081000000,0x0000000082195408,0x0000000085980000)
 Metaspace       used 20285K, capacity 21262K, committed 21296K, reserved 1067008K
  class space    used 2961K, capacity 3168K, committed 3200K, reserved 1048576K
}
Event: 2.835 GC heap before
{Heap before GC invocations=7 (full 1):
 PSYoungGen      total 71680K, used 66560K [0x00000000d5b00000, 0x00000000df800000, 0x0000000100000000)
  eden space 66560K, 100% used [0x00000000d5b00000,0x00000000d9c00000,0x00000000d9c00000)
  from space 5120K, 0% used [0x00000000d9c00000,0x00000000d9c00000,0x00000000da100000)
  to   space 13824K, 0% used [0x00000000dea80000,0x00000000dea80000,0x00000000df800000)
 ParOldGen       total 75264K, used 18005K [0x0000000081000000, 0x0000000085980000, 0x00000000d5b00000)
  object space 75264K, 23% used [0x0000000081000000,0x0000000082195408,0x0000000085980000)
 Metaspace       used 21790K, capacity 22856K, committed 22912K, reserved 1069056K
  class space    used 3199K, capacity 3439K, committed 3456K, reserved 1048576K
Event: 2.839 GC heap after
Heap after GC invocations=7 (full 1):
 PSYoungGen      total 105984K, used 4763K [0x00000000d5b00000, 0x00000000def80000, 0x0000000100000000)
  eden space 100864K, 0% used [0x00000000d5b00000,0x00000000d5b00000,0x00000000dbd80000)
  from space 5120K, 93% used [0x00000000dea80000,0x00000000def26cb8,0x00000000def80000)
  to   space 13312K, 0% used [0x00000000dd580000,0x00000000dd580000,0x00000000de280000)
 ParOldGen       total 75264K, used 18013K [0x0000000081000000, 0x0000000085980000, 0x00000000d5b00000)
  object space 75264K, 23% used [0x0000000081000000,0x0000000082197408,0x0000000085980000)
 Metaspace       used 21790K, capacity 22856K, committed 22912K, reserved 1069056K
  class space    used 3199K, capacity 3439K, committed 3456K, reserved 1048576K
}

