# JRE version: Java(TM) SE Runtime Environment (8.0_151-b12) (build 1.8.0_151-b12)
# Java VM: Java HotSpot(TM) 64-Bit Server VM (25.151-b12 mixed mode windows-amd64 compressed oops)
Heap:
 PSYoungGen      total 59392K, used 37321K [0x00000000d5b00000, 0x00000000daf00000, 0x0000000100000000)
  eden space 53760K, 59% used [0x00000000d5b00000,0x00000000d7a02750,0x00000000d8f80000)
  from space 5632K, 98% used [0x00000000da980000,0x00000000daef0000,0x00000000daf00000)
  to   space 13312K, 0% used [0x00000000d9500000,0x00000000d9500000,0x00000000da200000)
 ParOldGen       total 71168K, used 16672K [0x0000000081000000, 0x0000000085580000, 0x00000000d5b00000)
  object space 71168K, 23% used [0x0000000081000000,0x00000000820480c8,0x0000000085580000)
 Metaspace       used 25859K, capacity 27696K, committed 27776K, reserved 1073152K
  class space    used 3829K, capacity 4161K, committed 4224K, reserved 1048576K
GC Heap History (10 events):
Event: 2.983 GC heap before
{Heap before GC invocations=3 (full 0):
 PSYoungGen      total 38400K, used 38393K [0x00000000d5b00000, 0x00000000d8580000, 0x0000000100000000)
  eden space 33280K, 100% used [0x00000000d5b00000,0x00000000d7b80000,0x00000000d7b80000)
  from space 5120K, 99% used [0x00000000d8080000,0x00000000d857e5b0,0x00000000d8580000)
  to   space 5120K, 0% used [0x00000000d7b80000,0x00000000d7b80000,0x00000000d8080000)
 ParOldGen       total 87552K, used 9170K [0x0000000081000000, 0x0000000086580000, 0x00000000d5b00000)
  object space 87552K, 10% used [0x0000000081000000,0x00000000818f4bc0,0x0000000086580000)
 Metaspace       used 18340K, capacity 18950K, committed 19200K, reserved 1064960K
  class space    used 2578K, capacity 2740K, committed 2816K, reserved 1048576K
Event: 2.991 GC heap after
Heap after GC invocations=3 (full 0):
 PSYoungGen      total 38400K, used 5113K [0x00000000d5b00000, 0x00000000d8580000, 0x0000000100000000)
  eden space 33280K, 0% used [0x00000000d5b00000,0x00000000d5b00000,0x00000000d7b80000)
  from space 5120K, 99% used [0x00000000d7b80000,0x00000000d807e590,0x00000000d8080000)
  to   space 5120K, 0% used [0x00000000d8080000,0x00000000d8080000,0x00000000d8580000)
 ParOldGen       total 87552K, used 12610K [0x0000000081000000, 0x0000000086580000, 0x00000000d5b00000)
  object space 87552K, 14% used [0x0000000081000000,0x0000000081c50918,0x0000000086580000)
 Metaspace       used 18340K, capacity 18950K, committed 19200K, reserved 1064960K
  class space    used 2578K, capacity 2740K, committed 2816K, reserved 1048576K
}
Event: 3.278 GC heap before
{Heap before GC invocations=4 (full 0):
 PSYoungGen      total 38400K, used 38393K [0x00000000d5b00000, 0x00000000d8580000, 0x0000000100000000)
  eden space 33280K, 100% used [0x00000000d5b00000,0x00000000d7b80000,0x00000000d7b80000)
  from space 5120K, 99% used [0x00000000d7b80000,0x00000000d807e590,0x00000000d8080000)
  to   space 5120K, 0% used [0x00000000d8080000,0x00000000d8080000,0x00000000d8580000)
 ParOldGen       total 87552K, used 12610K [0x0000000081000000, 0x0000000086580000, 0x00000000d5b00000)
  object space 87552K, 14% used [0x0000000081000000,0x0000000081c50918,0x0000000086580000)
 Metaspace       used 19893K, capacity 20800K, committed 20992K, reserved 1067008K
  class space    used 2874K, capacity 3063K, committed 3072K, reserved 1048576K
Event: 3.286 GC heap after
Heap after GC invocations=4 (full 0):
 PSYoungGen      total 38400K, used 4505K [0x00000000d5b00000, 0x00000000da600000, 0x0000000100000000)
  eden space 33280K, 0% used [0x00000000d5b00000,0x00000000d5b00000,0x00000000d7b80000)
  from space 5120K, 88% used [0x00000000d8080000,0x00000000d84e6750,0x00000000d8580000)
  to   space 5120K, 0% used [0x00000000d7b80000,0x00000000d7b80000,0x00000000d8080000)
 ParOldGen       total 87552K, used 14339K [0x0000000081000000, 0x0000000086580000, 0x00000000d5b00000)
  object space 87552K, 16% used [0x0000000081000000,0x0000000081e00e28,0x0000000086580000)
 Metaspace       used 19893K, capacity 20800K, committed 20992K, reserved 1067008K
  class space    used 2874K, capacity 3063K, committed 3072K, reserved 1048576K
}
Event: 3.409 GC heap before
{Heap before GC invocations=5 (full 0):
 PSYoungGen      total 38400K, used 26074K [0x00000000d5b00000, 0x00000000da600000, 0x0000000100000000)
  eden space 33280K, 64% used [0x00000000d5b00000,0x00000000d7010418,0x00000000d7b80000)
  from space 5120K, 88% used [0x00000000d8080000,0x00000000d84e6750,0x00000000d8580000)
  to   space 5120K, 0% used [0x00000000d7b80000,0x00000000d7b80000,0x00000000d8080000)
 ParOldGen       total 87552K, used 14339K [0x0000000081000000, 0x0000000086580000, 0x00000000d5b00000)
  object space 87552K, 16% used [0x0000000081000000,0x0000000081e00e28,0x0000000086580000)
 Metaspace       used 20288K, capacity 21262K, committed 21296K, reserved 1067008K
  class space    used 2960K, capacity 3168K, committed 3200K, reserved 1048576K
Event: 3.416 GC heap after
Heap after GC invocations=5 (full 0):
 PSYoungGen      total 38400K, used 4713K [0x00000000d5b00000, 0x00000000db700000, 0x0000000100000000)
  eden space 33280K, 0% used [0x00000000d5b00000,0x00000000d5b00000,0x00000000d7b80000)
  from space 5120K, 92% used [0x00000000d7b80000,0x00000000d801a760,0x00000000d8080000)
  to   space 13824K, 0% used [0x00000000da980000,0x00000000da980000,0x00000000db700000)
 ParOldGen       total 87552K, used 14347K [0x0000000081000000, 0x0000000086580000, 0x00000000d5b00000)
  object space 87552K, 16% used [0x0000000081000000,0x0000000081e02e28,0x0000000086580000)
 Metaspace       used 20288K, capacity 21262K, committed 21296K, reserved 1067008K
  class space    used 2960K, capacity 3168K, committed 3200K, reserved 1048576K
}
Event: 3.416 GC heap before
{Heap before GC invocations=6 (full 1):
 PSYoungGen      total 38400K, used 4713K [0x00000000d5b00000, 0x00000000db700000, 0x0000000100000000)
  eden space 33280K, 0% used [0x00000000d5b00000,0x00000000d5b00000,0x00000000d7b80000)
  from space 5120K, 92% used [0x00000000d7b80000,0x00000000d801a760,0x00000000d8080000)
  to   space 13824K, 0% used [0x00000000da980000,0x00000000da980000,0x00000000db700000)
 ParOldGen       total 87552K, used 14347K [0x0000000081000000, 0x0000000086580000, 0x00000000d5b00000)
  object space 87552K, 16% used [0x0000000081000000,0x0000000081e02e28,0x0000000086580000)
 Metaspace       used 20288K, capacity 21262K, committed 21296K, reserved 1067008K
  class space    used 2960K, capacity 3168K, committed 3200K, reserved 1048576K
Event: 3.457 GC heap after
Heap after GC invocations=6 (full 1):
 PSYoungGen      total 38400K, used 0K [0x00000000d5b00000, 0x00000000db700000, 0x0000000100000000)
  eden space 33280K, 0% used [0x00000000d5b00000,0x00000000d5b00000,0x00000000d7b80000)
  from space 5120K, 0% used [0x00000000d7b80000,0x00000000d7b80000,0x00000000d8080000)
  to   space 13824K, 0% used [0x00000000da980000,0x00000000da980000,0x00000000db700000)
 ParOldGen       total 71168K, used 16672K [0x0000000081000000, 0x0000000085580000, 0x00000000d5b00000)
  object space 71168K, 23% used [0x0000000081000000,0x00000000820480c8,0x0000000085580000)
 Metaspace       used 20288K, capacity 21262K, committed 21296K, reserved 1067008K
  class space    used 2960K, capacity 3168K, committed 3200K, reserved 1048576K
}
Event: 4.238 GC heap before
{Heap before GC invocations=7 (full 1):
 PSYoungGen      total 38400K, used 33280K [0x00000000d5b00000, 0x00000000db700000, 0x0000000100000000)
  eden space 33280K, 100% used [0x00000000d5b00000,0x00000000d7b80000,0x00000000d7b80000)
  from space 5120K, 0% used [0x00000000d7b80000,0x00000000d7b80000,0x00000000d8080000)
  to   space 13824K, 0% used [0x00000000da980000,0x00000000da980000,0x00000000db700000)
 ParOldGen       total 71168K, used 16672K [0x0000000081000000, 0x0000000085580000, 0x00000000d5b00000)
  object space 71168K, 23% used [0x0000000081000000,0x00000000820480c8,0x0000000085580000)
 Metaspace       used 23869K, capacity 25474K, committed 25728K, reserved 1071104K
  class space    used 3619K, capacity 3920K, committed 3968K, reserved 1048576K
Event: 4.249 GC heap after
Heap after GC invocations=7 (full 1):
 PSYoungGen      total 59392K, used 5568K [0x00000000d5b00000, 0x00000000daf00000, 0x0000000100000000)
  eden space 53760K, 0% used [0x00000000d5b00000,0x00000000d5b00000,0x00000000d8f80000)
  from space 5632K, 98% used [0x00000000da980000,0x00000000daef0000,0x00000000daf00000)
  to   space 13312K, 0% used [0x00000000d9500000,0x00000000d9500000,0x00000000da200000)
 ParOldGen       total 71168K, used 16672K [0x0000000081000000, 0x0000000085580000, 0x00000000d5b00000)
  object space 71168K, 23% used [0x0000000081000000,0x00000000820480c8,0x0000000085580000)
 Metaspace       used 23869K, capacity 25474K, committed 25728K, reserved 1071104K
  class space    used 3619K, capacity 3920K, committed 3968K, reserved 1048576K
}

