# JRE version: Java(TM) SE Runtime Environment (8.0_121-b13) (build 1.8.0_121-b13)
# Java VM: Java HotSpot(TM) 64-Bit Server VM (25.121-b13 mixed mode windows-amd64 compressed oops)
Heap:
 PSYoungGen      total 79872K, used 56092K [0x00000000d5b00000, 0x00000000db800000, 0x0000000100000000)
  eden space 66560K, 84% used [0x00000000d5b00000,0x00000000d91c7008,0x00000000d9c00000)
  from space 13312K, 0% used [0x00000000dab00000,0x00000000dab00000,0x00000000db800000)
  to   space 14336K, 0% used [0x00000000d9c00000,0x00000000d9c00000,0x00000000daa00000)
 ParOldGen       total 72704K, used 18452K [0x0000000081000000, 0x0000000085700000, 0x00000000d5b00000)
  object space 72704K, 25% used [0x0000000081000000,0x00000000822050d0,0x0000000085700000)
 Metaspace       used 25889K, capacity 27960K, committed 28208K, reserved 1073152K
  class space    used 3788K, capacity 4141K, committed 4144K, reserved 1048576K
GC Heap History (10 events):
Event: 2.733 GC heap before
{Heap before GC invocations=3 (full 0):
 PSYoungGen      total 38400K, used 38368K [0x00000000d5b00000, 0x00000000d8580000, 0x0000000100000000)
  eden space 33280K, 100% used [0x00000000d5b00000,0x00000000d7b80000,0x00000000d7b80000)
  from space 5120K, 99% used [0x00000000d8080000,0x00000000d85780a0,0x00000000d8580000)
  to   space 5120K, 0% used [0x00000000d7b80000,0x00000000d7b80000,0x00000000d8080000)
 ParOldGen       total 87552K, used 10674K [0x0000000081000000, 0x0000000086580000, 0x00000000d5b00000)
  object space 87552K, 12% used [0x0000000081000000,0x0000000081a6c940,0x0000000086580000)
 Metaspace       used 19014K, capacity 19904K, committed 20096K, reserved 1067008K
  class space    used 2683K, capacity 2877K, committed 2944K, reserved 1048576K
Event: 2.743 GC heap after
Heap after GC invocations=3 (full 0):
 PSYoungGen      total 38400K, used 5104K [0x00000000d5b00000, 0x00000000d8580000, 0x0000000100000000)
  eden space 33280K, 0% used [0x00000000d5b00000,0x00000000d5b00000,0x00000000d7b80000)
  from space 5120K, 99% used [0x00000000d7b80000,0x00000000d807c090,0x00000000d8080000)
  to   space 5120K, 0% used [0x00000000d8080000,0x00000000d8080000,0x00000000d8580000)
 ParOldGen       total 87552K, used 12204K [0x0000000081000000, 0x0000000086580000, 0x00000000d5b00000)
  object space 87552K, 13% used [0x0000000081000000,0x0000000081beb3f0,0x0000000086580000)
 Metaspace       used 19014K, capacity 19904K, committed 20096K, reserved 1067008K
  class space    used 2683K, capacity 2877K, committed 2944K, reserved 1048576K
}
Event: 3.834 GC heap before
{Heap before GC invocations=4 (full 0):
 PSYoungGen      total 38400K, used 38384K [0x00000000d5b00000, 0x00000000d8580000, 0x0000000100000000)
  eden space 33280K, 100% used [0x00000000d5b00000,0x00000000d7b80000,0x00000000d7b80000)
  from space 5120K, 99% used [0x00000000d7b80000,0x00000000d807c090,0x00000000d8080000)
  to   space 5120K, 0% used [0x00000000d8080000,0x00000000d8080000,0x00000000d8580000)
 ParOldGen       total 87552K, used 12204K [0x0000000081000000, 0x0000000086580000, 0x00000000d5b00000)
  object space 87552K, 13% used [0x0000000081000000,0x0000000081beb3f0,0x0000000086580000)
 Metaspace       used 19705K, capacity 20678K, committed 20736K, reserved 1067008K
  class space    used 2820K, capacity 3038K, committed 3072K, reserved 1048576K
Event: 3.844 GC heap after
Heap after GC invocations=4 (full 0):
 PSYoungGen      total 38400K, used 5088K [0x00000000d5b00000, 0x00000000d8580000, 0x0000000100000000)
  eden space 33280K, 0% used [0x00000000d5b00000,0x00000000d5b00000,0x00000000d7b80000)
  from space 5120K, 99% used [0x00000000d8080000,0x00000000d85780a0,0x00000000d8580000)
  to   space 5120K, 0% used [0x00000000d7b80000,0x00000000d7b80000,0x00000000d8080000)
 ParOldGen       total 87552K, used 13570K [0x0000000081000000, 0x0000000086580000, 0x00000000d5b00000)
  object space 87552K, 15% used [0x0000000081000000,0x0000000081d40870,0x0000000086580000)
 Metaspace       used 19705K, capacity 20678K, committed 20736K, reserved 1067008K
  class space    used 2820K, capacity 3038K, committed 3072K, reserved 1048576K
}
Event: 4.075 GC heap before
{Heap before GC invocations=5 (full 0):
 PSYoungGen      total 38400K, used 38368K [0x00000000d5b00000, 0x00000000d8580000, 0x0000000100000000)
  eden space 33280K, 100% used [0x00000000d5b00000,0x00000000d7b80000,0x00000000d7b80000)
  from space 5120K, 99% used [0x00000000d8080000,0x00000000d85780a0,0x00000000d8580000)
  to   space 5120K, 0% used [0x00000000d7b80000,0x00000000d7b80000,0x00000000d8080000)
 ParOldGen       total 87552K, used 13570K [0x0000000081000000, 0x0000000086580000, 0x00000000d5b00000)
  object space 87552K, 15% used [0x0000000081000000,0x0000000081d40870,0x0000000086580000)
 Metaspace       used 19844K, capacity 20892K, committed 20992K, reserved 1067008K
  class space    used 2826K, capacity 3049K, committed 3072K, reserved 1048576K
Event: 4.087 GC heap after
Heap after GC invocations=5 (full 0):
 PSYoungGen      total 38400K, used 5088K [0x00000000d5b00000, 0x00000000dba00000, 0x0000000100000000)
  eden space 33280K, 0% used [0x00000000d5b00000,0x00000000d5b00000,0x00000000d7b80000)
  from space 5120K, 99% used [0x00000000d7b80000,0x00000000d8078090,0x00000000d8080000)
  to   space 15360K, 0% used [0x00000000dab00000,0x00000000dab00000,0x00000000dba00000)
 ParOldGen       total 87552K, used 14674K [0x0000000081000000, 0x0000000086580000, 0x00000000d5b00000)
  object space 87552K, 16% used [0x0000000081000000,0x0000000081e548a0,0x0000000086580000)
 Metaspace       used 19844K, capacity 20892K, committed 20992K, reserved 1067008K
  class space    used 2826K, capacity 3049K, committed 3072K, reserved 1048576K
}
Event: 4.224 GC heap before
{Heap before GC invocations=6 (full 0):
 PSYoungGen      total 38400K, used 25063K [0x00000000d5b00000, 0x00000000dba00000, 0x0000000100000000)
  eden space 33280K, 60% used [0x00000000d5b00000,0x00000000d6e81b70,0x00000000d7b80000)
  from space 5120K, 99% used [0x00000000d7b80000,0x00000000d8078090,0x00000000d8080000)
  to   space 15360K, 0% used [0x00000000dab00000,0x00000000dab00000,0x00000000dba00000)
 ParOldGen       total 87552K, used 14674K [0x0000000081000000, 0x0000000086580000, 0x00000000d5b00000)
  object space 87552K, 16% used [0x0000000081000000,0x0000000081e548a0,0x0000000086580000)
 Metaspace       used 20175K, capacity 21248K, committed 21296K, reserved 1067008K
  class space    used 2875K, capacity 3095K, committed 3120K, reserved 1048576K
Event: 4.232 GC heap after
Heap after GC invocations=6 (full 0):
 PSYoungGen      total 79872K, used 5860K [0x00000000d5b00000, 0x00000000db800000, 0x0000000100000000)
  eden space 66560K, 0% used [0x00000000d5b00000,0x00000000d5b00000,0x00000000d9c00000)
  from space 13312K, 44% used [0x00000000dab00000,0x00000000db0b9340,0x00000000db800000)
  to   space 14336K, 0% used [0x00000000d9c00000,0x00000000d9c00000,0x00000000daa00000)
 ParOldGen       total 87552K, used 14674K [0x0000000081000000, 0x0000000086580000, 0x00000000d5b00000)
  object space 87552K, 16% used [0x0000000081000000,0x0000000081e548a0,0x0000000086580000)
 Metaspace       used 20175K, capacity 21248K, committed 21296K, reserved 1067008K
  class space    used 2875K, capacity 3095K, committed 3120K, reserved 1048576K
}
Event: 4.232 GC heap before
{Heap before GC invocations=7 (full 1):
 PSYoungGen      total 79872K, used 5860K [0x00000000d5b00000, 0x00000000db800000, 0x0000000100000000)
  eden space 66560K, 0% used [0x00000000d5b00000,0x00000000d5b00000,0x00000000d9c00000)
  from space 13312K, 44% used [0x00000000dab00000,0x00000000db0b9340,0x00000000db800000)
  to   space 14336K, 0% used [0x00000000d9c00000,0x00000000d9c00000,0x00000000daa00000)
 ParOldGen       total 87552K, used 14674K [0x0000000081000000, 0x0000000086580000, 0x00000000d5b00000)
  object space 87552K, 16% used [0x0000000081000000,0x0000000081e548a0,0x0000000086580000)
 Metaspace       used 20175K, capacity 21248K, committed 21296K, reserved 1067008K
  class space    used 2875K, capacity 3095K, committed 3120K, reserved 1048576K
Event: 4.288 GC heap after
Heap after GC invocations=7 (full 1):
 PSYoungGen      total 79872K, used 0K [0x00000000d5b00000, 0x00000000db800000, 0x0000000100000000)
  eden space 66560K, 0% used [0x00000000d5b00000,0x00000000d5b00000,0x00000000d9c00000)
  from space 13312K, 0% used [0x00000000dab00000,0x00000000dab00000,0x00000000db800000)
  to   space 14336K, 0% used [0x00000000d9c00000,0x00000000d9c00000,0x00000000daa00000)
 ParOldGen       total 72704K, used 18452K [0x0000000081000000, 0x0000000085700000, 0x00000000d5b00000)
  object space 72704K, 25% used [0x0000000081000000,0x00000000822050d0,0x0000000085700000)
 Metaspace       used 20175K, capacity 21248K, committed 21296K, reserved 1067008K
  class space    used 2875K, capacity 3095K, committed 3120K, reserved 1048576K
}

