# JRE version: Java(TM) SE Runtime Environment (8.0_151-b12) (build 1.8.0_151-b12)
# Java VM: Java HotSpot(TM) 64-Bit Server VM (25.151-b12 mixed mode windows-amd64 compressed oops)
Heap:
 PSYoungGen      total 120320K, used 98413K [0x00000000d5b00000, 0x00000000dec80000, 0x0000000100000000)
  eden space 115200K, 81% used [0x00000000d5b00000,0x00000000db672ab8,0x00000000dcb80000)
  from space 5120K, 93% used [0x00000000de780000,0x00000000dec28bb0,0x00000000dec80000)
  to   space 10752K, 0% used [0x00000000dd780000,0x00000000dd780000,0x00000000de200000)
 ParOldGen       total 66048K, used 16772K [0x0000000081000000, 0x0000000085080000, 0x00000000d5b00000)
  object space 66048K, 25% used [0x0000000081000000,0x00000000820613e8,0x0000000085080000)
 Metaspace       used 26996K, capacity 28900K, committed 29184K, reserved 1075200K
  class space    used 3979K, capacity 4317K, committed 4352K, reserved 1048576K
GC Heap History (10 events):
Event: 2.645 GC heap before
{Heap before GC invocations=3 (full 0):
 PSYoungGen      total 38400K, used 38393K [0x00000000d5b00000, 0x00000000d8580000, 0x0000000100000000)
  eden space 33280K, 100% used [0x00000000d5b00000,0x00000000d7b80000,0x00000000d7b80000)
  from space 5120K, 99% used [0x00000000d8080000,0x00000000d857e590,0x00000000d8580000)
  to   space 5120K, 0% used [0x00000000d7b80000,0x00000000d7b80000,0x00000000d8080000)
 ParOldGen       total 87552K, used 12154K [0x0000000081000000, 0x0000000086580000, 0x00000000d5b00000)
  object space 87552K, 13% used [0x0000000081000000,0x0000000081bde8f0,0x0000000086580000)
 Metaspace       used 19694K, capacity 20582K, committed 20736K, reserved 1067008K
  class space    used 2839K, capacity 3048K, committed 3072K, reserved 1048576K
Event: 2.652 GC heap after
Heap after GC invocations=3 (full 0):
 PSYoungGen      total 38400K, used 5097K [0x00000000d5b00000, 0x00000000da600000, 0x0000000100000000)
  eden space 33280K, 0% used [0x00000000d5b00000,0x00000000d5b00000,0x00000000d7b80000)
  from space 5120K, 99% used [0x00000000d7b80000,0x00000000d807a5a0,0x00000000d8080000)
  to   space 5120K, 0% used [0x00000000da100000,0x00000000da100000,0x00000000da600000)
 ParOldGen       total 87552K, used 13204K [0x0000000081000000, 0x0000000086580000, 0x00000000d5b00000)
  object space 87552K, 15% used [0x0000000081000000,0x0000000081ce5390,0x0000000086580000)
 Metaspace       used 19694K, capacity 20582K, committed 20736K, reserved 1067008K
  class space    used 2839K, capacity 3048K, committed 3072K, reserved 1048576K
}
Event: 2.860 GC heap before
{Heap before GC invocations=4 (full 0):
 PSYoungGen      total 38400K, used 38377K [0x00000000d5b00000, 0x00000000da600000, 0x0000000100000000)
  eden space 33280K, 100% used [0x00000000d5b00000,0x00000000d7b80000,0x00000000d7b80000)
  from space 5120K, 99% used [0x00000000d7b80000,0x00000000d807a5a0,0x00000000d8080000)
  to   space 5120K, 0% used [0x00000000da100000,0x00000000da100000,0x00000000da600000)
 ParOldGen       total 87552K, used 13204K [0x0000000081000000, 0x0000000086580000, 0x00000000d5b00000)
  object space 87552K, 15% used [0x0000000081000000,0x0000000081ce5390,0x0000000086580000)
 Metaspace       used 20005K, capacity 20938K, committed 21120K, reserved 1067008K
  class space    used 2895K, capacity 3102K, committed 3200K, reserved 1048576K
Event: 2.867 GC heap after
Heap after GC invocations=4 (full 0):
 PSYoungGen      total 71680K, used 5113K [0x00000000d5b00000, 0x00000000da600000, 0x0000000100000000)
  eden space 66560K, 0% used [0x00000000d5b00000,0x00000000d5b00000,0x00000000d9c00000)
  from space 5120K, 99% used [0x00000000da100000,0x00000000da5fe590,0x00000000da600000)
  to   space 5120K, 0% used [0x00000000d9c00000,0x00000000d9c00000,0x00000000da100000)
 ParOldGen       total 87552K, used 13819K [0x0000000081000000, 0x0000000086580000, 0x00000000d5b00000)
  object space 87552K, 15% used [0x0000000081000000,0x0000000081d7eff0,0x0000000086580000)
 Metaspace       used 20005K, capacity 20938K, committed 21120K, reserved 1067008K
  class space    used 2895K, capacity 3102K, committed 3200K, reserved 1048576K
}
Event: 2.906 GC heap before
{Heap before GC invocations=5 (full 0):
 PSYoungGen      total 71680K, used 11659K [0x00000000d5b00000, 0x00000000da600000, 0x0000000100000000)
  eden space 66560K, 9% used [0x00000000d5b00000,0x00000000d6164718,0x00000000d9c00000)
  from space 5120K, 99% used [0x00000000da100000,0x00000000da5fe590,0x00000000da600000)
  to   space 5120K, 0% used [0x00000000d9c00000,0x00000000d9c00000,0x00000000da100000)
 ParOldGen       total 87552K, used 13819K [0x0000000081000000, 0x0000000086580000, 0x00000000d5b00000)
  object space 87552K, 15% used [0x0000000081000000,0x0000000081d7eff0,0x0000000086580000)
 Metaspace       used 20329K, capacity 21244K, committed 21296K, reserved 1067008K
  class space    used 2971K, capacity 3177K, committed 3200K, reserved 1048576K
Event: 2.912 GC heap after
Heap after GC invocations=5 (full 0):
 PSYoungGen      total 71680K, used 3648K [0x00000000d5b00000, 0x00000000df200000, 0x0000000100000000)
  eden space 66560K, 0% used [0x00000000d5b00000,0x00000000d5b00000,0x00000000d9c00000)
  from space 5120K, 71% used [0x00000000d9c00000,0x00000000d9f90080,0x00000000da100000)
  to   space 10752K, 0% used [0x00000000de780000,0x00000000de780000,0x00000000df200000)
 ParOldGen       total 87552K, used 15541K [0x0000000081000000, 0x0000000086580000, 0x00000000d5b00000)
  object space 87552K, 17% used [0x0000000081000000,0x0000000081f2d500,0x0000000086580000)
 Metaspace       used 20329K, capacity 21244K, committed 21296K, reserved 1067008K
  class space    used 2971K, capacity 3177K, committed 3200K, reserved 1048576K
}
Event: 2.912 GC heap before
{Heap before GC invocations=6 (full 1):
 PSYoungGen      total 71680K, used 3648K [0x00000000d5b00000, 0x00000000df200000, 0x0000000100000000)
  eden space 66560K, 0% used [0x00000000d5b00000,0x00000000d5b00000,0x00000000d9c00000)
  from space 5120K, 71% used [0x00000000d9c00000,0x00000000d9f90080,0x00000000da100000)
  to   space 10752K, 0% used [0x00000000de780000,0x00000000de780000,0x00000000df200000)
 ParOldGen       total 87552K, used 15541K [0x0000000081000000, 0x0000000086580000, 0x00000000d5b00000)
  object space 87552K, 17% used [0x0000000081000000,0x0000000081f2d500,0x0000000086580000)
 Metaspace       used 20329K, capacity 21244K, committed 21296K, reserved 1067008K
  class space    used 2971K, capacity 3177K, committed 3200K, reserved 1048576K
Event: 2.950 GC heap after
Heap after GC invocations=6 (full 1):
 PSYoungGen      total 71680K, used 0K [0x00000000d5b00000, 0x00000000df200000, 0x0000000100000000)
  eden space 66560K, 0% used [0x00000000d5b00000,0x00000000d5b00000,0x00000000d9c00000)
  from space 5120K, 0% used [0x00000000d9c00000,0x00000000d9c00000,0x00000000da100000)
  to   space 10752K, 0% used [0x00000000de780000,0x00000000de780000,0x00000000df200000)
 ParOldGen       total 66048K, used 16764K [0x0000000081000000, 0x0000000085080000, 0x00000000d5b00000)
  object space 66048K, 25% used [0x0000000081000000,0x000000008205f3e8,0x0000000085080000)
 Metaspace       used 20329K, capacity 21244K, committed 21296K, reserved 1067008K
  class space    used 2971K, capacity 3177K, committed 3200K, reserved 1048576K
}
Event: 3.499 GC heap before
{Heap before GC invocations=7 (full 1):
 PSYoungGen      total 71680K, used 66560K [0x00000000d5b00000, 0x00000000df200000, 0x0000000100000000)
  eden space 66560K, 100% used [0x00000000d5b00000,0x00000000d9c00000,0x00000000d9c00000)
  from space 5120K, 0% used [0x00000000d9c00000,0x00000000d9c00000,0x00000000da100000)
  to   space 10752K, 0% used [0x00000000de780000,0x00000000de780000,0x00000000df200000)
 ParOldGen       total 66048K, used 16764K [0x0000000081000000, 0x0000000085080000, 0x00000000d5b00000)
  object space 66048K, 25% used [0x0000000081000000,0x000000008205f3e8,0x0000000085080000)
 Metaspace       used 21785K, capacity 22930K, committed 23168K, reserved 1069056K
  class space    used 3198K, capacity 3440K, committed 3456K, reserved 1048576K
Event: 3.505 GC heap after
Heap after GC invocations=7 (full 1):
 PSYoungGen      total 120320K, used 4770K [0x00000000d5b00000, 0x00000000dec80000, 0x0000000100000000)
  eden space 115200K, 0% used [0x00000000d5b00000,0x00000000d5b00000,0x00000000dcb80000)
  from space 5120K, 93% used [0x00000000de780000,0x00000000dec28bb0,0x00000000dec80000)
  to   space 10752K, 0% used [0x00000000dd780000,0x00000000dd780000,0x00000000de200000)
 ParOldGen       total 66048K, used 16772K [0x0000000081000000, 0x0000000085080000, 0x00000000d5b00000)
  object space 66048K, 25% used [0x0000000081000000,0x00000000820613e8,0x0000000085080000)
 Metaspace       used 21785K, capacity 22930K, committed 23168K, reserved 1069056K
  class space    used 3198K, capacity 3440K, committed 3456K, reserved 1048576K
}

