# JRE version: Java(TM) SE Runtime Environment (8.0_151-b12) (build 1.8.0_151-b12)
# Java VM: Java HotSpot(TM) 64-Bit Server VM (25.151-b12 mixed mode windows-amd64 compressed oops)
Heap:
 PSYoungGen      total 103424K, used 47544K [0x00000000d5b00000, 0x00000000def80000, 0x0000000100000000)
  eden space 98304K, 43% used [0x00000000d5b00000,0x00000000d8496298,0x00000000dbb00000)
  from space 5120K, 96% used [0x00000000dea80000,0x00000000def57fd8,0x00000000def80000)
  to   space 13312K, 0% used [0x00000000dd580000,0x00000000dd580000,0x00000000de280000)
 ParOldGen       total 74752K, used 16690K [0x0000000081000000, 0x0000000085900000, 0x00000000d5b00000)
  object space 74752K, 22% used [0x0000000081000000,0x000000008204ca90,0x0000000085900000)
 Metaspace       used 27285K, capacity 29132K, committed 29184K, reserved 1075200K
  class space    used 4004K, capacity 4331K, committed 4352K, reserved 1048576K
GC Heap History (10 events):
Event: 1.747 GC heap before
{Heap before GC invocations=3 (full 0):
 PSYoungGen      total 38400K, used 38393K [0x00000000d5b00000, 0x00000000da600000, 0x0000000100000000)
  eden space 33280K, 100% used [0x00000000d5b00000,0x00000000d7b80000,0x00000000d7b80000)
  from space 5120K, 99% used [0x00000000d8080000,0x00000000d857e5b0,0x00000000d8580000)
  to   space 5120K, 0% used [0x00000000d7b80000,0x00000000d7b80000,0x00000000d8080000)
 ParOldGen       total 87552K, used 9154K [0x0000000081000000, 0x0000000086580000, 0x00000000d5b00000)
  object space 87552K, 10% used [0x0000000081000000,0x00000000818f0bd0,0x0000000086580000)
 Metaspace       used 18447K, capacity 19046K, committed 19200K, reserved 1064960K
  class space    used 2588K, capacity 2772K, committed 2816K, reserved 1048576K
Event: 1.757 GC heap after
Heap after GC invocations=3 (full 0):
 PSYoungGen      total 38400K, used 5113K [0x00000000d5b00000, 0x00000000da600000, 0x0000000100000000)
  eden space 33280K, 0% used [0x00000000d5b00000,0x00000000d5b00000,0x00000000d7b80000)
  from space 5120K, 99% used [0x00000000d7b80000,0x00000000d807e590,0x00000000d8080000)
  to   space 5120K, 0% used [0x00000000da100000,0x00000000da100000,0x00000000da600000)
 ParOldGen       total 87552K, used 12658K [0x0000000081000000, 0x0000000086580000, 0x00000000d5b00000)
  object space 87552K, 14% used [0x0000000081000000,0x0000000081c5c848,0x0000000086580000)
 Metaspace       used 18447K, capacity 19046K, committed 19200K, reserved 1064960K
  class space    used 2588K, capacity 2772K, committed 2816K, reserved 1048576K
}
Event: 2.062 GC heap before
{Heap before GC invocations=4 (full 0):
 PSYoungGen      total 38400K, used 38393K [0x00000000d5b00000, 0x00000000da600000, 0x0000000100000000)
  eden space 33280K, 100% used [0x00000000d5b00000,0x00000000d7b80000,0x00000000d7b80000)
  from space 5120K, 99% used [0x00000000d7b80000,0x00000000d807e590,0x00000000d8080000)
  to   space 5120K, 0% used [0x00000000da100000,0x00000000da100000,0x00000000da600000)
 ParOldGen       total 87552K, used 12658K [0x0000000081000000, 0x0000000086580000, 0x00000000d5b00000)
  object space 87552K, 14% used [0x0000000081000000,0x0000000081c5c848,0x0000000086580000)
 Metaspace       used 19880K, capacity 20800K, committed 20992K, reserved 1067008K
  class space    used 2868K, capacity 3063K, committed 3072K, reserved 1048576K
Event: 2.070 GC heap after
Heap after GC invocations=4 (full 0):
 PSYoungGen      total 71680K, used 5088K [0x00000000d5b00000, 0x00000000da600000, 0x0000000100000000)
  eden space 66560K, 0% used [0x00000000d5b00000,0x00000000d5b00000,0x00000000d9c00000)
  from space 5120K, 99% used [0x00000000da100000,0x00000000da5f81e0,0x00000000da600000)
  to   space 5120K, 0% used [0x00000000d9c00000,0x00000000d9c00000,0x00000000da100000)
 ParOldGen       total 87552K, used 13660K [0x0000000081000000, 0x0000000086580000, 0x00000000d5b00000)
  object space 87552K, 15% used [0x0000000081000000,0x0000000081d572e8,0x0000000086580000)
 Metaspace       used 19880K, capacity 20800K, committed 20992K, reserved 1067008K
  class space    used 2868K, capacity 3063K, committed 3072K, reserved 1048576K
}
Event: 2.198 GC heap before
{Heap before GC invocations=5 (full 0):
 PSYoungGen      total 71680K, used 26848K [0x00000000d5b00000, 0x00000000da600000, 0x0000000100000000)
  eden space 66560K, 32% used [0x00000000d5b00000,0x00000000d703ff98,0x00000000d9c00000)
  from space 5120K, 99% used [0x00000000da100000,0x00000000da5f81e0,0x00000000da600000)
  to   space 5120K, 0% used [0x00000000d9c00000,0x00000000d9c00000,0x00000000da100000)
 ParOldGen       total 87552K, used 13660K [0x0000000081000000, 0x0000000086580000, 0x00000000d5b00000)
  object space 87552K, 15% used [0x0000000081000000,0x0000000081d572e8,0x0000000086580000)
 Metaspace       used 20280K, capacity 21262K, committed 21296K, reserved 1067008K
  class space    used 2958K, capacity 3168K, committed 3200K, reserved 1048576K
Event: 2.204 GC heap after
Heap after GC invocations=5 (full 0):
 PSYoungGen      total 71680K, used 5104K [0x00000000d5b00000, 0x00000000df800000, 0x0000000100000000)
  eden space 66560K, 0% used [0x00000000d5b00000,0x00000000d5b00000,0x00000000d9c00000)
  from space 5120K, 99% used [0x00000000d9c00000,0x00000000da0fc1f0,0x00000000da100000)
  to   space 13824K, 0% used [0x00000000dea80000,0x00000000dea80000,0x00000000df800000)
 ParOldGen       total 87552K, used 13956K [0x0000000081000000, 0x0000000086580000, 0x00000000d5b00000)
  object space 87552K, 15% used [0x0000000081000000,0x0000000081da12e8,0x0000000086580000)
 Metaspace       used 20280K, capacity 21262K, committed 21296K, reserved 1067008K
  class space    used 2958K, capacity 3168K, committed 3200K, reserved 1048576K
}
Event: 2.204 GC heap before
{Heap before GC invocations=6 (full 1):
 PSYoungGen      total 71680K, used 5104K [0x00000000d5b00000, 0x00000000df800000, 0x0000000100000000)
  eden space 66560K, 0% used [0x00000000d5b00000,0x00000000d5b00000,0x00000000d9c00000)
  from space 5120K, 99% used [0x00000000d9c00000,0x00000000da0fc1f0,0x00000000da100000)
  to   space 13824K, 0% used [0x00000000dea80000,0x00000000dea80000,0x00000000df800000)
 ParOldGen       total 87552K, used 13956K [0x0000000081000000, 0x0000000086580000, 0x00000000d5b00000)
  object space 87552K, 15% used [0x0000000081000000,0x0000000081da12e8,0x0000000086580000)
 Metaspace       used 20280K, capacity 21262K, committed 21296K, reserved 1067008K
  class space    used 2958K, capacity 3168K, committed 3200K, reserved 1048576K
Event: 2.247 GC heap after
Heap after GC invocations=6 (full 1):
 PSYoungGen      total 71680K, used 0K [0x00000000d5b00000, 0x00000000df800000, 0x0000000100000000)
  eden space 66560K, 0% used [0x00000000d5b00000,0x00000000d5b00000,0x00000000d9c00000)
  from space 5120K, 0% used [0x00000000d9c00000,0x00000000d9c00000,0x00000000da100000)
  to   space 13824K, 0% used [0x00000000dea80000,0x00000000dea80000,0x00000000df800000)
 ParOldGen       total 74752K, used 16682K [0x0000000081000000, 0x0000000085900000, 0x00000000d5b00000)
  object space 74752K, 22% used [0x0000000081000000,0x000000008204aa90,0x0000000085900000)
 Metaspace       used 20280K, capacity 21262K, committed 21296K, reserved 1067008K
  class space    used 2958K, capacity 3168K, committed 3200K, reserved 1048576K
}
Event: 4.809 GC heap before
{Heap before GC invocations=7 (full 1):
 PSYoungGen      total 71680K, used 66560K [0x00000000d5b00000, 0x00000000df800000, 0x0000000100000000)
  eden space 66560K, 100% used [0x00000000d5b00000,0x00000000d9c00000,0x00000000d9c00000)
  from space 5120K, 0% used [0x00000000d9c00000,0x00000000d9c00000,0x00000000da100000)
  to   space 13824K, 0% used [0x00000000dea80000,0x00000000dea80000,0x00000000df800000)
 ParOldGen       total 74752K, used 16682K [0x0000000081000000, 0x0000000085900000, 0x00000000d5b00000)
  object space 74752K, 22% used [0x0000000081000000,0x000000008204aa90,0x0000000085900000)
 Metaspace       used 25140K, capacity 26860K, committed 26880K, reserved 1073152K
  class space    used 3794K, capacity 4093K, committed 4096K, reserved 1048576K
Event: 4.816 GC heap after
Heap after GC invocations=7 (full 1):
 PSYoungGen      total 103424K, used 4959K [0x00000000d5b00000, 0x00000000def80000, 0x0000000100000000)
  eden space 98304K, 0% used [0x00000000d5b00000,0x00000000d5b00000,0x00000000dbb00000)
  from space 5120K, 96% used [0x00000000dea80000,0x00000000def57fd8,0x00000000def80000)
  to   space 13312K, 0% used [0x00000000dd580000,0x00000000dd580000,0x00000000de280000)
 ParOldGen       total 74752K, used 16690K [0x0000000081000000, 0x0000000085900000, 0x00000000d5b00000)
  object space 74752K, 22% used [0x0000000081000000,0x000000008204ca90,0x0000000085900000)
 Metaspace       used 25140K, capacity 26860K, committed 26880K, reserved 1073152K
  class space    used 3794K, capacity 4093K, committed 4096K, reserved 1048576K
}

