# JRE version: Java(TM) SE Runtime Environment (8.0_151-b12) (build 1.8.0_151-b12)
# Java VM: Java HotSpot(TM) 64-Bit Server VM (25.151-b12 mixed mode windows-amd64 compressed oops)
Heap:
 PSYoungGen      total 104448K, used 51146K [0x00000000d5b00000, 0x00000000def00000, 0x0000000100000000)
  eden space 99328K, 46% used [0x00000000d5b00000,0x00000000d882fa18,0x00000000dbc00000)
  from space 5120K, 95% used [0x00000000dea00000,0x00000000deec31c0,0x00000000def00000)
  to   space 13312K, 0% used [0x00000000dd500000,0x00000000dd500000,0x00000000de200000)
 ParOldGen       total 75264K, used 18038K [0x0000000081000000, 0x0000000085980000, 0x00000000d5b00000)
  object space 75264K, 23% used [0x0000000081000000,0x000000008219d8e0,0x0000000085980000)
 Metaspace       used 27423K, capacity 29226K, committed 29568K, reserved 1075200K
  class space    used 4034K, capacity 4361K, committed 4480K, reserved 1048576K
GC Heap History (10 events):
Event: 1.766 GC heap before
{Heap before GC invocations=3 (full 0):
 PSYoungGen      total 38400K, used 38393K [0x00000000d5b00000, 0x00000000da600000, 0x0000000100000000)
  eden space 33280K, 100% used [0x00000000d5b00000,0x00000000d7b80000,0x00000000d7b80000)
  from space 5120K, 99% used [0x00000000d8080000,0x00000000d857e5b0,0x00000000d8580000)
  to   space 5120K, 0% used [0x00000000d7b80000,0x00000000d7b80000,0x00000000d8080000)
 ParOldGen       total 87552K, used 8896K [0x0000000081000000, 0x0000000086580000, 0x00000000d5b00000)
  object space 87552K, 10% used [0x0000000081000000,0x00000000818b02b8,0x0000000086580000)
 Metaspace       used 18141K, capacity 18778K, committed 18944K, reserved 1064960K
  class space    used 2522K, capacity 2705K, committed 2816K, reserved 1048576K
Event: 1.773 GC heap after
Heap after GC invocations=3 (full 0):
 PSYoungGen      total 38400K, used 5113K [0x00000000d5b00000, 0x00000000da600000, 0x0000000100000000)
  eden space 33280K, 0% used [0x00000000d5b00000,0x00000000d5b00000,0x00000000d7b80000)
  from space 5120K, 99% used [0x00000000d7b80000,0x00000000d807e5b0,0x00000000d8080000)
  to   space 5120K, 0% used [0x00000000da100000,0x00000000da100000,0x00000000da600000)
 ParOldGen       total 87552K, used 12479K [0x0000000081000000, 0x0000000086580000, 0x00000000d5b00000)
  object space 87552K, 14% used [0x0000000081000000,0x0000000081c2fc28,0x0000000086580000)
 Metaspace       used 18141K, capacity 18778K, committed 18944K, reserved 1064960K
  class space    used 2522K, capacity 2705K, committed 2816K, reserved 1048576K
}
Event: 2.088 GC heap before
{Heap before GC invocations=4 (full 0):
 PSYoungGen      total 38400K, used 38393K [0x00000000d5b00000, 0x00000000da600000, 0x0000000100000000)
  eden space 33280K, 100% used [0x00000000d5b00000,0x00000000d7b80000,0x00000000d7b80000)
  from space 5120K, 99% used [0x00000000d7b80000,0x00000000d807e5b0,0x00000000d8080000)
  to   space 5120K, 0% used [0x00000000da100000,0x00000000da100000,0x00000000da600000)
 ParOldGen       total 87552K, used 12479K [0x0000000081000000, 0x0000000086580000, 0x00000000d5b00000)
  object space 87552K, 14% used [0x0000000081000000,0x0000000081c2fc28,0x0000000086580000)
 Metaspace       used 19887K, capacity 20798K, committed 20992K, reserved 1067008K
  class space    used 2870K, capacity 3061K, committed 3072K, reserved 1048576K
Event: 2.099 GC heap after
Heap after GC invocations=4 (full 0):
 PSYoungGen      total 71680K, used 5113K [0x00000000d5b00000, 0x00000000da600000, 0x0000000100000000)
  eden space 66560K, 0% used [0x00000000d5b00000,0x00000000d5b00000,0x00000000d9c00000)
  from space 5120K, 99% used [0x00000000da100000,0x00000000da5fe590,0x00000000da600000)
  to   space 5120K, 0% used [0x00000000d9c00000,0x00000000d9c00000,0x00000000da100000)
 ParOldGen       total 87552K, used 13532K [0x0000000081000000, 0x0000000086580000, 0x00000000d5b00000)
  object space 87552K, 15% used [0x0000000081000000,0x0000000081d37120,0x0000000086580000)
 Metaspace       used 19887K, capacity 20798K, committed 20992K, reserved 1067008K
  class space    used 2870K, capacity 3061K, committed 3072K, reserved 1048576K
}
Event: 2.218 GC heap before
{Heap before GC invocations=5 (full 0):
 PSYoungGen      total 71680K, used 26897K [0x00000000d5b00000, 0x00000000da600000, 0x0000000100000000)
  eden space 66560K, 32% used [0x00000000d5b00000,0x00000000d7046008,0x00000000d9c00000)
  from space 5120K, 99% used [0x00000000da100000,0x00000000da5fe590,0x00000000da600000)
  to   space 5120K, 0% used [0x00000000d9c00000,0x00000000d9c00000,0x00000000da100000)
 ParOldGen       total 87552K, used 13532K [0x0000000081000000, 0x0000000086580000, 0x00000000d5b00000)
  object space 87552K, 15% used [0x0000000081000000,0x0000000081d37120,0x0000000086580000)
 Metaspace       used 20303K, capacity 21232K, committed 21296K, reserved 1067008K
  class space    used 2964K, capacity 3172K, committed 3200K, reserved 1048576K
Event: 2.226 GC heap after
Heap after GC invocations=5 (full 0):
 PSYoungGen      total 71680K, used 5113K [0x00000000d5b00000, 0x00000000df700000, 0x0000000100000000)
  eden space 66560K, 0% used [0x00000000d5b00000,0x00000000d5b00000,0x00000000d9c00000)
  from space 5120K, 99% used [0x00000000d9c00000,0x00000000da0fe590,0x00000000da100000)
  to   space 13312K, 0% used [0x00000000dea00000,0x00000000dea00000,0x00000000df700000)
 ParOldGen       total 87552K, used 13868K [0x0000000081000000, 0x0000000086580000, 0x00000000d5b00000)
  object space 87552K, 15% used [0x0000000081000000,0x0000000081d8b120,0x0000000086580000)
 Metaspace       used 20303K, capacity 21232K, committed 21296K, reserved 1067008K
  class space    used 2964K, capacity 3172K, committed 3200K, reserved 1048576K
}
Event: 2.226 GC heap before
{Heap before GC invocations=6 (full 1):
 PSYoungGen      total 71680K, used 5113K [0x00000000d5b00000, 0x00000000df700000, 0x0000000100000000)
  eden space 66560K, 0% used [0x00000000d5b00000,0x00000000d5b00000,0x00000000d9c00000)
  from space 5120K, 99% used [0x00000000d9c00000,0x00000000da0fe590,0x00000000da100000)
  to   space 13312K, 0% used [0x00000000dea00000,0x00000000dea00000,0x00000000df700000)
 ParOldGen       total 87552K, used 13868K [0x0000000081000000, 0x0000000086580000, 0x00000000d5b00000)
  object space 87552K, 15% used [0x0000000081000000,0x0000000081d8b120,0x0000000086580000)
 Metaspace       used 20303K, capacity 21232K, committed 21296K, reserved 1067008K
  class space    used 2964K, capacity 3172K, committed 3200K, reserved 1048576K
Event: 2.277 GC heap after
Heap after GC invocations=6 (full 1):
 PSYoungGen      total 71680K, used 0K [0x00000000d5b00000, 0x00000000df700000, 0x0000000100000000)
  eden space 66560K, 0% used [0x00000000d5b00000,0x00000000d5b00000,0x00000000d9c00000)
  from space 5120K, 0% used [0x00000000d9c00000,0x00000000d9c00000,0x00000000da100000)
  to   space 13312K, 0% used [0x00000000dea00000,0x00000000dea00000,0x00000000df700000)
 ParOldGen       total 75264K, used 18030K [0x0000000081000000, 0x0000000085980000, 0x00000000d5b00000)
  object space 75264K, 23% used [0x0000000081000000,0x000000008219b8e0,0x0000000085980000)
 Metaspace       used 20303K, capacity 21232K, committed 21296K, reserved 1067008K
  class space    used 2964K, capacity 3172K, committed 3200K, reserved 1048576K
}
Event: 5.400 GC heap before
{Heap before GC invocations=7 (full 1):
 PSYoungGen      total 71680K, used 66560K [0x00000000d5b00000, 0x00000000df700000, 0x0000000100000000)
  eden space 66560K, 100% used [0x00000000d5b00000,0x00000000d9c00000,0x00000000d9c00000)
  from space 5120K, 0% used [0x00000000d9c00000,0x00000000d9c00000,0x00000000da100000)
  to   space 13312K, 0% used [0x00000000dea00000,0x00000000dea00000,0x00000000df700000)
 ParOldGen       total 75264K, used 18030K [0x0000000081000000, 0x0000000085980000, 0x00000000d5b00000)
  object space 75264K, 23% used [0x0000000081000000,0x000000008219b8e0,0x0000000085980000)
 Metaspace       used 25088K, capacity 26700K, committed 26880K, reserved 1073152K
  class space    used 3774K, capacity 4076K, committed 4096K, reserved 1048576K
Event: 5.406 GC heap after
Heap after GC invocations=7 (full 1):
 PSYoungGen      total 104448K, used 4876K [0x00000000d5b00000, 0x00000000def00000, 0x0000000100000000)
  eden space 99328K, 0% used [0x00000000d5b00000,0x00000000d5b00000,0x00000000dbc00000)
  from space 5120K, 95% used [0x00000000dea00000,0x00000000deec31c0,0x00000000def00000)
  to   space 13312K, 0% used [0x00000000dd500000,0x00000000dd500000,0x00000000de200000)
 ParOldGen       total 75264K, used 18038K [0x0000000081000000, 0x0000000085980000, 0x00000000d5b00000)
  object space 75264K, 23% used [0x0000000081000000,0x000000008219d8e0,0x0000000085980000)
 Metaspace       used 25088K, capacity 26700K, committed 26880K, reserved 1073152K
  class space    used 3774K, capacity 4076K, committed 4096K, reserved 1048576K
}

