# JRE version: Java(TM) SE Runtime Environment (8.0_121-b13) (build 1.8.0_121-b13)
# Java VM: Java HotSpot(TM) 64-Bit Server VM (25.121-b13 mixed mode windows-amd64 compressed oops)
Heap:
 PSYoungGen      total 71680K, used 55527K [0x00000000d5b00000, 0x00000000dfa00000, 0x0000000100000000)
  eden space 66560K, 83% used [0x00000000d5b00000,0x00000000d9139cb0,0x00000000d9c00000)
  from space 5120K, 0% used [0x00000000d9c00000,0x00000000d9c00000,0x00000000da100000)
  to   space 14848K, 0% used [0x00000000deb80000,0x00000000deb80000,0x00000000dfa00000)
 ParOldGen       total 86016K, used 20210K [0x0000000081000000, 0x0000000086400000, 0x00000000d5b00000)
  object space 86016K, 23% used [0x0000000081000000,0x00000000823bc8d0,0x0000000086400000)
 Metaspace       used 25516K, capacity 27534K, committed 27648K, reserved 1073152K
  class space    used 3707K, capacity 4058K, committed 4096K, reserved 1048576K
GC Heap History (10 events):
Event: 1.601 GC heap before
{Heap before GC invocations=2 (full 0):
 PSYoungGen      total 38400K, used 38380K [0x00000000d5b00000, 0x00000000d8580000, 0x0000000100000000)
  eden space 33280K, 100% used [0x00000000d5b00000,0x00000000d7b80000,0x00000000d7b80000)
  from space 5120K, 99% used [0x00000000d7b80000,0x00000000d807b3c0,0x00000000d8080000)
  to   space 5120K, 0% used [0x00000000d8080000,0x00000000d8080000,0x00000000d8580000)
 ParOldGen       total 87552K, used 364K [0x0000000081000000, 0x0000000086580000, 0x00000000d5b00000)
  object space 87552K, 0% used [0x0000000081000000,0x000000008105b240,0x0000000086580000)
 Metaspace       used 16780K, capacity 17454K, committed 17664K, reserved 1064960K
  class space    used 2311K, capacity 2474K, committed 2560K, reserved 1048576K
Event: 1.613 GC heap after
Heap after GC invocations=2 (full 0):
 PSYoungGen      total 38400K, used 5113K [0x00000000d5b00000, 0x00000000d8580000, 0x0000000100000000)
  eden space 33280K, 0% used [0x00000000d5b00000,0x00000000d5b00000,0x00000000d7b80000)
  from space 5120K, 99% used [0x00000000d8080000,0x00000000d857e590,0x00000000d8580000)
  to   space 5120K, 0% used [0x00000000d7b80000,0x00000000d7b80000,0x00000000d8080000)
 ParOldGen       total 87552K, used 10620K [0x0000000081000000, 0x0000000086580000, 0x00000000d5b00000)
  object space 87552K, 12% used [0x0000000081000000,0x0000000081a5f108,0x0000000086580000)
 Metaspace       used 16780K, capacity 17454K, committed 17664K, reserved 1064960K
  class space    used 2311K, capacity 2474K, committed 2560K, reserved 1048576K
}
Event: 2.024 GC heap before
{Heap before GC invocations=3 (full 0):
 PSYoungGen      total 38400K, used 38393K [0x00000000d5b00000, 0x00000000d8580000, 0x0000000100000000)
  eden space 33280K, 100% used [0x00000000d5b00000,0x00000000d7b80000,0x00000000d7b80000)
  from space 5120K, 99% used [0x00000000d8080000,0x00000000d857e590,0x00000000d8580000)
  to   space 5120K, 0% used [0x00000000d7b80000,0x00000000d7b80000,0x00000000d8080000)
 ParOldGen       total 87552K, used 10620K [0x0000000081000000, 0x0000000086580000, 0x00000000d5b00000)
  object space 87552K, 12% used [0x0000000081000000,0x0000000081a5f108,0x0000000086580000)
 Metaspace       used 19043K, capacity 19976K, committed 20096K, reserved 1067008K
  class space    used 2683K, capacity 2877K, committed 2944K, reserved 1048576K
Event: 2.030 GC heap after
Heap after GC invocations=3 (full 0):
 PSYoungGen      total 38400K, used 5026K [0x00000000d5b00000, 0x00000000da600000, 0x0000000100000000)
  eden space 33280K, 0% used [0x00000000d5b00000,0x00000000d5b00000,0x00000000d7b80000)
  from space 5120K, 98% used [0x00000000d7b80000,0x00000000d8068b10,0x00000000d8080000)
  to   space 5120K, 0% used [0x00000000da100000,0x00000000da100000,0x00000000da600000)
 ParOldGen       total 87552K, used 12349K [0x0000000081000000, 0x0000000086580000, 0x00000000d5b00000)
  object space 87552K, 14% used [0x0000000081000000,0x0000000081c0f618,0x0000000086580000)
 Metaspace       used 19043K, capacity 19976K, committed 20096K, reserved 1067008K
  class space    used 2683K, capacity 2877K, committed 2944K, reserved 1048576K
}
Event: 2.291 GC heap before
{Heap before GC invocations=4 (full 0):
 PSYoungGen      total 38400K, used 38306K [0x00000000d5b00000, 0x00000000da600000, 0x0000000100000000)
  eden space 33280K, 100% used [0x00000000d5b00000,0x00000000d7b80000,0x00000000d7b80000)
  from space 5120K, 98% used [0x00000000d7b80000,0x00000000d8068b10,0x00000000d8080000)
  to   space 5120K, 0% used [0x00000000da100000,0x00000000da100000,0x00000000da600000)
 ParOldGen       total 87552K, used 12349K [0x0000000081000000, 0x0000000086580000, 0x00000000d5b00000)
  object space 87552K, 14% used [0x0000000081000000,0x0000000081c0f618,0x0000000086580000)
 Metaspace       used 19681K, capacity 20686K, committed 20736K, reserved 1067008K
  class space    used 2816K, capacity 3038K, committed 3072K, reserved 1048576K
Event: 2.303 GC heap after
Heap after GC invocations=4 (full 0):
 PSYoungGen      total 71680K, used 5108K [0x00000000d5b00000, 0x00000000da600000, 0x0000000100000000)
  eden space 66560K, 0% used [0x00000000d5b00000,0x00000000d5b00000,0x00000000d9c00000)
  from space 5120K, 99% used [0x00000000da100000,0x00000000da5fd340,0x00000000da600000)
  to   space 5120K, 0% used [0x00000000d9c00000,0x00000000d9c00000,0x00000000da100000)
 ParOldGen       total 87552K, used 13440K [0x0000000081000000, 0x0000000086580000, 0x00000000d5b00000)
  object space 87552K, 15% used [0x0000000081000000,0x0000000081d20268,0x0000000086580000)
 Metaspace       used 19681K, capacity 20686K, committed 20736K, reserved 1067008K
  class space    used 2816K, capacity 3038K, committed 3072K, reserved 1048576K
}
Event: 3.106 GC heap before
{Heap before GC invocations=5 (full 0):
 PSYoungGen      total 71680K, used 69868K [0x00000000d5b00000, 0x00000000da600000, 0x0000000100000000)
  eden space 66560K, 97% used [0x00000000d5b00000,0x00000000d9a3dcc0,0x00000000d9c00000)
  from space 5120K, 99% used [0x00000000da100000,0x00000000da5fd340,0x00000000da600000)
  to   space 5120K, 0% used [0x00000000d9c00000,0x00000000d9c00000,0x00000000da100000)
 ParOldGen       total 87552K, used 13440K [0x0000000081000000, 0x0000000086580000, 0x00000000d5b00000)
  object space 87552K, 15% used [0x0000000081000000,0x0000000081d20268,0x0000000086580000)
 Metaspace       used 20081K, capacity 21188K, committed 21296K, reserved 1067008K
  class space    used 2866K, capacity 3093K, committed 3200K, reserved 1048576K
Event: 3.115 GC heap after
Heap after GC invocations=5 (full 0):
 PSYoungGen      total 71680K, used 5096K [0x00000000d5b00000, 0x00000000dfa00000, 0x0000000100000000)
  eden space 66560K, 0% used [0x00000000d5b00000,0x00000000d5b00000,0x00000000d9c00000)
  from space 5120K, 99% used [0x00000000d9c00000,0x00000000da0fa310,0x00000000da100000)
  to   space 14848K, 0% used [0x00000000deb80000,0x00000000deb80000,0x00000000dfa00000)
 ParOldGen       total 87552K, used 15602K [0x0000000081000000, 0x0000000086580000, 0x00000000d5b00000)
  object space 87552K, 17% used [0x0000000081000000,0x0000000081f3cb98,0x0000000086580000)
 Metaspace       used 20081K, capacity 21188K, committed 21296K, reserved 1067008K
  class space    used 2866K, capacity 3093K, committed 3200K, reserved 1048576K
}
Event: 3.115 GC heap before
{Heap before GC invocations=6 (full 1):
 PSYoungGen      total 71680K, used 5096K [0x00000000d5b00000, 0x00000000dfa00000, 0x0000000100000000)
  eden space 66560K, 0% used [0x00000000d5b00000,0x00000000d5b00000,0x00000000d9c00000)
  from space 5120K, 99% used [0x00000000d9c00000,0x00000000da0fa310,0x00000000da100000)
  to   space 14848K, 0% used [0x00000000deb80000,0x00000000deb80000,0x00000000dfa00000)
 ParOldGen       total 87552K, used 15602K [0x0000000081000000, 0x0000000086580000, 0x00000000d5b00000)
  object space 87552K, 17% used [0x0000000081000000,0x0000000081f3cb98,0x0000000086580000)
 Metaspace       used 20081K, capacity 21188K, committed 21296K, reserved 1067008K
  class space    used 2866K, capacity 3093K, committed 3200K, reserved 1048576K
Event: 3.230 GC heap after
Heap after GC invocations=6 (full 1):
 PSYoungGen      total 71680K, used 0K [0x00000000d5b00000, 0x00000000dfa00000, 0x0000000100000000)
  eden space 66560K, 0% used [0x00000000d5b00000,0x00000000d5b00000,0x00000000d9c00000)
  from space 5120K, 0% used [0x00000000d9c00000,0x00000000d9c00000,0x00000000da100000)
  to   space 14848K, 0% used [0x00000000deb80000,0x00000000deb80000,0x00000000dfa00000)
 ParOldGen       total 86016K, used 20210K [0x0000000081000000, 0x0000000086400000, 0x00000000d5b00000)
  object space 86016K, 23% used [0x0000000081000000,0x00000000823bc8d0,0x0000000086400000)
 Metaspace       used 20081K, capacity 21188K, committed 21296K, reserved 1067008K
  class space    used 2866K, capacity 3093K, committed 3200K, reserved 1048576K
}

