# JRE version: Java(TM) SE Runtime Environment (8.0_121-b13) (build 1.8.0_121-b13)
# Java VM: Java HotSpot(TM) 64-Bit Server VM (25.121-b13 mixed mode windows-amd64 compressed oops)
Heap:
 PSYoungGen      total 86528K, used 20260K [0x00000000d5b00000, 0x00000000de600000, 0x0000000100000000)
  eden space 72192K, 8% used [0x00000000d5b00000,0x00000000d60ca500,0x00000000da180000)
  from space 14336K, 99% used [0x00000000da180000,0x00000000daf7eb10,0x00000000daf80000)
  to   space 21504K, 0% used [0x00000000dd100000,0x00000000dd100000,0x00000000de600000)
 ParOldGen       total 77312K, used 25209K [0x0000000081000000, 0x0000000085b80000, 0x00000000d5b00000)
  object space 77312K, 32% used [0x0000000081000000,0x000000008289e5c8,0x0000000085b80000)
 Metaspace       used 32333K, capacity 34388K, committed 34688K, reserved 1079296K
  class space    used 4563K, capacity 4908K, committed 4992K, reserved 1048576K
GC Heap History (10 events):
Event: 1.627 GC heap before
{Heap before GC invocations=4 (full 1):
 PSYoungGen      total 38400K, used 5105K [0x00000000d5b00000, 0x00000000da600000, 0x0000000100000000)
  eden space 33280K, 0% used [0x00000000d5b00000,0x00000000d5b00000,0x00000000d7b80000)
  from space 5120K, 99% used [0x00000000d7b80000,0x00000000d807c510,0x00000000d8080000)
  to   space 5120K, 0% used [0x00000000da100000,0x00000000da100000,0x00000000da600000)
 ParOldGen       total 87552K, used 11978K [0x0000000081000000, 0x0000000086580000, 0x00000000d5b00000)
  object space 87552K, 13% used [0x0000000081000000,0x0000000081bb2a50,0x0000000086580000)
 Metaspace       used 20467K, capacity 21114K, committed 21296K, reserved 1067008K
  class space    used 2760K, capacity 2917K, committed 2944K, reserved 1048576K
Event: 1.669 GC heap after
Heap after GC invocations=4 (full 1):
 PSYoungGen      total 38400K, used 0K [0x00000000d5b00000, 0x00000000da600000, 0x0000000100000000)
  eden space 33280K, 0% used [0x00000000d5b00000,0x00000000d5b00000,0x00000000d7b80000)
  from space 5120K, 0% used [0x00000000d7b80000,0x00000000d7b80000,0x00000000d8080000)
  to   space 5120K, 0% used [0x00000000da100000,0x00000000da100000,0x00000000da600000)
 ParOldGen       total 77312K, used 15961K [0x0000000081000000, 0x0000000085b80000, 0x00000000d5b00000)
  object space 77312K, 20% used [0x0000000081000000,0x0000000081f964b8,0x0000000085b80000)
 Metaspace       used 20467K, capacity 21114K, committed 21296K, reserved 1067008K
  class space    used 2760K, capacity 2917K, committed 2944K, reserved 1048576K
}
Event: 1.952 GC heap before
{Heap before GC invocations=5 (full 1):
 PSYoungGen      total 38400K, used 33280K [0x00000000d5b00000, 0x00000000da600000, 0x0000000100000000)
  eden space 33280K, 100% used [0x00000000d5b00000,0x00000000d7b80000,0x00000000d7b80000)
  from space 5120K, 0% used [0x00000000d7b80000,0x00000000d7b80000,0x00000000d8080000)
  to   space 5120K, 0% used [0x00000000da100000,0x00000000da100000,0x00000000da600000)
 ParOldGen       total 77312K, used 15961K [0x0000000081000000, 0x0000000085b80000, 0x00000000d5b00000)
  object space 77312K, 20% used [0x0000000081000000,0x0000000081f964b8,0x0000000085b80000)
 Metaspace       used 23185K, capacity 24158K, committed 24448K, reserved 1071104K
  class space    used 3215K, capacity 3403K, committed 3456K, reserved 1048576K
Event: 1.958 GC heap after
Heap after GC invocations=5 (full 1):
 PSYoungGen      total 51712K, used 2670K [0x00000000d5b00000, 0x00000000da400000, 0x0000000100000000)
  eden space 48640K, 0% used [0x00000000d5b00000,0x00000000d5b00000,0x00000000d8a80000)
  from space 3072K, 86% used [0x00000000da100000,0x00000000da39b980,0x00000000da400000)
  to   space 5120K, 0% used [0x00000000d9a00000,0x00000000d9a00000,0x00000000d9f00000)
 ParOldGen       total 77312K, used 15969K [0x0000000081000000, 0x0000000085b80000, 0x00000000d5b00000)
  object space 77312K, 20% used [0x0000000081000000,0x0000000081f984b8,0x0000000085b80000)
 Metaspace       used 23185K, capacity 24158K, committed 24448K, reserved 1071104K
  class space    used 3215K, capacity 3403K, committed 3456K, reserved 1048576K
}
Event: 2.307 GC heap before
{Heap before GC invocations=6 (full 1):
 PSYoungGen      total 51712K, used 51310K [0x00000000d5b00000, 0x00000000da400000, 0x0000000100000000)
  eden space 48640K, 100% used [0x00000000d5b00000,0x00000000d8a80000,0x00000000d8a80000)
  from space 3072K, 86% used [0x00000000da100000,0x00000000da39b980,0x00000000da400000)
  to   space 5120K, 0% used [0x00000000d9a00000,0x00000000d9a00000,0x00000000d9f00000)
 ParOldGen       total 77312K, used 15969K [0x0000000081000000, 0x0000000085b80000, 0x00000000d5b00000)
  object space 77312K, 20% used [0x0000000081000000,0x0000000081f984b8,0x0000000085b80000)
 Metaspace       used 24058K, capacity 25170K, committed 25472K, reserved 1071104K
  class space    used 3396K, capacity 3633K, committed 3712K, reserved 1048576K
Event: 2.315 GC heap after
Heap after GC invocations=6 (full 1):
 PSYoungGen      total 69632K, used 3208K [0x00000000d5b00000, 0x00000000dbe80000, 0x0000000100000000)
  eden space 64512K, 0% used [0x00000000d5b00000,0x00000000d5b00000,0x00000000d9a00000)
  from space 5120K, 62% used [0x00000000d9a00000,0x00000000d9d223c0,0x00000000d9f00000)
  to   space 15360K, 0% used [0x00000000daf80000,0x00000000daf80000,0x00000000dbe80000)
 ParOldGen       total 77312K, used 15969K [0x0000000081000000, 0x0000000085b80000, 0x00000000d5b00000)
  object space 77312K, 20% used [0x0000000081000000,0x0000000081f984b8,0x0000000085b80000)
 Metaspace       used 24058K, capacity 25170K, committed 25472K, reserved 1071104K
  class space    used 3396K, capacity 3633K, committed 3712K, reserved 1048576K
}
Event: 3.110 GC heap before
{Heap before GC invocations=7 (full 1):
 PSYoungGen      total 69632K, used 67720K [0x00000000d5b00000, 0x00000000dbe80000, 0x0000000100000000)
  eden space 64512K, 100% used [0x00000000d5b00000,0x00000000d9a00000,0x00000000d9a00000)
  from space 5120K, 62% used [0x00000000d9a00000,0x00000000d9d223c0,0x00000000d9f00000)
  to   space 15360K, 0% used [0x00000000daf80000,0x00000000daf80000,0x00000000dbe80000)
 ParOldGen       total 77312K, used 15969K [0x0000000081000000, 0x0000000085b80000, 0x00000000d5b00000)
  object space 77312K, 20% used [0x0000000081000000,0x0000000081f984b8,0x0000000085b80000)
 Metaspace       used 27506K, capacity 29252K, committed 29440K, reserved 1075200K
  class space    used 4020K, capacity 4322K, committed 4352K, reserved 1048576K
Event: 3.122 GC heap after
Heap after GC invocations=7 (full 1):
 PSYoungGen      total 87552K, used 6987K [0x00000000d5b00000, 0x00000000dd180000, 0x0000000100000000)
  eden space 72192K, 0% used [0x00000000d5b00000,0x00000000d5b00000,0x00000000da180000)
  from space 15360K, 45% used [0x00000000daf80000,0x00000000db652e10,0x00000000dbe80000)
  to   space 14336K, 0% used [0x00000000da180000,0x00000000da180000,0x00000000daf80000)
 ParOldGen       total 77312K, used 15977K [0x0000000081000000, 0x0000000085b80000, 0x00000000d5b00000)
  object space 77312K, 20% used [0x0000000081000000,0x0000000081f9a4b8,0x0000000085b80000)
 Metaspace       used 27506K, capacity 29252K, committed 29440K, reserved 1075200K
  class space    used 4020K, capacity 4322K, committed 4352K, reserved 1048576K
}
Event: 19.583 GC heap before
{Heap before GC invocations=8 (full 1):
 PSYoungGen      total 87552K, used 79179K [0x00000000d5b00000, 0x00000000dd180000, 0x0000000100000000)
  eden space 72192K, 100% used [0x00000000d5b00000,0x00000000da180000,0x00000000da180000)
  from space 15360K, 45% used [0x00000000daf80000,0x00000000db652e10,0x00000000dbe80000)
  to   space 14336K, 0% used [0x00000000da180000,0x00000000da180000,0x00000000daf80000)
 ParOldGen       total 77312K, used 15977K [0x0000000081000000, 0x0000000085b80000, 0x00000000d5b00000)
  object space 77312K, 20% used [0x0000000081000000,0x0000000081f9a4b8,0x0000000085b80000)
 Metaspace       used 31910K, capacity 33992K, committed 34176K, reserved 1079296K
  class space    used 4512K, capacity 4868K, committed 4992K, reserved 1048576K
Event: 19.608 GC heap after
Heap after GC invocations=8 (full 1):
 PSYoungGen      total 86528K, used 14330K [0x00000000d5b00000, 0x00000000de600000, 0x0000000100000000)
  eden space 72192K, 0% used [0x00000000d5b00000,0x00000000d5b00000,0x00000000da180000)
  from space 14336K, 99% used [0x00000000da180000,0x00000000daf7eb10,0x00000000daf80000)
  to   space 21504K, 0% used [0x00000000dd100000,0x00000000dd100000,0x00000000de600000)
 ParOldGen       total 77312K, used 25209K [0x0000000081000000, 0x0000000085b80000, 0x00000000d5b00000)
  object space 77312K, 32% used [0x0000000081000000,0x000000008289e5c8,0x0000000085b80000)
 Metaspace       used 31910K, capacity 33992K, committed 34176K, reserved 1079296K
  class space    used 4512K, capacity 4868K, committed 4992K, reserved 1048576K
}

