# JRE version: Java(TM) SE Runtime Environment (8.0_121-b13) (build 1.8.0_121-b13)
# Java VM: Java HotSpot(TM) 64-Bit Server VM (25.121-b13 mixed mode windows-amd64 compressed oops)
Heap:
 PSYoungGen      total 137728K, used 73683K [0x00000000d5b00000, 0x00000000dfe80000, 0x0000000100000000)
  eden space 132608K, 51% used [0x00000000d5b00000,0x00000000d9df6a58,0x00000000ddc80000)
  from space 5120K, 99% used [0x00000000ddc80000,0x00000000de17e280,0x00000000de180000)
  to   space 16384K, 0% used [0x00000000dee80000,0x00000000dee80000,0x00000000dfe80000)
 ParOldGen       total 77312K, used 22185K [0x0000000081000000, 0x0000000085b80000, 0x00000000d5b00000)
  object space 77312K, 28% used [0x0000000081000000,0x00000000825aa680,0x0000000085b80000)
 Metaspace       used 32320K, capacity 34360K, committed 34688K, reserved 1079296K
  class space    used 4562K, capacity 4898K, committed 4992K, reserved 1048576K
GC Heap History (10 events):
Event: 1.302 GC heap before
{Heap before GC invocations=2 (full 0):
 PSYoungGen      total 38400K, used 38375K [0x00000000d5b00000, 0x00000000da600000, 0x0000000100000000)
  eden space 33280K, 100% used [0x00000000d5b00000,0x00000000d7b80000,0x00000000d7b80000)
  from space 5120K, 99% used [0x00000000d7b80000,0x00000000d8079c20,0x00000000d8080000)
  to   space 5120K, 0% used [0x00000000da100000,0x00000000da100000,0x00000000da600000)
 ParOldGen       total 87552K, used 756K [0x0000000081000000, 0x0000000086580000, 0x00000000d5b00000)
  object space 87552K, 0% used [0x0000000081000000,0x00000000810bd2f8,0x0000000086580000)
 Metaspace       used 17906K, capacity 18406K, committed 18688K, reserved 1064960K
  class space    used 2400K, capacity 2545K, committed 2560K, reserved 1048576K
Event: 1.311 GC heap after
Heap after GC invocations=2 (full 0):
 PSYoungGen      total 71680K, used 5104K [0x00000000d5b00000, 0x00000000da600000, 0x0000000100000000)
  eden space 66560K, 0% used [0x00000000d5b00000,0x00000000d5b00000,0x00000000d9c00000)
  from space 5120K, 99% used [0x00000000da100000,0x00000000da5fc0b0,0x00000000da600000)
  to   space 5120K, 0% used [0x00000000d9c00000,0x00000000d9c00000,0x00000000da100000)
 ParOldGen       total 87552K, used 9935K [0x0000000081000000, 0x0000000086580000, 0x00000000d5b00000)
  object space 87552K, 11% used [0x0000000081000000,0x00000000819b3d18,0x0000000086580000)
 Metaspace       used 17906K, capacity 18406K, committed 18688K, reserved 1064960K
  class space    used 2400K, capacity 2545K, committed 2560K, reserved 1048576K
}
Event: 1.531 GC heap before
{Heap before GC invocations=3 (full 0):
 PSYoungGen      total 71680K, used 21424K [0x00000000d5b00000, 0x00000000da600000, 0x0000000100000000)
  eden space 66560K, 24% used [0x00000000d5b00000,0x00000000d6aefff8,0x00000000d9c00000)
  from space 5120K, 99% used [0x00000000da100000,0x00000000da5fc0b0,0x00000000da600000)
  to   space 5120K, 0% used [0x00000000d9c00000,0x00000000d9c00000,0x00000000da100000)
 ParOldGen       total 87552K, used 9935K [0x0000000081000000, 0x0000000086580000, 0x00000000d5b00000)
  object space 87552K, 11% used [0x0000000081000000,0x00000000819b3d18,0x0000000086580000)
 Metaspace       used 20535K, capacity 21190K, committed 21296K, reserved 1067008K
  class space    used 2758K, capacity 2919K, committed 2944K, reserved 1048576K
Event: 1.542 GC heap after
Heap after GC invocations=3 (full 0):
 PSYoungGen      total 71680K, used 5106K [0x00000000d5b00000, 0x00000000de700000, 0x0000000100000000)
  eden space 66560K, 0% used [0x00000000d5b00000,0x00000000d5b00000,0x00000000d9c00000)
  from space 5120K, 99% used [0x00000000d9c00000,0x00000000da0fc970,0x00000000da100000)
  to   space 5120K, 0% used [0x00000000de200000,0x00000000de200000,0x00000000de700000)
 ParOldGen       total 87552K, used 12064K [0x0000000081000000, 0x0000000086580000, 0x00000000d5b00000)
  object space 87552K, 13% used [0x0000000081000000,0x0000000081bc8210,0x0000000086580000)
 Metaspace       used 20535K, capacity 21190K, committed 21296K, reserved 1067008K
  class space    used 2758K, capacity 2919K, committed 2944K, reserved 1048576K
}
Event: 1.542 GC heap before
{Heap before GC invocations=4 (full 1):
 PSYoungGen      total 71680K, used 5106K [0x00000000d5b00000, 0x00000000de700000, 0x0000000100000000)
  eden space 66560K, 0% used [0x00000000d5b00000,0x00000000d5b00000,0x00000000d9c00000)
  from space 5120K, 99% used [0x00000000d9c00000,0x00000000da0fc970,0x00000000da100000)
  to   space 5120K, 0% used [0x00000000de200000,0x00000000de200000,0x00000000de700000)
 ParOldGen       total 87552K, used 12064K [0x0000000081000000, 0x0000000086580000, 0x00000000d5b00000)
  object space 87552K, 13% used [0x0000000081000000,0x0000000081bc8210,0x0000000086580000)
 Metaspace       used 20535K, capacity 21190K, committed 21296K, reserved 1067008K
  class space    used 2758K, capacity 2919K, committed 2944K, reserved 1048576K
Event: 1.581 GC heap after
Heap after GC invocations=4 (full 1):
 PSYoungGen      total 71680K, used 0K [0x00000000d5b00000, 0x00000000de700000, 0x0000000100000000)
  eden space 66560K, 0% used [0x00000000d5b00000,0x00000000d5b00000,0x00000000d9c00000)
  from space 5120K, 0% used [0x00000000d9c00000,0x00000000d9c00000,0x00000000da100000)
  to   space 5120K, 0% used [0x00000000de200000,0x00000000de200000,0x00000000de700000)
 ParOldGen       total 77312K, used 15958K [0x0000000081000000, 0x0000000085b80000, 0x00000000d5b00000)
  object space 77312K, 20% used [0x0000000081000000,0x0000000081f958d8,0x0000000085b80000)
 Metaspace       used 20535K, capacity 21190K, committed 21296K, reserved 1067008K
  class space    used 2758K, capacity 2919K, committed 2944K, reserved 1048576K
}
Event: 2.101 GC heap before
{Heap before GC invocations=5 (full 1):
 PSYoungGen      total 71680K, used 66560K [0x00000000d5b00000, 0x00000000de700000, 0x0000000100000000)
  eden space 66560K, 100% used [0x00000000d5b00000,0x00000000d9c00000,0x00000000d9c00000)
  from space 5120K, 0% used [0x00000000d9c00000,0x00000000d9c00000,0x00000000da100000)
  to   space 5120K, 0% used [0x00000000de200000,0x00000000de200000,0x00000000de700000)
 ParOldGen       total 77312K, used 15958K [0x0000000081000000, 0x0000000085b80000, 0x00000000d5b00000)
  object space 77312K, 20% used [0x0000000081000000,0x0000000081f958d8,0x0000000085b80000)
 Metaspace       used 23977K, capacity 25046K, committed 25216K, reserved 1071104K
  class space    used 3377K, capacity 3597K, committed 3712K, reserved 1048576K
Event: 2.107 GC heap after
Heap after GC invocations=5 (full 1):
 PSYoungGen      total 99840K, used 4120K [0x00000000d5b00000, 0x00000000de680000, 0x0000000100000000)
  eden space 95232K, 0% used [0x00000000d5b00000,0x00000000d5b00000,0x00000000db800000)
  from space 4608K, 89% used [0x00000000de200000,0x00000000de606258,0x00000000de680000)
  to   space 5120K, 0% used [0x00000000ddc80000,0x00000000ddc80000,0x00000000de180000)
 ParOldGen       total 77312K, used 15958K [0x0000000081000000, 0x0000000085b80000, 0x00000000d5b00000)
  object space 77312K, 20% used [0x0000000081000000,0x0000000081f958d8,0x0000000085b80000)
 Metaspace       used 23977K, capacity 25046K, committed 25216K, reserved 1071104K
  class space    used 3377K, capacity 3597K, committed 3712K, reserved 1048576K
}
Event: 3.217 GC heap before
{Heap before GC invocations=6 (full 1):
 PSYoungGen      total 99840K, used 99352K [0x00000000d5b00000, 0x00000000de680000, 0x0000000100000000)
  eden space 95232K, 100% used [0x00000000d5b00000,0x00000000db800000,0x00000000db800000)
  from space 4608K, 89% used [0x00000000de200000,0x00000000de606258,0x00000000de680000)
  to   space 5120K, 0% used [0x00000000ddc80000,0x00000000ddc80000,0x00000000de180000)
 ParOldGen       total 77312K, used 15958K [0x0000000081000000, 0x0000000085b80000, 0x00000000d5b00000)
  object space 77312K, 20% used [0x0000000081000000,0x0000000081f958d8,0x0000000085b80000)
 Metaspace       used 27875K, capacity 29820K, committed 30080K, reserved 1075200K
  class space    used 4050K, capacity 4380K, committed 4480K, reserved 1048576K
Event: 3.233 GC heap after
Heap after GC invocations=6 (full 1):
 PSYoungGen      total 137728K, used 5112K [0x00000000d5b00000, 0x00000000dfe80000, 0x0000000100000000)
  eden space 132608K, 0% used [0x00000000d5b00000,0x00000000d5b00000,0x00000000ddc80000)
  from space 5120K, 99% used [0x00000000ddc80000,0x00000000de17e280,0x00000000de180000)
  to   space 16384K, 0% used [0x00000000dee80000,0x00000000dee80000,0x00000000dfe80000)
 ParOldGen       total 77312K, used 22185K [0x0000000081000000, 0x0000000085b80000, 0x00000000d5b00000)
  object space 77312K, 28% used [0x0000000081000000,0x00000000825aa680,0x0000000085b80000)
 Metaspace       used 27875K, capacity 29820K, committed 30080K, reserved 1075200K
  class space    used 4050K, capacity 4380K, committed 4480K, reserved 1048576K
}

