# JRE version: Java(TM) SE Runtime Environment (8.0_151-b12) (build 1.8.0_151-b12)
# Java VM: Java HotSpot(TM) 64-Bit Server VM (25.151-b12 mixed mode windows-amd64 compressed oops)
Heap:
 PSYoungGen      total 106496K, used 101598K [0x00000000d5b00000, 0x00000000df000000, 0x0000000100000000)
  eden space 101376K, 95% used [0x00000000d5b00000,0x00000000db982fc0,0x00000000dbe00000)
  from space 5120K, 94% used [0x00000000deb00000,0x00000000defb4868,0x00000000df000000)
  to   space 13824K, 0% used [0x00000000dd500000,0x00000000dd500000,0x00000000de280000)
 ParOldGen       total 73728K, used 16677K [0x0000000081000000, 0x0000000085800000, 0x00000000d5b00000)
  object space 73728K, 22% used [0x0000000081000000,0x0000000082049570,0x0000000085800000)
 Metaspace       used 27069K, capacity 28960K, committed 29184K, reserved 1075200K
  class space    used 3984K, capacity 4317K, committed 4352K, reserved 1048576K
GC Heap History (10 events):
Event: 1.954 GC heap before
{Heap before GC invocations=3 (full 0):
 PSYoungGen      total 38400K, used 38393K [0x00000000d5b00000, 0x00000000da600000, 0x0000000100000000)
  eden space 33280K, 100% used [0x00000000d5b00000,0x00000000d7b80000,0x00000000d7b80000)
  from space 5120K, 99% used [0x00000000d8080000,0x00000000d857e5b0,0x00000000d8580000)
  to   space 5120K, 0% used [0x00000000d7b80000,0x00000000d7b80000,0x00000000d8080000)
 ParOldGen       total 87552K, used 9166K [0x0000000081000000, 0x0000000086580000, 0x00000000d5b00000)
  object space 87552K, 10% used [0x0000000081000000,0x00000000818f3a30,0x0000000086580000)
 Metaspace       used 18195K, capacity 18784K, committed 18944K, reserved 1064960K
  class space    used 2528K, capacity 2707K, committed 2816K, reserved 1048576K
Event: 1.962 GC heap after
Heap after GC invocations=3 (full 0):
 PSYoungGen      total 38400K, used 5113K [0x00000000d5b00000, 0x00000000da600000, 0x0000000100000000)
  eden space 33280K, 0% used [0x00000000d5b00000,0x00000000d5b00000,0x00000000d7b80000)
  from space 5120K, 99% used [0x00000000d7b80000,0x00000000d807e590,0x00000000d8080000)
  to   space 5120K, 0% used [0x00000000da100000,0x00000000da100000,0x00000000da600000)
 ParOldGen       total 87552K, used 12555K [0x0000000081000000, 0x0000000086580000, 0x00000000d5b00000)
  object space 87552K, 14% used [0x0000000081000000,0x0000000081c42d30,0x0000000086580000)
 Metaspace       used 18195K, capacity 18784K, committed 18944K, reserved 1064960K
  class space    used 2528K, capacity 2707K, committed 2816K, reserved 1048576K
}
Event: 2.258 GC heap before
{Heap before GC invocations=4 (full 0):
 PSYoungGen      total 38400K, used 38393K [0x00000000d5b00000, 0x00000000da600000, 0x0000000100000000)
  eden space 33280K, 100% used [0x00000000d5b00000,0x00000000d7b80000,0x00000000d7b80000)
  from space 5120K, 99% used [0x00000000d7b80000,0x00000000d807e590,0x00000000d8080000)
  to   space 5120K, 0% used [0x00000000da100000,0x00000000da100000,0x00000000da600000)
 ParOldGen       total 87552K, used 12555K [0x0000000081000000, 0x0000000086580000, 0x00000000d5b00000)
  object space 87552K, 14% used [0x0000000081000000,0x0000000081c42d30,0x0000000086580000)
 Metaspace       used 19828K, capacity 20636K, committed 20736K, reserved 1067008K
  class space    used 2854K, capacity 3057K, committed 3072K, reserved 1048576K
Event: 2.266 GC heap after
Heap after GC invocations=4 (full 0):
 PSYoungGen      total 71680K, used 5104K [0x00000000d5b00000, 0x00000000da600000, 0x0000000100000000)
  eden space 66560K, 0% used [0x00000000d5b00000,0x00000000d5b00000,0x00000000d9c00000)
  from space 5120K, 99% used [0x00000000da100000,0x00000000da5fc1b0,0x00000000da600000)
  to   space 5120K, 0% used [0x00000000d9c00000,0x00000000d9c00000,0x00000000da100000)
 ParOldGen       total 87552K, used 13558K [0x0000000081000000, 0x0000000086580000, 0x00000000d5b00000)
  object space 87552K, 15% used [0x0000000081000000,0x0000000081d3d840,0x0000000086580000)
 Metaspace       used 19828K, capacity 20636K, committed 20736K, reserved 1067008K
  class space    used 2854K, capacity 3057K, committed 3072K, reserved 1048576K
}
Event: 2.390 GC heap before
{Heap before GC invocations=5 (full 0):
 PSYoungGen      total 71680K, used 29430K [0x00000000d5b00000, 0x00000000da600000, 0x0000000100000000)
  eden space 66560K, 36% used [0x00000000d5b00000,0x00000000d72c1900,0x00000000d9c00000)
  from space 5120K, 99% used [0x00000000da100000,0x00000000da5fc1b0,0x00000000da600000)
  to   space 5120K, 0% used [0x00000000d9c00000,0x00000000d9c00000,0x00000000da100000)
 ParOldGen       total 87552K, used 13558K [0x0000000081000000, 0x0000000086580000, 0x00000000d5b00000)
  object space 87552K, 15% used [0x0000000081000000,0x0000000081d3d840,0x0000000086580000)
 Metaspace       used 20294K, capacity 21262K, committed 21296K, reserved 1067008K
  class space    used 2961K, capacity 3168K, committed 3200K, reserved 1048576K
Event: 2.396 GC heap after
Heap after GC invocations=5 (full 0):
 PSYoungGen      total 71680K, used 3815K [0x00000000d5b00000, 0x00000000df900000, 0x0000000100000000)
  eden space 66560K, 0% used [0x00000000d5b00000,0x00000000d5b00000,0x00000000d9c00000)
  from space 5120K, 74% used [0x00000000d9c00000,0x00000000d9fb9c90,0x00000000da100000)
  to   space 14336K, 0% used [0x00000000deb00000,0x00000000deb00000,0x00000000df900000)
 ParOldGen       total 87552K, used 15287K [0x0000000081000000, 0x0000000086580000, 0x00000000d5b00000)
  object space 87552K, 17% used [0x0000000081000000,0x0000000081eedd50,0x0000000086580000)
 Metaspace       used 20294K, capacity 21262K, committed 21296K, reserved 1067008K
  class space    used 2961K, capacity 3168K, committed 3200K, reserved 1048576K
}
Event: 2.396 GC heap before
{Heap before GC invocations=6 (full 1):
 PSYoungGen      total 71680K, used 3815K [0x00000000d5b00000, 0x00000000df900000, 0x0000000100000000)
  eden space 66560K, 0% used [0x00000000d5b00000,0x00000000d5b00000,0x00000000d9c00000)
  from space 5120K, 74% used [0x00000000d9c00000,0x00000000d9fb9c90,0x00000000da100000)
  to   space 14336K, 0% used [0x00000000deb00000,0x00000000deb00000,0x00000000df900000)
 ParOldGen       total 87552K, used 15287K [0x0000000081000000, 0x0000000086580000, 0x00000000d5b00000)
  object space 87552K, 17% used [0x0000000081000000,0x0000000081eedd50,0x0000000086580000)
 Metaspace       used 20294K, capacity 21262K, committed 21296K, reserved 1067008K
  class space    used 2961K, capacity 3168K, committed 3200K, reserved 1048576K
Event: 2.438 GC heap after
Heap after GC invocations=6 (full 1):
 PSYoungGen      total 71680K, used 0K [0x00000000d5b00000, 0x00000000df900000, 0x0000000100000000)
  eden space 66560K, 0% used [0x00000000d5b00000,0x00000000d5b00000,0x00000000d9c00000)
  from space 5120K, 0% used [0x00000000d9c00000,0x00000000d9c00000,0x00000000da100000)
  to   space 14336K, 0% used [0x00000000deb00000,0x00000000deb00000,0x00000000df900000)
 ParOldGen       total 73728K, used 16669K [0x0000000081000000, 0x0000000085800000, 0x00000000d5b00000)
  object space 73728K, 22% used [0x0000000081000000,0x0000000082047570,0x0000000085800000)
 Metaspace       used 20294K, capacity 21262K, committed 21296K, reserved 1067008K
  class space    used 2961K, capacity 3168K, committed 3200K, reserved 1048576K
}
Event: 2.956 GC heap before
{Heap before GC invocations=7 (full 1):
 PSYoungGen      total 71680K, used 66560K [0x00000000d5b00000, 0x00000000df900000, 0x0000000100000000)
  eden space 66560K, 100% used [0x00000000d5b00000,0x00000000d9c00000,0x00000000d9c00000)
  from space 5120K, 0% used [0x00000000d9c00000,0x00000000d9c00000,0x00000000da100000)
  to   space 14336K, 0% used [0x00000000deb00000,0x00000000deb00000,0x00000000df900000)
 ParOldGen       total 73728K, used 16669K [0x0000000081000000, 0x0000000085800000, 0x00000000d5b00000)
  object space 73728K, 22% used [0x0000000081000000,0x0000000082047570,0x0000000085800000)
 Metaspace       used 21797K, capacity 22856K, committed 22912K, reserved 1069056K
  class space    used 3200K, capacity 3439K, committed 3456K, reserved 1048576K
Event: 2.961 GC heap after
Heap after GC invocations=7 (full 1):
 PSYoungGen      total 106496K, used 4818K [0x00000000d5b00000, 0x00000000df000000, 0x0000000100000000)
  eden space 101376K, 0% used [0x00000000d5b00000,0x00000000d5b00000,0x00000000dbe00000)
  from space 5120K, 94% used [0x00000000deb00000,0x00000000defb4868,0x00000000df000000)
  to   space 13824K, 0% used [0x00000000dd500000,0x00000000dd500000,0x00000000de280000)
 ParOldGen       total 73728K, used 16677K [0x0000000081000000, 0x0000000085800000, 0x00000000d5b00000)
  object space 73728K, 22% used [0x0000000081000000,0x0000000082049570,0x0000000085800000)
 Metaspace       used 21797K, capacity 22856K, committed 22912K, reserved 1069056K
  class space    used 3200K, capacity 3439K, committed 3456K, reserved 1048576K
}

