# JRE version: Java(TM) SE Runtime Environment (8.0_151-b12) (build 1.8.0_151-b12)
# Java VM: Java HotSpot(TM) 64-Bit Server VM (25.151-b12 mixed mode windows-amd64 compressed oops)
Heap:
 PSYoungGen      total 109568K, used 42725K [0x00000000d5b00000, 0x00000000df100000, 0x0000000100000000)
  eden space 102912K, 35% used [0x00000000d5b00000,0x00000000d7eac378,0x00000000dbf80000)
  from space 6656K, 93% used [0x00000000dea80000,0x00000000df08d2a0,0x00000000df100000)
  to   space 12800K, 0% used [0x00000000dd800000,0x00000000dd800000,0x00000000de480000)
 ParOldGen       total 73728K, used 16678K [0x0000000081000000, 0x0000000085800000, 0x00000000d5b00000)
  object space 73728K, 22% used [0x0000000081000000,0x0000000082049980,0x0000000085800000)
 Metaspace       used 26046K, capacity 27842K, committed 28032K, reserved 1073152K
  class space    used 3868K, capacity 4199K, committed 4224K, reserved 1048576K
GC Heap History (10 events):
Event: 2.133 GC heap before
{Heap before GC invocations=3 (full 0):
 PSYoungGen      total 38400K, used 38393K [0x00000000d5b00000, 0x00000000d8580000, 0x0000000100000000)
  eden space 33280K, 100% used [0x00000000d5b00000,0x00000000d7b80000,0x00000000d7b80000)
  from space 5120K, 99% used [0x00000000d8080000,0x00000000d857e5b0,0x00000000d8580000)
  to   space 5120K, 0% used [0x00000000d7b80000,0x00000000d7b80000,0x00000000d8080000)
 ParOldGen       total 87552K, used 9139K [0x0000000081000000, 0x0000000086580000, 0x00000000d5b00000)
  object space 87552K, 10% used [0x0000000081000000,0x00000000818ecee0,0x0000000086580000)
 Metaspace       used 18341K, capacity 18948K, committed 19200K, reserved 1064960K
  class space    used 2567K, capacity 2738K, committed 2816K, reserved 1048576K
Event: 2.141 GC heap after
Heap after GC invocations=3 (full 0):
 PSYoungGen      total 38400K, used 5097K [0x00000000d5b00000, 0x00000000da600000, 0x0000000100000000)
  eden space 33280K, 0% used [0x00000000d5b00000,0x00000000d5b00000,0x00000000d7b80000)
  from space 5120K, 99% used [0x00000000d7b80000,0x00000000d807a5a0,0x00000000d8080000)
  to   space 5120K, 0% used [0x00000000da100000,0x00000000da100000,0x00000000da600000)
 ParOldGen       total 87552K, used 12621K [0x0000000081000000, 0x0000000086580000, 0x00000000d5b00000)
  object space 87552K, 14% used [0x0000000081000000,0x0000000081c53628,0x0000000086580000)
 Metaspace       used 18341K, capacity 18948K, committed 19200K, reserved 1064960K
  class space    used 2567K, capacity 2738K, committed 2816K, reserved 1048576K
}
Event: 2.450 GC heap before
{Heap before GC invocations=4 (full 0):
 PSYoungGen      total 38400K, used 38377K [0x00000000d5b00000, 0x00000000da600000, 0x0000000100000000)
  eden space 33280K, 100% used [0x00000000d5b00000,0x00000000d7b80000,0x00000000d7b80000)
  from space 5120K, 99% used [0x00000000d7b80000,0x00000000d807a5a0,0x00000000d8080000)
  to   space 5120K, 0% used [0x00000000da100000,0x00000000da100000,0x00000000da600000)
 ParOldGen       total 87552K, used 12621K [0x0000000081000000, 0x0000000086580000, 0x00000000d5b00000)
  object space 87552K, 14% used [0x0000000081000000,0x0000000081c53628,0x0000000086580000)
 Metaspace       used 19914K, capacity 20862K, committed 20992K, reserved 1067008K
  class space    used 2867K, capacity 3061K, committed 3072K, reserved 1048576K
Event: 2.458 GC heap after
Heap after GC invocations=4 (full 0):
 PSYoungGen      total 71680K, used 5113K [0x00000000d5b00000, 0x00000000da600000, 0x0000000100000000)
  eden space 66560K, 0% used [0x00000000d5b00000,0x00000000d5b00000,0x00000000d9c00000)
  from space 5120K, 99% used [0x00000000da100000,0x00000000da5fe590,0x00000000da600000)
  to   space 5120K, 0% used [0x00000000d9c00000,0x00000000d9c00000,0x00000000da100000)
 ParOldGen       total 87552K, used 13615K [0x0000000081000000, 0x0000000086580000, 0x00000000d5b00000)
  object space 87552K, 15% used [0x0000000081000000,0x0000000081d4bd28,0x0000000086580000)
 Metaspace       used 19914K, capacity 20862K, committed 20992K, reserved 1067008K
  class space    used 2867K, capacity 3061K, committed 3072K, reserved 1048576K
}
Event: 2.581 GC heap before
{Heap before GC invocations=5 (full 0):
 PSYoungGen      total 71680K, used 26884K [0x00000000d5b00000, 0x00000000da600000, 0x0000000100000000)
  eden space 66560K, 32% used [0x00000000d5b00000,0x00000000d7042ba0,0x00000000d9c00000)
  from space 5120K, 99% used [0x00000000da100000,0x00000000da5fe590,0x00000000da600000)
  to   space 5120K, 0% used [0x00000000d9c00000,0x00000000d9c00000,0x00000000da100000)
 ParOldGen       total 87552K, used 13615K [0x0000000081000000, 0x0000000086580000, 0x00000000d5b00000)
  object space 87552K, 15% used [0x0000000081000000,0x0000000081d4bd28,0x0000000086580000)
 Metaspace       used 20306K, capacity 21260K, committed 21296K, reserved 1067008K
  class space    used 2957K, capacity 3166K, committed 3200K, reserved 1048576K
Event: 2.587 GC heap after
Heap after GC invocations=5 (full 0):
 PSYoungGen      total 71680K, used 5097K [0x00000000d5b00000, 0x00000000df800000, 0x0000000100000000)
  eden space 66560K, 0% used [0x00000000d5b00000,0x00000000d5b00000,0x00000000d9c00000)
  from space 5120K, 99% used [0x00000000d9c00000,0x00000000da0fa5a0,0x00000000da100000)
  to   space 13824K, 0% used [0x00000000dea80000,0x00000000dea80000,0x00000000df800000)
 ParOldGen       total 87552K, used 13959K [0x0000000081000000, 0x0000000086580000, 0x00000000d5b00000)
  object space 87552K, 15% used [0x0000000081000000,0x0000000081da1d28,0x0000000086580000)
 Metaspace       used 20306K, capacity 21260K, committed 21296K, reserved 1067008K
  class space    used 2957K, capacity 3166K, committed 3200K, reserved 1048576K
}
Event: 2.587 GC heap before
{Heap before GC invocations=6 (full 1):
 PSYoungGen      total 71680K, used 5097K [0x00000000d5b00000, 0x00000000df800000, 0x0000000100000000)
  eden space 66560K, 0% used [0x00000000d5b00000,0x00000000d5b00000,0x00000000d9c00000)
  from space 5120K, 99% used [0x00000000d9c00000,0x00000000da0fa5a0,0x00000000da100000)
  to   space 13824K, 0% used [0x00000000dea80000,0x00000000dea80000,0x00000000df800000)
 ParOldGen       total 87552K, used 13959K [0x0000000081000000, 0x0000000086580000, 0x00000000d5b00000)
  object space 87552K, 15% used [0x0000000081000000,0x0000000081da1d28,0x0000000086580000)
 Metaspace       used 20306K, capacity 21260K, committed 21296K, reserved 1067008K
  class space    used 2957K, capacity 3166K, committed 3200K, reserved 1048576K
Event: 2.631 GC heap after
Heap after GC invocations=6 (full 1):
 PSYoungGen      total 71680K, used 0K [0x00000000d5b00000, 0x00000000df800000, 0x0000000100000000)
  eden space 66560K, 0% used [0x00000000d5b00000,0x00000000d5b00000,0x00000000d9c00000)
  from space 5120K, 0% used [0x00000000d9c00000,0x00000000d9c00000,0x00000000da100000)
  to   space 13824K, 0% used [0x00000000dea80000,0x00000000dea80000,0x00000000df800000)
 ParOldGen       total 73728K, used 16670K [0x0000000081000000, 0x0000000085800000, 0x00000000d5b00000)
  object space 73728K, 22% used [0x0000000081000000,0x0000000082047980,0x0000000085800000)
 Metaspace       used 20306K, capacity 21260K, committed 21296K, reserved 1067008K
  class space    used 2957K, capacity 3166K, committed 3200K, reserved 1048576K
}
Event: 3.662 GC heap before
{Heap before GC invocations=7 (full 1):
 PSYoungGen      total 71680K, used 66560K [0x00000000d5b00000, 0x00000000df800000, 0x0000000100000000)
  eden space 66560K, 100% used [0x00000000d5b00000,0x00000000d9c00000,0x00000000d9c00000)
  from space 5120K, 0% used [0x00000000d9c00000,0x00000000d9c00000,0x00000000da100000)
  to   space 13824K, 0% used [0x00000000dea80000,0x00000000dea80000,0x00000000df800000)
 ParOldGen       total 73728K, used 16670K [0x0000000081000000, 0x0000000085800000, 0x00000000d5b00000)
  object space 73728K, 22% used [0x0000000081000000,0x0000000082047980,0x0000000085800000)
 Metaspace       used 24068K, capacity 25762K, committed 25984K, reserved 1071104K
  class space    used 3661K, capacity 3961K, committed 3968K, reserved 1048576K
Event: 3.680 GC heap after
Heap after GC invocations=7 (full 1):
 PSYoungGen      total 109568K, used 6196K [0x00000000d5b00000, 0x00000000df100000, 0x0000000100000000)
  eden space 102912K, 0% used [0x00000000d5b00000,0x00000000d5b00000,0x00000000dbf80000)
  from space 6656K, 93% used [0x00000000dea80000,0x00000000df08d2a0,0x00000000df100000)
  to   space 12800K, 0% used [0x00000000dd800000,0x00000000dd800000,0x00000000de480000)
 ParOldGen       total 73728K, used 16678K [0x0000000081000000, 0x0000000085800000, 0x00000000d5b00000)
  object space 73728K, 22% used [0x0000000081000000,0x0000000082049980,0x0000000085800000)
 Metaspace       used 24068K, capacity 25762K, committed 25984K, reserved 1071104K
  class space    used 3661K, capacity 3961K, committed 3968K, reserved 1048576K
}

