# JRE version: Java(TM) SE Runtime Environment (18.0+36) (build 18+36-2087)
# Java VM: Java HotSpot(TM) 64-Bit Server VM (18+36-2087, mixed mode, sharing, tiered, compressed oops, compressed class ptrs, g1 gc, windows-amd64)
GC Precious Log:
 CardTable entry size: 512
 Card Set container configuration: InlinePtr #cards 5 size 8 Array Of Cards #cards 12 size 40 Howl #buckets 4 coarsen threshold 1843 Howl Bitmap #cards 512 size 80 coarsen threshold 460 Card regions per heap region 1 cards per card region 2048
 CPUs: 4 total, 4 available
 Memory: 8057M
 Large Page Support: Disabled
 NUMA Support: Disabled
 Compressed Oops: Enabled (32-bit)
 Heap Region Size: 1M
 Heap Min Capacity: 8M
 Heap Initial Capacity: 126M
 Heap Max Capacity: 2016M
 Pre-touch: Disabled
 Parallel Workers: 4
 Concurrent Workers: 1
 Concurrent Refinement Workers: 4
 Periodic GC: Disabled
Heap:
 garbage-first heap   total 135168K, used 82529K [0x0000000082000000, 0x0000000100000000)
  region size 1024K, 7 young (7168K), 3 survivors (3072K)
 Metaspace       used 22839K, committed 23232K, reserved 1114112K
  class space    used 3338K, committed 3520K, reserved 1048576K
GC Heap History (14 events):
Event: 1.007 GC heap before
{Heap before GC invocations=0 (full 0):
 garbage-first heap   total 129024K, used 12288K [0x0000000082000000, 0x0000000100000000)
  region size 1024K, 13 young (13312K), 0 survivors (0K)
 Metaspace       used 3617K, committed 3776K, reserved 1114112K
  class space    used 346K, committed 384K, reserved 1048576K
}
Event: 1.010 GC heap after
{Heap after GC invocations=1 (full 0):
 garbage-first heap   total 129024K, used 2703K [0x0000000082000000, 0x0000000100000000)
  region size 1024K, 2 young (2048K), 2 survivors (2048K)
 Metaspace       used 3617K, committed 3776K, reserved 1114112K
  class space    used 346K, committed 384K, reserved 1048576K
}
Event: 1.780 GC heap before
{Heap before GC invocations=1 (full 0):
 garbage-first heap   total 129024K, used 18063K [0x0000000082000000, 0x0000000100000000)
  region size 1024K, 17 young (17408K), 2 survivors (2048K)
 Metaspace       used 7822K, committed 8000K, reserved 1114112K
  class space    used 932K, committed 1024K, reserved 1048576K
}
Event: 1.786 GC heap after
{Heap after GC invocations=2 (full 0):
 garbage-first heap   total 129024K, used 8651K [0x0000000082000000, 0x0000000100000000)
  region size 1024K, 3 young (3072K), 3 survivors (3072K)
 Metaspace       used 7822K, committed 8000K, reserved 1114112K
  class space    used 932K, committed 1024K, reserved 1048576K
}
Event: 2.782 GC heap before
{Heap before GC invocations=2 (full 0):
 garbage-first heap   total 129024K, used 68043K [0x0000000082000000, 0x0000000100000000)
  region size 1024K, 21 young (21504K), 3 survivors (3072K)
 Metaspace       used 13215K, committed 13504K, reserved 1114112K
  class space    used 1849K, committed 1984K, reserved 1048576K
}
Event: 2.787 GC heap after
{Heap after GC invocations=3 (full 0):
 garbage-first heap   total 129024K, used 43661K [0x0000000082000000, 0x0000000100000000)
  region size 1024K, 3 young (3072K), 3 survivors (3072K)
 Metaspace       used 13215K, committed 13504K, reserved 1114112K
  class space    used 1849K, committed 1984K, reserved 1048576K
}
Event: 3.819 GC heap before
{Heap before GC invocations=3 (full 0):
 garbage-first heap   total 129024K, used 97933K [0x0000000082000000, 0x0000000100000000)
  region size 1024K, 44 young (45056K), 3 survivors (3072K)
 Metaspace       used 16213K, committed 16512K, reserved 1114112K
  class space    used 2313K, committed 2496K, reserved 1048576K
}
Event: 3.829 GC heap after
{Heap after GC invocations=4 (full 0):
 garbage-first heap   total 129024K, used 57982K [0x0000000082000000, 0x0000000100000000)
  region size 1024K, 6 young (6144K), 6 survivors (6144K)
 Metaspace       used 16213K, committed 16512K, reserved 1114112K
  class space    used 2313K, committed 2496K, reserved 1048576K
}
Event: 4.299 GC heap before
{Heap before GC invocations=4 (full 0):
 garbage-first heap   total 129024K, used 93822K [0x0000000082000000, 0x0000000100000000)
  region size 1024K, 41 young (41984K), 6 survivors (6144K)
 Metaspace       used 18965K, committed 19328K, reserved 1114112K
  class space    used 2851K, committed 3008K, reserved 1048576K
}
Event: 4.309 GC heap after
{Heap after GC invocations=5 (full 0):
 garbage-first heap   total 129024K, used 61329K [0x0000000082000000, 0x0000000100000000)
  region size 1024K, 3 young (3072K), 3 survivors (3072K)
 Metaspace       used 18965K, committed 19328K, reserved 1114112K
  class space    used 2851K, committed 3008K, reserved 1048576K
}
Event: 4.917 GC heap before
{Heap before GC invocations=5 (full 0):
 garbage-first heap   total 129024K, used 96145K [0x0000000082000000, 0x0000000100000000)
  region size 1024K, 38 young (38912K), 3 survivors (3072K)
 Metaspace       used 20617K, committed 20928K, reserved 1114112K
  class space    used 3139K, committed 3264K, reserved 1048576K
}
Event: 4.937 GC heap after
{Heap after GC invocations=6 (full 0):
 garbage-first heap   total 129024K, used 74202K [0x0000000082000000, 0x0000000100000000)
  region size 1024K, 5 young (5120K), 5 survivors (5120K)
 Metaspace       used 20617K, committed 20928K, reserved 1114112K
  class space    used 3139K, committed 3264K, reserved 1048576K
}
Event: 5.408 GC heap before
{Heap before GC invocations=7 (full 0):
 garbage-first heap   total 129024K, used 81370K [0x0000000082000000, 0x0000000100000000)
  region size 1024K, 13 young (13312K), 5 survivors (5120K)
 Metaspace       used 21858K, committed 22208K, reserved 1114112K
  class space    used 3277K, committed 3456K, reserved 1048576K
}
Event: 5.415 GC heap after
{Heap after GC invocations=8 (full 0):
 garbage-first heap   total 129024K, used 77409K [0x0000000082000000, 0x0000000100000000)
  region size 1024K, 3 young (3072K), 3 survivors (3072K)
 Metaspace       used 21858K, committed 22208K, reserved 1114112K
  class space    used 3277K, committed 3456K, reserved 1048576K
}

