# JRE version: Java(TM) SE Runtime Environment (8.0_161-b12) (build 1.8.0_161-b12)
# Java VM: Java HotSpot(TM) 64-Bit Server VM (25.161-b12 mixed mode windows-amd64 compressed oops)
Heap:
 PSYoungGen      total 115200K, used 25200K [0x00000000d6000000, 0x00000000dfa00000, 0x0000000100000000)
  eden space 101888K, 11% used [0x00000000d6000000,0x00000000d6ba0988,0x00000000dc380000)
  from space 13312K, 99% used [0x00000000ded00000,0x00000000df9fb8f0,0x00000000dfa00000)
  to   space 16896K, 0% used [0x00000000dd900000,0x00000000dd900000,0x00000000de980000)
 ParOldGen       total 73216K, used 18574K [0x0000000082000000, 0x0000000086780000, 0x00000000d6000000)
  object space 73216K, 25% used [0x0000000082000000,0x00000000832239b8,0x0000000086780000)
 Metaspace       used 26191K, capacity 27988K, committed 28336K, reserved 1073152K
  class space    used 3839K, capacity 4166K, committed 4272K, reserved 1048576K
GC Heap History (10 events):
Event: 1.531 GC heap before
{Heap before GC invocations=3 (full 0):
 PSYoungGen      total 37888K, used 37881K [0x00000000d6000000, 0x00000000daa00000, 0x0000000100000000)
  eden space 32768K, 100% used [0x00000000d6000000,0x00000000d8000000,0x00000000d8000000)
  from space 5120K, 99% used [0x00000000d8500000,0x00000000d89fe5b0,0x00000000d8a00000)
  to   space 5120K, 0% used [0x00000000d8000000,0x00000000d8000000,0x00000000d8500000)
 ParOldGen       total 86016K, used 8931K [0x0000000082000000, 0x0000000087400000, 0x00000000d6000000)
  object space 86016K, 10% used [0x0000000082000000,0x00000000828b8fe8,0x0000000087400000)
 Metaspace       used 18263K, capacity 18862K, committed 19072K, reserved 1064960K
  class space    used 2488K, capacity 2673K, committed 2688K, reserved 1048576K
Event: 1.538 GC heap after
Heap after GC invocations=3 (full 0):
 PSYoungGen      total 37888K, used 5113K [0x00000000d6000000, 0x00000000daa00000, 0x0000000100000000)
  eden space 32768K, 0% used [0x00000000d6000000,0x00000000d6000000,0x00000000d8000000)
  from space 5120K, 99% used [0x00000000d8000000,0x00000000d84fe590,0x00000000d8500000)
  to   space 5120K, 0% used [0x00000000da500000,0x00000000da500000,0x00000000daa00000)
 ParOldGen       total 86016K, used 12640K [0x0000000082000000, 0x0000000087400000, 0x00000000d6000000)
  object space 86016K, 14% used [0x0000000082000000,0x0000000082c58048,0x0000000087400000)
 Metaspace       used 18263K, capacity 18862K, committed 19072K, reserved 1064960K
  class space    used 2488K, capacity 2673K, committed 2688K, reserved 1048576K
}
Event: 1.757 GC heap before
{Heap before GC invocations=4 (full 0):
 PSYoungGen      total 37888K, used 37881K [0x00000000d6000000, 0x00000000daa00000, 0x0000000100000000)
  eden space 32768K, 100% used [0x00000000d6000000,0x00000000d8000000,0x00000000d8000000)
  from space 5120K, 99% used [0x00000000d8000000,0x00000000d84fe590,0x00000000d8500000)
  to   space 5120K, 0% used [0x00000000da500000,0x00000000da500000,0x00000000daa00000)
 ParOldGen       total 86016K, used 12640K [0x0000000082000000, 0x0000000087400000, 0x00000000d6000000)
  object space 86016K, 14% used [0x0000000082000000,0x0000000082c58048,0x0000000087400000)
 Metaspace       used 20119K, capacity 21014K, committed 21248K, reserved 1067008K
  class space    used 2853K, capacity 3057K, committed 3072K, reserved 1048576K
Event: 1.761 GC heap after
Heap after GC invocations=4 (full 0):
 PSYoungGen      total 70656K, used 5104K [0x00000000d6000000, 0x00000000daa00000, 0x0000000100000000)
  eden space 65536K, 0% used [0x00000000d6000000,0x00000000d6000000,0x00000000da000000)
  from space 5120K, 99% used [0x00000000da500000,0x00000000da9fc1f0,0x00000000daa00000)
  to   space 5120K, 0% used [0x00000000da000000,0x00000000da000000,0x00000000da500000)
 ParOldGen       total 86016K, used 13694K [0x0000000082000000, 0x0000000087400000, 0x00000000d6000000)
  object space 86016K, 15% used [0x0000000082000000,0x0000000082d5faf8,0x0000000087400000)
 Metaspace       used 20119K, capacity 21014K, committed 21248K, reserved 1067008K
  class space    used 2853K, capacity 3057K, committed 3072K, reserved 1048576K
}
Event: 1.849 GC heap before
{Heap before GC invocations=5 (full 0):
 PSYoungGen      total 70656K, used 25246K [0x00000000d6000000, 0x00000000daa00000, 0x0000000100000000)
  eden space 65536K, 30% used [0x00000000d6000000,0x00000000d73ab610,0x00000000da000000)
  from space 5120K, 99% used [0x00000000da500000,0x00000000da9fc1f0,0x00000000daa00000)
  to   space 5120K, 0% used [0x00000000da000000,0x00000000da000000,0x00000000da500000)
 ParOldGen       total 86016K, used 13694K [0x0000000082000000, 0x0000000087400000, 0x00000000d6000000)
  object space 86016K, 15% used [0x0000000082000000,0x0000000082d5faf8,0x0000000087400000)
 Metaspace       used 20383K, capacity 21276K, committed 21296K, reserved 1067008K
  class space    used 2909K, capacity 3106K, committed 3120K, reserved 1048576K
Event: 1.854 GC heap after
Heap after GC invocations=5 (full 0):
 PSYoungGen      total 70656K, used 5113K [0x00000000d6000000, 0x00000000dfa00000, 0x0000000100000000)
  eden space 65536K, 0% used [0x00000000d6000000,0x00000000d6000000,0x00000000da000000)
  from space 5120K, 99% used [0x00000000da000000,0x00000000da4fe590,0x00000000da500000)
  to   space 13312K, 0% used [0x00000000ded00000,0x00000000ded00000,0x00000000dfa00000)
 ParOldGen       total 86016K, used 14157K [0x0000000082000000, 0x0000000087400000, 0x00000000d6000000)
  object space 86016K, 16% used [0x0000000082000000,0x0000000082dd3768,0x0000000087400000)
 Metaspace       used 20383K, capacity 21276K, committed 21296K, reserved 1067008K
  class space    used 2909K, capacity 3106K, committed 3120K, reserved 1048576K
}
Event: 1.854 GC heap before
{Heap before GC invocations=6 (full 1):
 PSYoungGen      total 70656K, used 5113K [0x00000000d6000000, 0x00000000dfa00000, 0x0000000100000000)
  eden space 65536K, 0% used [0x00000000d6000000,0x00000000d6000000,0x00000000da000000)
  from space 5120K, 99% used [0x00000000da000000,0x00000000da4fe590,0x00000000da500000)
  to   space 13312K, 0% used [0x00000000ded00000,0x00000000ded00000,0x00000000dfa00000)
 ParOldGen       total 86016K, used 14157K [0x0000000082000000, 0x0000000087400000, 0x00000000d6000000)
  object space 86016K, 16% used [0x0000000082000000,0x0000000082dd3768,0x0000000087400000)
 Metaspace       used 20383K, capacity 21276K, committed 21296K, reserved 1067008K
  class space    used 2909K, capacity 3106K, committed 3120K, reserved 1048576K
Event: 1.887 GC heap after
Heap after GC invocations=6 (full 1):
 PSYoungGen      total 70656K, used 0K [0x00000000d6000000, 0x00000000dfa00000, 0x0000000100000000)
  eden space 65536K, 0% used [0x00000000d6000000,0x00000000d6000000,0x00000000da000000)
  from space 5120K, 0% used [0x00000000da000000,0x00000000da000000,0x00000000da500000)
  to   space 13312K, 0% used [0x00000000ded00000,0x00000000ded00000,0x00000000dfa00000)
 ParOldGen       total 73216K, used 16901K [0x0000000082000000, 0x0000000086780000, 0x00000000d6000000)
  object space 73216K, 23% used [0x0000000082000000,0x00000000830817d8,0x0000000086780000)
 Metaspace       used 20383K, capacity 21276K, committed 21296K, reserved 1067008K
  class space    used 2909K, capacity 3106K, committed 3120K, reserved 1048576K
}
Event: 3.115 GC heap before
{Heap before GC invocations=7 (full 1):
 PSYoungGen      total 70656K, used 65536K [0x00000000d6000000, 0x00000000dfa00000, 0x0000000100000000)
  eden space 65536K, 100% used [0x00000000d6000000,0x00000000da000000,0x00000000da000000)
  from space 5120K, 0% used [0x00000000da000000,0x00000000da000000,0x00000000da500000)
  to   space 13312K, 0% used [0x00000000ded00000,0x00000000ded00000,0x00000000dfa00000)
 ParOldGen       total 73216K, used 16901K [0x0000000082000000, 0x0000000086780000, 0x00000000d6000000)
  object space 73216K, 23% used [0x0000000082000000,0x00000000830817d8,0x0000000086780000)
 Metaspace       used 25788K, capacity 27508K, committed 27696K, reserved 1073152K
  class space    used 3796K, capacity 4104K, committed 4144K, reserved 1048576K
Event: 3.140 GC heap after
Heap after GC invocations=7 (full 1):
 PSYoungGen      total 115200K, used 13294K [0x00000000d6000000, 0x00000000dfa00000, 0x0000000100000000)
  eden space 101888K, 0% used [0x00000000d6000000,0x00000000d6000000,0x00000000dc380000)
  from space 13312K, 99% used [0x00000000ded00000,0x00000000df9fb8f0,0x00000000dfa00000)
  to   space 16896K, 0% used [0x00000000dd900000,0x00000000dd900000,0x00000000de980000)
 ParOldGen       total 73216K, used 18574K [0x0000000082000000, 0x0000000086780000, 0x00000000d6000000)
  object space 73216K, 25% used [0x0000000082000000,0x00000000832239b8,0x0000000086780000)
 Metaspace       used 25788K, capacity 27508K, committed 27696K, reserved 1073152K
  class space    used 3796K, capacity 4104K, committed 4144K, reserved 1048576K
}

