# JRE version: Java(TM) SE Runtime Environment (8.0_151-b12) (build 1.8.0_151-b12)
# Java VM: Java HotSpot(TM) 64-Bit Server VM (25.151-b12 mixed mode windows-amd64 compressed oops)
Heap:
 PSYoungGen      total 134656K, used 43058K [0x00000000d5b00000, 0x00000000e0380000, 0x0000000100000000)
  eden space 120320K, 28% used [0x00000000d5b00000,0x00000000d7c986f0,0x00000000dd080000)
  from space 14336K, 60% used [0x00000000dd080000,0x00000000dd8f41b0,0x00000000dde80000)
  to   space 14336K, 0% used [0x00000000df580000,0x00000000df580000,0x00000000e0380000)
 ParOldGen       total 74240K, used 16696K [0x0000000081000000, 0x0000000085880000, 0x00000000d5b00000)
  object space 74240K, 22% used [0x0000000081000000,0x000000008204e380,0x0000000085880000)
 Metaspace       used 26185K, capacity 28110K, committed 28416K, reserved 1073152K
  class space    used 3884K, capacity 4226K, committed 4352K, reserved 1048576K
GC Heap History (10 events):
Event: 2.153 GC heap before
{Heap before GC invocations=4 (full 0):
 PSYoungGen      total 38400K, used 38393K [0x00000000d5b00000, 0x00000000da600000, 0x0000000100000000)
  eden space 33280K, 100% used [0x00000000d5b00000,0x00000000d7b80000,0x00000000d7b80000)
  from space 5120K, 99% used [0x00000000d7b80000,0x00000000d807e590,0x00000000d8080000)
  to   space 5120K, 0% used [0x00000000da100000,0x00000000da100000,0x00000000da600000)
 ParOldGen       total 87552K, used 12504K [0x0000000081000000, 0x0000000086580000, 0x00000000d5b00000)
  object space 87552K, 14% used [0x0000000081000000,0x0000000081c36180,0x0000000086580000)
 Metaspace       used 19910K, capacity 20800K, committed 20992K, reserved 1067008K
  class space    used 2868K, capacity 3063K, committed 3072K, reserved 1048576K
Event: 2.162 GC heap after
Heap after GC invocations=4 (full 0):
 PSYoungGen      total 71680K, used 5113K [0x00000000d5b00000, 0x00000000da600000, 0x0000000100000000)
  eden space 66560K, 0% used [0x00000000d5b00000,0x00000000d5b00000,0x00000000d9c00000)
  from space 5120K, 99% used [0x00000000da100000,0x00000000da5fe590,0x00000000da600000)
  to   space 5120K, 0% used [0x00000000d9c00000,0x00000000d9c00000,0x00000000da100000)
 ParOldGen       total 87552K, used 13610K [0x0000000081000000, 0x0000000086580000, 0x00000000d5b00000)
  object space 87552K, 15% used [0x0000000081000000,0x0000000081d4a870,0x0000000086580000)
 Metaspace       used 19910K, capacity 20800K, committed 20992K, reserved 1067008K
  class space    used 2868K, capacity 3063K, committed 3072K, reserved 1048576K
}
Event: 2.285 GC heap before
{Heap before GC invocations=5 (full 0):
 PSYoungGen      total 71680K, used 26840K [0x00000000d5b00000, 0x00000000da600000, 0x0000000100000000)
  eden space 66560K, 32% used [0x00000000d5b00000,0x00000000d7037e20,0x00000000d9c00000)
  from space 5120K, 99% used [0x00000000da100000,0x00000000da5fe590,0x00000000da600000)
  to   space 5120K, 0% used [0x00000000d9c00000,0x00000000d9c00000,0x00000000da100000)
 ParOldGen       total 87552K, used 13610K [0x0000000081000000, 0x0000000086580000, 0x00000000d5b00000)
  object space 87552K, 15% used [0x0000000081000000,0x0000000081d4a870,0x0000000086580000)
 Metaspace       used 20297K, capacity 21262K, committed 21296K, reserved 1067008K
  class space    used 2957K, capacity 3168K, committed 3200K, reserved 1048576K
Event: 2.291 GC heap after
Heap after GC invocations=5 (full 0):
 PSYoungGen      total 71680K, used 3776K [0x00000000d5b00000, 0x00000000df800000, 0x0000000100000000)
  eden space 66560K, 0% used [0x00000000d5b00000,0x00000000d5b00000,0x00000000d9c00000)
  from space 5120K, 73% used [0x00000000d9c00000,0x00000000d9fb0080,0x00000000da100000)
  to   space 13824K, 0% used [0x00000000dea80000,0x00000000dea80000,0x00000000df800000)
 ParOldGen       total 87552K, used 15331K [0x0000000081000000, 0x0000000086580000, 0x00000000d5b00000)
  object space 87552K, 17% used [0x0000000081000000,0x0000000081ef8d80,0x0000000086580000)
 Metaspace       used 20297K, capacity 21262K, committed 21296K, reserved 1067008K
  class space    used 2957K, capacity 3168K, committed 3200K, reserved 1048576K
}
Event: 2.291 GC heap before
{Heap before GC invocations=6 (full 1):
 PSYoungGen      total 71680K, used 3776K [0x00000000d5b00000, 0x00000000df800000, 0x0000000100000000)
  eden space 66560K, 0% used [0x00000000d5b00000,0x00000000d5b00000,0x00000000d9c00000)
  from space 5120K, 73% used [0x00000000d9c00000,0x00000000d9fb0080,0x00000000da100000)
  to   space 13824K, 0% used [0x00000000dea80000,0x00000000dea80000,0x00000000df800000)
 ParOldGen       total 87552K, used 15331K [0x0000000081000000, 0x0000000086580000, 0x00000000d5b00000)
  object space 87552K, 17% used [0x0000000081000000,0x0000000081ef8d80,0x0000000086580000)
 Metaspace       used 20297K, capacity 21262K, committed 21296K, reserved 1067008K
  class space    used 2957K, capacity 3168K, committed 3200K, reserved 1048576K
Event: 2.336 GC heap after
Heap after GC invocations=6 (full 1):
 PSYoungGen      total 71680K, used 0K [0x00000000d5b00000, 0x00000000df800000, 0x0000000100000000)
  eden space 66560K, 0% used [0x00000000d5b00000,0x00000000d5b00000,0x00000000d9c00000)
  from space 5120K, 0% used [0x00000000d9c00000,0x00000000d9c00000,0x00000000da100000)
  to   space 13824K, 0% used [0x00000000dea80000,0x00000000dea80000,0x00000000df800000)
 ParOldGen       total 74240K, used 16680K [0x0000000081000000, 0x0000000085880000, 0x00000000d5b00000)
  object space 74240K, 22% used [0x0000000081000000,0x000000008204a380,0x0000000085880000)
 Metaspace       used 20297K, capacity 21262K, committed 21296K, reserved 1067008K
  class space    used 2957K, capacity 3168K, committed 3200K, reserved 1048576K
}
Event: 2.800 GC heap before
{Heap before GC invocations=7 (full 1):
 PSYoungGen      total 71680K, used 66560K [0x00000000d5b00000, 0x00000000df800000, 0x0000000100000000)
  eden space 66560K, 100% used [0x00000000d5b00000,0x00000000d9c00000,0x00000000d9c00000)
  from space 5120K, 0% used [0x00000000d9c00000,0x00000000d9c00000,0x00000000da100000)
  to   space 13824K, 0% used [0x00000000dea80000,0x00000000dea80000,0x00000000df800000)
 ParOldGen       total 74240K, used 16680K [0x0000000081000000, 0x0000000085880000, 0x00000000d5b00000)
  object space 74240K, 22% used [0x0000000081000000,0x000000008204a380,0x0000000085880000)
 Metaspace       used 20975K, capacity 22108K, committed 22400K, reserved 1069056K
  class space    used 3099K, capacity 3341K, committed 3456K, reserved 1048576K
Event: 2.804 GC heap after
Heap after GC invocations=7 (full 1):
 PSYoungGen      total 100864K, used 1851K [0x00000000d5b00000, 0x00000000dec80000, 0x0000000100000000)
  eden space 98816K, 0% used [0x00000000d5b00000,0x00000000d5b00000,0x00000000dbb80000)
  from space 2048K, 90% used [0x00000000dea80000,0x00000000dec4ef00,0x00000000dec80000)
  to   space 14336K, 0% used [0x00000000dd080000,0x00000000dd080000,0x00000000dde80000)
 ParOldGen       total 74240K, used 16688K [0x0000000081000000, 0x0000000085880000, 0x00000000d5b00000)
  object space 74240K, 22% used [0x0000000081000000,0x000000008204c380,0x0000000085880000)
 Metaspace       used 20975K, capacity 22108K, committed 22400K, reserved 1069056K
  class space    used 3099K, capacity 3341K, committed 3456K, reserved 1048576K
}
Event: 3.935 GC heap before
{Heap before GC invocations=8 (full 1):
 PSYoungGen      total 100864K, used 100667K [0x00000000d5b00000, 0x00000000dec80000, 0x0000000100000000)
  eden space 98816K, 100% used [0x00000000d5b00000,0x00000000dbb80000,0x00000000dbb80000)
  from space 2048K, 90% used [0x00000000dea80000,0x00000000dec4ef00,0x00000000dec80000)
  to   space 14336K, 0% used [0x00000000dd080000,0x00000000dd080000,0x00000000dde80000)
 ParOldGen       total 74240K, used 16688K [0x0000000081000000, 0x0000000085880000, 0x00000000d5b00000)
  object space 74240K, 22% used [0x0000000081000000,0x000000008204c380,0x0000000085880000)
 Metaspace       used 24270K, capacity 26020K, committed 26368K, reserved 1071104K
  class space    used 3672K, capacity 3983K, committed 4096K, reserved 1048576K
Event: 3.947 GC heap after
Heap after GC invocations=8 (full 1):
 PSYoungGen      total 134656K, used 8656K [0x00000000d5b00000, 0x00000000e0380000, 0x0000000100000000)
  eden space 120320K, 0% used [0x00000000d5b00000,0x00000000d5b00000,0x00000000dd080000)
  from space 14336K, 60% used [0x00000000dd080000,0x00000000dd8f41b0,0x00000000dde80000)
  to   space 14336K, 0% used [0x00000000df580000,0x00000000df580000,0x00000000e0380000)
 ParOldGen       total 74240K, used 16696K [0x0000000081000000, 0x0000000085880000, 0x00000000d5b00000)
  object space 74240K, 22% used [0x0000000081000000,0x000000008204e380,0x0000000085880000)
 Metaspace       used 24270K, capacity 26020K, committed 26368K, reserved 1071104K
  class space    used 3672K, capacity 3983K, committed 4096K, reserved 1048576K
}

