# JRE version: Java(TM) SE Runtime Environment (8.0_161-b12) (build 1.8.0_161-b12)
# Java VM: Java HotSpot(TM) 64-Bit Server VM (25.161-b12 mixed mode windows-amd64 compressed oops)
Heap:
 PSYoungGen      total 112128K, used 94600K [0x00000000d6000000, 0x00000000deb00000, 0x0000000100000000)
  eden space 97280K, 81% used [0x00000000d6000000,0x00000000dade2bf8,0x00000000dbf00000)
  from space 14848K, 99% used [0x00000000dd200000,0x00000000de07f780,0x00000000de080000)
  to   space 19456K, 0% used [0x00000000dbf00000,0x00000000dbf00000,0x00000000dd200000)
 ParOldGen       total 74752K, used 21853K [0x0000000082000000, 0x0000000086900000, 0x00000000d6000000)
  object space 74752K, 29% used [0x0000000082000000,0x0000000083557590,0x0000000086900000)
 Metaspace       used 27635K, capacity 29562K, committed 29744K, reserved 1075200K
  class space    used 3978K, capacity 4319K, committed 4400K, reserved 1048576K
GC Heap History (10 events):
Event: 1.986 GC heap before
{Heap before GC invocations=3 (full 0):
 PSYoungGen      total 37888K, used 37865K [0x00000000d6000000, 0x00000000d8a00000, 0x0000000100000000)
  eden space 32768K, 100% used [0x00000000d6000000,0x00000000d8000000,0x00000000d8000000)
  from space 5120K, 99% used [0x00000000d8500000,0x00000000d89fa5c0,0x00000000d8a00000)
  to   space 5120K, 0% used [0x00000000d8000000,0x00000000d8000000,0x00000000d8500000)
 ParOldGen       total 86016K, used 10852K [0x0000000082000000, 0x0000000087400000, 0x00000000d6000000)
  object space 86016K, 12% used [0x0000000082000000,0x0000000082a99168,0x0000000087400000)
 Metaspace       used 20035K, capacity 20830K, committed 20992K, reserved 1067008K
  class space    used 2856K, capacity 3047K, committed 3072K, reserved 1048576K
Event: 1.993 GC heap after
Heap after GC invocations=3 (full 0):
 PSYoungGen      total 37888K, used 5104K [0x00000000d6000000, 0x00000000daa00000, 0x0000000100000000)
  eden space 32768K, 0% used [0x00000000d6000000,0x00000000d6000000,0x00000000d8000000)
  from space 5120K, 99% used [0x00000000d8000000,0x00000000d84fc090,0x00000000d8500000)
  to   space 5120K, 0% used [0x00000000da500000,0x00000000da500000,0x00000000daa00000)
 ParOldGen       total 86016K, used 13178K [0x0000000082000000, 0x0000000087400000, 0x00000000d6000000)
  object space 86016K, 15% used [0x0000000082000000,0x0000000082cdea30,0x0000000087400000)
 Metaspace       used 20035K, capacity 20830K, committed 20992K, reserved 1067008K
  class space    used 2856K, capacity 3047K, committed 3072K, reserved 1048576K
}
Event: 2.119 GC heap before
{Heap before GC invocations=4 (full 0):
 PSYoungGen      total 37888K, used 22186K [0x00000000d6000000, 0x00000000daa00000, 0x0000000100000000)
  eden space 32768K, 52% used [0x00000000d6000000,0x00000000d70ae7d0,0x00000000d8000000)
  from space 5120K, 99% used [0x00000000d8000000,0x00000000d84fc090,0x00000000d8500000)
  to   space 5120K, 0% used [0x00000000da500000,0x00000000da500000,0x00000000daa00000)
 ParOldGen       total 86016K, used 13178K [0x0000000082000000, 0x0000000087400000, 0x00000000d6000000)
  object space 86016K, 15% used [0x0000000082000000,0x0000000082cdea30,0x0000000087400000)
 Metaspace       used 20309K, capacity 21168K, committed 21296K, reserved 1067008K
  class space    used 2904K, capacity 3098K, committed 3120K, reserved 1048576K
Event: 2.125 GC heap after
Heap after GC invocations=4 (full 0):
 PSYoungGen      total 70656K, used 5111K [0x00000000d6000000, 0x00000000daa00000, 0x0000000100000000)
  eden space 65536K, 0% used [0x00000000d6000000,0x00000000d6000000,0x00000000da000000)
  from space 5120K, 99% used [0x00000000da500000,0x00000000da9fdce0,0x00000000daa00000)
  to   space 5120K, 0% used [0x00000000da000000,0x00000000da000000,0x00000000da500000)
 ParOldGen       total 86016K, used 13577K [0x0000000082000000, 0x0000000087400000, 0x00000000d6000000)
  object space 86016K, 15% used [0x0000000082000000,0x0000000082d42690,0x0000000087400000)
 Metaspace       used 20309K, capacity 21168K, committed 21296K, reserved 1067008K
  class space    used 2904K, capacity 3098K, committed 3120K, reserved 1048576K
}
Event: 2.125 GC heap before
{Heap before GC invocations=5 (full 1):
 PSYoungGen      total 70656K, used 5111K [0x00000000d6000000, 0x00000000daa00000, 0x0000000100000000)
  eden space 65536K, 0% used [0x00000000d6000000,0x00000000d6000000,0x00000000da000000)
  from space 5120K, 99% used [0x00000000da500000,0x00000000da9fdce0,0x00000000daa00000)
  to   space 5120K, 0% used [0x00000000da000000,0x00000000da000000,0x00000000da500000)
 ParOldGen       total 86016K, used 13577K [0x0000000082000000, 0x0000000087400000, 0x00000000d6000000)
  object space 86016K, 15% used [0x0000000082000000,0x0000000082d42690,0x0000000087400000)
 Metaspace       used 20309K, capacity 21168K, committed 21296K, reserved 1067008K
  class space    used 2904K, capacity 3098K, committed 3120K, reserved 1048576K
Event: 2.155 GC heap after
Heap after GC invocations=5 (full 1):
 PSYoungGen      total 70656K, used 0K [0x00000000d6000000, 0x00000000daa00000, 0x0000000100000000)
  eden space 65536K, 0% used [0x00000000d6000000,0x00000000d6000000,0x00000000da000000)
  from space 5120K, 0% used [0x00000000da500000,0x00000000da500000,0x00000000daa00000)
  to   space 5120K, 0% used [0x00000000da000000,0x00000000da000000,0x00000000da500000)
 ParOldGen       total 74752K, used 16617K [0x0000000082000000, 0x0000000086900000, 0x00000000d6000000)
  object space 74752K, 22% used [0x0000000082000000,0x000000008303a518,0x0000000086900000)
 Metaspace       used 20309K, capacity 21168K, committed 21296K, reserved 1067008K
  class space    used 2904K, capacity 3098K, committed 3120K, reserved 1048576K
}
Event: 2.687 GC heap before
{Heap before GC invocations=6 (full 1):
 PSYoungGen      total 70656K, used 65536K [0x00000000d6000000, 0x00000000daa00000, 0x0000000100000000)
  eden space 65536K, 100% used [0x00000000d6000000,0x00000000da000000,0x00000000da000000)
  from space 5120K, 0% used [0x00000000da500000,0x00000000da500000,0x00000000daa00000)
  to   space 5120K, 0% used [0x00000000da000000,0x00000000da000000,0x00000000da500000)
 ParOldGen       total 74752K, used 16617K [0x0000000082000000, 0x0000000086900000, 0x00000000d6000000)
  object space 74752K, 22% used [0x0000000082000000,0x000000008303a518,0x0000000086900000)
 Metaspace       used 22064K, capacity 23182K, committed 23216K, reserved 1069056K
  class space    used 3213K, capacity 3477K, committed 3504K, reserved 1048576K
Event: 2.693 GC heap after
Heap after GC invocations=6 (full 1):
 PSYoungGen      total 70656K, used 5109K [0x00000000d6000000, 0x00000000de080000, 0x0000000100000000)
  eden space 65536K, 0% used [0x00000000d6000000,0x00000000d6000000,0x00000000da000000)
  from space 5120K, 99% used [0x00000000da000000,0x00000000da4fd6a0,0x00000000da500000)
  to   space 14848K, 0% used [0x00000000dd200000,0x00000000dd200000,0x00000000de080000)
 ParOldGen       total 74752K, used 18658K [0x0000000082000000, 0x0000000086900000, 0x00000000d6000000)
  object space 74752K, 24% used [0x0000000082000000,0x0000000083238b50,0x0000000086900000)
 Metaspace       used 22064K, capacity 23182K, committed 23216K, reserved 1069056K
  class space    used 3213K, capacity 3477K, committed 3504K, reserved 1048576K
}
Event: 3.534 GC heap before
{Heap before GC invocations=7 (full 1):
 PSYoungGen      total 70656K, used 70645K [0x00000000d6000000, 0x00000000de080000, 0x0000000100000000)
  eden space 65536K, 100% used [0x00000000d6000000,0x00000000da000000,0x00000000da000000)
  from space 5120K, 99% used [0x00000000da000000,0x00000000da4fd6a0,0x00000000da500000)
  to   space 14848K, 0% used [0x00000000dd200000,0x00000000dd200000,0x00000000de080000)
 ParOldGen       total 74752K, used 18658K [0x0000000082000000, 0x0000000086900000, 0x00000000d6000000)
  object space 74752K, 24% used [0x0000000082000000,0x0000000083238b50,0x0000000086900000)
 Metaspace       used 25324K, capacity 27034K, committed 27184K, reserved 1073152K
  class space    used 3771K, capacity 4083K, committed 4144K, reserved 1048576K
Event: 3.554 GC heap after
Heap after GC invocations=7 (full 1):
 PSYoungGen      total 112128K, used 14845K [0x00000000d6000000, 0x00000000deb00000, 0x0000000100000000)
  eden space 97280K, 0% used [0x00000000d6000000,0x00000000d6000000,0x00000000dbf00000)
  from space 14848K, 99% used [0x00000000dd200000,0x00000000de07f780,0x00000000de080000)
  to   space 19456K, 0% used [0x00000000dbf00000,0x00000000dbf00000,0x00000000dd200000)
 ParOldGen       total 74752K, used 21853K [0x0000000082000000, 0x0000000086900000, 0x00000000d6000000)
  object space 74752K, 29% used [0x0000000082000000,0x0000000083557590,0x0000000086900000)
 Metaspace       used 25324K, capacity 27034K, committed 27184K, reserved 1073152K
  class space    used 3771K, capacity 4083K, committed 4144K, reserved 1048576K
}

