# JRE version: Java(TM) SE Runtime Environment (8.0_161-b12) (build 1.8.0_161-b12)
# Java VM: Java HotSpot(TM) 64-Bit Server VM (25.161-b12 mixed mode windows-amd64 compressed oops)
Heap:
 PSYoungGen      total 139264K, used 32588K [0x00000000d6000000, 0x00000000e1500000, 0x0000000100000000)
  eden space 126464K, 15% used [0x00000000d6000000,0x00000000d73593f8,0x00000000ddb80000)
  from space 12800K, 99% used [0x00000000ddb80000,0x00000000de7f9e80,0x00000000de800000)
  to   space 19968K, 0% used [0x00000000e0180000,0x00000000e0180000,0x00000000e1500000)
 ParOldGen       total 75264K, used 28369K [0x0000000082000000, 0x0000000086980000, 0x00000000d6000000)
  object space 75264K, 37% used [0x0000000082000000,0x0000000083bb4500,0x0000000086980000)
 Metaspace       used 27559K, capacity 29456K, committed 29744K, reserved 1075200K
  class space    used 3994K, capacity 4322K, committed 4400K, reserved 1048576K
GC Heap History (10 events):
Event: 2.393 GC heap before
{Heap before GC invocations=4 (full 0):
 PSYoungGen      total 37888K, used 37865K [0x00000000d6000000, 0x00000000daa00000, 0x0000000100000000)
  eden space 32768K, 100% used [0x00000000d6000000,0x00000000d8000000,0x00000000d8000000)
  from space 5120K, 99% used [0x00000000d8000000,0x00000000d84fa5a0,0x00000000d8500000)
  to   space 5120K, 0% used [0x00000000da500000,0x00000000da500000,0x00000000daa00000)
 ParOldGen       total 86016K, used 12658K [0x0000000082000000, 0x0000000087400000, 0x00000000d6000000)
  object space 86016K, 14% used [0x0000000082000000,0x0000000082c5c948,0x0000000087400000)
 Metaspace       used 20125K, capacity 21022K, committed 21248K, reserved 1067008K
  class space    used 2851K, capacity 3057K, committed 3072K, reserved 1048576K
Event: 2.398 GC heap after
Heap after GC invocations=4 (full 0):
 PSYoungGen      total 70656K, used 4508K [0x00000000d6000000, 0x00000000daa00000, 0x0000000100000000)
  eden space 65536K, 0% used [0x00000000d6000000,0x00000000d6000000,0x00000000da000000)
  from space 5120K, 88% used [0x00000000da500000,0x00000000da9671e0,0x00000000daa00000)
  to   space 5120K, 0% used [0x00000000da000000,0x00000000da000000,0x00000000da500000)
 ParOldGen       total 86016K, used 14387K [0x0000000082000000, 0x0000000087400000, 0x00000000d6000000)
  object space 86016K, 16% used [0x0000000082000000,0x0000000082e0ce58,0x0000000087400000)
 Metaspace       used 20125K, capacity 21022K, committed 21248K, reserved 1067008K
  class space    used 2851K, capacity 3057K, committed 3072K, reserved 1048576K
}
Event: 2.508 GC heap before
{Heap before GC invocations=5 (full 0):
 PSYoungGen      total 70656K, used 24742K [0x00000000d6000000, 0x00000000daa00000, 0x0000000100000000)
  eden space 65536K, 30% used [0x00000000d6000000,0x00000000d73c2878,0x00000000da000000)
  from space 5120K, 88% used [0x00000000da500000,0x00000000da9671e0,0x00000000daa00000)
  to   space 5120K, 0% used [0x00000000da000000,0x00000000da000000,0x00000000da500000)
 ParOldGen       total 86016K, used 14387K [0x0000000082000000, 0x0000000087400000, 0x00000000d6000000)
  object space 86016K, 16% used [0x0000000082000000,0x0000000082e0ce58,0x0000000087400000)
 Metaspace       used 20388K, capacity 21278K, committed 21296K, reserved 1067008K
  class space    used 2906K, capacity 3105K, committed 3120K, reserved 1048576K
Event: 2.514 GC heap after
Heap after GC invocations=5 (full 0):
 PSYoungGen      total 70656K, used 4857K [0x00000000d6000000, 0x00000000dfb00000, 0x0000000100000000)
  eden space 65536K, 0% used [0x00000000d6000000,0x00000000d6000000,0x00000000da000000)
  from space 5120K, 94% used [0x00000000da000000,0x00000000da4be750,0x00000000da500000)
  to   space 13824K, 0% used [0x00000000ded80000,0x00000000ded80000,0x00000000dfb00000)
 ParOldGen       total 86016K, used 14395K [0x0000000082000000, 0x0000000087400000, 0x00000000d6000000)
  object space 86016K, 16% used [0x0000000082000000,0x0000000082e0ee58,0x0000000087400000)
 Metaspace       used 20388K, capacity 21278K, committed 21296K, reserved 1067008K
  class space    used 2906K, capacity 3105K, committed 3120K, reserved 1048576K
}
Event: 2.514 GC heap before
{Heap before GC invocations=6 (full 1):
 PSYoungGen      total 70656K, used 4857K [0x00000000d6000000, 0x00000000dfb00000, 0x0000000100000000)
  eden space 65536K, 0% used [0x00000000d6000000,0x00000000d6000000,0x00000000da000000)
  from space 5120K, 94% used [0x00000000da000000,0x00000000da4be750,0x00000000da500000)
  to   space 13824K, 0% used [0x00000000ded80000,0x00000000ded80000,0x00000000dfb00000)
 ParOldGen       total 86016K, used 14395K [0x0000000082000000, 0x0000000087400000, 0x00000000d6000000)
  object space 86016K, 16% used [0x0000000082000000,0x0000000082e0ee58,0x0000000087400000)
 Metaspace       used 20388K, capacity 21278K, committed 21296K, reserved 1067008K
  class space    used 2906K, capacity 3105K, committed 3120K, reserved 1048576K
Event: 2.559 GC heap after
Heap after GC invocations=6 (full 1):
 PSYoungGen      total 70656K, used 0K [0x00000000d6000000, 0x00000000dfb00000, 0x0000000100000000)
  eden space 65536K, 0% used [0x00000000d6000000,0x00000000d6000000,0x00000000da000000)
  from space 5120K, 0% used [0x00000000da000000,0x00000000da000000,0x00000000da500000)
  to   space 13824K, 0% used [0x00000000ded80000,0x00000000ded80000,0x00000000dfb00000)
 ParOldGen       total 75264K, used 18306K [0x0000000082000000, 0x0000000086980000, 0x00000000d6000000)
  object space 75264K, 24% used [0x0000000082000000,0x00000000831e0b40,0x0000000086980000)
 Metaspace       used 20388K, capacity 21278K, committed 21296K, reserved 1067008K
  class space    used 2906K, capacity 3105K, committed 3120K, reserved 1048576K
}
Event: 2.956 GC heap before
{Heap before GC invocations=7 (full 1):
 PSYoungGen      total 70656K, used 65536K [0x00000000d6000000, 0x00000000dfb00000, 0x0000000100000000)
  eden space 65536K, 100% used [0x00000000d6000000,0x00000000da000000,0x00000000da000000)
  from space 5120K, 0% used [0x00000000da000000,0x00000000da000000,0x00000000da500000)
  to   space 13824K, 0% used [0x00000000ded80000,0x00000000ded80000,0x00000000dfb00000)
 ParOldGen       total 75264K, used 18306K [0x0000000082000000, 0x0000000086980000, 0x00000000d6000000)
  object space 75264K, 24% used [0x0000000082000000,0x00000000831e0b40,0x0000000086980000)
 Metaspace       used 22153K, capacity 23272K, committed 23472K, reserved 1069056K
  class space    used 3209K, capacity 3444K, committed 3504K, reserved 1048576K
Event: 2.960 GC heap after
Heap after GC invocations=7 (full 1):
 PSYoungGen      total 105472K, used 7012K [0x00000000d6000000, 0x00000000df480000, 0x0000000100000000)
  eden space 98304K, 0% used [0x00000000d6000000,0x00000000d6000000,0x00000000dc000000)
  from space 7168K, 97% used [0x00000000ded80000,0x00000000df4592b0,0x00000000df480000)
  to   space 12800K, 0% used [0x00000000ddb80000,0x00000000ddb80000,0x00000000de800000)
 ParOldGen       total 75264K, used 18314K [0x0000000082000000, 0x0000000086980000, 0x00000000d6000000)
  object space 75264K, 24% used [0x0000000082000000,0x00000000831e2b40,0x0000000086980000)
 Metaspace       used 22153K, capacity 23272K, committed 23472K, reserved 1069056K
  class space    used 3209K, capacity 3444K, committed 3504K, reserved 1048576K
}
Event: 5.015 GC heap before
{Heap before GC invocations=8 (full 1):
 PSYoungGen      total 105472K, used 103659K [0x00000000d6000000, 0x00000000df480000, 0x0000000100000000)
  eden space 98304K, 98% used [0x00000000d6000000,0x00000000dbe61af0,0x00000000dc000000)
  from space 7168K, 97% used [0x00000000ded80000,0x00000000df4592b0,0x00000000df480000)
  to   space 12800K, 0% used [0x00000000ddb80000,0x00000000ddb80000,0x00000000de800000)
 ParOldGen       total 75264K, used 18314K [0x0000000082000000, 0x0000000086980000, 0x00000000d6000000)
  object space 75264K, 24% used [0x0000000082000000,0x00000000831e2b40,0x0000000086980000)
 Metaspace       used 26506K, capacity 28344K, committed 28592K, reserved 1073152K
  class space    used 3897K, capacity 4220K, committed 4272K, reserved 1048576K
Event: 5.039 GC heap after
Heap after GC invocations=8 (full 1):
 PSYoungGen      total 139264K, used 12775K [0x00000000d6000000, 0x00000000e1500000, 0x0000000100000000)
  eden space 126464K, 0% used [0x00000000d6000000,0x00000000d6000000,0x00000000ddb80000)
  from space 12800K, 99% used [0x00000000ddb80000,0x00000000de7f9e80,0x00000000de800000)
  to   space 19968K, 0% used [0x00000000e0180000,0x00000000e0180000,0x00000000e1500000)
 ParOldGen       total 75264K, used 28369K [0x0000000082000000, 0x0000000086980000, 0x00000000d6000000)
  object space 75264K, 37% used [0x0000000082000000,0x0000000083bb4500,0x0000000086980000)
 Metaspace       used 26506K, capacity 28344K, committed 28592K, reserved 1073152K
  class space    used 3897K, capacity 4220K, committed 4272K, reserved 1048576K
}

