# JRE version: Java(TM) SE Runtime Environment (8.0_121-b13) (build 1.8.0_121-b13)
# Java VM: Java HotSpot(TM) 64-Bit Server VM (25.121-b13 mixed mode windows-amd64 compressed oops)
Heap:
 PSYoungGen      total 80896K, used 54739K [0x00000000d5b00000, 0x00000000db900000, 0x0000000100000000)
  eden space 66560K, 82% used [0x00000000d5b00000,0x00000000d9074e60,0x00000000d9c00000)
  from space 14336K, 0% used [0x00000000dab00000,0x00000000dab00000,0x00000000db900000)
  to   space 14848K, 0% used [0x00000000d9c00000,0x00000000d9c00000,0x00000000daa80000)
 ParOldGen       total 69120K, used 18523K [0x0000000081000000, 0x0000000085380000, 0x00000000d5b00000)
  object space 69120K, 26% used [0x0000000081000000,0x0000000082216d60,0x0000000085380000)
 Metaspace       used 25516K, capacity 27540K, committed 27696K, reserved 1073152K
  class space    used 3706K, capacity 4056K, committed 4144K, reserved 1048576K
GC Heap History (10 events):
Event: 5.470 GC heap before
{Heap before GC invocations=3 (full 0):
 PSYoungGen      total 38400K, used 38377K [0x00000000d5b00000, 0x00000000d8580000, 0x0000000100000000)
  eden space 33280K, 100% used [0x00000000d5b00000,0x00000000d7b80000,0x00000000d7b80000)
  from space 5120K, 99% used [0x00000000d8080000,0x00000000d857a590,0x00000000d8580000)
  to   space 5120K, 0% used [0x00000000d7b80000,0x00000000d7b80000,0x00000000d8080000)
 ParOldGen       total 87552K, used 10649K [0x0000000081000000, 0x0000000086580000, 0x00000000d5b00000)
  object space 87552K, 12% used [0x0000000081000000,0x0000000081a66628,0x0000000086580000)
 Metaspace       used 19040K, capacity 20010K, committed 20096K, reserved 1067008K
  class space    used 2688K, capacity 2907K, committed 2944K, reserved 1048576K
Event: 5.480 GC heap after
Heap after GC invocations=3 (full 0):
 PSYoungGen      total 38400K, used 5113K [0x00000000d5b00000, 0x00000000d8580000, 0x0000000100000000)
  eden space 33280K, 0% used [0x00000000d5b00000,0x00000000d5b00000,0x00000000d7b80000)
  from space 5120K, 99% used [0x00000000d7b80000,0x00000000d807e570,0x00000000d8080000)
  to   space 5120K, 0% used [0x00000000d8080000,0x00000000d8080000,0x00000000d8580000)
 ParOldGen       total 87552K, used 12244K [0x0000000081000000, 0x0000000086580000, 0x00000000d5b00000)
  object space 87552K, 13% used [0x0000000081000000,0x0000000081bf50d8,0x0000000086580000)
 Metaspace       used 19040K, capacity 20010K, committed 20096K, reserved 1067008K
  class space    used 2688K, capacity 2907K, committed 2944K, reserved 1048576K
}
Event: 7.532 GC heap before
{Heap before GC invocations=4 (full 0):
 PSYoungGen      total 38400K, used 38393K [0x00000000d5b00000, 0x00000000d8580000, 0x0000000100000000)
  eden space 33280K, 100% used [0x00000000d5b00000,0x00000000d7b80000,0x00000000d7b80000)
  from space 5120K, 99% used [0x00000000d7b80000,0x00000000d807e570,0x00000000d8080000)
  to   space 5120K, 0% used [0x00000000d8080000,0x00000000d8080000,0x00000000d8580000)
 ParOldGen       total 87552K, used 12244K [0x0000000081000000, 0x0000000086580000, 0x00000000d5b00000)
  object space 87552K, 13% used [0x0000000081000000,0x0000000081bf50d8,0x0000000086580000)
 Metaspace       used 19747K, capacity 20752K, committed 20992K, reserved 1067008K
  class space    used 2823K, capacity 3036K, committed 3072K, reserved 1048576K
Event: 7.541 GC heap after
Heap after GC invocations=4 (full 0):
 PSYoungGen      total 38400K, used 5113K [0x00000000d5b00000, 0x00000000d8580000, 0x0000000100000000)
  eden space 33280K, 0% used [0x00000000d5b00000,0x00000000d5b00000,0x00000000d7b80000)
  from space 5120K, 99% used [0x00000000d8080000,0x00000000d857e520,0x00000000d8580000)
  to   space 5120K, 0% used [0x00000000d7b80000,0x00000000d7b80000,0x00000000d8080000)
 ParOldGen       total 87552K, used 13656K [0x0000000081000000, 0x0000000086580000, 0x00000000d5b00000)
  object space 87552K, 15% used [0x0000000081000000,0x0000000081d56278,0x0000000086580000)
 Metaspace       used 19747K, capacity 20752K, committed 20992K, reserved 1067008K
  class space    used 2823K, capacity 3036K, committed 3072K, reserved 1048576K
}
Event: 7.814 GC heap before
{Heap before GC invocations=5 (full 0):
 PSYoungGen      total 38400K, used 38393K [0x00000000d5b00000, 0x00000000d8580000, 0x0000000100000000)
  eden space 33280K, 100% used [0x00000000d5b00000,0x00000000d7b80000,0x00000000d7b80000)
  from space 5120K, 99% used [0x00000000d8080000,0x00000000d857e520,0x00000000d8580000)
  to   space 5120K, 0% used [0x00000000d7b80000,0x00000000d7b80000,0x00000000d8080000)
 ParOldGen       total 87552K, used 13656K [0x0000000081000000, 0x0000000086580000, 0x00000000d5b00000)
  object space 87552K, 15% used [0x0000000081000000,0x0000000081d56278,0x0000000086580000)
 Metaspace       used 19877K, capacity 20958K, committed 20992K, reserved 1067008K
  class space    used 2829K, capacity 3047K, committed 3072K, reserved 1048576K
Event: 7.825 GC heap after
Heap after GC invocations=5 (full 0):
 PSYoungGen      total 38400K, used 4576K [0x00000000d5b00000, 0x00000000dba00000, 0x0000000100000000)
  eden space 33280K, 0% used [0x00000000d5b00000,0x00000000d5b00000,0x00000000d7b80000)
  from space 5120K, 89% used [0x00000000d7b80000,0x00000000d7ff8030,0x00000000d8080000)
  to   space 15360K, 0% used [0x00000000dab00000,0x00000000dab00000,0x00000000dba00000)
 ParOldGen       total 87552K, used 15377K [0x0000000081000000, 0x0000000086580000, 0x00000000d5b00000)
  object space 87552K, 17% used [0x0000000081000000,0x0000000081f04788,0x0000000086580000)
 Metaspace       used 19877K, capacity 20958K, committed 20992K, reserved 1067008K
  class space    used 2829K, capacity 3047K, committed 3072K, reserved 1048576K
}
Event: 7.999 GC heap before
{Heap before GC invocations=6 (full 0):
 PSYoungGen      total 38400K, used 24555K [0x00000000d5b00000, 0x00000000dba00000, 0x0000000100000000)
  eden space 33280K, 60% used [0x00000000d5b00000,0x00000000d6e82c70,0x00000000d7b80000)
  from space 5120K, 89% used [0x00000000d7b80000,0x00000000d7ff8030,0x00000000d8080000)
  to   space 15360K, 0% used [0x00000000dab00000,0x00000000dab00000,0x00000000dba00000)
 ParOldGen       total 87552K, used 15377K [0x0000000081000000, 0x0000000086580000, 0x00000000d5b00000)
  object space 87552K, 17% used [0x0000000081000000,0x0000000081f04788,0x0000000086580000)
 Metaspace       used 20143K, capacity 21246K, committed 21296K, reserved 1067008K
  class space    used 2869K, capacity 3091K, committed 3120K, reserved 1048576K
Event: 8.011 GC heap after
Heap after GC invocations=6 (full 0):
 PSYoungGen      total 80896K, used 5268K [0x00000000d5b00000, 0x00000000db900000, 0x0000000100000000)
  eden space 66560K, 0% used [0x00000000d5b00000,0x00000000d5b00000,0x00000000d9c00000)
  from space 14336K, 36% used [0x00000000dab00000,0x00000000db0252b0,0x00000000db900000)
  to   space 14848K, 0% used [0x00000000d9c00000,0x00000000d9c00000,0x00000000daa80000)
 ParOldGen       total 87552K, used 15377K [0x0000000081000000, 0x0000000086580000, 0x00000000d5b00000)
  object space 87552K, 17% used [0x0000000081000000,0x0000000081f04788,0x0000000086580000)
 Metaspace       used 20143K, capacity 21246K, committed 21296K, reserved 1067008K
  class space    used 2869K, capacity 3091K, committed 3120K, reserved 1048576K
}
Event: 8.011 GC heap before
{Heap before GC invocations=7 (full 1):
 PSYoungGen      total 80896K, used 5268K [0x00000000d5b00000, 0x00000000db900000, 0x0000000100000000)
  eden space 66560K, 0% used [0x00000000d5b00000,0x00000000d5b00000,0x00000000d9c00000)
  from space 14336K, 36% used [0x00000000dab00000,0x00000000db0252b0,0x00000000db900000)
  to   space 14848K, 0% used [0x00000000d9c00000,0x00000000d9c00000,0x00000000daa80000)
 ParOldGen       total 87552K, used 15377K [0x0000000081000000, 0x0000000086580000, 0x00000000d5b00000)
  object space 87552K, 17% used [0x0000000081000000,0x0000000081f04788,0x0000000086580000)
 Metaspace       used 20143K, capacity 21246K, committed 21296K, reserved 1067008K
  class space    used 2869K, capacity 3091K, committed 3120K, reserved 1048576K
Event: 8.073 GC heap after
Heap after GC invocations=7 (full 1):
 PSYoungGen      total 80896K, used 0K [0x00000000d5b00000, 0x00000000db900000, 0x0000000100000000)
  eden space 66560K, 0% used [0x00000000d5b00000,0x00000000d5b00000,0x00000000d9c00000)
  from space 14336K, 0% used [0x00000000dab00000,0x00000000dab00000,0x00000000db900000)
  to   space 14848K, 0% used [0x00000000d9c00000,0x00000000d9c00000,0x00000000daa80000)
 ParOldGen       total 69120K, used 18523K [0x0000000081000000, 0x0000000085380000, 0x00000000d5b00000)
  object space 69120K, 26% used [0x0000000081000000,0x0000000082216d60,0x0000000085380000)
 Metaspace       used 20143K, capacity 21246K, committed 21296K, reserved 1067008K
  class space    used 2869K, capacity 3091K, committed 3120K, reserved 1048576K
}

