# JRE version: Java(TM) SE Runtime Environment (8.0_161-b12) (build 1.8.0_161-b12)
# Java VM: Java HotSpot(TM) 64-Bit Server VM (25.161-b12 mixed mode windows-amd64 compressed oops)
Heap:
 PSYoungGen      total 70656K, used 13939K [0x00000000d6000000, 0x00000000dec00000, 0x0000000100000000)
  eden space 65536K, 13% used [0x00000000d6000000,0x00000000d689de18,0x00000000da000000)
  from space 5120K, 99% used [0x00000000da000000,0x00000000da4fef20,0x00000000da500000)
  to   space 19968K, 0% used [0x00000000dd880000,0x00000000dd880000,0x00000000dec00000)
 ParOldGen       total 74752K, used 27376K [0x0000000082000000, 0x0000000086900000, 0x00000000d6000000)
  object space 74752K, 36% used [0x0000000082000000,0x0000000083abc148,0x0000000086900000)
 Metaspace       used 26064K, capacity 27914K, committed 28080K, reserved 1073152K
  class space    used 3826K, capacity 4165K, committed 4272K, reserved 1048576K
GC Heap History (10 events):
Event: 1.497 GC heap before
{Heap before GC invocations=2 (full 0):
 PSYoungGen      total 37888K, used 36816K [0x00000000d6000000, 0x00000000d8a00000, 0x0000000100000000)
  eden space 32768K, 100% used [0x00000000d6000000,0x00000000d8000000,0x00000000d8000000)
  from space 5120K, 79% used [0x00000000d8000000,0x00000000d83f4040,0x00000000d8500000)
  to   space 5120K, 0% used [0x00000000d8500000,0x00000000d8500000,0x00000000d8a00000)
 ParOldGen       total 86016K, used 16K [0x0000000082000000, 0x0000000087400000, 0x00000000d6000000)
  object space 86016K, 0% used [0x0000000082000000,0x0000000082004000,0x0000000087400000)
 Metaspace       used 17185K, capacity 17770K, committed 17920K, reserved 1064960K
  class space    used 2306K, capacity 2485K, committed 2560K, reserved 1048576K
Event: 1.506 GC heap after
Heap after GC invocations=2 (full 0):
 PSYoungGen      total 37888K, used 5097K [0x00000000d6000000, 0x00000000d8a00000, 0x0000000100000000)
  eden space 32768K, 0% used [0x00000000d6000000,0x00000000d6000000,0x00000000d8000000)
  from space 5120K, 99% used [0x00000000d8500000,0x00000000d89fa5c0,0x00000000d8a00000)
  to   space 5120K, 0% used [0x00000000d8000000,0x00000000d8000000,0x00000000d8500000)
 ParOldGen       total 86016K, used 10867K [0x0000000082000000, 0x0000000087400000, 0x00000000d6000000)
  object space 86016K, 12% used [0x0000000082000000,0x0000000082a9cf20,0x0000000087400000)
 Metaspace       used 17185K, capacity 17770K, committed 17920K, reserved 1064960K
  class space    used 2306K, capacity 2485K, committed 2560K, reserved 1048576K
}
Event: 1.841 GC heap before
{Heap before GC invocations=3 (full 0):
 PSYoungGen      total 37888K, used 37865K [0x00000000d6000000, 0x00000000d8a00000, 0x0000000100000000)
  eden space 32768K, 100% used [0x00000000d6000000,0x00000000d8000000,0x00000000d8000000)
  from space 5120K, 99% used [0x00000000d8500000,0x00000000d89fa5c0,0x00000000d8a00000)
  to   space 5120K, 0% used [0x00000000d8000000,0x00000000d8000000,0x00000000d8500000)
 ParOldGen       total 86016K, used 10867K [0x0000000082000000, 0x0000000087400000, 0x00000000d6000000)
  object space 86016K, 12% used [0x0000000082000000,0x0000000082a9cf20,0x0000000087400000)
 Metaspace       used 20035K, capacity 20822K, committed 20992K, reserved 1067008K
  class space    used 2862K, capacity 3047K, committed 3072K, reserved 1048576K
Event: 1.848 GC heap after
Heap after GC invocations=3 (full 0):
 PSYoungGen      total 37888K, used 5097K [0x00000000d6000000, 0x00000000daa00000, 0x0000000100000000)
  eden space 32768K, 0% used [0x00000000d6000000,0x00000000d6000000,0x00000000d8000000)
  from space 5120K, 99% used [0x00000000d8000000,0x00000000d84fa5a0,0x00000000d8500000)
  to   space 5120K, 0% used [0x00000000da500000,0x00000000da500000,0x00000000daa00000)
 ParOldGen       total 86016K, used 13168K [0x0000000082000000, 0x0000000087400000, 0x00000000d6000000)
  object space 86016K, 15% used [0x0000000082000000,0x0000000082cdc308,0x0000000087400000)
 Metaspace       used 20035K, capacity 20822K, committed 20992K, reserved 1067008K
  class space    used 2862K, capacity 3047K, committed 3072K, reserved 1048576K
}
Event: 1.962 GC heap before
{Heap before GC invocations=4 (full 0):
 PSYoungGen      total 37888K, used 22171K [0x00000000d6000000, 0x00000000daa00000, 0x0000000100000000)
  eden space 32768K, 52% used [0x00000000d6000000,0x00000000d70ac9c0,0x00000000d8000000)
  from space 5120K, 99% used [0x00000000d8000000,0x00000000d84fa5a0,0x00000000d8500000)
  to   space 5120K, 0% used [0x00000000da500000,0x00000000da500000,0x00000000daa00000)
 ParOldGen       total 86016K, used 13168K [0x0000000082000000, 0x0000000087400000, 0x00000000d6000000)
  object space 86016K, 15% used [0x0000000082000000,0x0000000082cdc308,0x0000000087400000)
 Metaspace       used 20307K, capacity 21160K, committed 21296K, reserved 1067008K
  class space    used 2907K, capacity 3098K, committed 3120K, reserved 1048576K
Event: 1.968 GC heap after
Heap after GC invocations=4 (full 0):
 PSYoungGen      total 70656K, used 5113K [0x00000000d6000000, 0x00000000daa00000, 0x0000000100000000)
  eden space 65536K, 0% used [0x00000000d6000000,0x00000000d6000000,0x00000000da000000)
  from space 5120K, 99% used [0x00000000da500000,0x00000000da9fe5b0,0x00000000daa00000)
  to   space 5120K, 0% used [0x00000000da000000,0x00000000da000000,0x00000000da500000)
 ParOldGen       total 86016K, used 13647K [0x0000000082000000, 0x0000000087400000, 0x00000000d6000000)
  object space 86016K, 15% used [0x0000000082000000,0x0000000082d53e40,0x0000000087400000)
 Metaspace       used 20307K, capacity 21160K, committed 21296K, reserved 1067008K
  class space    used 2907K, capacity 3098K, committed 3120K, reserved 1048576K
}
Event: 1.968 GC heap before
{Heap before GC invocations=5 (full 1):
 PSYoungGen      total 70656K, used 5113K [0x00000000d6000000, 0x00000000daa00000, 0x0000000100000000)
  eden space 65536K, 0% used [0x00000000d6000000,0x00000000d6000000,0x00000000da000000)
  from space 5120K, 99% used [0x00000000da500000,0x00000000da9fe5b0,0x00000000daa00000)
  to   space 5120K, 0% used [0x00000000da000000,0x00000000da000000,0x00000000da500000)
 ParOldGen       total 86016K, used 13647K [0x0000000082000000, 0x0000000087400000, 0x00000000d6000000)
  object space 86016K, 15% used [0x0000000082000000,0x0000000082d53e40,0x0000000087400000)
 Metaspace       used 20307K, capacity 21160K, committed 21296K, reserved 1067008K
  class space    used 2907K, capacity 3098K, committed 3120K, reserved 1048576K
Event: 1.997 GC heap after
Heap after GC invocations=5 (full 1):
 PSYoungGen      total 70656K, used 0K [0x00000000d6000000, 0x00000000daa00000, 0x0000000100000000)
  eden space 65536K, 0% used [0x00000000d6000000,0x00000000d6000000,0x00000000da000000)
  from space 5120K, 0% used [0x00000000da500000,0x00000000da500000,0x00000000daa00000)
  to   space 5120K, 0% used [0x00000000da000000,0x00000000da000000,0x00000000da500000)
 ParOldGen       total 74752K, used 16620K [0x0000000082000000, 0x0000000086900000, 0x00000000d6000000)
  object space 74752K, 22% used [0x0000000082000000,0x000000008303b3c8,0x0000000086900000)
 Metaspace       used 20307K, capacity 21160K, committed 21296K, reserved 1067008K
  class space    used 2907K, capacity 3098K, committed 3120K, reserved 1048576K
}
Event: 3.418 GC heap before
{Heap before GC invocations=6 (full 1):
 PSYoungGen      total 70656K, used 65536K [0x00000000d6000000, 0x00000000daa00000, 0x0000000100000000)
  eden space 65536K, 100% used [0x00000000d6000000,0x00000000da000000,0x00000000da000000)
  from space 5120K, 0% used [0x00000000da500000,0x00000000da500000,0x00000000daa00000)
  to   space 5120K, 0% used [0x00000000da000000,0x00000000da000000,0x00000000da500000)
 ParOldGen       total 74752K, used 16620K [0x0000000082000000, 0x0000000086900000, 0x00000000d6000000)
  object space 74752K, 22% used [0x0000000082000000,0x000000008303b3c8,0x0000000086900000)
 Metaspace       used 25646K, capacity 27434K, committed 27696K, reserved 1073152K
  class space    used 3784K, capacity 4103K, committed 4144K, reserved 1048576K
Event: 3.443 GC heap after
Heap after GC invocations=6 (full 1):
 PSYoungGen      total 70656K, used 5115K [0x00000000d6000000, 0x00000000dec00000, 0x0000000100000000)
  eden space 65536K, 0% used [0x00000000d6000000,0x00000000d6000000,0x00000000da000000)
  from space 5120K, 99% used [0x00000000da000000,0x00000000da4fef20,0x00000000da500000)
  to   space 19968K, 0% used [0x00000000dd880000,0x00000000dd880000,0x00000000dec00000)
 ParOldGen       total 74752K, used 27376K [0x0000000082000000, 0x0000000086900000, 0x00000000d6000000)
  object space 74752K, 36% used [0x0000000082000000,0x0000000083abc148,0x0000000086900000)
 Metaspace       used 25646K, capacity 27434K, committed 27696K, reserved 1073152K
  class space    used 3784K, capacity 4103K, committed 4144K, reserved 1048576K
}

