# JRE version: Java(TM) SE Runtime Environment (8.0_121-b13) (build 1.8.0_121-b13)
# Java VM: Java HotSpot(TM) 64-Bit Server VM (25.121-b13 mixed mode windows-amd64 compressed oops)
Heap:
 PSYoungGen      total 82944K, used 15820K [0x00000000d5b00000, 0x00000000ddf00000, 0x0000000100000000)
  eden space 67584K, 0% used [0x00000000d5b00000,0x00000000d5b79098,0x00000000d9d00000)
  from space 15360K, 99% used [0x00000000d9d00000,0x00000000dabfa090,0x00000000dac00000)
  to   space 22528K, 0% used [0x00000000dc900000,0x00000000dc900000,0x00000000ddf00000)
 ParOldGen       total 78336K, used 24051K [0x0000000081000000, 0x0000000085c80000, 0x00000000d5b00000)
  object space 78336K, 30% used [0x0000000081000000,0x000000008277cea8,0x0000000085c80000)
 Metaspace       used 32065K, capacity 34158K, committed 34432K, reserved 1079296K
  class space    used 4507K, capacity 4873K, committed 4992K, reserved 1048576K
GC Heap History (10 events):
Event: 1.493 GC heap before
{Heap before GC invocations=4 (full 1):
 PSYoungGen      total 38400K, used 5088K [0x00000000d5b00000, 0x00000000da600000, 0x0000000100000000)
  eden space 33280K, 0% used [0x00000000d5b00000,0x00000000d5b00000,0x00000000d7b80000)
  from space 5120K, 99% used [0x00000000d7b80000,0x00000000d80780c0,0x00000000d8080000)
  to   space 5120K, 0% used [0x00000000da100000,0x00000000da100000,0x00000000da600000)
 ParOldGen       total 87552K, used 11794K [0x0000000081000000, 0x0000000086580000, 0x00000000d5b00000)
  object space 87552K, 13% used [0x0000000081000000,0x0000000081b848b0,0x0000000086580000)
 Metaspace       used 20436K, capacity 21082K, committed 21248K, reserved 1067008K
  class space    used 2780K, capacity 2949K, committed 3072K, reserved 1048576K
Event: 1.533 GC heap after
Heap after GC invocations=4 (full 1):
 PSYoungGen      total 38400K, used 0K [0x00000000d5b00000, 0x00000000da600000, 0x0000000100000000)
  eden space 33280K, 0% used [0x00000000d5b00000,0x00000000d5b00000,0x00000000d7b80000)
  from space 5120K, 0% used [0x00000000d7b80000,0x00000000d7b80000,0x00000000d8080000)
  to   space 5120K, 0% used [0x00000000da100000,0x00000000da100000,0x00000000da600000)
 ParOldGen       total 78336K, used 15860K [0x0000000081000000, 0x0000000085c80000, 0x00000000d5b00000)
  object space 78336K, 20% used [0x0000000081000000,0x0000000081f7d3c8,0x0000000085c80000)
 Metaspace       used 20436K, capacity 21082K, committed 21248K, reserved 1067008K
  class space    used 2780K, capacity 2949K, committed 3072K, reserved 1048576K
}
Event: 1.832 GC heap before
{Heap before GC invocations=5 (full 1):
 PSYoungGen      total 38400K, used 33280K [0x00000000d5b00000, 0x00000000da600000, 0x0000000100000000)
  eden space 33280K, 100% used [0x00000000d5b00000,0x00000000d7b80000,0x00000000d7b80000)
  from space 5120K, 0% used [0x00000000d7b80000,0x00000000d7b80000,0x00000000d8080000)
  to   space 5120K, 0% used [0x00000000da100000,0x00000000da100000,0x00000000da600000)
 ParOldGen       total 78336K, used 15860K [0x0000000081000000, 0x0000000085c80000, 0x00000000d5b00000)
  object space 78336K, 20% used [0x0000000081000000,0x0000000081f7d3c8,0x0000000085c80000)
 Metaspace       used 23261K, capacity 24254K, committed 24448K, reserved 1071104K
  class space    used 3229K, capacity 3435K, committed 3456K, reserved 1048576K
Event: 1.837 GC heap after
Heap after GC invocations=5 (full 1):
 PSYoungGen      total 50688K, used 2860K [0x00000000d5b00000, 0x00000000da400000, 0x0000000100000000)
  eden space 47616K, 0% used [0x00000000d5b00000,0x00000000d5b00000,0x00000000d8980000)
  from space 3072K, 93% used [0x00000000da100000,0x00000000da3cb100,0x00000000da400000)
  to   space 5120K, 0% used [0x00000000d9a00000,0x00000000d9a00000,0x00000000d9f00000)
 ParOldGen       total 78336K, used 15868K [0x0000000081000000, 0x0000000085c80000, 0x00000000d5b00000)
  object space 78336K, 20% used [0x0000000081000000,0x0000000081f7f3c8,0x0000000085c80000)
 Metaspace       used 23261K, capacity 24254K, committed 24448K, reserved 1071104K
  class space    used 3229K, capacity 3435K, committed 3456K, reserved 1048576K
}
Event: 2.249 GC heap before
{Heap before GC invocations=6 (full 1):
 PSYoungGen      total 50688K, used 50476K [0x00000000d5b00000, 0x00000000da400000, 0x0000000100000000)
  eden space 47616K, 100% used [0x00000000d5b00000,0x00000000d8980000,0x00000000d8980000)
  from space 3072K, 93% used [0x00000000da100000,0x00000000da3cb100,0x00000000da400000)
  to   space 5120K, 0% used [0x00000000d9a00000,0x00000000d9a00000,0x00000000d9f00000)
 ParOldGen       total 78336K, used 15868K [0x0000000081000000, 0x0000000085c80000, 0x00000000d5b00000)
  object space 78336K, 20% used [0x0000000081000000,0x0000000081f7f3c8,0x0000000085c80000)
 Metaspace       used 24098K, capacity 25202K, committed 25472K, reserved 1071104K
  class space    used 3392K, capacity 3601K, committed 3712K, reserved 1048576K
Event: 2.258 GC heap after
Heap after GC invocations=6 (full 1):
 PSYoungGen      total 69632K, used 3319K [0x00000000d5b00000, 0x00000000dbb00000, 0x0000000100000000)
  eden space 64512K, 0% used [0x00000000d5b00000,0x00000000d5b00000,0x00000000d9a00000)
  from space 5120K, 64% used [0x00000000d9a00000,0x00000000d9d3dfc0,0x00000000d9f00000)
  to   space 15360K, 0% used [0x00000000dac00000,0x00000000dac00000,0x00000000dbb00000)
 ParOldGen       total 78336K, used 15876K [0x0000000081000000, 0x0000000085c80000, 0x00000000d5b00000)
  object space 78336K, 20% used [0x0000000081000000,0x0000000081f813c8,0x0000000085c80000)
 Metaspace       used 24098K, capacity 25202K, committed 25472K, reserved 1071104K
  class space    used 3392K, capacity 3601K, committed 3712K, reserved 1048576K
}
Event: 3.182 GC heap before
{Heap before GC invocations=7 (full 1):
 PSYoungGen      total 69632K, used 67831K [0x00000000d5b00000, 0x00000000dbb00000, 0x0000000100000000)
  eden space 64512K, 100% used [0x00000000d5b00000,0x00000000d9a00000,0x00000000d9a00000)
  from space 5120K, 64% used [0x00000000d9a00000,0x00000000d9d3dfc0,0x00000000d9f00000)
  to   space 15360K, 0% used [0x00000000dac00000,0x00000000dac00000,0x00000000dbb00000)
 ParOldGen       total 78336K, used 15876K [0x0000000081000000, 0x0000000085c80000, 0x00000000d5b00000)
  object space 78336K, 20% used [0x0000000081000000,0x0000000081f813c8,0x0000000085c80000)
 Metaspace       used 27799K, capacity 29666K, committed 29824K, reserved 1075200K
  class space    used 4045K, capacity 4375K, committed 4480K, reserved 1048576K
Event: 3.194 GC heap after
Heap after GC invocations=7 (full 1):
 PSYoungGen      total 82944K, used 9387K [0x00000000d5b00000, 0x00000000dd100000, 0x0000000100000000)
  eden space 67584K, 0% used [0x00000000d5b00000,0x00000000d5b00000,0x00000000d9d00000)
  from space 15360K, 61% used [0x00000000dac00000,0x00000000db52ae10,0x00000000dbb00000)
  to   space 15360K, 0% used [0x00000000d9d00000,0x00000000d9d00000,0x00000000dac00000)
 ParOldGen       total 78336K, used 15884K [0x0000000081000000, 0x0000000085c80000, 0x00000000d5b00000)
  object space 78336K, 20% used [0x0000000081000000,0x0000000081f833c8,0x0000000085c80000)
 Metaspace       used 27799K, capacity 29666K, committed 29824K, reserved 1075200K
  class space    used 4045K, capacity 4375K, committed 4480K, reserved 1048576K
}
Event: 77.040 GC heap before
{Heap before GC invocations=8 (full 1):
 PSYoungGen      total 82944K, used 76971K [0x00000000d5b00000, 0x00000000dd100000, 0x0000000100000000)
  eden space 67584K, 100% used [0x00000000d5b00000,0x00000000d9d00000,0x00000000d9d00000)
  from space 15360K, 61% used [0x00000000dac00000,0x00000000db52ae10,0x00000000dbb00000)
  to   space 15360K, 0% used [0x00000000d9d00000,0x00000000d9d00000,0x00000000dac00000)
 ParOldGen       total 78336K, used 15884K [0x0000000081000000, 0x0000000085c80000, 0x00000000d5b00000)
  object space 78336K, 20% used [0x0000000081000000,0x0000000081f833c8,0x0000000085c80000)
 Metaspace       used 32058K, capacity 34146K, committed 34432K, reserved 1079296K
  class space    used 4506K, capacity 4871K, committed 4992K, reserved 1048576K
Event: 77.087 GC heap after
Heap after GC invocations=8 (full 1):
 PSYoungGen      total 82944K, used 15336K [0x00000000d5b00000, 0x00000000ddf00000, 0x0000000100000000)
  eden space 67584K, 0% used [0x00000000d5b00000,0x00000000d5b00000,0x00000000d9d00000)
  from space 15360K, 99% used [0x00000000d9d00000,0x00000000dabfa090,0x00000000dac00000)
  to   space 22528K, 0% used [0x00000000dc900000,0x00000000dc900000,0x00000000ddf00000)
 ParOldGen       total 78336K, used 24051K [0x0000000081000000, 0x0000000085c80000, 0x00000000d5b00000)
  object space 78336K, 30% used [0x0000000081000000,0x000000008277cea8,0x0000000085c80000)
 Metaspace       used 32058K, capacity 34146K, committed 34432K, reserved 1079296K
  class space    used 4506K, capacity 4871K, committed 4992K, reserved 1048576K
}

