# JRE version: Java(TM) SE Runtime Environment (8.0_161-b12) (build 1.8.0_161-b12)
# Java VM: Java HotSpot(TM) 64-Bit Server VM (25.161-b12 mixed mode windows-amd64 compressed oops)
Heap:
 PSYoungGen      total 82432K, used 34299K [0x00000000d6000000, 0x00000000dde00000, 0x0000000100000000)
  eden space 67584K, 28% used [0x00000000d6000000,0x00000000d72ff100,0x00000000da200000)
  from space 14848K, 99% used [0x00000000da200000,0x00000000db07fec0,0x00000000db080000)
  to   space 22528K, 0% used [0x00000000dc800000,0x00000000dc800000,0x00000000dde00000)
 ParOldGen       total 75264K, used 29236K [0x0000000082000000, 0x0000000086980000, 0x00000000d6000000)
  object space 75264K, 38% used [0x0000000082000000,0x0000000083c8d358,0x0000000086980000)
 Metaspace       used 31193K, capacity 33388K, committed 33584K, reserved 1077248K
  class space    used 4421K, capacity 4790K, committed 4912K, reserved 1048576K
GC Heap History (10 events):
Event: 2.541 GC heap before
{Heap before GC invocations=6 (full 1):
 PSYoungGen      total 37888K, used 32768K [0x00000000d6000000, 0x00000000daa00000, 0x0000000100000000)
  eden space 32768K, 100% used [0x00000000d6000000,0x00000000d8000000,0x00000000d8000000)
  from space 5120K, 0% used [0x00000000d8500000,0x00000000d8500000,0x00000000d8a00000)
  to   space 5120K, 0% used [0x00000000d8000000,0x00000000d8000000,0x00000000d8500000)
 ParOldGen       total 75264K, used 16310K [0x0000000082000000, 0x0000000086980000, 0x00000000d6000000)
  object space 75264K, 21% used [0x0000000082000000,0x0000000082fed9b0,0x0000000086980000)
 Metaspace       used 20733K, capacity 21716K, committed 21936K, reserved 1069056K
  class space    used 2951K, capacity 3176K, committed 3248K, reserved 1048576K
Event: 2.542 GC heap after
Heap after GC invocations=6 (full 1):
 PSYoungGen      total 37888K, used 711K [0x00000000d6000000, 0x00000000dac00000, 0x0000000100000000)
  eden space 32768K, 0% used [0x00000000d6000000,0x00000000d6000000,0x00000000d8000000)
  from space 5120K, 13% used [0x00000000d8000000,0x00000000d80b1c50,0x00000000d8500000)
  to   space 15360K, 0% used [0x00000000d9d00000,0x00000000d9d00000,0x00000000dac00000)
 ParOldGen       total 75264K, used 16318K [0x0000000082000000, 0x0000000086980000, 0x00000000d6000000)
  object space 75264K, 21% used [0x0000000082000000,0x0000000082fef9b0,0x0000000086980000)
 Metaspace       used 20733K, capacity 21716K, committed 21936K, reserved 1069056K
  class space    used 2951K, capacity 3176K, committed 3248K, reserved 1048576K
}
Event: 2.788 GC heap before
{Heap before GC invocations=7 (full 1):
 PSYoungGen      total 37888K, used 33479K [0x00000000d6000000, 0x00000000dac00000, 0x0000000100000000)
  eden space 32768K, 100% used [0x00000000d6000000,0x00000000d8000000,0x00000000d8000000)
  from space 5120K, 13% used [0x00000000d8000000,0x00000000d80b1c50,0x00000000d8500000)
  to   space 15360K, 0% used [0x00000000d9d00000,0x00000000d9d00000,0x00000000dac00000)
 ParOldGen       total 75264K, used 16318K [0x0000000082000000, 0x0000000086980000, 0x00000000d6000000)
  object space 75264K, 21% used [0x0000000082000000,0x0000000082fef9b0,0x0000000086980000)
 Metaspace       used 21323K, capacity 22716K, committed 22832K, reserved 1069056K
  class space    used 3096K, capacity 3374K, committed 3376K, reserved 1048576K
Event: 2.792 GC heap after
Heap after GC invocations=7 (full 1):
 PSYoungGen      total 61440K, used 2011K [0x00000000d6000000, 0x00000000dab00000, 0x0000000100000000)
  eden space 47104K, 0% used [0x00000000d6000000,0x00000000d6000000,0x00000000d8e00000)
  from space 14336K, 14% used [0x00000000d9d00000,0x00000000d9ef6ef0,0x00000000dab00000)
  to   space 14848K, 0% used [0x00000000d8e00000,0x00000000d8e00000,0x00000000d9c80000)
 ParOldGen       total 75264K, used 16318K [0x0000000082000000, 0x0000000086980000, 0x00000000d6000000)
  object space 75264K, 21% used [0x0000000082000000,0x0000000082fef9b0,0x0000000086980000)
 Metaspace       used 21323K, capacity 22716K, committed 22832K, reserved 1069056K
  class space    used 3096K, capacity 3374K, committed 3376K, reserved 1048576K
}
Event: 3.141 GC heap before
{Heap before GC invocations=8 (full 1):
 PSYoungGen      total 61440K, used 49115K [0x00000000d6000000, 0x00000000dab00000, 0x0000000100000000)
  eden space 47104K, 100% used [0x00000000d6000000,0x00000000d8e00000,0x00000000d8e00000)
  from space 14336K, 14% used [0x00000000d9d00000,0x00000000d9ef6ef0,0x00000000dab00000)
  to   space 14848K, 0% used [0x00000000d8e00000,0x00000000d8e00000,0x00000000d9c80000)
 ParOldGen       total 75264K, used 16318K [0x0000000082000000, 0x0000000086980000, 0x00000000d6000000)
  object space 75264K, 21% used [0x0000000082000000,0x0000000082fef9b0,0x0000000086980000)
 Metaspace       used 22629K, capacity 23936K, committed 24112K, reserved 1069056K
  class space    used 3254K, capacity 3512K, committed 3632K, reserved 1048576K
Event: 3.145 GC heap after
Heap after GC invocations=8 (full 1):
 PSYoungGen      total 61952K, used 8023K [0x00000000d6000000, 0x00000000dbf00000, 0x0000000100000000)
  eden space 47104K, 0% used [0x00000000d6000000,0x00000000d6000000,0x00000000d8e00000)
  from space 14848K, 54% used [0x00000000d8e00000,0x00000000d95d5d60,0x00000000d9c80000)
  to   space 14848K, 0% used [0x00000000db080000,0x00000000db080000,0x00000000dbf00000)
 ParOldGen       total 75264K, used 16326K [0x0000000082000000, 0x0000000086980000, 0x00000000d6000000)
  object space 75264K, 21% used [0x0000000082000000,0x0000000082ff19b0,0x0000000086980000)
 Metaspace       used 22629K, capacity 23936K, committed 24112K, reserved 1069056K
  class space    used 3254K, capacity 3512K, committed 3632K, reserved 1048576K
}
Event: 3.380 GC heap before
{Heap before GC invocations=9 (full 1):
 PSYoungGen      total 61952K, used 55127K [0x00000000d6000000, 0x00000000dbf00000, 0x0000000100000000)
  eden space 47104K, 100% used [0x00000000d6000000,0x00000000d8e00000,0x00000000d8e00000)
  from space 14848K, 54% used [0x00000000d8e00000,0x00000000d95d5d60,0x00000000d9c80000)
  to   space 14848K, 0% used [0x00000000db080000,0x00000000db080000,0x00000000dbf00000)
 ParOldGen       total 75264K, used 16326K [0x0000000082000000, 0x0000000086980000, 0x00000000d6000000)
  object space 75264K, 21% used [0x0000000082000000,0x0000000082ff19b0,0x0000000086980000)
 Metaspace       used 22731K, capacity 24130K, committed 24368K, reserved 1071104K
  class space    used 3260K, capacity 3523K, committed 3632K, reserved 1048576K
Event: 3.385 GC heap after
Heap after GC invocations=9 (full 1):
 PSYoungGen      total 82432K, used 8205K [0x00000000d6000000, 0x00000000dc000000, 0x0000000100000000)
  eden space 67584K, 0% used [0x00000000d6000000,0x00000000d6000000,0x00000000da200000)
  from space 14848K, 55% used [0x00000000db080000,0x00000000db883480,0x00000000dbf00000)
  to   space 14848K, 0% used [0x00000000da200000,0x00000000da200000,0x00000000db080000)
 ParOldGen       total 75264K, used 16334K [0x0000000082000000, 0x0000000086980000, 0x00000000d6000000)
  object space 75264K, 21% used [0x0000000082000000,0x0000000082ff39b0,0x0000000086980000)
 Metaspace       used 22731K, capacity 24130K, committed 24368K, reserved 1071104K
  class space    used 3260K, capacity 3523K, committed 3632K, reserved 1048576K
}
Event: 9.468 GC heap before
{Heap before GC invocations=10 (full 1):
 PSYoungGen      total 82432K, used 75789K [0x00000000d6000000, 0x00000000dc000000, 0x0000000100000000)
  eden space 67584K, 100% used [0x00000000d6000000,0x00000000da200000,0x00000000da200000)
  from space 14848K, 55% used [0x00000000db080000,0x00000000db883480,0x00000000dbf00000)
  to   space 14848K, 0% used [0x00000000da200000,0x00000000da200000,0x00000000db080000)
 ParOldGen       total 75264K, used 16334K [0x0000000082000000, 0x0000000086980000, 0x00000000d6000000)
  object space 75264K, 21% used [0x0000000082000000,0x0000000082ff39b0,0x0000000086980000)
 Metaspace       used 28035K, capacity 30108K, committed 30384K, reserved 1075200K
  class space    used 4056K, capacity 4420K, committed 4528K, reserved 1048576K
Event: 9.488 GC heap after
Heap after GC invocations=10 (full 1):
 PSYoungGen      total 82432K, used 14847K [0x00000000d6000000, 0x00000000dde00000, 0x0000000100000000)
  eden space 67584K, 0% used [0x00000000d6000000,0x00000000d6000000,0x00000000da200000)
  from space 14848K, 99% used [0x00000000da200000,0x00000000db07fec0,0x00000000db080000)
  to   space 22528K, 0% used [0x00000000dc800000,0x00000000dc800000,0x00000000dde00000)
 ParOldGen       total 75264K, used 29236K [0x0000000082000000, 0x0000000086980000, 0x00000000d6000000)
  object space 75264K, 38% used [0x0000000082000000,0x0000000083c8d358,0x0000000086980000)
 Metaspace       used 28035K, capacity 30108K, committed 30384K, reserved 1075200K
  class space    used 4056K, capacity 4420K, committed 4528K, reserved 1048576K
}

