# JRE version: Java(TM) SE Runtime Environment (8.0_121-b13) (build 1.8.0_121-b13)
# Java VM: Java HotSpot(TM) 64-Bit Server VM (25.121-b13 mixed mode windows-amd64 compressed oops)
Heap:
 PSYoungGen      total 80384K, used 53623K [0x00000000d5b00000, 0x00000000db800000, 0x0000000100000000)
  eden space 66560K, 80% used [0x00000000d5b00000,0x00000000d8f5de78,0x00000000d9c00000)
  from space 13824K, 0% used [0x00000000daa80000,0x00000000daa80000,0x00000000db800000)
  to   space 14336K, 0% used [0x00000000d9c00000,0x00000000d9c00000,0x00000000daa00000)
 ParOldGen       total 73216K, used 18343K [0x0000000081000000, 0x0000000085780000, 0x00000000d5b00000)
  object space 73216K, 25% used [0x0000000081000000,0x00000000821e9c70,0x0000000085780000)
 Metaspace       used 25464K, capacity 27516K, committed 27648K, reserved 1073152K
  class space    used 3701K, capacity 4054K, committed 4096K, reserved 1048576K
GC Heap History (10 events):
Event: 3.059 GC heap before
{Heap before GC invocations=3 (full 0):
 PSYoungGen      total 38400K, used 38377K [0x00000000d5b00000, 0x00000000d8580000, 0x0000000100000000)
  eden space 33280K, 100% used [0x00000000d5b00000,0x00000000d7b80000,0x00000000d7b80000)
  from space 5120K, 99% used [0x00000000d8080000,0x00000000d857a5a0,0x00000000d8580000)
  to   space 5120K, 0% used [0x00000000d7b80000,0x00000000d7b80000,0x00000000d8080000)
 ParOldGen       total 87552K, used 10599K [0x0000000081000000, 0x0000000086580000, 0x00000000d5b00000)
  object space 87552K, 12% used [0x0000000081000000,0x0000000081a59ca8,0x0000000086580000)
 Metaspace       used 19056K, capacity 19974K, committed 20096K, reserved 1067008K
  class space    used 2685K, capacity 2875K, committed 2944K, reserved 1048576K
Event: 3.066 GC heap after
Heap after GC invocations=3 (full 0):
 PSYoungGen      total 38400K, used 5097K [0x00000000d5b00000, 0x00000000d8580000, 0x0000000100000000)
  eden space 33280K, 0% used [0x00000000d5b00000,0x00000000d5b00000,0x00000000d7b80000)
  from space 5120K, 99% used [0x00000000d7b80000,0x00000000d807a580,0x00000000d8080000)
  to   space 5120K, 0% used [0x00000000d8080000,0x00000000d8080000,0x00000000d8580000)
 ParOldGen       total 87552K, used 12227K [0x0000000081000000, 0x0000000086580000, 0x00000000d5b00000)
  object space 87552K, 13% used [0x0000000081000000,0x0000000081bf0f88,0x0000000086580000)
 Metaspace       used 19056K, capacity 19974K, committed 20096K, reserved 1067008K
  class space    used 2685K, capacity 2875K, committed 2944K, reserved 1048576K
}
Event: 3.593 GC heap before
{Heap before GC invocations=4 (full 0):
 PSYoungGen      total 38400K, used 38377K [0x00000000d5b00000, 0x00000000d8580000, 0x0000000100000000)
  eden space 33280K, 100% used [0x00000000d5b00000,0x00000000d7b80000,0x00000000d7b80000)
  from space 5120K, 99% used [0x00000000d7b80000,0x00000000d807a580,0x00000000d8080000)
  to   space 5120K, 0% used [0x00000000d8080000,0x00000000d8080000,0x00000000d8580000)
 ParOldGen       total 87552K, used 12227K [0x0000000081000000, 0x0000000086580000, 0x00000000d5b00000)
  object space 87552K, 13% used [0x0000000081000000,0x0000000081bf0f88,0x0000000086580000)
 Metaspace       used 19681K, capacity 20684K, committed 20736K, reserved 1067008K
  class space    used 2814K, capacity 3036K, committed 3072K, reserved 1048576K
Event: 3.602 GC heap after
Heap after GC invocations=4 (full 0):
 PSYoungGen      total 38400K, used 5113K [0x00000000d5b00000, 0x00000000da600000, 0x0000000100000000)
  eden space 33280K, 0% used [0x00000000d5b00000,0x00000000d5b00000,0x00000000d7b80000)
  from space 5120K, 99% used [0x00000000d8080000,0x00000000d857e590,0x00000000d8580000)
  to   space 5120K, 0% used [0x00000000d7b80000,0x00000000d7b80000,0x00000000d8080000)
 ParOldGen       total 87552K, used 13568K [0x0000000081000000, 0x0000000086580000, 0x00000000d5b00000)
  object space 87552K, 15% used [0x0000000081000000,0x0000000081d403e8,0x0000000086580000)
 Metaspace       used 19681K, capacity 20684K, committed 20736K, reserved 1067008K
  class space    used 2814K, capacity 3036K, committed 3072K, reserved 1048576K
}
Event: 3.939 GC heap before
{Heap before GC invocations=5 (full 0):
 PSYoungGen      total 38400K, used 38393K [0x00000000d5b00000, 0x00000000da600000, 0x0000000100000000)
  eden space 33280K, 100% used [0x00000000d5b00000,0x00000000d7b80000,0x00000000d7b80000)
  from space 5120K, 99% used [0x00000000d8080000,0x00000000d857e590,0x00000000d8580000)
  to   space 5120K, 0% used [0x00000000d7b80000,0x00000000d7b80000,0x00000000d8080000)
 ParOldGen       total 87552K, used 13568K [0x0000000081000000, 0x0000000086580000, 0x00000000d5b00000)
  object space 87552K, 15% used [0x0000000081000000,0x0000000081d403e8,0x0000000086580000)
 Metaspace       used 19815K, capacity 20888K, committed 20992K, reserved 1067008K
  class space    used 2820K, capacity 3046K, committed 3072K, reserved 1048576K
Event: 3.949 GC heap after
Heap after GC invocations=5 (full 0):
 PSYoungGen      total 38400K, used 5113K [0x00000000d5b00000, 0x00000000db900000, 0x0000000100000000)
  eden space 33280K, 0% used [0x00000000d5b00000,0x00000000d5b00000,0x00000000d7b80000)
  from space 5120K, 99% used [0x00000000d7b80000,0x00000000d807e590,0x00000000d8080000)
  to   space 14848K, 0% used [0x00000000daa80000,0x00000000daa80000,0x00000000db900000)
 ParOldGen       total 87552K, used 14773K [0x0000000081000000, 0x0000000086580000, 0x00000000d5b00000)
  object space 87552K, 16% used [0x0000000081000000,0x0000000081e6d6c8,0x0000000086580000)
 Metaspace       used 19815K, capacity 20888K, committed 20992K, reserved 1067008K
  class space    used 2820K, capacity 3046K, committed 3072K, reserved 1048576K
}
Event: 4.263 GC heap before
{Heap before GC invocations=6 (full 0):
 PSYoungGen      total 38400K, used 19328K [0x00000000d5b00000, 0x00000000db900000, 0x0000000100000000)
  eden space 33280K, 42% used [0x00000000d5b00000,0x00000000d68e1d48,0x00000000d7b80000)
  from space 5120K, 99% used [0x00000000d7b80000,0x00000000d807e590,0x00000000d8080000)
  to   space 14848K, 0% used [0x00000000daa80000,0x00000000daa80000,0x00000000db900000)
 ParOldGen       total 87552K, used 14773K [0x0000000081000000, 0x0000000086580000, 0x00000000d5b00000)
  object space 87552K, 16% used [0x0000000081000000,0x0000000081e6d6c8,0x0000000086580000)
 Metaspace       used 20129K, capacity 21174K, committed 21296K, reserved 1067008K
  class space    used 2867K, capacity 3091K, committed 3200K, reserved 1048576K
Event: 4.303 GC heap after
Heap after GC invocations=6 (full 0):
 PSYoungGen      total 80384K, used 5657K [0x00000000d5b00000, 0x00000000db800000, 0x0000000100000000)
  eden space 66560K, 0% used [0x00000000d5b00000,0x00000000d5b00000,0x00000000d9c00000)
  from space 13824K, 40% used [0x00000000daa80000,0x00000000db006590,0x00000000db800000)
  to   space 14336K, 0% used [0x00000000d9c00000,0x00000000d9c00000,0x00000000daa00000)
 ParOldGen       total 87552K, used 14773K [0x0000000081000000, 0x0000000086580000, 0x00000000d5b00000)
  object space 87552K, 16% used [0x0000000081000000,0x0000000081e6d6c8,0x0000000086580000)
 Metaspace       used 20129K, capacity 21174K, committed 21296K, reserved 1067008K
  class space    used 2867K, capacity 3091K, committed 3200K, reserved 1048576K
}
Event: 4.303 GC heap before
{Heap before GC invocations=7 (full 1):
 PSYoungGen      total 80384K, used 5657K [0x00000000d5b00000, 0x00000000db800000, 0x0000000100000000)
  eden space 66560K, 0% used [0x00000000d5b00000,0x00000000d5b00000,0x00000000d9c00000)
  from space 13824K, 40% used [0x00000000daa80000,0x00000000db006590,0x00000000db800000)
  to   space 14336K, 0% used [0x00000000d9c00000,0x00000000d9c00000,0x00000000daa00000)
 ParOldGen       total 87552K, used 14773K [0x0000000081000000, 0x0000000086580000, 0x00000000d5b00000)
  object space 87552K, 16% used [0x0000000081000000,0x0000000081e6d6c8,0x0000000086580000)
 Metaspace       used 20129K, capacity 21174K, committed 21296K, reserved 1067008K
  class space    used 2867K, capacity 3091K, committed 3200K, reserved 1048576K
Event: 4.398 GC heap after
Heap after GC invocations=7 (full 1):
 PSYoungGen      total 80384K, used 0K [0x00000000d5b00000, 0x00000000db800000, 0x0000000100000000)
  eden space 66560K, 0% used [0x00000000d5b00000,0x00000000d5b00000,0x00000000d9c00000)
  from space 13824K, 0% used [0x00000000daa80000,0x00000000daa80000,0x00000000db800000)
  to   space 14336K, 0% used [0x00000000d9c00000,0x00000000d9c00000,0x00000000daa00000)
 ParOldGen       total 73216K, used 18343K [0x0000000081000000, 0x0000000085780000, 0x00000000d5b00000)
  object space 73216K, 25% used [0x0000000081000000,0x00000000821e9c70,0x0000000085780000)
 Metaspace       used 20129K, capacity 21174K, committed 21296K, reserved 1067008K
  class space    used 2867K, capacity 3091K, committed 3200K, reserved 1048576K
}

