# JRE version: Java(TM) SE Runtime Environment (8.0_151-b12) (build 1.8.0_151-b12)
# Java VM: Java HotSpot(TM) 64-Bit Server VM (25.151-b12 mixed mode windows-amd64 compressed oops)
Heap:
 PSYoungGen      total 134656K, used 39812K [0x00000000d5b00000, 0x00000000e0f00000, 0x0000000100000000)
  eden space 120832K, 24% used [0x00000000d5b00000,0x00000000d77c1750,0x00000000dd100000)
  from space 13824K, 74% used [0x00000000dd100000,0x00000000ddb1fa80,0x00000000dde80000)
  to   space 14848K, 0% used [0x00000000e0080000,0x00000000e0080000,0x00000000e0f00000)
 ParOldGen       total 72704K, used 16694K [0x0000000081000000, 0x0000000085700000, 0x00000000d5b00000)
  object space 72704K, 22% used [0x0000000081000000,0x000000008204d9f0,0x0000000085700000)
 Metaspace       used 26214K, capacity 28096K, committed 28288K, reserved 1073152K
  class space    used 3876K, capacity 4218K, committed 4224K, reserved 1048576K
GC Heap History (10 events):
Event: 2.278 GC heap before
{Heap before GC invocations=4 (full 0):
 PSYoungGen      total 38400K, used 38380K [0x00000000d5b00000, 0x00000000da600000, 0x0000000100000000)
  eden space 33280K, 100% used [0x00000000d5b00000,0x00000000d7b80000,0x00000000d7b80000)
  from space 5120K, 99% used [0x00000000d7b80000,0x00000000d807b188,0x00000000d8080000)
  to   space 5120K, 0% used [0x00000000da100000,0x00000000da100000,0x00000000da600000)
 ParOldGen       total 87552K, used 12517K [0x0000000081000000, 0x0000000086580000, 0x00000000d5b00000)
  object space 87552K, 14% used [0x0000000081000000,0x0000000081c396c8,0x0000000086580000)
 Metaspace       used 19915K, capacity 20862K, committed 20992K, reserved 1067008K
  class space    used 2868K, capacity 3061K, committed 3072K, reserved 1048576K
Event: 2.287 GC heap after
Heap after GC invocations=4 (full 0):
 PSYoungGen      total 71680K, used 5104K [0x00000000d5b00000, 0x00000000da600000, 0x0000000100000000)
  eden space 66560K, 0% used [0x00000000d5b00000,0x00000000d5b00000,0x00000000d9c00000)
  from space 5120K, 99% used [0x00000000da100000,0x00000000da5fc1a0,0x00000000da600000)
  to   space 5120K, 0% used [0x00000000d9c00000,0x00000000d9c00000,0x00000000da100000)
 ParOldGen       total 87552K, used 13592K [0x0000000081000000, 0x0000000086580000, 0x00000000d5b00000)
  object space 87552K, 15% used [0x0000000081000000,0x0000000081d461c8,0x0000000086580000)
 Metaspace       used 19915K, capacity 20862K, committed 20992K, reserved 1067008K
  class space    used 2868K, capacity 3061K, committed 3072K, reserved 1048576K
}
Event: 2.407 GC heap before
{Heap before GC invocations=5 (full 0):
 PSYoungGen      total 71680K, used 28150K [0x00000000d5b00000, 0x00000000da600000, 0x0000000100000000)
  eden space 66560K, 34% used [0x00000000d5b00000,0x00000000d7181678,0x00000000d9c00000)
  from space 5120K, 99% used [0x00000000da100000,0x00000000da5fc1a0,0x00000000da600000)
  to   space 5120K, 0% used [0x00000000d9c00000,0x00000000d9c00000,0x00000000da100000)
 ParOldGen       total 87552K, used 13592K [0x0000000081000000, 0x0000000086580000, 0x00000000d5b00000)
  object space 87552K, 15% used [0x0000000081000000,0x0000000081d461c8,0x0000000086580000)
 Metaspace       used 20313K, capacity 21260K, committed 21296K, reserved 1067008K
  class space    used 2955K, capacity 3166K, committed 3200K, reserved 1048576K
Event: 2.416 GC heap after
Heap after GC invocations=5 (full 0):
 PSYoungGen      total 71680K, used 5113K [0x00000000d5b00000, 0x00000000df700000, 0x0000000100000000)
  eden space 66560K, 0% used [0x00000000d5b00000,0x00000000d5b00000,0x00000000d9c00000)
  from space 5120K, 99% used [0x00000000d9c00000,0x00000000da0fe560,0x00000000da100000)
  to   space 13312K, 0% used [0x00000000dea00000,0x00000000dea00000,0x00000000df700000)
 ParOldGen       total 87552K, used 13903K [0x0000000081000000, 0x0000000086580000, 0x00000000d5b00000)
  object space 87552K, 15% used [0x0000000081000000,0x0000000081d93e18,0x0000000086580000)
 Metaspace       used 20313K, capacity 21260K, committed 21296K, reserved 1067008K
  class space    used 2955K, capacity 3166K, committed 3200K, reserved 1048576K
}
Event: 2.416 GC heap before
{Heap before GC invocations=6 (full 1):
 PSYoungGen      total 71680K, used 5113K [0x00000000d5b00000, 0x00000000df700000, 0x0000000100000000)
  eden space 66560K, 0% used [0x00000000d5b00000,0x00000000d5b00000,0x00000000d9c00000)
  from space 5120K, 99% used [0x00000000d9c00000,0x00000000da0fe560,0x00000000da100000)
  to   space 13312K, 0% used [0x00000000dea00000,0x00000000dea00000,0x00000000df700000)
 ParOldGen       total 87552K, used 13903K [0x0000000081000000, 0x0000000086580000, 0x00000000d5b00000)
  object space 87552K, 15% used [0x0000000081000000,0x0000000081d93e18,0x0000000086580000)
 Metaspace       used 20313K, capacity 21260K, committed 21296K, reserved 1067008K
  class space    used 2955K, capacity 3166K, committed 3200K, reserved 1048576K
Event: 2.460 GC heap after
Heap after GC invocations=6 (full 1):
 PSYoungGen      total 71680K, used 0K [0x00000000d5b00000, 0x00000000df700000, 0x0000000100000000)
  eden space 66560K, 0% used [0x00000000d5b00000,0x00000000d5b00000,0x00000000d9c00000)
  from space 5120K, 0% used [0x00000000d9c00000,0x00000000d9c00000,0x00000000da100000)
  to   space 13312K, 0% used [0x00000000dea00000,0x00000000dea00000,0x00000000df700000)
 ParOldGen       total 72704K, used 16678K [0x0000000081000000, 0x0000000085700000, 0x00000000d5b00000)
  object space 72704K, 22% used [0x0000000081000000,0x00000000820499f0,0x0000000085700000)
 Metaspace       used 20313K, capacity 21260K, committed 21296K, reserved 1067008K
  class space    used 2955K, capacity 3166K, committed 3200K, reserved 1048576K
}
Event: 2.877 GC heap before
{Heap before GC invocations=7 (full 1):
 PSYoungGen      total 71680K, used 66560K [0x00000000d5b00000, 0x00000000df700000, 0x0000000100000000)
  eden space 66560K, 100% used [0x00000000d5b00000,0x00000000d9c00000,0x00000000d9c00000)
  from space 5120K, 0% used [0x00000000d9c00000,0x00000000d9c00000,0x00000000da100000)
  to   space 13312K, 0% used [0x00000000dea00000,0x00000000dea00000,0x00000000df700000)
 ParOldGen       total 72704K, used 16678K [0x0000000081000000, 0x0000000085700000, 0x00000000d5b00000)
  object space 72704K, 22% used [0x0000000081000000,0x00000000820499f0,0x0000000085700000)
 Metaspace       used 20970K, capacity 22074K, committed 22272K, reserved 1069056K
  class space    used 3095K, capacity 3307K, committed 3328K, reserved 1048576K
Event: 2.880 GC heap after
Heap after GC invocations=7 (full 1):
 PSYoungGen      total 104448K, used 1915K [0x00000000d5b00000, 0x00000000dec00000, 0x0000000100000000)
  eden space 102400K, 0% used [0x00000000d5b00000,0x00000000d5b00000,0x00000000dbf00000)
  from space 2048K, 93% used [0x00000000dea00000,0x00000000debdef00,0x00000000dec00000)
  to   space 13824K, 0% used [0x00000000dd100000,0x00000000dd100000,0x00000000dde80000)
 ParOldGen       total 72704K, used 16686K [0x0000000081000000, 0x0000000085700000, 0x00000000d5b00000)
  object space 72704K, 22% used [0x0000000081000000,0x000000008204b9f0,0x0000000085700000)
 Metaspace       used 20970K, capacity 22074K, committed 22272K, reserved 1069056K
  class space    used 3095K, capacity 3307K, committed 3328K, reserved 1048576K
}
Event: 4.147 GC heap before
{Heap before GC invocations=8 (full 1):
 PSYoungGen      total 104448K, used 104315K [0x00000000d5b00000, 0x00000000dec00000, 0x0000000100000000)
  eden space 102400K, 100% used [0x00000000d5b00000,0x00000000dbf00000,0x00000000dbf00000)
  from space 2048K, 93% used [0x00000000dea00000,0x00000000debdef00,0x00000000dec00000)
  to   space 13824K, 0% used [0x00000000dd100000,0x00000000dd100000,0x00000000dde80000)
 ParOldGen       total 72704K, used 16686K [0x0000000081000000, 0x0000000085700000, 0x00000000d5b00000)
  object space 72704K, 22% used [0x0000000081000000,0x000000008204b9f0,0x0000000085700000)
 Metaspace       used 24308K, capacity 25988K, committed 26240K, reserved 1071104K
  class space    used 3670K, capacity 3950K, committed 3968K, reserved 1048576K
Event: 4.163 GC heap after
Heap after GC invocations=8 (full 1):
 PSYoungGen      total 134656K, used 10366K [0x00000000d5b00000, 0x00000000e0f00000, 0x0000000100000000)
  eden space 120832K, 0% used [0x00000000d5b00000,0x00000000d5b00000,0x00000000dd100000)
  from space 13824K, 74% used [0x00000000dd100000,0x00000000ddb1fa80,0x00000000dde80000)
  to   space 14848K, 0% used [0x00000000e0080000,0x00000000e0080000,0x00000000e0f00000)
 ParOldGen       total 72704K, used 16694K [0x0000000081000000, 0x0000000085700000, 0x00000000d5b00000)
  object space 72704K, 22% used [0x0000000081000000,0x000000008204d9f0,0x0000000085700000)
 Metaspace       used 24308K, capacity 25988K, committed 26240K, reserved 1071104K
  class space    used 3670K, capacity 3950K, committed 3968K, reserved 1048576K
}

