# JRE version: Java(TM) SE Runtime Environment (8.0_151-b12) (build 1.8.0_151-b12)
# Java VM: Java HotSpot(TM) 64-Bit Server VM (25.151-b12 mixed mode windows-amd64 compressed oops)
Heap:
 PSYoungGen      total 64000K, used 30505K [0x00000000d5b00000, 0x00000000db480000, 0x0000000100000000)
  eden space 50176K, 33% used [0x00000000d5b00000,0x00000000d6b51f88,0x00000000d8c00000)
  from space 13824K, 99% used [0x00000000d9e80000,0x00000000dabf85a0,0x00000000dac00000)
  to   space 18944K, 0% used [0x00000000d8c00000,0x00000000d8c00000,0x00000000d9e80000)
 ParOldGen       total 80896K, used 25438K [0x0000000081000000, 0x0000000085f00000, 0x00000000d5b00000)
  object space 80896K, 31% used [0x0000000081000000,0x00000000828d7810,0x0000000085f00000)
 Metaspace       used 30014K, capacity 32000K, committed 32128K, reserved 1077248K
  class space    used 4305K, capacity 4660K, committed 4736K, reserved 1048576K
GC Heap History (10 events):
Event: 10.305 GC heap before
{Heap before GC invocations=7 (full 1):
 PSYoungGen      total 37888K, used 32768K [0x00000000d5b00000, 0x00000000d9500000, 0x0000000100000000)
  eden space 32768K, 100% used [0x00000000d5b00000,0x00000000d7b00000,0x00000000d7b00000)
  from space 5120K, 0% used [0x00000000d7b80000,0x00000000d7b80000,0x00000000d8080000)
  to   space 13312K, 0% used [0x00000000d8800000,0x00000000d8800000,0x00000000d9500000)
 ParOldGen       total 80896K, used 18096K [0x0000000081000000, 0x0000000085f00000, 0x00000000d5b00000)
  object space 80896K, 22% used [0x0000000081000000,0x00000000821ac3e0,0x0000000085f00000)
 Metaspace       used 20346K, capacity 21472K, committed 21680K, reserved 1067008K
  class space    used 3006K, capacity 3240K, committed 3328K, reserved 1048576K
Event: 10.309 GC heap after
Heap after GC invocations=7 (full 1):
 PSYoungGen      total 45568K, used 724K [0x00000000d5b00000, 0x00000000da200000, 0x0000000100000000)
  eden space 32256K, 0% used [0x00000000d5b00000,0x00000000d5b00000,0x00000000d7a80000)
  from space 13312K, 5% used [0x00000000d8800000,0x00000000d88b52a0,0x00000000d9500000)
  to   space 13824K, 0% used [0x00000000d7a80000,0x00000000d7a80000,0x00000000d8800000)
 ParOldGen       total 80896K, used 18104K [0x0000000081000000, 0x0000000085f00000, 0x00000000d5b00000)
  object space 80896K, 22% used [0x0000000081000000,0x00000000821ae3e0,0x0000000085f00000)
 Metaspace       used 20346K, capacity 21472K, committed 21680K, reserved 1067008K
  class space    used 3006K, capacity 3240K, committed 3328K, reserved 1048576K
}
Event: 10.952 GC heap before
{Heap before GC invocations=8 (full 1):
 PSYoungGen      total 45568K, used 32980K [0x00000000d5b00000, 0x00000000da200000, 0x0000000100000000)
  eden space 32256K, 100% used [0x00000000d5b00000,0x00000000d7a80000,0x00000000d7a80000)
  from space 13312K, 5% used [0x00000000d8800000,0x00000000d88b52a0,0x00000000d9500000)
  to   space 13824K, 0% used [0x00000000d7a80000,0x00000000d7a80000,0x00000000d8800000)
 ParOldGen       total 80896K, used 18104K [0x0000000081000000, 0x0000000085f00000, 0x00000000d5b00000)
  object space 80896K, 22% used [0x0000000081000000,0x00000000821ae3e0,0x0000000085f00000)
 Metaspace       used 20426K, capacity 21492K, committed 21680K, reserved 1067008K
  class space    used 3007K, capacity 3242K, committed 3328K, reserved 1048576K
Event: 10.954 GC heap after
Heap after GC invocations=8 (full 1):
 PSYoungGen      total 46080K, used 1211K [0x00000000d5b00000, 0x00000000da000000, 0x0000000100000000)
  eden space 32256K, 0% used [0x00000000d5b00000,0x00000000d5b00000,0x00000000d7a80000)
  from space 13824K, 8% used [0x00000000d7a80000,0x00000000d7baeef0,0x00000000d8800000)
  to   space 13824K, 0% used [0x00000000d9280000,0x00000000d9280000,0x00000000da000000)
 ParOldGen       total 80896K, used 18112K [0x0000000081000000, 0x0000000085f00000, 0x00000000d5b00000)
  object space 80896K, 22% used [0x0000000081000000,0x00000000821b03e0,0x0000000085f00000)
 Metaspace       used 20426K, capacity 21492K, committed 21680K, reserved 1067008K
  class space    used 3007K, capacity 3242K, committed 3328K, reserved 1048576K
}
Event: 11.555 GC heap before
{Heap before GC invocations=9 (full 1):
 PSYoungGen      total 46080K, used 33467K [0x00000000d5b00000, 0x00000000da000000, 0x0000000100000000)
  eden space 32256K, 100% used [0x00000000d5b00000,0x00000000d7a80000,0x00000000d7a80000)
  from space 13824K, 8% used [0x00000000d7a80000,0x00000000d7baeef0,0x00000000d8800000)
  to   space 13824K, 0% used [0x00000000d9280000,0x00000000d9280000,0x00000000da000000)
 ParOldGen       total 80896K, used 18112K [0x0000000081000000, 0x0000000085f00000, 0x00000000d5b00000)
  object space 80896K, 22% used [0x0000000081000000,0x00000000821b03e0,0x0000000085f00000)
 Metaspace       used 20487K, capacity 21620K, committed 21760K, reserved 1067008K
  class space    used 3013K, capacity 3252K, committed 3328K, reserved 1048576K
Event: 11.560 GC heap after
Heap after GC invocations=9 (full 1):
 PSYoungGen      total 56832K, used 2064K [0x00000000d5b00000, 0x00000000da100000, 0x0000000100000000)
  eden space 43008K, 0% used [0x00000000d5b00000,0x00000000d5b00000,0x00000000d8500000)
  from space 13824K, 14% used [0x00000000d9280000,0x00000000d9484190,0x00000000da000000)
  to   space 13824K, 0% used [0x00000000d8500000,0x00000000d8500000,0x00000000d9280000)
 ParOldGen       total 80896K, used 18120K [0x0000000081000000, 0x0000000085f00000, 0x00000000d5b00000)
  object space 80896K, 22% used [0x0000000081000000,0x00000000821b23e0,0x0000000085f00000)
 Metaspace       used 20487K, capacity 21620K, committed 21760K, reserved 1067008K
  class space    used 3013K, capacity 3252K, committed 3328K, reserved 1048576K
}
Event: 14.168 GC heap before
{Heap before GC invocations=10 (full 1):
 PSYoungGen      total 56832K, used 45072K [0x00000000d5b00000, 0x00000000da100000, 0x0000000100000000)
  eden space 43008K, 100% used [0x00000000d5b00000,0x00000000d8500000,0x00000000d8500000)
  from space 13824K, 14% used [0x00000000d9280000,0x00000000d9484190,0x00000000da000000)
  to   space 13824K, 0% used [0x00000000d8500000,0x00000000d8500000,0x00000000d9280000)
 ParOldGen       total 80896K, used 18120K [0x0000000081000000, 0x0000000085f00000, 0x00000000d5b00000)
  object space 80896K, 22% used [0x0000000081000000,0x00000000821b23e0,0x0000000085f00000)
 Metaspace       used 23712K, capacity 25404K, committed 25728K, reserved 1071104K
  class space    used 3581K, capacity 3884K, committed 3968K, reserved 1048576K
Event: 14.216 GC heap after
Heap after GC invocations=10 (full 1):
 PSYoungGen      total 56832K, used 7856K [0x00000000d5b00000, 0x00000000dac00000, 0x0000000100000000)
  eden space 43008K, 0% used [0x00000000d5b00000,0x00000000d5b00000,0x00000000d8500000)
  from space 13824K, 56% used [0x00000000d8500000,0x00000000d8cac190,0x00000000d9280000)
  to   space 13824K, 0% used [0x00000000d9e80000,0x00000000d9e80000,0x00000000dac00000)
 ParOldGen       total 80896K, used 18128K [0x0000000081000000, 0x0000000085f00000, 0x00000000d5b00000)
  object space 80896K, 22% used [0x0000000081000000,0x00000000821b43e0,0x0000000085f00000)
 Metaspace       used 23712K, capacity 25404K, committed 25728K, reserved 1071104K
  class space    used 3581K, capacity 3884K, committed 3968K, reserved 1048576K
}
Event: 33.113 GC heap before
{Heap before GC invocations=11 (full 1):
 PSYoungGen      total 56832K, used 50864K [0x00000000d5b00000, 0x00000000dac00000, 0x0000000100000000)
  eden space 43008K, 100% used [0x00000000d5b00000,0x00000000d8500000,0x00000000d8500000)
  from space 13824K, 56% used [0x00000000d8500000,0x00000000d8cac190,0x00000000d9280000)
  to   space 13824K, 0% used [0x00000000d9e80000,0x00000000d9e80000,0x00000000dac00000)
 ParOldGen       total 80896K, used 18128K [0x0000000081000000, 0x0000000085f00000, 0x00000000d5b00000)
  object space 80896K, 22% used [0x0000000081000000,0x00000000821b43e0,0x0000000085f00000)
 Metaspace       used 28418K, capacity 30384K, committed 30592K, reserved 1075200K
  class space    used 4093K, capacity 4444K, committed 4480K, reserved 1048576K
Event: 33.143 GC heap after
Heap after GC invocations=11 (full 1):
 PSYoungGen      total 64000K, used 13793K [0x00000000d5b00000, 0x00000000db480000, 0x0000000100000000)
  eden space 50176K, 0% used [0x00000000d5b00000,0x00000000d5b00000,0x00000000d8c00000)
  from space 13824K, 99% used [0x00000000d9e80000,0x00000000dabf85a0,0x00000000dac00000)
  to   space 18944K, 0% used [0x00000000d8c00000,0x00000000d8c00000,0x00000000d9e80000)
 ParOldGen       total 80896K, used 25438K [0x0000000081000000, 0x0000000085f00000, 0x00000000d5b00000)
  object space 80896K, 31% used [0x0000000081000000,0x00000000828d7810,0x0000000085f00000)
 Metaspace       used 28418K, capacity 30384K, committed 30592K, reserved 1075200K
  class space    used 4093K, capacity 4444K, committed 4480K, reserved 1048576K
}

