# JRE version: Java(TM) SE Runtime Environment (8.0_151-b12) (build 1.8.0_151-b12)
# Java VM: Java HotSpot(TM) 64-Bit Server VM (25.151-b12 mixed mode windows-amd64 compressed oops)
Heap:
 PSYoungGen      total 114688K, used 91871K [0x00000000d5b00000, 0x00000000deb80000, 0x0000000100000000)
  eden space 110592K, 79% used [0x00000000d5b00000,0x00000000db0e6cf0,0x00000000dc700000)
  from space 4096K, 95% used [0x00000000de780000,0x00000000deb50f10,0x00000000deb80000)
  to   space 10240K, 0% used [0x00000000dd780000,0x00000000dd780000,0x00000000de180000)
 ParOldGen       total 71168K, used 18653K [0x0000000081000000, 0x0000000085580000, 0x00000000d5b00000)
  object space 71168K, 26% used [0x0000000081000000,0x0000000082237518,0x0000000085580000)
 Metaspace       used 26368K, capacity 28218K, committed 28288K, reserved 1073152K
  class space    used 3893K, capacity 4220K, committed 4224K, reserved 1048576K
GC Heap History (10 events):
Event: 2.035 GC heap before
{Heap before GC invocations=3 (full 0):
 PSYoungGen      total 38400K, used 38377K [0x00000000d5b00000, 0x00000000da600000, 0x0000000100000000)
  eden space 33280K, 100% used [0x00000000d5b00000,0x00000000d7b80000,0x00000000d7b80000)
  from space 5120K, 99% used [0x00000000d8080000,0x00000000d857a5a0,0x00000000d8580000)
  to   space 5120K, 0% used [0x00000000d7b80000,0x00000000d7b80000,0x00000000d8080000)
 ParOldGen       total 87552K, used 12170K [0x0000000081000000, 0x0000000086580000, 0x00000000d5b00000)
  object space 87552K, 13% used [0x0000000081000000,0x0000000081be2b90,0x0000000086580000)
 Metaspace       used 19712K, capacity 20582K, committed 20736K, reserved 1067008K
  class space    used 2836K, capacity 3048K, committed 3072K, reserved 1048576K
Event: 2.040 GC heap after
Heap after GC invocations=3 (full 0):
 PSYoungGen      total 38400K, used 4464K [0x00000000d5b00000, 0x00000000da600000, 0x0000000100000000)
  eden space 33280K, 0% used [0x00000000d5b00000,0x00000000d5b00000,0x00000000d7b80000)
  from space 5120K, 87% used [0x00000000d7b80000,0x00000000d7fdc090,0x00000000d8080000)
  to   space 5120K, 0% used [0x00000000da100000,0x00000000da100000,0x00000000da600000)
 ParOldGen       total 87552K, used 13900K [0x0000000081000000, 0x0000000086580000, 0x00000000d5b00000)
  object space 87552K, 15% used [0x0000000081000000,0x0000000081d930a0,0x0000000086580000)
 Metaspace       used 19712K, capacity 20582K, committed 20736K, reserved 1067008K
  class space    used 2836K, capacity 3048K, committed 3072K, reserved 1048576K
}
Event: 2.246 GC heap before
{Heap before GC invocations=4 (full 0):
 PSYoungGen      total 38400K, used 37744K [0x00000000d5b00000, 0x00000000da600000, 0x0000000100000000)
  eden space 33280K, 100% used [0x00000000d5b00000,0x00000000d7b80000,0x00000000d7b80000)
  from space 5120K, 87% used [0x00000000d7b80000,0x00000000d7fdc090,0x00000000d8080000)
  to   space 5120K, 0% used [0x00000000da100000,0x00000000da100000,0x00000000da600000)
 ParOldGen       total 87552K, used 13900K [0x0000000081000000, 0x0000000086580000, 0x00000000d5b00000)
  object space 87552K, 15% used [0x0000000081000000,0x0000000081d930a0,0x0000000086580000)
 Metaspace       used 20021K, capacity 20938K, committed 21120K, reserved 1067008K
  class space    used 2892K, capacity 3102K, committed 3200K, reserved 1048576K
Event: 2.254 GC heap after
Heap after GC invocations=4 (full 0):
 PSYoungGen      total 71680K, used 4983K [0x00000000d5b00000, 0x00000000da600000, 0x0000000100000000)
  eden space 66560K, 0% used [0x00000000d5b00000,0x00000000d5b00000,0x00000000d9c00000)
  from space 5120K, 97% used [0x00000000da100000,0x00000000da5ddce0,0x00000000da600000)
  to   space 5120K, 0% used [0x00000000d9c00000,0x00000000d9c00000,0x00000000da100000)
 ParOldGen       total 87552K, used 13908K [0x0000000081000000, 0x0000000086580000, 0x00000000d5b00000)
  object space 87552K, 15% used [0x0000000081000000,0x0000000081d950a0,0x0000000086580000)
 Metaspace       used 20021K, capacity 20938K, committed 21120K, reserved 1067008K
  class space    used 2892K, capacity 3102K, committed 3200K, reserved 1048576K
}
Event: 2.291 GC heap before
{Heap before GC invocations=5 (full 0):
 PSYoungGen      total 71680K, used 10238K [0x00000000d5b00000, 0x00000000da600000, 0x0000000100000000)
  eden space 66560K, 7% used [0x00000000d5b00000,0x00000000d6021d50,0x00000000d9c00000)
  from space 5120K, 97% used [0x00000000da100000,0x00000000da5ddce0,0x00000000da600000)
  to   space 5120K, 0% used [0x00000000d9c00000,0x00000000d9c00000,0x00000000da100000)
 ParOldGen       total 87552K, used 13908K [0x0000000081000000, 0x0000000086580000, 0x00000000d5b00000)
  object space 87552K, 15% used [0x0000000081000000,0x0000000081d950a0,0x0000000086580000)
 Metaspace       used 20281K, capacity 21262K, committed 21296K, reserved 1067008K
  class space    used 2956K, capacity 3168K, committed 3200K, reserved 1048576K
Event: 2.301 GC heap after
Heap after GC invocations=5 (full 0):
 PSYoungGen      total 71680K, used 5033K [0x00000000d5b00000, 0x00000000df200000, 0x0000000100000000)
  eden space 66560K, 0% used [0x00000000d5b00000,0x00000000d5b00000,0x00000000d9c00000)
  from space 5120K, 98% used [0x00000000d9c00000,0x00000000da0ea760,0x00000000da100000)
  to   space 10752K, 0% used [0x00000000de780000,0x00000000de780000,0x00000000df200000)
 ParOldGen       total 87552K, used 13916K [0x0000000081000000, 0x0000000086580000, 0x00000000d5b00000)
  object space 87552K, 15% used [0x0000000081000000,0x0000000081d970a0,0x0000000086580000)
 Metaspace       used 20281K, capacity 21262K, committed 21296K, reserved 1067008K
  class space    used 2956K, capacity 3168K, committed 3200K, reserved 1048576K
}
Event: 2.301 GC heap before
{Heap before GC invocations=6 (full 1):
 PSYoungGen      total 71680K, used 5033K [0x00000000d5b00000, 0x00000000df200000, 0x0000000100000000)
  eden space 66560K, 0% used [0x00000000d5b00000,0x00000000d5b00000,0x00000000d9c00000)
  from space 5120K, 98% used [0x00000000d9c00000,0x00000000da0ea760,0x00000000da100000)
  to   space 10752K, 0% used [0x00000000de780000,0x00000000de780000,0x00000000df200000)
 ParOldGen       total 87552K, used 13916K [0x0000000081000000, 0x0000000086580000, 0x00000000d5b00000)
  object space 87552K, 15% used [0x0000000081000000,0x0000000081d970a0,0x0000000086580000)
 Metaspace       used 20281K, capacity 21262K, committed 21296K, reserved 1067008K
  class space    used 2956K, capacity 3168K, committed 3200K, reserved 1048576K
Event: 2.363 GC heap after
Heap after GC invocations=6 (full 1):
 PSYoungGen      total 71680K, used 0K [0x00000000d5b00000, 0x00000000df200000, 0x0000000100000000)
  eden space 66560K, 0% used [0x00000000d5b00000,0x00000000d5b00000,0x00000000d9c00000)
  from space 5120K, 0% used [0x00000000d9c00000,0x00000000d9c00000,0x00000000da100000)
  to   space 10752K, 0% used [0x00000000de780000,0x00000000de780000,0x00000000df200000)
 ParOldGen       total 71168K, used 18653K [0x0000000081000000, 0x0000000085580000, 0x00000000d5b00000)
  object space 71168K, 26% used [0x0000000081000000,0x0000000082237518,0x0000000085580000)
 Metaspace       used 20281K, capacity 21262K, committed 21296K, reserved 1067008K
  class space    used 2956K, capacity 3168K, committed 3200K, reserved 1048576K
}
Event: 2.861 GC heap before
{Heap before GC invocations=7 (full 1):
 PSYoungGen      total 71680K, used 66560K [0x00000000d5b00000, 0x00000000df200000, 0x0000000100000000)
  eden space 66560K, 100% used [0x00000000d5b00000,0x00000000d9c00000,0x00000000d9c00000)
  from space 5120K, 0% used [0x00000000d9c00000,0x00000000d9c00000,0x00000000da100000)
  to   space 10752K, 0% used [0x00000000de780000,0x00000000de780000,0x00000000df200000)
 ParOldGen       total 71168K, used 18653K [0x0000000081000000, 0x0000000085580000, 0x00000000d5b00000)
  object space 71168K, 26% used [0x0000000081000000,0x0000000082237518,0x0000000085580000)
 Metaspace       used 21131K, capacity 22252K, committed 22400K, reserved 1069056K
  class space    used 3114K, capacity 3343K, committed 3456K, reserved 1048576K
Event: 2.872 GC heap after
Heap after GC invocations=7 (full 1):
 PSYoungGen      total 114688K, used 3907K [0x00000000d5b00000, 0x00000000deb80000, 0x0000000100000000)
  eden space 110592K, 0% used [0x00000000d5b00000,0x00000000d5b00000,0x00000000dc700000)
  from space 4096K, 95% used [0x00000000de780000,0x00000000deb50f10,0x00000000deb80000)
  to   space 10240K, 0% used [0x00000000dd780000,0x00000000dd780000,0x00000000de180000)
 ParOldGen       total 71168K, used 18653K [0x0000000081000000, 0x0000000085580000, 0x00000000d5b00000)
  object space 71168K, 26% used [0x0000000081000000,0x0000000082237518,0x0000000085580000)
 Metaspace       used 21131K, capacity 22252K, committed 22400K, reserved 1069056K
  class space    used 3114K, capacity 3343K, committed 3456K, reserved 1048576K
}

