# JRE version: Java(TM) SE Runtime Environment (8.0_121-b13) (build 1.8.0_121-b13)
# Java VM: Java HotSpot(TM) 64-Bit Server VM (25.121-b13 mixed mode windows-amd64 compressed oops)
Heap:
 PSYoungGen      total 97280K, used 34197K [0x00000000d5b00000, 0x00000000df700000, 0x0000000100000000)
  eden space 83968K, 24% used [0x00000000d5b00000,0x00000000d6f6bfe8,0x00000000dad00000)
  from space 13312K, 99% used [0x00000000dea00000,0x00000000df6f9750,0x00000000df700000)
  to   space 16896K, 0% used [0x00000000dd600000,0x00000000dd600000,0x00000000de680000)
 ParOldGen       total 82944K, used 21090K [0x0000000081000000, 0x0000000086100000, 0x00000000d5b00000)
  object space 82944K, 25% used [0x0000000081000000,0x0000000082498b78,0x0000000086100000)
 Metaspace       used 30610K, capacity 32528K, committed 32896K, reserved 1077248K
  class space    used 4297K, capacity 4618K, committed 4736K, reserved 1048576K
GC Heap History (10 events):
Event: 1.469 GC heap before
{Heap before GC invocations=3 (full 0):
 PSYoungGen      total 38400K, used 38386K [0x00000000d5b00000, 0x00000000da600000, 0x0000000100000000)
  eden space 33280K, 100% used [0x00000000d5b00000,0x00000000d7b80000,0x00000000d7b80000)
  from space 5120K, 99% used [0x00000000d8080000,0x00000000d857cb00,0x00000000d8580000)
  to   space 5120K, 0% used [0x00000000d7b80000,0x00000000d7b80000,0x00000000d8080000)
 ParOldGen       total 87552K, used 9027K [0x0000000081000000, 0x0000000086580000, 0x00000000d5b00000)
  object space 87552K, 10% used [0x0000000081000000,0x00000000818d0f38,0x0000000086580000)
 Metaspace       used 16780K, capacity 17710K, committed 17920K, reserved 1064960K
  class space    used 2484K, capacity 2715K, committed 2816K, reserved 1048576K
Event: 1.475 GC heap after
Heap after GC invocations=3 (full 0):
 PSYoungGen      total 38400K, used 5104K [0x00000000d5b00000, 0x00000000da600000, 0x0000000100000000)
  eden space 33280K, 0% used [0x00000000d5b00000,0x00000000d5b00000,0x00000000d7b80000)
  from space 5120K, 99% used [0x00000000d7b80000,0x00000000d807c090,0x00000000d8080000)
  to   space 5120K, 0% used [0x00000000da100000,0x00000000da100000,0x00000000da600000)
 ParOldGen       total 87552K, used 10381K [0x0000000081000000, 0x0000000086580000, 0x00000000d5b00000)
  object space 87552K, 11% used [0x0000000081000000,0x0000000081a23650,0x0000000086580000)
 Metaspace       used 16780K, capacity 17710K, committed 17920K, reserved 1064960K
  class space    used 2484K, capacity 2715K, committed 2816K, reserved 1048576K
}
Event: 1.763 GC heap before
{Heap before GC invocations=4 (full 0):
 PSYoungGen      total 38400K, used 38384K [0x00000000d5b00000, 0x00000000da600000, 0x0000000100000000)
  eden space 33280K, 100% used [0x00000000d5b00000,0x00000000d7b80000,0x00000000d7b80000)
  from space 5120K, 99% used [0x00000000d7b80000,0x00000000d807c090,0x00000000d8080000)
  to   space 5120K, 0% used [0x00000000da100000,0x00000000da100000,0x00000000da600000)
 ParOldGen       total 87552K, used 10381K [0x0000000081000000, 0x0000000086580000, 0x00000000d5b00000)
  object space 87552K, 11% used [0x0000000081000000,0x0000000081a23650,0x0000000086580000)
 Metaspace       used 17053K, capacity 18026K, committed 18176K, reserved 1064960K
  class space    used 2517K, capacity 2733K, committed 2816K, reserved 1048576K
Event: 1.772 GC heap after
Heap after GC invocations=4 (full 0):
 PSYoungGen      total 71680K, used 5104K [0x00000000d5b00000, 0x00000000da600000, 0x0000000100000000)
  eden space 66560K, 0% used [0x00000000d5b00000,0x00000000d5b00000,0x00000000d9c00000)
  from space 5120K, 99% used [0x00000000da100000,0x00000000da5fc060,0x00000000da600000)
  to   space 5120K, 0% used [0x00000000d9c00000,0x00000000d9c00000,0x00000000da100000)
 ParOldGen       total 87552K, used 11219K [0x0000000081000000, 0x0000000086580000, 0x00000000d5b00000)
  object space 87552K, 12% used [0x0000000081000000,0x0000000081af4cd8,0x0000000086580000)
 Metaspace       used 17053K, capacity 18026K, committed 18176K, reserved 1064960K
  class space    used 2517K, capacity 2733K, committed 2816K, reserved 1048576K
}
Event: 2.498 GC heap before
{Heap before GC invocations=5 (full 0):
 PSYoungGen      total 71680K, used 57074K [0x00000000d5b00000, 0x00000000da600000, 0x0000000100000000)
  eden space 66560K, 78% used [0x00000000d5b00000,0x00000000d8dc0940,0x00000000d9c00000)
  from space 5120K, 99% used [0x00000000da100000,0x00000000da5fc060,0x00000000da600000)
  to   space 5120K, 0% used [0x00000000d9c00000,0x00000000d9c00000,0x00000000da100000)
 ParOldGen       total 87552K, used 11219K [0x0000000081000000, 0x0000000086580000, 0x00000000d5b00000)
  object space 87552K, 12% used [0x0000000081000000,0x0000000081af4cd8,0x0000000086580000)
 Metaspace       used 19619K, capacity 21116K, committed 21248K, reserved 1067008K
  class space    used 2943K, capacity 3218K, committed 3328K, reserved 1048576K
Event: 2.509 GC heap after
Heap after GC invocations=5 (full 0):
 PSYoungGen      total 71680K, used 5104K [0x00000000d5b00000, 0x00000000df700000, 0x0000000100000000)
  eden space 66560K, 0% used [0x00000000d5b00000,0x00000000d5b00000,0x00000000d9c00000)
  from space 5120K, 99% used [0x00000000d9c00000,0x00000000da0fc040,0x00000000da100000)
  to   space 13312K, 0% used [0x00000000dea00000,0x00000000dea00000,0x00000000df700000)
 ParOldGen       total 87552K, used 13762K [0x0000000081000000, 0x0000000086580000, 0x00000000d5b00000)
  object space 87552K, 15% used [0x0000000081000000,0x0000000081d70b98,0x0000000086580000)
 Metaspace       used 19619K, capacity 21116K, committed 21248K, reserved 1067008K
  class space    used 2943K, capacity 3218K, committed 3328K, reserved 1048576K
}
Event: 2.509 GC heap before
{Heap before GC invocations=6 (full 1):
 PSYoungGen      total 71680K, used 5104K [0x00000000d5b00000, 0x00000000df700000, 0x0000000100000000)
  eden space 66560K, 0% used [0x00000000d5b00000,0x00000000d5b00000,0x00000000d9c00000)
  from space 5120K, 99% used [0x00000000d9c00000,0x00000000da0fc040,0x00000000da100000)
  to   space 13312K, 0% used [0x00000000dea00000,0x00000000dea00000,0x00000000df700000)
 ParOldGen       total 87552K, used 13762K [0x0000000081000000, 0x0000000086580000, 0x00000000d5b00000)
  object space 87552K, 15% used [0x0000000081000000,0x0000000081d70b98,0x0000000086580000)
 Metaspace       used 19619K, capacity 21116K, committed 21248K, reserved 1067008K
  class space    used 2943K, capacity 3218K, committed 3328K, reserved 1048576K
Event: 2.607 GC heap after
Heap after GC invocations=6 (full 1):
 PSYoungGen      total 71680K, used 0K [0x00000000d5b00000, 0x00000000df700000, 0x0000000100000000)
  eden space 66560K, 0% used [0x00000000d5b00000,0x00000000d5b00000,0x00000000d9c00000)
  from space 5120K, 0% used [0x00000000d9c00000,0x00000000d9c00000,0x00000000da100000)
  to   space 13312K, 0% used [0x00000000dea00000,0x00000000dea00000,0x00000000df700000)
 ParOldGen       total 82944K, used 18388K [0x0000000081000000, 0x0000000086100000, 0x00000000d5b00000)
  object space 82944K, 22% used [0x0000000081000000,0x00000000821f50a8,0x0000000086100000)
 Metaspace       used 19619K, capacity 21116K, committed 21248K, reserved 1067008K
  class space    used 2943K, capacity 3218K, committed 3328K, reserved 1048576K
}
Event: 21.019 GC heap before
{Heap before GC invocations=7 (full 1):
 PSYoungGen      total 71680K, used 66538K [0x00000000d5b00000, 0x00000000df700000, 0x0000000100000000)
  eden space 66560K, 99% used [0x00000000d5b00000,0x00000000d9bfaad0,0x00000000d9c00000)
  from space 5120K, 0% used [0x00000000d9c00000,0x00000000d9c00000,0x00000000da100000)
  to   space 13312K, 0% used [0x00000000dea00000,0x00000000dea00000,0x00000000df700000)
 ParOldGen       total 82944K, used 18388K [0x0000000081000000, 0x0000000086100000, 0x00000000d5b00000)
  object space 82944K, 22% used [0x0000000081000000,0x00000000821f50a8,0x0000000086100000)
 Metaspace       used 28922K, capacity 30802K, committed 30848K, reserved 1075200K
  class space    used 4118K, capacity 4453K, committed 4480K, reserved 1048576K
Event: 21.042 GC heap after
Heap after GC invocations=7 (full 1):
 PSYoungGen      total 97280K, used 13285K [0x00000000d5b00000, 0x00000000df700000, 0x0000000100000000)
  eden space 83968K, 0% used [0x00000000d5b00000,0x00000000d5b00000,0x00000000dad00000)
  from space 13312K, 99% used [0x00000000dea00000,0x00000000df6f9750,0x00000000df700000)
  to   space 16896K, 0% used [0x00000000dd600000,0x00000000dd600000,0x00000000de680000)
 ParOldGen       total 82944K, used 21090K [0x0000000081000000, 0x0000000086100000, 0x00000000d5b00000)
  object space 82944K, 25% used [0x0000000081000000,0x0000000082498b78,0x0000000086100000)
 Metaspace       used 28922K, capacity 30802K, committed 30848K, reserved 1075200K
  class space    used 4118K, capacity 4453K, committed 4480K, reserved 1048576K
}

