# JRE version: Java(TM) SE Runtime Environment (8.0_121-b13) (build 1.8.0_121-b13)
# Java VM: Java HotSpot(TM) 64-Bit Server VM (25.121-b13 mixed mode windows-amd64 compressed oops)
Heap:
 PSYoungGen      total 80384K, used 55635K [0x00000000d5b00000, 0x00000000db800000, 0x0000000100000000)
  eden space 66560K, 83% used [0x00000000d5b00000,0x00000000d9154d78,0x00000000d9c00000)
  from space 13824K, 0% used [0x00000000daa80000,0x00000000daa80000,0x00000000db800000)
  to   space 14336K, 0% used [0x00000000d9c00000,0x00000000d9c00000,0x00000000daa00000)
 ParOldGen       total 73216K, used 18325K [0x0000000081000000, 0x0000000085780000, 0x00000000d5b00000)
  object space 73216K, 25% used [0x0000000081000000,0x00000000821e5628,0x0000000085780000)
 Metaspace       used 25517K, capacity 27490K, committed 27648K, reserved 1073152K
  class space    used 3698K, capacity 4024K, committed 4096K, reserved 1048576K
GC Heap History (10 events):
Event: 3.565 GC heap before
{Heap before GC invocations=3 (full 0):
 PSYoungGen      total 38400K, used 38384K [0x00000000d5b00000, 0x00000000d8580000, 0x0000000100000000)
  eden space 33280K, 100% used [0x00000000d5b00000,0x00000000d7b80000,0x00000000d7b80000)
  from space 5120K, 99% used [0x00000000d8080000,0x00000000d857c0b0,0x00000000d8580000)
  to   space 5120K, 0% used [0x00000000d7b80000,0x00000000d7b80000,0x00000000d8080000)
 ParOldGen       total 87552K, used 10645K [0x0000000081000000, 0x0000000086580000, 0x00000000d5b00000)
  object space 87552K, 12% used [0x0000000081000000,0x0000000081a65690,0x0000000086580000)
 Metaspace       used 19021K, capacity 19976K, committed 20096K, reserved 1067008K
  class space    used 2683K, capacity 2877K, committed 2944K, reserved 1048576K
Event: 3.571 GC heap after
Heap after GC invocations=3 (full 0):
 PSYoungGen      total 38400K, used 5104K [0x00000000d5b00000, 0x00000000d8580000, 0x0000000100000000)
  eden space 33280K, 0% used [0x00000000d5b00000,0x00000000d5b00000,0x00000000d7b80000)
  from space 5120K, 99% used [0x00000000d7b80000,0x00000000d807c040,0x00000000d8080000)
  to   space 5120K, 0% used [0x00000000d8080000,0x00000000d8080000,0x00000000d8580000)
 ParOldGen       total 87552K, used 12208K [0x0000000081000000, 0x0000000086580000, 0x00000000d5b00000)
  object space 87552K, 13% used [0x0000000081000000,0x0000000081bec388,0x0000000086580000)
 Metaspace       used 19021K, capacity 19976K, committed 20096K, reserved 1067008K
  class space    used 2683K, capacity 2877K, committed 2944K, reserved 1048576K
}
Event: 4.032 GC heap before
{Heap before GC invocations=4 (full 0):
 PSYoungGen      total 38400K, used 38384K [0x00000000d5b00000, 0x00000000d8580000, 0x0000000100000000)
  eden space 33280K, 100% used [0x00000000d5b00000,0x00000000d7b80000,0x00000000d7b80000)
  from space 5120K, 99% used [0x00000000d7b80000,0x00000000d807c040,0x00000000d8080000)
  to   space 5120K, 0% used [0x00000000d8080000,0x00000000d8080000,0x00000000d8580000)
 ParOldGen       total 87552K, used 12208K [0x0000000081000000, 0x0000000086580000, 0x00000000d5b00000)
  object space 87552K, 13% used [0x0000000081000000,0x0000000081bec388,0x0000000086580000)
 Metaspace       used 19670K, capacity 20686K, committed 20736K, reserved 1067008K
  class space    used 2812K, capacity 3038K, committed 3072K, reserved 1048576K
Event: 4.046 GC heap after
Heap after GC invocations=4 (full 0):
 PSYoungGen      total 38400K, used 5088K [0x00000000d5b00000, 0x00000000da600000, 0x0000000100000000)
  eden space 33280K, 0% used [0x00000000d5b00000,0x00000000d5b00000,0x00000000d7b80000)
  from space 5120K, 99% used [0x00000000d8080000,0x00000000d8578050,0x00000000d8580000)
  to   space 5120K, 0% used [0x00000000d7b80000,0x00000000d7b80000,0x00000000d8080000)
 ParOldGen       total 87552K, used 13541K [0x0000000081000000, 0x0000000086580000, 0x00000000d5b00000)
  object space 87552K, 15% used [0x0000000081000000,0x0000000081d397e8,0x0000000086580000)
 Metaspace       used 19670K, capacity 20686K, committed 20736K, reserved 1067008K
  class space    used 2812K, capacity 3038K, committed 3072K, reserved 1048576K
}
Event: 4.240 GC heap before
{Heap before GC invocations=5 (full 0):
 PSYoungGen      total 38400K, used 38368K [0x00000000d5b00000, 0x00000000da600000, 0x0000000100000000)
  eden space 33280K, 100% used [0x00000000d5b00000,0x00000000d7b80000,0x00000000d7b80000)
  from space 5120K, 99% used [0x00000000d8080000,0x00000000d8578050,0x00000000d8580000)
  to   space 5120K, 0% used [0x00000000d7b80000,0x00000000d7b80000,0x00000000d8080000)
 ParOldGen       total 87552K, used 13541K [0x0000000081000000, 0x0000000086580000, 0x00000000d5b00000)
  object space 87552K, 15% used [0x0000000081000000,0x0000000081d397e8,0x0000000086580000)
 Metaspace       used 19811K, capacity 20890K, committed 20992K, reserved 1067008K
  class space    used 2818K, capacity 3048K, committed 3072K, reserved 1048576K
Event: 4.250 GC heap after
Heap after GC invocations=5 (full 0):
 PSYoungGen      total 38400K, used 5088K [0x00000000d5b00000, 0x00000000db900000, 0x0000000100000000)
  eden space 33280K, 0% used [0x00000000d5b00000,0x00000000d5b00000,0x00000000d7b80000)
  from space 5120K, 99% used [0x00000000d7b80000,0x00000000d8078050,0x00000000d8080000)
  to   space 14848K, 0% used [0x00000000daa80000,0x00000000daa80000,0x00000000db900000)
 ParOldGen       total 87552K, used 14762K [0x0000000081000000, 0x0000000086580000, 0x00000000d5b00000)
  object space 87552K, 16% used [0x0000000081000000,0x0000000081e6aad8,0x0000000086580000)
 Metaspace       used 19811K, capacity 20890K, committed 20992K, reserved 1067008K
  class space    used 2818K, capacity 3048K, committed 3072K, reserved 1048576K
}
Event: 4.529 GC heap before
{Heap before GC invocations=6 (full 0):
 PSYoungGen      total 38400K, used 18663K [0x00000000d5b00000, 0x00000000db900000, 0x0000000100000000)
  eden space 33280K, 40% used [0x00000000d5b00000,0x00000000d6841ee8,0x00000000d7b80000)
  from space 5120K, 99% used [0x00000000d7b80000,0x00000000d8078050,0x00000000d8080000)
  to   space 14848K, 0% used [0x00000000daa80000,0x00000000daa80000,0x00000000db900000)
 ParOldGen       total 87552K, used 14762K [0x0000000081000000, 0x0000000086580000, 0x00000000d5b00000)
  object space 87552K, 16% used [0x0000000081000000,0x0000000081e6aad8,0x0000000086580000)
 Metaspace       used 20136K, capacity 21208K, committed 21296K, reserved 1067008K
  class space    used 2867K, capacity 3125K, committed 3200K, reserved 1048576K
Event: 4.537 GC heap after
Heap after GC invocations=6 (full 0):
 PSYoungGen      total 80384K, used 5680K [0x00000000d5b00000, 0x00000000db800000, 0x0000000100000000)
  eden space 66560K, 0% used [0x00000000d5b00000,0x00000000d5b00000,0x00000000d9c00000)
  from space 13824K, 41% used [0x00000000daa80000,0x00000000db00c040,0x00000000db800000)
  to   space 14336K, 0% used [0x00000000d9c00000,0x00000000d9c00000,0x00000000daa00000)
 ParOldGen       total 87552K, used 14762K [0x0000000081000000, 0x0000000086580000, 0x00000000d5b00000)
  object space 87552K, 16% used [0x0000000081000000,0x0000000081e6aad8,0x0000000086580000)
 Metaspace       used 20136K, capacity 21208K, committed 21296K, reserved 1067008K
  class space    used 2867K, capacity 3125K, committed 3200K, reserved 1048576K
}
Event: 4.537 GC heap before
{Heap before GC invocations=7 (full 1):
 PSYoungGen      total 80384K, used 5680K [0x00000000d5b00000, 0x00000000db800000, 0x0000000100000000)
  eden space 66560K, 0% used [0x00000000d5b00000,0x00000000d5b00000,0x00000000d9c00000)
  from space 13824K, 41% used [0x00000000daa80000,0x00000000db00c040,0x00000000db800000)
  to   space 14336K, 0% used [0x00000000d9c00000,0x00000000d9c00000,0x00000000daa00000)
 ParOldGen       total 87552K, used 14762K [0x0000000081000000, 0x0000000086580000, 0x00000000d5b00000)
  object space 87552K, 16% used [0x0000000081000000,0x0000000081e6aad8,0x0000000086580000)
 Metaspace       used 20136K, capacity 21208K, committed 21296K, reserved 1067008K
  class space    used 2867K, capacity 3125K, committed 3200K, reserved 1048576K
Event: 4.591 GC heap after
Heap after GC invocations=7 (full 1):
 PSYoungGen      total 80384K, used 0K [0x00000000d5b00000, 0x00000000db800000, 0x0000000100000000)
  eden space 66560K, 0% used [0x00000000d5b00000,0x00000000d5b00000,0x00000000d9c00000)
  from space 13824K, 0% used [0x00000000daa80000,0x00000000daa80000,0x00000000db800000)
  to   space 14336K, 0% used [0x00000000d9c00000,0x00000000d9c00000,0x00000000daa00000)
 ParOldGen       total 73216K, used 18325K [0x0000000081000000, 0x0000000085780000, 0x00000000d5b00000)
  object space 73216K, 25% used [0x0000000081000000,0x00000000821e5628,0x0000000085780000)
 Metaspace       used 20136K, capacity 21208K, committed 21296K, reserved 1067008K
  class space    used 2867K, capacity 3125K, committed 3200K, reserved 1048576K
}

