# JRE version: Java(TM) SE Runtime Environment (8.0_151-b12) (build 1.8.0_151-b12)
# Java VM: Java HotSpot(TM) 64-Bit Server VM (25.151-b12 mixed mode windows-amd64 compressed oops)
Heap:
 PSYoungGen      total 134144K, used 39783K [0x00000000d5b00000, 0x00000000e0400000, 0x0000000100000000)
  eden space 119808K, 21% used [0x00000000d5b00000,0x00000000d73df408,0x00000000dd000000)
  from space 14336K, 99% used [0x00000000dd000000,0x00000000dddfa810,0x00000000dde00000)
  to   space 18432K, 0% used [0x00000000df200000,0x00000000df200000,0x00000000e0400000)
 ParOldGen       total 75264K, used 20300K [0x0000000081000000, 0x0000000085980000, 0x00000000d5b00000)
  object space 75264K, 26% used [0x0000000081000000,0x00000000823d30f8,0x0000000085980000)
 Metaspace       used 29629K, capacity 31613K, committed 31872K, reserved 1077248K
  class space    used 4285K, capacity 4661K, committed 4736K, reserved 1048576K
GC Heap History (10 events):
Event: 1.768 GC heap before
{Heap before GC invocations=4 (full 0):
 PSYoungGen      total 38400K, used 38377K [0x00000000d5b00000, 0x00000000da600000, 0x0000000100000000)
  eden space 33280K, 100% used [0x00000000d5b00000,0x00000000d7b80000,0x00000000d7b80000)
  from space 5120K, 99% used [0x00000000d7b80000,0x00000000d807a5a0,0x00000000d8080000)
  to   space 5120K, 0% used [0x00000000da100000,0x00000000da100000,0x00000000da600000)
 ParOldGen       total 87552K, used 11960K [0x0000000081000000, 0x0000000086580000, 0x00000000d5b00000)
  object space 87552K, 13% used [0x0000000081000000,0x0000000081bae040,0x0000000086580000)
 Metaspace       used 19348K, capacity 20246K, committed 20480K, reserved 1067008K
  class space    used 2802K, capacity 3001K, committed 3072K, reserved 1048576K
Event: 1.774 GC heap after
Heap after GC invocations=4 (full 0):
 PSYoungGen      total 71680K, used 5097K [0x00000000d5b00000, 0x00000000da600000, 0x0000000100000000)
  eden space 66560K, 0% used [0x00000000d5b00000,0x00000000d5b00000,0x00000000d9c00000)
  from space 5120K, 99% used [0x00000000da100000,0x00000000da5fa5a0,0x00000000da600000)
  to   space 5120K, 0% used [0x00000000d9c00000,0x00000000d9c00000,0x00000000da100000)
 ParOldGen       total 87552K, used 12949K [0x0000000081000000, 0x0000000086580000, 0x00000000d5b00000)
  object space 87552K, 14% used [0x0000000081000000,0x0000000081ca5740,0x0000000086580000)
 Metaspace       used 19348K, capacity 20246K, committed 20480K, reserved 1067008K
  class space    used 2802K, capacity 3001K, committed 3072K, reserved 1048576K
}
Event: 1.934 GC heap before
{Heap before GC invocations=5 (full 0):
 PSYoungGen      total 71680K, used 31924K [0x00000000d5b00000, 0x00000000da600000, 0x0000000100000000)
  eden space 66560K, 40% used [0x00000000d5b00000,0x00000000d7532de8,0x00000000d9c00000)
  from space 5120K, 99% used [0x00000000da100000,0x00000000da5fa5a0,0x00000000da600000)
  to   space 5120K, 0% used [0x00000000d9c00000,0x00000000d9c00000,0x00000000da100000)
 ParOldGen       total 87552K, used 12949K [0x0000000081000000, 0x0000000086580000, 0x00000000d5b00000)
  object space 87552K, 14% used [0x0000000081000000,0x0000000081ca5740,0x0000000086580000)
 Metaspace       used 20136K, capacity 21201K, committed 21296K, reserved 1067008K
  class space    used 2975K, capacity 3200K, committed 3200K, reserved 1048576K
Event: 1.942 GC heap after
Heap after GC invocations=5 (full 0):
 PSYoungGen      total 71680K, used 4516K [0x00000000d5b00000, 0x00000000df800000, 0x0000000100000000)
  eden space 66560K, 0% used [0x00000000d5b00000,0x00000000d5b00000,0x00000000d9c00000)
  from space 5120K, 88% used [0x00000000d9c00000,0x00000000da069330,0x00000000da100000)
  to   space 13824K, 0% used [0x00000000dea80000,0x00000000dea80000,0x00000000df800000)
 ParOldGen       total 87552K, used 14671K [0x0000000081000000, 0x0000000086580000, 0x00000000d5b00000)
  object space 87552K, 16% used [0x0000000081000000,0x0000000081e53c50,0x0000000086580000)
 Metaspace       used 20136K, capacity 21201K, committed 21296K, reserved 1067008K
  class space    used 2975K, capacity 3200K, committed 3200K, reserved 1048576K
}
Event: 1.942 GC heap before
{Heap before GC invocations=6 (full 1):
 PSYoungGen      total 71680K, used 4516K [0x00000000d5b00000, 0x00000000df800000, 0x0000000100000000)
  eden space 66560K, 0% used [0x00000000d5b00000,0x00000000d5b00000,0x00000000d9c00000)
  from space 5120K, 88% used [0x00000000d9c00000,0x00000000da069330,0x00000000da100000)
  to   space 13824K, 0% used [0x00000000dea80000,0x00000000dea80000,0x00000000df800000)
 ParOldGen       total 87552K, used 14671K [0x0000000081000000, 0x0000000086580000, 0x00000000d5b00000)
  object space 87552K, 16% used [0x0000000081000000,0x0000000081e53c50,0x0000000086580000)
 Metaspace       used 20136K, capacity 21201K, committed 21296K, reserved 1067008K
  class space    used 2975K, capacity 3200K, committed 3200K, reserved 1048576K
Event: 1.990 GC heap after
Heap after GC invocations=6 (full 1):
 PSYoungGen      total 71680K, used 0K [0x00000000d5b00000, 0x00000000df800000, 0x0000000100000000)
  eden space 66560K, 0% used [0x00000000d5b00000,0x00000000d5b00000,0x00000000d9c00000)
  from space 5120K, 0% used [0x00000000d9c00000,0x00000000d9c00000,0x00000000da100000)
  to   space 13824K, 0% used [0x00000000dea80000,0x00000000dea80000,0x00000000df800000)
 ParOldGen       total 75264K, used 17313K [0x0000000081000000, 0x0000000085980000, 0x00000000d5b00000)
  object space 75264K, 23% used [0x0000000081000000,0x00000000820e85b8,0x0000000085980000)
 Metaspace       used 20136K, capacity 21201K, committed 21296K, reserved 1067008K
  class space    used 2975K, capacity 3200K, committed 3200K, reserved 1048576K
}
Event: 2.339 GC heap before
{Heap before GC invocations=7 (full 1):
 PSYoungGen      total 71680K, used 66560K [0x00000000d5b00000, 0x00000000df800000, 0x0000000100000000)
  eden space 66560K, 100% used [0x00000000d5b00000,0x00000000d9c00000,0x00000000d9c00000)
  from space 5120K, 0% used [0x00000000d9c00000,0x00000000d9c00000,0x00000000da100000)
  to   space 13824K, 0% used [0x00000000dea80000,0x00000000dea80000,0x00000000df800000)
 ParOldGen       total 75264K, used 17313K [0x0000000081000000, 0x0000000085980000, 0x00000000d5b00000)
  object space 75264K, 23% used [0x0000000081000000,0x00000000820e85b8,0x0000000085980000)
 Metaspace       used 20298K, capacity 21339K, committed 21680K, reserved 1067008K
  class space    used 3001K, capacity 3212K, committed 3328K, reserved 1048576K
Event: 2.342 GC heap after
Heap after GC invocations=7 (full 1):
 PSYoungGen      total 98816K, used 1063K [0x00000000d5b00000, 0x00000000dec00000, 0x0000000100000000)
  eden space 97280K, 0% used [0x00000000d5b00000,0x00000000d5b00000,0x00000000dba00000)
  from space 1536K, 69% used [0x00000000dea80000,0x00000000deb89c50,0x00000000dec00000)
  to   space 14336K, 0% used [0x00000000dd000000,0x00000000dd000000,0x00000000dde00000)
 ParOldGen       total 75264K, used 17321K [0x0000000081000000, 0x0000000085980000, 0x00000000d5b00000)
  object space 75264K, 23% used [0x0000000081000000,0x00000000820ea5b8,0x0000000085980000)
 Metaspace       used 20298K, capacity 21339K, committed 21680K, reserved 1067008K
  class space    used 3001K, capacity 3212K, committed 3328K, reserved 1048576K
}
Event: 15.278 GC heap before
{Heap before GC invocations=8 (full 1):
 PSYoungGen      total 98816K, used 98343K [0x00000000d5b00000, 0x00000000dec00000, 0x0000000100000000)
  eden space 97280K, 100% used [0x00000000d5b00000,0x00000000dba00000,0x00000000dba00000)
  from space 1536K, 69% used [0x00000000dea80000,0x00000000deb89c50,0x00000000dec00000)
  to   space 14336K, 0% used [0x00000000dd000000,0x00000000dd000000,0x00000000dde00000)
 ParOldGen       total 75264K, used 17321K [0x0000000081000000, 0x0000000085980000, 0x00000000d5b00000)
  object space 75264K, 23% used [0x0000000081000000,0x00000000820ea5b8,0x0000000085980000)
 Metaspace       used 26106K, capacity 27975K, committed 28032K, reserved 1073152K
  class space    used 3829K, capacity 4182K, committed 4224K, reserved 1048576K
Event: 15.304 GC heap after
Heap after GC invocations=8 (full 1):
 PSYoungGen      total 134144K, used 14314K [0x00000000d5b00000, 0x00000000e0400000, 0x0000000100000000)
  eden space 119808K, 0% used [0x00000000d5b00000,0x00000000d5b00000,0x00000000dd000000)
  from space 14336K, 99% used [0x00000000dd000000,0x00000000dddfa810,0x00000000dde00000)
  to   space 18432K, 0% used [0x00000000df200000,0x00000000df200000,0x00000000e0400000)
 ParOldGen       total 75264K, used 20300K [0x0000000081000000, 0x0000000085980000, 0x00000000d5b00000)
  object space 75264K, 26% used [0x0000000081000000,0x00000000823d30f8,0x0000000085980000)
 Metaspace       used 26106K, capacity 27975K, committed 28032K, reserved 1073152K
  class space    used 3829K, capacity 4182K, committed 4224K, reserved 1048576K
}

