# JRE version: Java(TM) SE Runtime Environment (8.0_121-b13) (build 1.8.0_121-b13)
# Java VM: Java HotSpot(TM) 64-Bit Server VM (25.121-b13 mixed mode windows-amd64 compressed oops)
Heap:
 PSYoungGen      total 125440K, used 77462K [0x00000000d5b00000, 0x00000000ded80000, 0x0000000100000000)
  eden space 120320K, 60% used [0x00000000d5b00000,0x00000000da1ab2d8,0x00000000dd080000)
  from space 5120K, 99% used [0x00000000ddc80000,0x00000000de17a550,0x00000000de180000)
  to   space 12288K, 0% used [0x00000000de180000,0x00000000de180000,0x00000000ded80000)
 ParOldGen       total 80384K, used 20252K [0x0000000081000000, 0x0000000085e80000, 0x00000000d5b00000)
  object space 80384K, 25% used [0x0000000081000000,0x00000000823c72b0,0x0000000085e80000)
 Metaspace       used 32368K, capacity 34452K, committed 34688K, reserved 1079296K
  class space    used 4564K, capacity 4908K, committed 4992K, reserved 1048576K
GC Heap History (10 events):
Event: 1.228 GC heap before
{Heap before GC invocations=2 (full 0):
 PSYoungGen      total 38400K, used 38384K [0x00000000d5b00000, 0x00000000da600000, 0x0000000100000000)
  eden space 33280K, 100% used [0x00000000d5b00000,0x00000000d7b80000,0x00000000d7b80000)
  from space 5120K, 99% used [0x00000000d7b80000,0x00000000d807c268,0x00000000d8080000)
  to   space 5120K, 0% used [0x00000000da100000,0x00000000da100000,0x00000000da600000)
 ParOldGen       total 87552K, used 724K [0x0000000081000000, 0x0000000086580000, 0x00000000d5b00000)
  object space 87552K, 0% used [0x0000000081000000,0x00000000810b5250,0x0000000086580000)
 Metaspace       used 17743K, capacity 18244K, committed 18432K, reserved 1064960K
  class space    used 2375K, capacity 2512K, committed 2560K, reserved 1048576K
Event: 1.238 GC heap after
Heap after GC invocations=2 (full 0):
 PSYoungGen      total 71680K, used 5113K [0x00000000d5b00000, 0x00000000da600000, 0x0000000100000000)
  eden space 66560K, 0% used [0x00000000d5b00000,0x00000000d5b00000,0x00000000d9c00000)
  from space 5120K, 99% used [0x00000000da100000,0x00000000da5fe590,0x00000000da600000)
  to   space 5120K, 0% used [0x00000000d9c00000,0x00000000d9c00000,0x00000000da100000)
 ParOldGen       total 87552K, used 9798K [0x0000000081000000, 0x0000000086580000, 0x00000000d5b00000)
  object space 87552K, 11% used [0x0000000081000000,0x0000000081991908,0x0000000086580000)
 Metaspace       used 17743K, capacity 18244K, committed 18432K, reserved 1064960K
  class space    used 2375K, capacity 2512K, committed 2560K, reserved 1048576K
}
Event: 1.455 GC heap before
{Heap before GC invocations=3 (full 0):
 PSYoungGen      total 71680K, used 20018K [0x00000000d5b00000, 0x00000000da600000, 0x0000000100000000)
  eden space 66560K, 22% used [0x00000000d5b00000,0x00000000d698e2d0,0x00000000d9c00000)
  from space 5120K, 99% used [0x00000000da100000,0x00000000da5fe590,0x00000000da600000)
  to   space 5120K, 0% used [0x00000000d9c00000,0x00000000d9c00000,0x00000000da100000)
 ParOldGen       total 87552K, used 9798K [0x0000000081000000, 0x0000000086580000, 0x00000000d5b00000)
  object space 87552K, 11% used [0x0000000081000000,0x0000000081991908,0x0000000086580000)
 Metaspace       used 20432K, capacity 21076K, committed 21248K, reserved 1067008K
  class space    used 2772K, capacity 2948K, committed 3072K, reserved 1048576K
Event: 1.462 GC heap after
Heap after GC invocations=3 (full 0):
 PSYoungGen      total 71680K, used 5108K [0x00000000d5b00000, 0x00000000de700000, 0x0000000100000000)
  eden space 66560K, 0% used [0x00000000d5b00000,0x00000000d5b00000,0x00000000d9c00000)
  from space 5120K, 99% used [0x00000000d9c00000,0x00000000da0fd278,0x00000000da100000)
  to   space 5120K, 0% used [0x00000000de200000,0x00000000de200000,0x00000000de700000)
 ParOldGen       total 87552K, used 11921K [0x0000000081000000, 0x0000000086580000, 0x00000000d5b00000)
  object space 87552K, 13% used [0x0000000081000000,0x0000000081ba44a0,0x0000000086580000)
 Metaspace       used 20432K, capacity 21076K, committed 21248K, reserved 1067008K
  class space    used 2772K, capacity 2948K, committed 3072K, reserved 1048576K
}
Event: 1.462 GC heap before
{Heap before GC invocations=4 (full 1):
 PSYoungGen      total 71680K, used 5108K [0x00000000d5b00000, 0x00000000de700000, 0x0000000100000000)
  eden space 66560K, 0% used [0x00000000d5b00000,0x00000000d5b00000,0x00000000d9c00000)
  from space 5120K, 99% used [0x00000000d9c00000,0x00000000da0fd278,0x00000000da100000)
  to   space 5120K, 0% used [0x00000000de200000,0x00000000de200000,0x00000000de700000)
 ParOldGen       total 87552K, used 11921K [0x0000000081000000, 0x0000000086580000, 0x00000000d5b00000)
  object space 87552K, 13% used [0x0000000081000000,0x0000000081ba44a0,0x0000000086580000)
 Metaspace       used 20432K, capacity 21076K, committed 21248K, reserved 1067008K
  class space    used 2772K, capacity 2948K, committed 3072K, reserved 1048576K
Event: 1.504 GC heap after
Heap after GC invocations=4 (full 1):
 PSYoungGen      total 71680K, used 0K [0x00000000d5b00000, 0x00000000de700000, 0x0000000100000000)
  eden space 66560K, 0% used [0x00000000d5b00000,0x00000000d5b00000,0x00000000d9c00000)
  from space 5120K, 0% used [0x00000000d9c00000,0x00000000d9c00000,0x00000000da100000)
  to   space 5120K, 0% used [0x00000000de200000,0x00000000de200000,0x00000000de700000)
 ParOldGen       total 80384K, used 15901K [0x0000000081000000, 0x0000000085e80000, 0x00000000d5b00000)
  object space 80384K, 19% used [0x0000000081000000,0x0000000081f876f0,0x0000000085e80000)
 Metaspace       used 20432K, capacity 21076K, committed 21248K, reserved 1067008K
  class space    used 2772K, capacity 2948K, committed 3072K, reserved 1048576K
}
Event: 2.050 GC heap before
{Heap before GC invocations=5 (full 1):
 PSYoungGen      total 71680K, used 66560K [0x00000000d5b00000, 0x00000000de700000, 0x0000000100000000)
  eden space 66560K, 100% used [0x00000000d5b00000,0x00000000d9c00000,0x00000000d9c00000)
  from space 5120K, 0% used [0x00000000d9c00000,0x00000000d9c00000,0x00000000da100000)
  to   space 5120K, 0% used [0x00000000de200000,0x00000000de200000,0x00000000de700000)
 ParOldGen       total 80384K, used 15901K [0x0000000081000000, 0x0000000085e80000, 0x00000000d5b00000)
  object space 80384K, 19% used [0x0000000081000000,0x0000000081f876f0,0x0000000085e80000)
 Metaspace       used 24018K, capacity 25046K, committed 25216K, reserved 1071104K
  class space    used 3384K, capacity 3597K, committed 3712K, reserved 1048576K
Event: 2.055 GC heap after
Heap after GC invocations=5 (full 1):
 PSYoungGen      total 94208K, used 4197K [0x00000000d5b00000, 0x00000000de680000, 0x0000000100000000)
  eden space 89600K, 0% used [0x00000000d5b00000,0x00000000d5b00000,0x00000000db280000)
  from space 4608K, 91% used [0x00000000de200000,0x00000000de619700,0x00000000de680000)
  to   space 5120K, 0% used [0x00000000ddc80000,0x00000000ddc80000,0x00000000de180000)
 ParOldGen       total 80384K, used 15909K [0x0000000081000000, 0x0000000085e80000, 0x00000000d5b00000)
  object space 80384K, 19% used [0x0000000081000000,0x0000000081f896f0,0x0000000085e80000)
 Metaspace       used 24018K, capacity 25046K, committed 25216K, reserved 1071104K
  class space    used 3384K, capacity 3597K, committed 3712K, reserved 1048576K
}
Event: 3.114 GC heap before
{Heap before GC invocations=6 (full 1):
 PSYoungGen      total 94208K, used 93797K [0x00000000d5b00000, 0x00000000de680000, 0x0000000100000000)
  eden space 89600K, 100% used [0x00000000d5b00000,0x00000000db280000,0x00000000db280000)
  from space 4608K, 91% used [0x00000000de200000,0x00000000de619700,0x00000000de680000)
  to   space 5120K, 0% used [0x00000000ddc80000,0x00000000ddc80000,0x00000000de180000)
 ParOldGen       total 80384K, used 15909K [0x0000000081000000, 0x0000000085e80000, 0x00000000d5b00000)
  object space 80384K, 19% used [0x0000000081000000,0x0000000081f896f0,0x0000000085e80000)
 Metaspace       used 27814K, capacity 29666K, committed 29824K, reserved 1075200K
  class space    used 4042K, capacity 4375K, committed 4480K, reserved 1048576K
Event: 3.128 GC heap after
Heap after GC invocations=6 (full 1):
 PSYoungGen      total 125440K, used 5097K [0x00000000d5b00000, 0x00000000ded80000, 0x0000000100000000)
  eden space 120320K, 0% used [0x00000000d5b00000,0x00000000d5b00000,0x00000000dd080000)
  from space 5120K, 99% used [0x00000000ddc80000,0x00000000de17a550,0x00000000de180000)
  to   space 12288K, 0% used [0x00000000de180000,0x00000000de180000,0x00000000ded80000)
 ParOldGen       total 80384K, used 20252K [0x0000000081000000, 0x0000000085e80000, 0x00000000d5b00000)
  object space 80384K, 25% used [0x0000000081000000,0x00000000823c72b0,0x0000000085e80000)
 Metaspace       used 27814K, capacity 29666K, committed 29824K, reserved 1075200K
  class space    used 4042K, capacity 4375K, committed 4480K, reserved 1048576K
}

