# JRE version: Java(TM) SE Runtime Environment (8.0_151-b12) (build 1.8.0_151-b12)
# Java VM: Java HotSpot(TM) 64-Bit Server VM (25.151-b12 mixed mode windows-amd64 compressed oops)
Heap:
 PSYoungGen      total 134144K, used 20664K [0x00000000d5b00000, 0x00000000e0300000, 0x0000000100000000)
  eden space 120320K, 5% used [0x00000000d5b00000,0x00000000d61b0c18,0x00000000dd080000)
  from space 13824K, 99% used [0x00000000dd080000,0x00000000dddfd570,0x00000000dde00000)
  to   space 18432K, 0% used [0x00000000df100000,0x00000000df100000,0x00000000e0300000)
 ParOldGen       total 76800K, used 20536K [0x0000000081000000, 0x0000000085b00000, 0x00000000d5b00000)
  object space 76800K, 26% used [0x0000000081000000,0x000000008240e068,0x0000000085b00000)
 Metaspace       used 25944K, capacity 27845K, committed 28032K, reserved 1073152K
  class space    used 3800K, capacity 4155K, committed 4224K, reserved 1048576K
GC Heap History (10 events):
Event: 1.871 GC heap before
{Heap before GC invocations=4 (full 0):
 PSYoungGen      total 38400K, used 38393K [0x00000000d5b00000, 0x00000000da600000, 0x0000000100000000)
  eden space 33280K, 100% used [0x00000000d5b00000,0x00000000d7b80000,0x00000000d7b80000)
  from space 5120K, 99% used [0x00000000d7b80000,0x00000000d807e570,0x00000000d8080000)
  to   space 5120K, 0% used [0x00000000da100000,0x00000000da100000,0x00000000da600000)
 ParOldGen       total 87552K, used 11938K [0x0000000081000000, 0x0000000086580000, 0x00000000d5b00000)
  object space 87552K, 13% used [0x0000000081000000,0x0000000081ba8ab0,0x0000000086580000)
 Metaspace       used 19375K, capacity 20310K, committed 20480K, reserved 1067008K
  class space    used 2804K, capacity 3001K, committed 3072K, reserved 1048576K
Event: 1.877 GC heap after
Heap after GC invocations=4 (full 0):
 PSYoungGen      total 71680K, used 5113K [0x00000000d5b00000, 0x00000000da600000, 0x0000000100000000)
  eden space 66560K, 0% used [0x00000000d5b00000,0x00000000d5b00000,0x00000000d9c00000)
  from space 5120K, 99% used [0x00000000da100000,0x00000000da5fe550,0x00000000da600000)
  to   space 5120K, 0% used [0x00000000d9c00000,0x00000000d9c00000,0x00000000da100000)
 ParOldGen       total 87552K, used 12880K [0x0000000081000000, 0x0000000086580000, 0x00000000d5b00000)
  object space 87552K, 14% used [0x0000000081000000,0x0000000081c941c0,0x0000000086580000)
 Metaspace       used 19375K, capacity 20310K, committed 20480K, reserved 1067008K
  class space    used 2804K, capacity 3001K, committed 3072K, reserved 1048576K
}
Event: 2.163 GC heap before
{Heap before GC invocations=5 (full 0):
 PSYoungGen      total 71680K, used 31969K [0x00000000d5b00000, 0x00000000da600000, 0x0000000100000000)
  eden space 66560K, 40% used [0x00000000d5b00000,0x00000000d753a000,0x00000000d9c00000)
  from space 5120K, 99% used [0x00000000da100000,0x00000000da5fe550,0x00000000da600000)
  to   space 5120K, 0% used [0x00000000d9c00000,0x00000000d9c00000,0x00000000da100000)
 ParOldGen       total 87552K, used 12880K [0x0000000081000000, 0x0000000086580000, 0x00000000d5b00000)
  object space 87552K, 14% used [0x0000000081000000,0x0000000081c941c0,0x0000000086580000)
 Metaspace       used 20149K, capacity 21201K, committed 21296K, reserved 1067008K
  class space    used 2977K, capacity 3200K, committed 3200K, reserved 1048576K
Event: 2.173 GC heap after
Heap after GC invocations=5 (full 0):
 PSYoungGen      total 71680K, used 4532K [0x00000000d5b00000, 0x00000000df700000, 0x0000000100000000)
  eden space 66560K, 0% used [0x00000000d5b00000,0x00000000d5b00000,0x00000000d9c00000)
  from space 5120K, 88% used [0x00000000d9c00000,0x00000000da06d300,0x00000000da100000)
  to   space 13312K, 0% used [0x00000000dea00000,0x00000000dea00000,0x00000000df700000)
 ParOldGen       total 87552K, used 14601K [0x0000000081000000, 0x0000000086580000, 0x00000000d5b00000)
  object space 87552K, 16% used [0x0000000081000000,0x0000000081e426d0,0x0000000086580000)
 Metaspace       used 20149K, capacity 21201K, committed 21296K, reserved 1067008K
  class space    used 2977K, capacity 3200K, committed 3200K, reserved 1048576K
}
Event: 2.173 GC heap before
{Heap before GC invocations=6 (full 1):
 PSYoungGen      total 71680K, used 4532K [0x00000000d5b00000, 0x00000000df700000, 0x0000000100000000)
  eden space 66560K, 0% used [0x00000000d5b00000,0x00000000d5b00000,0x00000000d9c00000)
  from space 5120K, 88% used [0x00000000d9c00000,0x00000000da06d300,0x00000000da100000)
  to   space 13312K, 0% used [0x00000000dea00000,0x00000000dea00000,0x00000000df700000)
 ParOldGen       total 87552K, used 14601K [0x0000000081000000, 0x0000000086580000, 0x00000000d5b00000)
  object space 87552K, 16% used [0x0000000081000000,0x0000000081e426d0,0x0000000086580000)
 Metaspace       used 20149K, capacity 21201K, committed 21296K, reserved 1067008K
  class space    used 2977K, capacity 3200K, committed 3200K, reserved 1048576K
Event: 2.219 GC heap after
Heap after GC invocations=6 (full 1):
 PSYoungGen      total 71680K, used 0K [0x00000000d5b00000, 0x00000000df700000, 0x0000000100000000)
  eden space 66560K, 0% used [0x00000000d5b00000,0x00000000d5b00000,0x00000000d9c00000)
  from space 5120K, 0% used [0x00000000d9c00000,0x00000000d9c00000,0x00000000da100000)
  to   space 13312K, 0% used [0x00000000dea00000,0x00000000dea00000,0x00000000df700000)
 ParOldGen       total 76800K, used 17308K [0x0000000081000000, 0x0000000085b00000, 0x00000000d5b00000)
  object space 76800K, 22% used [0x0000000081000000,0x00000000820e7320,0x0000000085b00000)
 Metaspace       used 20149K, capacity 21201K, committed 21296K, reserved 1067008K
  class space    used 2977K, capacity 3200K, committed 3200K, reserved 1048576K
}
Event: 2.558 GC heap before
{Heap before GC invocations=7 (full 1):
 PSYoungGen      total 71680K, used 66560K [0x00000000d5b00000, 0x00000000df700000, 0x0000000100000000)
  eden space 66560K, 100% used [0x00000000d5b00000,0x00000000d9c00000,0x00000000d9c00000)
  from space 5120K, 0% used [0x00000000d9c00000,0x00000000d9c00000,0x00000000da100000)
  to   space 13312K, 0% used [0x00000000dea00000,0x00000000dea00000,0x00000000df700000)
 ParOldGen       total 76800K, used 17308K [0x0000000081000000, 0x0000000085b00000, 0x00000000d5b00000)
  object space 76800K, 22% used [0x0000000081000000,0x00000000820e7320,0x0000000085b00000)
 Metaspace       used 20309K, capacity 21403K, committed 21680K, reserved 1067008K
  class space    used 3003K, capacity 3212K, committed 3328K, reserved 1048576K
Event: 2.561 GC heap after
Heap after GC invocations=7 (full 1):
 PSYoungGen      total 97280K, used 1063K [0x00000000d5b00000, 0x00000000deb80000, 0x0000000100000000)
  eden space 95744K, 0% used [0x00000000d5b00000,0x00000000d5b00000,0x00000000db880000)
  from space 1536K, 69% used [0x00000000dea00000,0x00000000deb09c50,0x00000000deb80000)
  to   space 13824K, 0% used [0x00000000dd080000,0x00000000dd080000,0x00000000dde00000)
 ParOldGen       total 76800K, used 17316K [0x0000000081000000, 0x0000000085b00000, 0x00000000d5b00000)
  object space 76800K, 22% used [0x0000000081000000,0x00000000820e9320,0x0000000085b00000)
 Metaspace       used 20309K, capacity 21403K, committed 21680K, reserved 1067008K
  class space    used 3003K, capacity 3212K, committed 3328K, reserved 1048576K
}
Event: 7.875 GC heap before
{Heap before GC invocations=8 (full 1):
 PSYoungGen      total 97280K, used 96807K [0x00000000d5b00000, 0x00000000deb80000, 0x0000000100000000)
  eden space 95744K, 100% used [0x00000000d5b00000,0x00000000db880000,0x00000000db880000)
  from space 1536K, 69% used [0x00000000dea00000,0x00000000deb09c50,0x00000000deb80000)
  to   space 13824K, 0% used [0x00000000dd080000,0x00000000dd080000,0x00000000dde00000)
 ParOldGen       total 76800K, used 17316K [0x0000000081000000, 0x0000000085b00000, 0x00000000d5b00000)
  object space 76800K, 22% used [0x0000000081000000,0x00000000820e9320,0x0000000085b00000)
 Metaspace       used 25728K, capacity 27615K, committed 27776K, reserved 1073152K
  class space    used 3794K, capacity 4150K, committed 4224K, reserved 1048576K
Event: 7.923 GC heap after
Heap after GC invocations=8 (full 1):
 PSYoungGen      total 134144K, used 13813K [0x00000000d5b00000, 0x00000000e0300000, 0x0000000100000000)
  eden space 120320K, 0% used [0x00000000d5b00000,0x00000000d5b00000,0x00000000dd080000)
  from space 13824K, 99% used [0x00000000dd080000,0x00000000dddfd570,0x00000000dde00000)
  to   space 18432K, 0% used [0x00000000df100000,0x00000000df100000,0x00000000e0300000)
 ParOldGen       total 76800K, used 20536K [0x0000000081000000, 0x0000000085b00000, 0x00000000d5b00000)
  object space 76800K, 26% used [0x0000000081000000,0x000000008240e068,0x0000000085b00000)
 Metaspace       used 25728K, capacity 27615K, committed 27776K, reserved 1073152K
  class space    used 3794K, capacity 4150K, committed 4224K, reserved 1048576K
}

