# JRE version: Java(TM) SE Runtime Environment (8.0_161-b12) (build 1.8.0_161-b12)
# Java VM: Java HotSpot(TM) 64-Bit Server VM (25.161-b12 mixed mode windows-amd64 compressed oops)
Heap:
 PSYoungGen      total 109056K, used 21746K [0x00000000d6000000, 0x00000000e1400000, 0x0000000100000000)
  eden space 94720K, 7% used [0x00000000d6000000,0x00000000d6742a68,0x00000000dbc80000)
  from space 14336K, 99% used [0x00000000dbc80000,0x00000000dca79e90,0x00000000dca80000)
  to   space 23552K, 0% used [0x00000000dfd00000,0x00000000dfd00000,0x00000000e1400000)
 ParOldGen       total 74752K, used 29683K [0x0000000082000000, 0x0000000086900000, 0x00000000d6000000)
  object space 74752K, 39% used [0x0000000082000000,0x0000000083cfcf50,0x0000000086900000)
 Metaspace       used 27985K, capacity 30142K, committed 30384K, reserved 1075200K
  class space    used 4061K, capacity 4425K, committed 4528K, reserved 1048576K
GC Heap History (10 events):
Event: 1.917 GC heap before
{Heap before GC invocations=4 (full 0):
 PSYoungGen      total 37888K, used 22307K [0x00000000d6000000, 0x00000000daa00000, 0x0000000100000000)
  eden space 32768K, 52% used [0x00000000d6000000,0x00000000d70ce980,0x00000000d8000000)
  from space 5120K, 99% used [0x00000000d8000000,0x00000000d84fa5a0,0x00000000d8500000)
  to   space 5120K, 0% used [0x00000000da500000,0x00000000da500000,0x00000000daa00000)
 ParOldGen       total 86016K, used 12918K [0x0000000082000000, 0x0000000087400000, 0x00000000d6000000)
  object space 86016K, 15% used [0x0000000082000000,0x0000000082c9dac0,0x0000000087400000)
 Metaspace       used 20414K, capacity 21284K, committed 21296K, reserved 1067008K
  class space    used 2891K, capacity 3110K, committed 3120K, reserved 1048576K
Event: 1.922 GC heap after
Heap after GC invocations=4 (full 0):
 PSYoungGen      total 70656K, used 5113K [0x00000000d6000000, 0x00000000daa00000, 0x0000000100000000)
  eden space 65536K, 0% used [0x00000000d6000000,0x00000000d6000000,0x00000000da000000)
  from space 5120K, 99% used [0x00000000da500000,0x00000000da9fe590,0x00000000daa00000)
  to   space 5120K, 0% used [0x00000000da000000,0x00000000da000000,0x00000000da500000)
 ParOldGen       total 86016K, used 13755K [0x0000000082000000, 0x0000000087400000, 0x00000000d6000000)
  object space 86016K, 15% used [0x0000000082000000,0x0000000082d6ef10,0x0000000087400000)
 Metaspace       used 20414K, capacity 21284K, committed 21296K, reserved 1067008K
  class space    used 2891K, capacity 3110K, committed 3120K, reserved 1048576K
}
Event: 1.922 GC heap before
{Heap before GC invocations=5 (full 1):
 PSYoungGen      total 70656K, used 5113K [0x00000000d6000000, 0x00000000daa00000, 0x0000000100000000)
  eden space 65536K, 0% used [0x00000000d6000000,0x00000000d6000000,0x00000000da000000)
  from space 5120K, 99% used [0x00000000da500000,0x00000000da9fe590,0x00000000daa00000)
  to   space 5120K, 0% used [0x00000000da000000,0x00000000da000000,0x00000000da500000)
 ParOldGen       total 86016K, used 13755K [0x0000000082000000, 0x0000000087400000, 0x00000000d6000000)
  object space 86016K, 15% used [0x0000000082000000,0x0000000082d6ef10,0x0000000087400000)
 Metaspace       used 20414K, capacity 21284K, committed 21296K, reserved 1067008K
  class space    used 2891K, capacity 3110K, committed 3120K, reserved 1048576K
Event: 1.953 GC heap after
Heap after GC invocations=5 (full 1):
 PSYoungGen      total 70656K, used 0K [0x00000000d6000000, 0x00000000daa00000, 0x0000000100000000)
  eden space 65536K, 0% used [0x00000000d6000000,0x00000000d6000000,0x00000000da000000)
  from space 5120K, 0% used [0x00000000da500000,0x00000000da500000,0x00000000daa00000)
  to   space 5120K, 0% used [0x00000000da000000,0x00000000da000000,0x00000000da500000)
 ParOldGen       total 74752K, used 16321K [0x0000000082000000, 0x0000000086900000, 0x00000000d6000000)
  object space 74752K, 21% used [0x0000000082000000,0x0000000082ff0730,0x0000000086900000)
 Metaspace       used 20414K, capacity 21284K, committed 21296K, reserved 1067008K
  class space    used 2891K, capacity 3110K, committed 3120K, reserved 1048576K
}
Event: 2.355 GC heap before
{Heap before GC invocations=6 (full 1):
 PSYoungGen      total 70656K, used 65536K [0x00000000d6000000, 0x00000000daa00000, 0x0000000100000000)
  eden space 65536K, 100% used [0x00000000d6000000,0x00000000da000000,0x00000000da000000)
  from space 5120K, 0% used [0x00000000da500000,0x00000000da500000,0x00000000daa00000)
  to   space 5120K, 0% used [0x00000000da000000,0x00000000da000000,0x00000000da500000)
 ParOldGen       total 74752K, used 16321K [0x0000000082000000, 0x0000000086900000, 0x00000000d6000000)
  object space 74752K, 21% used [0x0000000082000000,0x0000000082ff0730,0x0000000086900000)
 Metaspace       used 21324K, capacity 22656K, committed 22832K, reserved 1069056K
  class space    used 3097K, capacity 3374K, committed 3376K, reserved 1048576K
Event: 2.358 GC heap after
Heap after GC invocations=6 (full 1):
 PSYoungGen      total 70656K, used 2075K [0x00000000d6000000, 0x00000000dda00000, 0x0000000100000000)
  eden space 65536K, 0% used [0x00000000d6000000,0x00000000d6000000,0x00000000da000000)
  from space 5120K, 40% used [0x00000000da000000,0x00000000da206ef0,0x00000000da500000)
  to   space 14848K, 0% used [0x00000000dcb80000,0x00000000dcb80000,0x00000000dda00000)
 ParOldGen       total 74752K, used 16329K [0x0000000082000000, 0x0000000086900000, 0x00000000d6000000)
  object space 74752K, 21% used [0x0000000082000000,0x0000000082ff2730,0x0000000086900000)
 Metaspace       used 21324K, capacity 22656K, committed 22832K, reserved 1069056K
  class space    used 3097K, capacity 3374K, committed 3376K, reserved 1048576K
}
Event: 2.712 GC heap before
{Heap before GC invocations=7 (full 1):
 PSYoungGen      total 70656K, used 67611K [0x00000000d6000000, 0x00000000dda00000, 0x0000000100000000)
  eden space 65536K, 100% used [0x00000000d6000000,0x00000000da000000,0x00000000da000000)
  from space 5120K, 40% used [0x00000000da000000,0x00000000da206ef0,0x00000000da500000)
  to   space 14848K, 0% used [0x00000000dcb80000,0x00000000dcb80000,0x00000000dda00000)
 ParOldGen       total 74752K, used 16329K [0x0000000082000000, 0x0000000086900000, 0x00000000d6000000)
  object space 74752K, 21% used [0x0000000082000000,0x0000000082ff2730,0x0000000086900000)
 Metaspace       used 22619K, capacity 23952K, committed 24112K, reserved 1069056K
  class space    used 3256K, capacity 3514K, committed 3632K, reserved 1048576K
Event: 2.717 GC heap after
Heap after GC invocations=7 (full 1):
 PSYoungGen      total 108032K, used 8199K [0x00000000d6000000, 0x00000000dd880000, 0x0000000100000000)
  eden space 94720K, 0% used [0x00000000d6000000,0x00000000d6000000,0x00000000dbc80000)
  from space 13312K, 61% used [0x00000000dcb80000,0x00000000dd381e18,0x00000000dd880000)
  to   space 14336K, 0% used [0x00000000dbc80000,0x00000000dbc80000,0x00000000dca80000)
 ParOldGen       total 74752K, used 16337K [0x0000000082000000, 0x0000000086900000, 0x00000000d6000000)
  object space 74752K, 21% used [0x0000000082000000,0x0000000082ff4730,0x0000000086900000)
 Metaspace       used 22619K, capacity 23952K, committed 24112K, reserved 1069056K
  class space    used 3256K, capacity 3514K, committed 3632K, reserved 1048576K
}
Event: 4.175 GC heap before
{Heap before GC invocations=8 (full 1):
 PSYoungGen      total 108032K, used 102919K [0x00000000d6000000, 0x00000000dd880000, 0x0000000100000000)
  eden space 94720K, 100% used [0x00000000d6000000,0x00000000dbc80000,0x00000000dbc80000)
  from space 13312K, 61% used [0x00000000dcb80000,0x00000000dd381e18,0x00000000dd880000)
  to   space 14336K, 0% used [0x00000000dbc80000,0x00000000dbc80000,0x00000000dca80000)
 ParOldGen       total 74752K, used 16337K [0x0000000082000000, 0x0000000086900000, 0x00000000d6000000)
  object space 74752K, 21% used [0x0000000082000000,0x0000000082ff4730,0x0000000086900000)
 Metaspace       used 27598K, capacity 29744K, committed 30000K, reserved 1075200K
  class space    used 4021K, capacity 4366K, committed 4400K, reserved 1048576K
Event: 4.197 GC heap after
Heap after GC invocations=8 (full 1):
 PSYoungGen      total 109056K, used 14311K [0x00000000d6000000, 0x00000000e1400000, 0x0000000100000000)
  eden space 94720K, 0% used [0x00000000d6000000,0x00000000d6000000,0x00000000dbc80000)
  from space 14336K, 99% used [0x00000000dbc80000,0x00000000dca79e90,0x00000000dca80000)
  to   space 23552K, 0% used [0x00000000dfd00000,0x00000000dfd00000,0x00000000e1400000)
 ParOldGen       total 74752K, used 29683K [0x0000000082000000, 0x0000000086900000, 0x00000000d6000000)
  object space 74752K, 39% used [0x0000000082000000,0x0000000083cfcf50,0x0000000086900000)
 Metaspace       used 27598K, capacity 29744K, committed 30000K, reserved 1075200K
  class space    used 4021K, capacity 4366K, committed 4400K, reserved 1048576K
}

