# JRE version: Java(TM) SE Runtime Environment (8.0_151-b12) (build 1.8.0_151-b12)
# Java VM: Java HotSpot(TM) 64-Bit Server VM (25.151-b12 mixed mode windows-amd64 compressed oops)
Heap:
 PSYoungGen      total 104960K, used 101375K [0x00000000d5b00000, 0x00000000def00000, 0x0000000100000000)
  eden space 99840K, 96% used [0x00000000d5b00000,0x00000000db9512d0,0x00000000dbc80000)
  from space 5120K, 93% used [0x00000000dea00000,0x00000000deeaecb8,0x00000000def00000)
  to   space 13312K, 0% used [0x00000000dd500000,0x00000000dd500000,0x00000000de200000)
 ParOldGen       total 74752K, used 16674K [0x0000000081000000, 0x0000000085900000, 0x00000000d5b00000)
  object space 74752K, 22% used [0x0000000081000000,0x00000000820489d8,0x0000000085900000)
 Metaspace       used 27011K, capacity 28962K, committed 29184K, reserved 1075200K
  class space    used 3976K, capacity 4315K, committed 4352K, reserved 1048576K
GC Heap History (10 events):
Event: 1.871 GC heap before
{Heap before GC invocations=3 (full 0):
 PSYoungGen      total 38400K, used 38393K [0x00000000d5b00000, 0x00000000d8580000, 0x0000000100000000)
  eden space 33280K, 100% used [0x00000000d5b00000,0x00000000d7b80000,0x00000000d7b80000)
  from space 5120K, 99% used [0x00000000d8080000,0x00000000d857e5d0,0x00000000d8580000)
  to   space 5120K, 0% used [0x00000000d7b80000,0x00000000d7b80000,0x00000000d8080000)
 ParOldGen       total 87552K, used 8896K [0x0000000081000000, 0x0000000086580000, 0x00000000d5b00000)
  object space 87552K, 10% used [0x0000000081000000,0x00000000818b02b8,0x0000000086580000)
 Metaspace       used 17989K, capacity 18650K, committed 18816K, reserved 1064960K
  class space    used 2483K, capacity 2641K, committed 2688K, reserved 1048576K
Event: 1.881 GC heap after
Heap after GC invocations=3 (full 0):
 PSYoungGen      total 38400K, used 5113K [0x00000000d5b00000, 0x00000000da600000, 0x0000000100000000)
  eden space 33280K, 0% used [0x00000000d5b00000,0x00000000d5b00000,0x00000000d7b80000)
  from space 5120K, 99% used [0x00000000d7b80000,0x00000000d807e5b0,0x00000000d8080000)
  to   space 5120K, 0% used [0x00000000da100000,0x00000000da100000,0x00000000da600000)
 ParOldGen       total 87552K, used 12502K [0x0000000081000000, 0x0000000086580000, 0x00000000d5b00000)
  object space 87552K, 14% used [0x0000000081000000,0x0000000081c35928,0x0000000086580000)
 Metaspace       used 17989K, capacity 18650K, committed 18816K, reserved 1064960K
  class space    used 2483K, capacity 2641K, committed 2688K, reserved 1048576K
}
Event: 2.243 GC heap before
{Heap before GC invocations=4 (full 0):
 PSYoungGen      total 38400K, used 38393K [0x00000000d5b00000, 0x00000000da600000, 0x0000000100000000)
  eden space 33280K, 100% used [0x00000000d5b00000,0x00000000d7b80000,0x00000000d7b80000)
  from space 5120K, 99% used [0x00000000d7b80000,0x00000000d807e5b0,0x00000000d8080000)
  to   space 5120K, 0% used [0x00000000da100000,0x00000000da100000,0x00000000da600000)
 ParOldGen       total 87552K, used 12502K [0x0000000081000000, 0x0000000086580000, 0x00000000d5b00000)
  object space 87552K, 14% used [0x0000000081000000,0x0000000081c35928,0x0000000086580000)
 Metaspace       used 19892K, capacity 20794K, committed 20992K, reserved 1067008K
  class space    used 2867K, capacity 3061K, committed 3072K, reserved 1048576K
Event: 2.252 GC heap after
Heap after GC invocations=4 (full 0):
 PSYoungGen      total 71680K, used 5097K [0x00000000d5b00000, 0x00000000da600000, 0x0000000100000000)
  eden space 66560K, 0% used [0x00000000d5b00000,0x00000000d5b00000,0x00000000d9c00000)
  from space 5120K, 99% used [0x00000000da100000,0x00000000da5fa5a0,0x00000000da600000)
  to   space 5120K, 0% used [0x00000000d9c00000,0x00000000d9c00000,0x00000000da100000)
 ParOldGen       total 87552K, used 13592K [0x0000000081000000, 0x0000000086580000, 0x00000000d5b00000)
  object space 87552K, 15% used [0x0000000081000000,0x0000000081d46018,0x0000000086580000)
 Metaspace       used 19892K, capacity 20794K, committed 20992K, reserved 1067008K
  class space    used 2867K, capacity 3061K, committed 3072K, reserved 1048576K
}
Event: 2.373 GC heap before
{Heap before GC invocations=5 (full 0):
 PSYoungGen      total 71680K, used 28067K [0x00000000d5b00000, 0x00000000da600000, 0x0000000100000000)
  eden space 66560K, 34% used [0x00000000d5b00000,0x00000000d716e920,0x00000000d9c00000)
  from space 5120K, 99% used [0x00000000da100000,0x00000000da5fa5a0,0x00000000da600000)
  to   space 5120K, 0% used [0x00000000d9c00000,0x00000000d9c00000,0x00000000da100000)
 ParOldGen       total 87552K, used 13592K [0x0000000081000000, 0x0000000086580000, 0x00000000d5b00000)
  object space 87552K, 15% used [0x0000000081000000,0x0000000081d46018,0x0000000086580000)
 Metaspace       used 20285K, capacity 21262K, committed 21296K, reserved 1067008K
  class space    used 2958K, capacity 3167K, committed 3200K, reserved 1048576K
Event: 2.379 GC heap after
Heap after GC invocations=5 (full 0):
 PSYoungGen      total 71680K, used 5113K [0x00000000d5b00000, 0x00000000df700000, 0x0000000100000000)
  eden space 66560K, 0% used [0x00000000d5b00000,0x00000000d5b00000,0x00000000d9c00000)
  from space 5120K, 99% used [0x00000000d9c00000,0x00000000da0fe5b0,0x00000000da100000)
  to   space 13312K, 0% used [0x00000000dea00000,0x00000000dea00000,0x00000000df700000)
 ParOldGen       total 87552K, used 13888K [0x0000000081000000, 0x0000000086580000, 0x00000000d5b00000)
  object space 87552K, 15% used [0x0000000081000000,0x0000000081d90018,0x0000000086580000)
 Metaspace       used 20285K, capacity 21262K, committed 21296K, reserved 1067008K
  class space    used 2958K, capacity 3167K, committed 3200K, reserved 1048576K
}
Event: 2.379 GC heap before
{Heap before GC invocations=6 (full 1):
 PSYoungGen      total 71680K, used 5113K [0x00000000d5b00000, 0x00000000df700000, 0x0000000100000000)
  eden space 66560K, 0% used [0x00000000d5b00000,0x00000000d5b00000,0x00000000d9c00000)
  from space 5120K, 99% used [0x00000000d9c00000,0x00000000da0fe5b0,0x00000000da100000)
  to   space 13312K, 0% used [0x00000000dea00000,0x00000000dea00000,0x00000000df700000)
 ParOldGen       total 87552K, used 13888K [0x0000000081000000, 0x0000000086580000, 0x00000000d5b00000)
  object space 87552K, 15% used [0x0000000081000000,0x0000000081d90018,0x0000000086580000)
 Metaspace       used 20285K, capacity 21262K, committed 21296K, reserved 1067008K
  class space    used 2958K, capacity 3167K, committed 3200K, reserved 1048576K
Event: 2.427 GC heap after
Heap after GC invocations=6 (full 1):
 PSYoungGen      total 71680K, used 0K [0x00000000d5b00000, 0x00000000df700000, 0x0000000100000000)
  eden space 66560K, 0% used [0x00000000d5b00000,0x00000000d5b00000,0x00000000d9c00000)
  from space 5120K, 0% used [0x00000000d9c00000,0x00000000d9c00000,0x00000000da100000)
  to   space 13312K, 0% used [0x00000000dea00000,0x00000000dea00000,0x00000000df700000)
 ParOldGen       total 74752K, used 16666K [0x0000000081000000, 0x0000000085900000, 0x00000000d5b00000)
  object space 74752K, 22% used [0x0000000081000000,0x00000000820469d8,0x0000000085900000)
 Metaspace       used 20285K, capacity 21262K, committed 21296K, reserved 1067008K
  class space    used 2958K, capacity 3167K, committed 3200K, reserved 1048576K
}
Event: 2.941 GC heap before
{Heap before GC invocations=7 (full 1):
 PSYoungGen      total 71680K, used 66560K [0x00000000d5b00000, 0x00000000df700000, 0x0000000100000000)
  eden space 66560K, 100% used [0x00000000d5b00000,0x00000000d9c00000,0x00000000d9c00000)
  from space 5120K, 0% used [0x00000000d9c00000,0x00000000d9c00000,0x00000000da100000)
  to   space 13312K, 0% used [0x00000000dea00000,0x00000000dea00000,0x00000000df700000)
 ParOldGen       total 74752K, used 16666K [0x0000000081000000, 0x0000000085900000, 0x00000000d5b00000)
  object space 74752K, 22% used [0x0000000081000000,0x00000000820469d8,0x0000000085900000)
 Metaspace       used 21775K, capacity 22850K, committed 22912K, reserved 1069056K
  class space    used 3195K, capacity 3437K, committed 3456K, reserved 1048576K
Event: 2.947 GC heap after
Heap after GC invocations=7 (full 1):
 PSYoungGen      total 104960K, used 4795K [0x00000000d5b00000, 0x00000000def00000, 0x0000000100000000)
  eden space 99840K, 0% used [0x00000000d5b00000,0x00000000d5b00000,0x00000000dbc80000)
  from space 5120K, 93% used [0x00000000dea00000,0x00000000deeaecb8,0x00000000def00000)
  to   space 13312K, 0% used [0x00000000dd500000,0x00000000dd500000,0x00000000de200000)
 ParOldGen       total 74752K, used 16674K [0x0000000081000000, 0x0000000085900000, 0x00000000d5b00000)
  object space 74752K, 22% used [0x0000000081000000,0x00000000820489d8,0x0000000085900000)
 Metaspace       used 21775K, capacity 22850K, committed 22912K, reserved 1069056K
  class space    used 3195K, capacity 3437K, committed 3456K, reserved 1048576K
}

