# JRE version: Java(TM) SE Runtime Environment (8.0_161-b12) (build 1.8.0_161-b12)
# Java VM: Java HotSpot(TM) 64-Bit Server VM (25.161-b12 mixed mode windows-amd64 compressed oops)
Heap:
 PSYoungGen      total 108032K, used 44679K [0x00000000d6000000, 0x00000000e1280000, 0x0000000100000000)
  eden space 93696K, 32% used [0x00000000d6000000,0x00000000d7da1ff0,0x00000000dbb80000)
  from space 14336K, 99% used [0x00000000dbb80000,0x00000000dc97fe90,0x00000000dc980000)
  to   space 23552K, 0% used [0x00000000dfb80000,0x00000000dfb80000,0x00000000e1280000)
 ParOldGen       total 74752K, used 29777K [0x0000000082000000, 0x0000000086900000, 0x00000000d6000000)
  object space 74752K, 39% used [0x0000000082000000,0x0000000083d144f8,0x0000000086900000)
 Metaspace       used 31041K, capacity 33181K, committed 33456K, reserved 1077248K
  class space    used 4373K, capacity 4724K, committed 4784K, reserved 1048576K
GC Heap History (10 events):
Event: 2.321 GC heap before
{Heap before GC invocations=4 (full 0):
 PSYoungGen      total 37888K, used 22292K [0x00000000d6000000, 0x00000000daa00000, 0x0000000100000000)
  eden space 32768K, 52% used [0x00000000d6000000,0x00000000d70c8d38,0x00000000d8000000)
  from space 5120K, 99% used [0x00000000d8000000,0x00000000d84fc540,0x00000000d8500000)
  to   space 5120K, 0% used [0x00000000da500000,0x00000000da500000,0x00000000daa00000)
 ParOldGen       total 86016K, used 12905K [0x0000000082000000, 0x0000000087400000, 0x00000000d6000000)
  object space 86016K, 15% used [0x0000000082000000,0x0000000082c9a630,0x0000000087400000)
 Metaspace       used 20411K, capacity 21275K, committed 21296K, reserved 1067008K
  class space    used 2881K, capacity 3099K, committed 3120K, reserved 1048576K
Event: 2.328 GC heap after
Heap after GC invocations=4 (full 0):
 PSYoungGen      total 70656K, used 5104K [0x00000000d6000000, 0x00000000daa00000, 0x0000000100000000)
  eden space 65536K, 0% used [0x00000000d6000000,0x00000000d6000000,0x00000000da000000)
  from space 5120K, 99% used [0x00000000da500000,0x00000000da9fc090,0x00000000daa00000)
  to   space 5120K, 0% used [0x00000000da000000,0x00000000da000000,0x00000000da500000)
 ParOldGen       total 86016K, used 13678K [0x0000000082000000, 0x0000000087400000, 0x00000000d6000000)
  object space 86016K, 15% used [0x0000000082000000,0x0000000082d5ba90,0x0000000087400000)
 Metaspace       used 20411K, capacity 21275K, committed 21296K, reserved 1067008K
  class space    used 2881K, capacity 3099K, committed 3120K, reserved 1048576K
}
Event: 2.328 GC heap before
{Heap before GC invocations=5 (full 1):
 PSYoungGen      total 70656K, used 5104K [0x00000000d6000000, 0x00000000daa00000, 0x0000000100000000)
  eden space 65536K, 0% used [0x00000000d6000000,0x00000000d6000000,0x00000000da000000)
  from space 5120K, 99% used [0x00000000da500000,0x00000000da9fc090,0x00000000daa00000)
  to   space 5120K, 0% used [0x00000000da000000,0x00000000da000000,0x00000000da500000)
 ParOldGen       total 86016K, used 13678K [0x0000000082000000, 0x0000000087400000, 0x00000000d6000000)
  object space 86016K, 15% used [0x0000000082000000,0x0000000082d5ba90,0x0000000087400000)
 Metaspace       used 20411K, capacity 21275K, committed 21296K, reserved 1067008K
  class space    used 2881K, capacity 3099K, committed 3120K, reserved 1048576K
Event: 2.368 GC heap after
Heap after GC invocations=5 (full 1):
 PSYoungGen      total 70656K, used 0K [0x00000000d6000000, 0x00000000daa00000, 0x0000000100000000)
  eden space 65536K, 0% used [0x00000000d6000000,0x00000000d6000000,0x00000000da000000)
  from space 5120K, 0% used [0x00000000da500000,0x00000000da500000,0x00000000daa00000)
  to   space 5120K, 0% used [0x00000000da000000,0x00000000da000000,0x00000000da500000)
 ParOldGen       total 74752K, used 16285K [0x0000000082000000, 0x0000000086900000, 0x00000000d6000000)
  object space 74752K, 21% used [0x0000000082000000,0x0000000082fe77e8,0x0000000086900000)
 Metaspace       used 20411K, capacity 21275K, committed 21296K, reserved 1067008K
  class space    used 2881K, capacity 3099K, committed 3120K, reserved 1048576K
}
Event: 2.886 GC heap before
{Heap before GC invocations=6 (full 1):
 PSYoungGen      total 70656K, used 65536K [0x00000000d6000000, 0x00000000daa00000, 0x0000000100000000)
  eden space 65536K, 100% used [0x00000000d6000000,0x00000000da000000,0x00000000da000000)
  from space 5120K, 0% used [0x00000000da500000,0x00000000da500000,0x00000000daa00000)
  to   space 5120K, 0% used [0x00000000da000000,0x00000000da000000,0x00000000da500000)
 ParOldGen       total 74752K, used 16285K [0x0000000082000000, 0x0000000086900000, 0x00000000d6000000)
  object space 74752K, 21% used [0x0000000082000000,0x0000000082fe77e8,0x0000000086900000)
 Metaspace       used 21338K, capacity 22689K, committed 22832K, reserved 1069056K
  class space    used 3093K, capacity 3344K, committed 3376K, reserved 1048576K
Event: 2.889 GC heap after
Heap after GC invocations=6 (full 1):
 PSYoungGen      total 70656K, used 2075K [0x00000000d6000000, 0x00000000dd980000, 0x0000000100000000)
  eden space 65536K, 0% used [0x00000000d6000000,0x00000000d6000000,0x00000000da000000)
  from space 5120K, 40% used [0x00000000da000000,0x00000000da206ef0,0x00000000da500000)
  to   space 14848K, 0% used [0x00000000dcb00000,0x00000000dcb00000,0x00000000dd980000)
 ParOldGen       total 74752K, used 16293K [0x0000000082000000, 0x0000000086900000, 0x00000000d6000000)
  object space 74752K, 21% used [0x0000000082000000,0x0000000082fe97e8,0x0000000086900000)
 Metaspace       used 21338K, capacity 22689K, committed 22832K, reserved 1069056K
  class space    used 3093K, capacity 3344K, committed 3376K, reserved 1048576K
}
Event: 3.312 GC heap before
{Heap before GC invocations=7 (full 1):
 PSYoungGen      total 70656K, used 67611K [0x00000000d6000000, 0x00000000dd980000, 0x0000000100000000)
  eden space 65536K, 100% used [0x00000000d6000000,0x00000000da000000,0x00000000da000000)
  from space 5120K, 40% used [0x00000000da000000,0x00000000da206ef0,0x00000000da500000)
  to   space 14848K, 0% used [0x00000000dcb00000,0x00000000dcb00000,0x00000000dd980000)
 ParOldGen       total 74752K, used 16293K [0x0000000082000000, 0x0000000086900000, 0x00000000d6000000)
  object space 74752K, 21% used [0x0000000082000000,0x0000000082fe97e8,0x0000000086900000)
 Metaspace       used 22643K, capacity 23953K, committed 24112K, reserved 1069056K
  class space    used 3254K, capacity 3516K, committed 3632K, reserved 1048576K
Event: 3.317 GC heap after
Heap after GC invocations=7 (full 1):
 PSYoungGen      total 106496K, used 8246K [0x00000000d6000000, 0x00000000dd780000, 0x0000000100000000)
  eden space 93696K, 0% used [0x00000000d6000000,0x00000000d6000000,0x00000000dbb80000)
  from space 12800K, 64% used [0x00000000dcb00000,0x00000000dd30d9b8,0x00000000dd780000)
  to   space 14336K, 0% used [0x00000000dbb80000,0x00000000dbb80000,0x00000000dc980000)
 ParOldGen       total 74752K, used 16301K [0x0000000082000000, 0x0000000086900000, 0x00000000d6000000)
  object space 74752K, 21% used [0x0000000082000000,0x0000000082feb7e8,0x0000000086900000)
 Metaspace       used 22643K, capacity 23953K, committed 24112K, reserved 1069056K
  class space    used 3254K, capacity 3516K, committed 3632K, reserved 1048576K
}
Event: 5.134 GC heap before
{Heap before GC invocations=8 (full 1):
 PSYoungGen      total 106496K, used 101942K [0x00000000d6000000, 0x00000000dd780000, 0x0000000100000000)
  eden space 93696K, 100% used [0x00000000d6000000,0x00000000dbb80000,0x00000000dbb80000)
  from space 12800K, 64% used [0x00000000dcb00000,0x00000000dd30d9b8,0x00000000dd780000)
  to   space 14336K, 0% used [0x00000000dbb80000,0x00000000dbb80000,0x00000000dc980000)
 ParOldGen       total 74752K, used 16301K [0x0000000082000000, 0x0000000086900000, 0x00000000d6000000)
  object space 74752K, 21% used [0x0000000082000000,0x0000000082feb7e8,0x0000000086900000)
 Metaspace       used 27625K, capacity 29693K, committed 29744K, reserved 1075200K
  class space    used 4021K, capacity 4370K, committed 4400K, reserved 1048576K
Event: 5.168 GC heap after
Heap after GC invocations=8 (full 1):
 PSYoungGen      total 108032K, used 14335K [0x00000000d6000000, 0x00000000e1280000, 0x0000000100000000)
  eden space 93696K, 0% used [0x00000000d6000000,0x00000000d6000000,0x00000000dbb80000)
  from space 14336K, 99% used [0x00000000dbb80000,0x00000000dc97fe90,0x00000000dc980000)
  to   space 23552K, 0% used [0x00000000dfb80000,0x00000000dfb80000,0x00000000e1280000)
 ParOldGen       total 74752K, used 29777K [0x0000000082000000, 0x0000000086900000, 0x00000000d6000000)
  object space 74752K, 39% used [0x0000000082000000,0x0000000083d144f8,0x0000000086900000)
 Metaspace       used 27625K, capacity 29693K, committed 29744K, reserved 1075200K
  class space    used 4021K, capacity 4370K, committed 4400K, reserved 1048576K
}

