# JRE version: Java(TM) SE Runtime Environment (8.0_121-b13) (build 1.8.0_121-b13)
# Java VM: Java HotSpot(TM) 64-Bit Server VM (25.121-b13 mixed mode windows-amd64 compressed oops)
Heap:
 PSYoungGen      total 38400K, used 17372K [0x00000000d5b00000, 0x00000000dab00000, 0x0000000100000000)
  eden space 33280K, 36% used [0x00000000d5b00000,0x00000000d66fba20,0x00000000d7b80000)
  from space 5120K, 99% used [0x00000000d7b80000,0x00000000d807b8d0,0x00000000d8080000)
  to   space 15360K, 0% used [0x00000000d9c00000,0x00000000d9c00000,0x00000000dab00000)
 ParOldGen       total 77824K, used 19889K [0x0000000081000000, 0x0000000085c00000, 0x00000000d5b00000)
  object space 77824K, 25% used [0x0000000081000000,0x000000008236c538,0x0000000085c00000)
 Metaspace       used 24881K, capacity 26696K, committed 26800K, reserved 1073152K
  class space    used 3606K, capacity 3928K, committed 4016K, reserved 1048576K
GC Heap History (10 events):
Event: 2.977 GC heap before
{Heap before GC invocations=2 (full 0):
 PSYoungGen      total 38400K, used 38396K [0x00000000d5b00000, 0x00000000d8580000, 0x0000000100000000)
  eden space 33280K, 100% used [0x00000000d5b00000,0x00000000d7b80000,0x00000000d7b80000)
  from space 5120K, 99% used [0x00000000d7b80000,0x00000000d807f3d0,0x00000000d8080000)
  to   space 5120K, 0% used [0x00000000d8080000,0x00000000d8080000,0x00000000d8580000)
 ParOldGen       total 87552K, used 364K [0x0000000081000000, 0x0000000086580000, 0x00000000d5b00000)
  object space 87552K, 0% used [0x0000000081000000,0x000000008105b240,0x0000000086580000)
 Metaspace       used 16941K, capacity 17624K, committed 17664K, reserved 1064960K
  class space    used 2350K, capacity 2522K, committed 2560K, reserved 1048576K
Event: 2.989 GC heap after
Heap after GC invocations=2 (full 0):
 PSYoungGen      total 38400K, used 5113K [0x00000000d5b00000, 0x00000000d8580000, 0x0000000100000000)
  eden space 33280K, 0% used [0x00000000d5b00000,0x00000000d5b00000,0x00000000d7b80000)
  from space 5120K, 99% used [0x00000000d8080000,0x00000000d857e590,0x00000000d8580000)
  to   space 5120K, 0% used [0x00000000d7b80000,0x00000000d7b80000,0x00000000d8080000)
 ParOldGen       total 87552K, used 10673K [0x0000000081000000, 0x0000000086580000, 0x00000000d5b00000)
  object space 87552K, 12% used [0x0000000081000000,0x0000000081a6c6e8,0x0000000086580000)
 Metaspace       used 16941K, capacity 17624K, committed 17664K, reserved 1064960K
  class space    used 2350K, capacity 2522K, committed 2560K, reserved 1048576K
}
Event: 5.022 GC heap before
{Heap before GC invocations=3 (full 0):
 PSYoungGen      total 38400K, used 38393K [0x00000000d5b00000, 0x00000000d8580000, 0x0000000100000000)
  eden space 33280K, 100% used [0x00000000d5b00000,0x00000000d7b80000,0x00000000d7b80000)
  from space 5120K, 99% used [0x00000000d8080000,0x00000000d857e590,0x00000000d8580000)
  to   space 5120K, 0% used [0x00000000d7b80000,0x00000000d7b80000,0x00000000d8080000)
 ParOldGen       total 87552K, used 10673K [0x0000000081000000, 0x0000000086580000, 0x00000000d5b00000)
  object space 87552K, 12% used [0x0000000081000000,0x0000000081a6c6e8,0x0000000086580000)
 Metaspace       used 19010K, capacity 19986K, committed 20096K, reserved 1067008K
  class space    used 2679K, capacity 2881K, committed 2944K, reserved 1048576K
Event: 5.041 GC heap after
Heap after GC invocations=3 (full 0):
 PSYoungGen      total 38400K, used 5049K [0x00000000d5b00000, 0x00000000d8580000, 0x0000000100000000)
  eden space 33280K, 0% used [0x00000000d5b00000,0x00000000d5b00000,0x00000000d7b80000)
  from space 5120K, 98% used [0x00000000d7b80000,0x00000000d806e750,0x00000000d8080000)
  to   space 5120K, 0% used [0x00000000d8080000,0x00000000d8080000,0x00000000d8580000)
 ParOldGen       total 87552K, used 12394K [0x0000000081000000, 0x0000000086580000, 0x00000000d5b00000)
  object space 87552K, 14% used [0x0000000081000000,0x0000000081c1abf8,0x0000000086580000)
 Metaspace       used 19010K, capacity 19986K, committed 20096K, reserved 1067008K
  class space    used 2679K, capacity 2881K, committed 2944K, reserved 1048576K
}
Event: 6.258 GC heap before
{Heap before GC invocations=4 (full 0):
 PSYoungGen      total 38400K, used 16826K [0x00000000d5b00000, 0x00000000d8580000, 0x0000000100000000)
  eden space 33280K, 35% used [0x00000000d5b00000,0x00000000d6680130,0x00000000d7b80000)
  from space 5120K, 98% used [0x00000000d7b80000,0x00000000d806e750,0x00000000d8080000)
  to   space 5120K, 0% used [0x00000000d8080000,0x00000000d8080000,0x00000000d8580000)
 ParOldGen       total 87552K, used 12394K [0x0000000081000000, 0x0000000086580000, 0x00000000d5b00000)
  object space 87552K, 14% used [0x0000000081000000,0x0000000081c1abf8,0x0000000086580000)
 Metaspace       used 20237K, capacity 21250K, committed 21296K, reserved 1067008K
  class space    used 2889K, capacity 3107K, committed 3120K, reserved 1048576K
Event: 6.264 GC heap after
Heap after GC invocations=4 (full 0):
 PSYoungGen      total 38400K, used 5095K [0x00000000d5b00000, 0x00000000d8580000, 0x0000000100000000)
  eden space 33280K, 0% used [0x00000000d5b00000,0x00000000d5b00000,0x00000000d7b80000)
  from space 5120K, 99% used [0x00000000d8080000,0x00000000d8579cd0,0x00000000d8580000)
  to   space 5120K, 0% used [0x00000000d7b80000,0x00000000d7b80000,0x00000000d8080000)
 ParOldGen       total 87552K, used 12946K [0x0000000081000000, 0x0000000086580000, 0x00000000d5b00000)
  object space 87552K, 14% used [0x0000000081000000,0x0000000081ca48d8,0x0000000086580000)
 Metaspace       used 20237K, capacity 21250K, committed 21296K, reserved 1067008K
  class space    used 2889K, capacity 3107K, committed 3120K, reserved 1048576K
}
Event: 6.264 GC heap before
{Heap before GC invocations=5 (full 1):
 PSYoungGen      total 38400K, used 5095K [0x00000000d5b00000, 0x00000000d8580000, 0x0000000100000000)
  eden space 33280K, 0% used [0x00000000d5b00000,0x00000000d5b00000,0x00000000d7b80000)
  from space 5120K, 99% used [0x00000000d8080000,0x00000000d8579cd0,0x00000000d8580000)
  to   space 5120K, 0% used [0x00000000d7b80000,0x00000000d7b80000,0x00000000d8080000)
 ParOldGen       total 87552K, used 12946K [0x0000000081000000, 0x0000000086580000, 0x00000000d5b00000)
  object space 87552K, 14% used [0x0000000081000000,0x0000000081ca48d8,0x0000000086580000)
 Metaspace       used 20237K, capacity 21250K, committed 21296K, reserved 1067008K
  class space    used 2889K, capacity 3107K, committed 3120K, reserved 1048576K
Event: 6.303 GC heap after
Heap after GC invocations=5 (full 1):
 PSYoungGen      total 38400K, used 0K [0x00000000d5b00000, 0x00000000d8580000, 0x0000000100000000)
  eden space 33280K, 0% used [0x00000000d5b00000,0x00000000d5b00000,0x00000000d7b80000)
  from space 5120K, 0% used [0x00000000d8080000,0x00000000d8080000,0x00000000d8580000)
  to   space 5120K, 0% used [0x00000000d7b80000,0x00000000d7b80000,0x00000000d8080000)
 ParOldGen       total 77824K, used 16357K [0x0000000081000000, 0x0000000085c00000, 0x00000000d5b00000)
  object space 77824K, 21% used [0x0000000081000000,0x0000000081ff9528,0x0000000085c00000)
 Metaspace       used 20237K, capacity 21250K, committed 21296K, reserved 1067008K
  class space    used 2889K, capacity 3107K, committed 3120K, reserved 1048576K
}
Event: 7.486 GC heap before
{Heap before GC invocations=6 (full 1):
 PSYoungGen      total 38400K, used 33280K [0x00000000d5b00000, 0x00000000d8580000, 0x0000000100000000)
  eden space 33280K, 100% used [0x00000000d5b00000,0x00000000d7b80000,0x00000000d7b80000)
  from space 5120K, 0% used [0x00000000d8080000,0x00000000d8080000,0x00000000d8580000)
  to   space 5120K, 0% used [0x00000000d7b80000,0x00000000d7b80000,0x00000000d8080000)
 ParOldGen       total 77824K, used 16357K [0x0000000081000000, 0x0000000085c00000, 0x00000000d5b00000)
  object space 77824K, 21% used [0x0000000081000000,0x0000000081ff9528,0x0000000085c00000)
 Metaspace       used 23656K, capacity 25446K, committed 25648K, reserved 1071104K
  class space    used 3462K, capacity 3779K, committed 3888K, reserved 1048576K
Event: 7.497 GC heap after
Heap after GC invocations=6 (full 1):
 PSYoungGen      total 38400K, used 5102K [0x00000000d5b00000, 0x00000000dab00000, 0x0000000100000000)
  eden space 33280K, 0% used [0x00000000d5b00000,0x00000000d5b00000,0x00000000d7b80000)
  from space 5120K, 99% used [0x00000000d7b80000,0x00000000d807b8d0,0x00000000d8080000)
  to   space 15360K, 0% used [0x00000000d9c00000,0x00000000d9c00000,0x00000000dab00000)
 ParOldGen       total 77824K, used 19889K [0x0000000081000000, 0x0000000085c00000, 0x00000000d5b00000)
  object space 77824K, 25% used [0x0000000081000000,0x000000008236c538,0x0000000085c00000)
 Metaspace       used 23656K, capacity 25446K, committed 25648K, reserved 1071104K
  class space    used 3462K, capacity 3779K, committed 3888K, reserved 1048576K
}

