# JRE version: Java(TM) SE Runtime Environment (8.0_161-b12) (build 1.8.0_161-b12)
# Java VM: Java HotSpot(TM) 64-Bit Server VM (25.161-b12 mixed mode windows-amd64 compressed oops)
Heap:
 PSYoungGen      total 51712K, used 35163K [0x00000000d6000000, 0x00000000db100000, 0x0000000100000000)
  eden space 47616K, 65% used [0x00000000d6000000,0x00000000d7e56c20,0x00000000d8e80000)
  from space 4096K, 100% used [0x00000000dad00000,0x00000000db100000,0x00000000db100000)
  to   space 13312K, 0% used [0x00000000d9700000,0x00000000d9700000,0x00000000da400000)
 ParOldGen       total 76800K, used 16830K [0x0000000082000000, 0x0000000086b00000, 0x00000000d6000000)
  object space 76800K, 21% used [0x0000000082000000,0x000000008306f9f8,0x0000000086b00000)
 Metaspace       used 25792K, capacity 27545K, committed 27648K, reserved 1073152K
  class space    used 3764K, capacity 4083K, committed 4096K, reserved 1048576K
GC Heap History (10 events):
Event: 2.124 GC heap before
{Heap before GC invocations=3 (full 0):
 PSYoungGen      total 37888K, used 37865K [0x00000000d6000000, 0x00000000d8a00000, 0x0000000100000000)
  eden space 32768K, 100% used [0x00000000d6000000,0x00000000d8000000,0x00000000d8000000)
  from space 5120K, 99% used [0x00000000d8500000,0x00000000d89fa5c0,0x00000000d8a00000)
  to   space 5120K, 0% used [0x00000000d8000000,0x00000000d8000000,0x00000000d8500000)
 ParOldGen       total 86016K, used 8961K [0x0000000082000000, 0x0000000087400000, 0x00000000d6000000)
  object space 86016K, 10% used [0x0000000082000000,0x00000000828c04d8,0x0000000087400000)
 Metaspace       used 18259K, capacity 18958K, committed 19072K, reserved 1064960K
  class space    used 2485K, capacity 2641K, committed 2688K, reserved 1048576K
Event: 2.132 GC heap after
Heap after GC invocations=3 (full 0):
 PSYoungGen      total 37888K, used 5113K [0x00000000d6000000, 0x00000000d8a00000, 0x0000000100000000)
  eden space 32768K, 0% used [0x00000000d6000000,0x00000000d6000000,0x00000000d8000000)
  from space 5120K, 99% used [0x00000000d8000000,0x00000000d84fe590,0x00000000d8500000)
  to   space 5120K, 0% used [0x00000000d8500000,0x00000000d8500000,0x00000000d8a00000)
 ParOldGen       total 86016K, used 12666K [0x0000000082000000, 0x0000000087400000, 0x00000000d6000000)
  object space 86016K, 14% used [0x0000000082000000,0x0000000082c5eb78,0x0000000087400000)
 Metaspace       used 18259K, capacity 18958K, committed 19072K, reserved 1064960K
  class space    used 2485K, capacity 2641K, committed 2688K, reserved 1048576K
}
Event: 2.440 GC heap before
{Heap before GC invocations=4 (full 0):
 PSYoungGen      total 37888K, used 37881K [0x00000000d6000000, 0x00000000d8a00000, 0x0000000100000000)
  eden space 32768K, 100% used [0x00000000d6000000,0x00000000d8000000,0x00000000d8000000)
  from space 5120K, 99% used [0x00000000d8000000,0x00000000d84fe590,0x00000000d8500000)
  to   space 5120K, 0% used [0x00000000d8500000,0x00000000d8500000,0x00000000d8a00000)
 ParOldGen       total 86016K, used 12666K [0x0000000082000000, 0x0000000087400000, 0x00000000d6000000)
  object space 86016K, 14% used [0x0000000082000000,0x0000000082c5eb78,0x0000000087400000)
 Metaspace       used 20132K, capacity 20982K, committed 21120K, reserved 1067008K
  class space    used 2856K, capacity 3089K, committed 3200K, reserved 1048576K
Event: 2.445 GC heap after
Heap after GC invocations=4 (full 0):
 PSYoungGen      total 37888K, used 5088K [0x00000000d6000000, 0x00000000daa00000, 0x0000000100000000)
  eden space 32768K, 0% used [0x00000000d6000000,0x00000000d6000000,0x00000000d8000000)
  from space 5120K, 99% used [0x00000000d8500000,0x00000000d89f81e0,0x00000000d8a00000)
  to   space 5120K, 0% used [0x00000000d8000000,0x00000000d8000000,0x00000000d8500000)
 ParOldGen       total 86016K, used 13733K [0x0000000082000000, 0x0000000087400000, 0x00000000d6000000)
  object space 86016K, 15% used [0x0000000082000000,0x0000000082d69618,0x0000000087400000)
 Metaspace       used 20132K, capacity 20982K, committed 21120K, reserved 1067008K
  class space    used 2856K, capacity 3089K, committed 3200K, reserved 1048576K
}
Event: 2.553 GC heap before
{Heap before GC invocations=5 (full 0):
 PSYoungGen      total 37888K, used 20180K [0x00000000d6000000, 0x00000000daa00000, 0x0000000100000000)
  eden space 32768K, 46% used [0x00000000d6000000,0x00000000d6ebcf70,0x00000000d8000000)
  from space 5120K, 99% used [0x00000000d8500000,0x00000000d89f81e0,0x00000000d8a00000)
  to   space 5120K, 0% used [0x00000000d8000000,0x00000000d8000000,0x00000000d8500000)
 ParOldGen       total 86016K, used 13733K [0x0000000082000000, 0x0000000087400000, 0x00000000d6000000)
  object space 86016K, 15% used [0x0000000082000000,0x0000000082d69618,0x0000000087400000)
 Metaspace       used 20351K, capacity 21233K, committed 21296K, reserved 1067008K
  class space    used 2903K, capacity 3137K, committed 3200K, reserved 1048576K
Event: 2.557 GC heap after
Heap after GC invocations=5 (full 0):
 PSYoungGen      total 37888K, used 5088K [0x00000000d6000000, 0x00000000dba00000, 0x0000000100000000)
  eden space 32768K, 0% used [0x00000000d6000000,0x00000000d6000000,0x00000000d8000000)
  from space 5120K, 99% used [0x00000000d8000000,0x00000000d84f81e0,0x00000000d8500000)
  to   space 13312K, 0% used [0x00000000dad00000,0x00000000dad00000,0x00000000dba00000)
 ParOldGen       total 86016K, used 14117K [0x0000000082000000, 0x0000000087400000, 0x00000000d6000000)
  object space 86016K, 16% used [0x0000000082000000,0x0000000082dc9618,0x0000000087400000)
 Metaspace       used 20351K, capacity 21233K, committed 21296K, reserved 1067008K
  class space    used 2903K, capacity 3137K, committed 3200K, reserved 1048576K
}
Event: 2.557 GC heap before
{Heap before GC invocations=6 (full 1):
 PSYoungGen      total 37888K, used 5088K [0x00000000d6000000, 0x00000000dba00000, 0x0000000100000000)
  eden space 32768K, 0% used [0x00000000d6000000,0x00000000d6000000,0x00000000d8000000)
  from space 5120K, 99% used [0x00000000d8000000,0x00000000d84f81e0,0x00000000d8500000)
  to   space 13312K, 0% used [0x00000000dad00000,0x00000000dad00000,0x00000000dba00000)
 ParOldGen       total 86016K, used 14117K [0x0000000082000000, 0x0000000087400000, 0x00000000d6000000)
  object space 86016K, 16% used [0x0000000082000000,0x0000000082dc9618,0x0000000087400000)
 Metaspace       used 20351K, capacity 21233K, committed 21296K, reserved 1067008K
  class space    used 2903K, capacity 3137K, committed 3200K, reserved 1048576K
Event: 2.610 GC heap after
Heap after GC invocations=6 (full 1):
 PSYoungGen      total 37888K, used 0K [0x00000000d6000000, 0x00000000dba00000, 0x0000000100000000)
  eden space 32768K, 0% used [0x00000000d6000000,0x00000000d6000000,0x00000000d8000000)
  from space 5120K, 0% used [0x00000000d8000000,0x00000000d8000000,0x00000000d8500000)
  to   space 13312K, 0% used [0x00000000dad00000,0x00000000dad00000,0x00000000dba00000)
 ParOldGen       total 76800K, used 16822K [0x0000000082000000, 0x0000000086b00000, 0x00000000d6000000)
  object space 76800K, 21% used [0x0000000082000000,0x000000008306d9f8,0x0000000086b00000)
 Metaspace       used 20351K, capacity 21233K, committed 21296K, reserved 1067008K
  class space    used 2903K, capacity 3137K, committed 3200K, reserved 1048576K
}
Event: 3.258 GC heap before
{Heap before GC invocations=7 (full 1):
 PSYoungGen      total 37888K, used 32768K [0x00000000d6000000, 0x00000000dba00000, 0x0000000100000000)
  eden space 32768K, 100% used [0x00000000d6000000,0x00000000d8000000,0x00000000d8000000)
  from space 5120K, 0% used [0x00000000d8000000,0x00000000d8000000,0x00000000d8500000)
  to   space 13312K, 0% used [0x00000000dad00000,0x00000000dad00000,0x00000000dba00000)
 ParOldGen       total 76800K, used 16822K [0x0000000082000000, 0x0000000086b00000, 0x00000000d6000000)
  object space 76800K, 21% used [0x0000000082000000,0x000000008306d9f8,0x0000000086b00000)
 Metaspace       used 23787K, capacity 25309K, committed 25472K, reserved 1071104K
  class space    used 3554K, capacity 3841K, committed 3968K, reserved 1048576K
Event: 3.269 GC heap after
Heap after GC invocations=7 (full 1):
 PSYoungGen      total 51712K, used 4096K [0x00000000d6000000, 0x00000000db100000, 0x0000000100000000)
  eden space 47616K, 0% used [0x00000000d6000000,0x00000000d6000000,0x00000000d8e80000)
  from space 4096K, 100% used [0x00000000dad00000,0x00000000db100000,0x00000000db100000)
  to   space 13312K, 0% used [0x00000000d9700000,0x00000000d9700000,0x00000000da400000)
 ParOldGen       total 76800K, used 16830K [0x0000000082000000, 0x0000000086b00000, 0x00000000d6000000)
  object space 76800K, 21% used [0x0000000082000000,0x000000008306f9f8,0x0000000086b00000)
 Metaspace       used 23787K, capacity 25309K, committed 25472K, reserved 1071104K
  class space    used 3554K, capacity 3841K, committed 3968K, reserved 1048576K
}

