# JRE version: Java(TM) SE Runtime Environment (8.0_121-b13) (build 1.8.0_121-b13)
# Java VM: Java HotSpot(TM) 64-Bit Server VM (25.121-b13 mixed mode windows-amd64 compressed oops)
Heap:
 PSYoungGen      total 80896K, used 54861K [0x00000000d5b00000, 0x00000000db900000, 0x0000000100000000)
  eden space 66560K, 82% used [0x00000000d5b00000,0x00000000d90935b8,0x00000000d9c00000)
  from space 14336K, 0% used [0x00000000dab00000,0x00000000dab00000,0x00000000db900000)
  to   space 14848K, 0% used [0x00000000d9c00000,0x00000000d9c00000,0x00000000daa80000)
 ParOldGen       total 70144K, used 18585K [0x0000000081000000, 0x0000000085480000, 0x00000000d5b00000)
  object space 70144K, 26% used [0x0000000081000000,0x0000000082226520,0x0000000085480000)
 Metaspace       used 25540K, capacity 27528K, committed 27696K, reserved 1073152K
  class space    used 3708K, capacity 4060K, committed 4144K, reserved 1048576K
GC Heap History (10 events):
Event: 5.910 GC heap before
{Heap before GC invocations=3 (full 0):
 PSYoungGen      total 38400K, used 38377K [0x00000000d5b00000, 0x00000000d8580000, 0x0000000100000000)
  eden space 33280K, 100% used [0x00000000d5b00000,0x00000000d7b80000,0x00000000d7b80000)
  from space 5120K, 99% used [0x00000000d8080000,0x00000000d857a5a0,0x00000000d8580000)
  to   space 5120K, 0% used [0x00000000d7b80000,0x00000000d7b80000,0x00000000d8080000)
 ParOldGen       total 87552K, used 10649K [0x0000000081000000, 0x0000000086580000, 0x00000000d5b00000)
  object space 87552K, 12% used [0x0000000081000000,0x0000000081a66618,0x0000000086580000)
 Metaspace       used 19027K, capacity 19986K, committed 20096K, reserved 1067008K
  class space    used 2679K, capacity 2881K, committed 2944K, reserved 1048576K
Event: 5.917 GC heap after
Heap after GC invocations=3 (full 0):
 PSYoungGen      total 38400K, used 5097K [0x00000000d5b00000, 0x00000000d8580000, 0x0000000100000000)
  eden space 33280K, 0% used [0x00000000d5b00000,0x00000000d5b00000,0x00000000d7b80000)
  from space 5120K, 99% used [0x00000000d7b80000,0x00000000d807a540,0x00000000d8080000)
  to   space 5120K, 0% used [0x00000000d8080000,0x00000000d8080000,0x00000000d8580000)
 ParOldGen       total 87552K, used 12267K [0x0000000081000000, 0x0000000086580000, 0x00000000d5b00000)
  object space 87552K, 14% used [0x0000000081000000,0x0000000081bfad58,0x0000000086580000)
 Metaspace       used 19027K, capacity 19986K, committed 20096K, reserved 1067008K
  class space    used 2679K, capacity 2881K, committed 2944K, reserved 1048576K
}
Event: 6.884 GC heap before
{Heap before GC invocations=4 (full 0):
 PSYoungGen      total 38400K, used 38377K [0x00000000d5b00000, 0x00000000d8580000, 0x0000000100000000)
  eden space 33280K, 100% used [0x00000000d5b00000,0x00000000d7b80000,0x00000000d7b80000)
  from space 5120K, 99% used [0x00000000d7b80000,0x00000000d807a540,0x00000000d8080000)
  to   space 5120K, 0% used [0x00000000d8080000,0x00000000d8080000,0x00000000d8580000)
 ParOldGen       total 87552K, used 12267K [0x0000000081000000, 0x0000000086580000, 0x00000000d5b00000)
  object space 87552K, 14% used [0x0000000081000000,0x0000000081bfad58,0x0000000086580000)
 Metaspace       used 19715K, capacity 20754K, committed 20992K, reserved 1067008K
  class space    used 2821K, capacity 3041K, committed 3072K, reserved 1048576K
Event: 6.892 GC heap after
Heap after GC invocations=4 (full 0):
 PSYoungGen      total 38400K, used 5113K [0x00000000d5b00000, 0x00000000d8580000, 0x0000000100000000)
  eden space 33280K, 0% used [0x00000000d5b00000,0x00000000d5b00000,0x00000000d7b80000)
  from space 5120K, 99% used [0x00000000d8080000,0x00000000d857e550,0x00000000d8580000)
  to   space 5120K, 0% used [0x00000000d7b80000,0x00000000d7b80000,0x00000000d8080000)
 ParOldGen       total 87552K, used 13685K [0x0000000081000000, 0x0000000086580000, 0x00000000d5b00000)
  object space 87552K, 15% used [0x0000000081000000,0x0000000081d5d598,0x0000000086580000)
 Metaspace       used 19715K, capacity 20754K, committed 20992K, reserved 1067008K
  class space    used 2821K, capacity 3041K, committed 3072K, reserved 1048576K
}
Event: 7.101 GC heap before
{Heap before GC invocations=5 (full 0):
 PSYoungGen      total 38400K, used 38393K [0x00000000d5b00000, 0x00000000d8580000, 0x0000000100000000)
  eden space 33280K, 100% used [0x00000000d5b00000,0x00000000d7b80000,0x00000000d7b80000)
  from space 5120K, 99% used [0x00000000d8080000,0x00000000d857e550,0x00000000d8580000)
  to   space 5120K, 0% used [0x00000000d7b80000,0x00000000d7b80000,0x00000000d8080000)
 ParOldGen       total 87552K, used 13685K [0x0000000081000000, 0x0000000086580000, 0x00000000d5b00000)
  object space 87552K, 15% used [0x0000000081000000,0x0000000081d5d598,0x0000000086580000)
 Metaspace       used 19844K, capacity 20944K, committed 20992K, reserved 1067008K
  class space    used 2825K, capacity 3048K, committed 3072K, reserved 1048576K
Event: 7.108 GC heap after
Heap after GC invocations=5 (full 0):
 PSYoungGen      total 38400K, used 4599K [0x00000000d5b00000, 0x00000000dba00000, 0x0000000100000000)
  eden space 33280K, 0% used [0x00000000d5b00000,0x00000000d5b00000,0x00000000d7b80000)
  from space 5120K, 89% used [0x00000000d7b80000,0x00000000d7ffdca0,0x00000000d8080000)
  to   space 15360K, 0% used [0x00000000dab00000,0x00000000dab00000,0x00000000dba00000)
 ParOldGen       total 87552K, used 15406K [0x0000000081000000, 0x0000000086580000, 0x00000000d5b00000)
  object space 87552K, 17% used [0x0000000081000000,0x0000000081f0baa8,0x0000000086580000)
 Metaspace       used 19844K, capacity 20944K, committed 20992K, reserved 1067008K
  class space    used 2825K, capacity 3048K, committed 3072K, reserved 1048576K
}
Event: 7.337 GC heap before
{Heap before GC invocations=6 (full 0):
 PSYoungGen      total 38400K, used 27194K [0x00000000d5b00000, 0x00000000dba00000, 0x0000000100000000)
  eden space 33280K, 67% used [0x00000000d5b00000,0x00000000d7110cf8,0x00000000d7b80000)
  from space 5120K, 89% used [0x00000000d7b80000,0x00000000d7ffdca0,0x00000000d8080000)
  to   space 15360K, 0% used [0x00000000dab00000,0x00000000dab00000,0x00000000dba00000)
 ParOldGen       total 87552K, used 15406K [0x0000000081000000, 0x0000000086580000, 0x00000000d5b00000)
  object space 87552K, 17% used [0x0000000081000000,0x0000000081f0baa8,0x0000000086580000)
 Metaspace       used 20175K, capacity 21248K, committed 21296K, reserved 1067008K
  class space    used 2875K, capacity 3096K, committed 3120K, reserved 1048576K
Event: 7.345 GC heap after
Heap after GC invocations=6 (full 0):
 PSYoungGen      total 80896K, used 5190K [0x00000000d5b00000, 0x00000000db900000, 0x0000000100000000)
  eden space 66560K, 0% used [0x00000000d5b00000,0x00000000d5b00000,0x00000000d9c00000)
  from space 14336K, 36% used [0x00000000dab00000,0x00000000db0119c0,0x00000000db900000)
  to   space 14848K, 0% used [0x00000000d9c00000,0x00000000d9c00000,0x00000000daa80000)
 ParOldGen       total 87552K, used 15406K [0x0000000081000000, 0x0000000086580000, 0x00000000d5b00000)
  object space 87552K, 17% used [0x0000000081000000,0x0000000081f0baa8,0x0000000086580000)
 Metaspace       used 20175K, capacity 21248K, committed 21296K, reserved 1067008K
  class space    used 2875K, capacity 3096K, committed 3120K, reserved 1048576K
}
Event: 7.345 GC heap before
{Heap before GC invocations=7 (full 1):
 PSYoungGen      total 80896K, used 5190K [0x00000000d5b00000, 0x00000000db900000, 0x0000000100000000)
  eden space 66560K, 0% used [0x00000000d5b00000,0x00000000d5b00000,0x00000000d9c00000)
  from space 14336K, 36% used [0x00000000dab00000,0x00000000db0119c0,0x00000000db900000)
  to   space 14848K, 0% used [0x00000000d9c00000,0x00000000d9c00000,0x00000000daa80000)
 ParOldGen       total 87552K, used 15406K [0x0000000081000000, 0x0000000086580000, 0x00000000d5b00000)
  object space 87552K, 17% used [0x0000000081000000,0x0000000081f0baa8,0x0000000086580000)
 Metaspace       used 20175K, capacity 21248K, committed 21296K, reserved 1067008K
  class space    used 2875K, capacity 3096K, committed 3120K, reserved 1048576K
Event: 7.389 GC heap after
Heap after GC invocations=7 (full 1):
 PSYoungGen      total 80896K, used 0K [0x00000000d5b00000, 0x00000000db900000, 0x0000000100000000)
  eden space 66560K, 0% used [0x00000000d5b00000,0x00000000d5b00000,0x00000000d9c00000)
  from space 14336K, 0% used [0x00000000dab00000,0x00000000dab00000,0x00000000db900000)
  to   space 14848K, 0% used [0x00000000d9c00000,0x00000000d9c00000,0x00000000daa80000)
 ParOldGen       total 70144K, used 18585K [0x0000000081000000, 0x0000000085480000, 0x00000000d5b00000)
  object space 70144K, 26% used [0x0000000081000000,0x0000000082226520,0x0000000085480000)
 Metaspace       used 20175K, capacity 21248K, committed 21296K, reserved 1067008K
  class space    used 2875K, capacity 3096K, committed 3120K, reserved 1048576K
}

