# JRE version: Java(TM) SE Runtime Environment (8.0_121-b13) (build 1.8.0_121-b13)
# Java VM: Java HotSpot(TM) 64-Bit Server VM (25.121-b13 mixed mode windows-amd64 compressed oops)
Heap:
 PSYoungGen      total 121856K, used 72265K [0x00000000d5b00000, 0x00000000dee00000, 0x0000000100000000)
  eden space 116736K, 57% used [0x00000000d5b00000,0x00000000d9c98358,0x00000000dcd00000)
  from space 5120K, 99% used [0x00000000ddc80000,0x00000000de17a290,0x00000000de180000)
  to   space 12800K, 0% used [0x00000000de180000,0x00000000de180000,0x00000000dee00000)
 ParOldGen       total 81408K, used 23194K [0x0000000081000000, 0x0000000085f80000, 0x00000000d5b00000)
  object space 81408K, 28% used [0x0000000081000000,0x00000000826a6b30,0x0000000085f80000)
 Metaspace       used 32940K, capacity 35114K, committed 35328K, reserved 1079296K
  class space    used 4658K, capacity 5023K, committed 5120K, reserved 1048576K
GC Heap History (10 events):
Event: 1.242 GC heap before
{Heap before GC invocations=2 (full 0):
 PSYoungGen      total 38400K, used 38394K [0x00000000d5b00000, 0x00000000da600000, 0x0000000100000000)
  eden space 33280K, 100% used [0x00000000d5b00000,0x00000000d7b80000,0x00000000d7b80000)
  from space 5120K, 99% used [0x00000000d7b80000,0x00000000d807e880,0x00000000d8080000)
  to   space 5120K, 0% used [0x00000000da100000,0x00000000da100000,0x00000000da600000)
 ParOldGen       total 87552K, used 649K [0x0000000081000000, 0x0000000086580000, 0x00000000d5b00000)
  object space 87552K, 0% used [0x0000000081000000,0x00000000810a2530,0x0000000086580000)
 Metaspace       used 17761K, capacity 18270K, committed 18432K, reserved 1064960K
  class space    used 2390K, capacity 2543K, committed 2560K, reserved 1048576K
Event: 1.251 GC heap after
Heap after GC invocations=2 (full 0):
 PSYoungGen      total 71680K, used 5113K [0x00000000d5b00000, 0x00000000da600000, 0x0000000100000000)
  eden space 66560K, 0% used [0x00000000d5b00000,0x00000000d5b00000,0x00000000d9c00000)
  from space 5120K, 99% used [0x00000000da100000,0x00000000da5fe590,0x00000000da600000)
  to   space 5120K, 0% used [0x00000000d9c00000,0x00000000d9c00000,0x00000000da100000)
 ParOldGen       total 87552K, used 9625K [0x0000000081000000, 0x0000000086580000, 0x00000000d5b00000)
  object space 87552K, 10% used [0x0000000081000000,0x00000000819667f8,0x0000000086580000)
 Metaspace       used 17761K, capacity 18270K, committed 18432K, reserved 1064960K
  class space    used 2390K, capacity 2543K, committed 2560K, reserved 1048576K
}
Event: 1.456 GC heap before
{Heap before GC invocations=3 (full 0):
 PSYoungGen      total 71680K, used 20811K [0x00000000d5b00000, 0x00000000da600000, 0x0000000100000000)
  eden space 66560K, 23% used [0x00000000d5b00000,0x00000000d6a548a0,0x00000000d9c00000)
  from space 5120K, 99% used [0x00000000da100000,0x00000000da5fe590,0x00000000da600000)
  to   space 5120K, 0% used [0x00000000d9c00000,0x00000000d9c00000,0x00000000da100000)
 ParOldGen       total 87552K, used 9625K [0x0000000081000000, 0x0000000086580000, 0x00000000d5b00000)
  object space 87552K, 10% used [0x0000000081000000,0x00000000819667f8,0x0000000086580000)
 Metaspace       used 20462K, capacity 21082K, committed 21248K, reserved 1067008K
  class space    used 2801K, capacity 2949K, committed 3072K, reserved 1048576K
Event: 1.462 GC heap after
Heap after GC invocations=3 (full 0):
 PSYoungGen      total 71680K, used 5097K [0x00000000d5b00000, 0x00000000de700000, 0x0000000100000000)
  eden space 66560K, 0% used [0x00000000d5b00000,0x00000000d5b00000,0x00000000d9c00000)
  from space 5120K, 99% used [0x00000000d9c00000,0x00000000da0fa5a0,0x00000000da100000)
  to   space 5120K, 0% used [0x00000000de200000,0x00000000de200000,0x00000000de700000)
 ParOldGen       total 87552K, used 11730K [0x0000000081000000, 0x0000000086580000, 0x00000000d5b00000)
  object space 87552K, 13% used [0x0000000081000000,0x0000000081b74a70,0x0000000086580000)
 Metaspace       used 20462K, capacity 21082K, committed 21248K, reserved 1067008K
  class space    used 2801K, capacity 2949K, committed 3072K, reserved 1048576K
}
Event: 1.462 GC heap before
{Heap before GC invocations=4 (full 1):
 PSYoungGen      total 71680K, used 5097K [0x00000000d5b00000, 0x00000000de700000, 0x0000000100000000)
  eden space 66560K, 0% used [0x00000000d5b00000,0x00000000d5b00000,0x00000000d9c00000)
  from space 5120K, 99% used [0x00000000d9c00000,0x00000000da0fa5a0,0x00000000da100000)
  to   space 5120K, 0% used [0x00000000de200000,0x00000000de200000,0x00000000de700000)
 ParOldGen       total 87552K, used 11730K [0x0000000081000000, 0x0000000086580000, 0x00000000d5b00000)
  object space 87552K, 13% used [0x0000000081000000,0x0000000081b74a70,0x0000000086580000)
 Metaspace       used 20462K, capacity 21082K, committed 21248K, reserved 1067008K
  class space    used 2801K, capacity 2949K, committed 3072K, reserved 1048576K
Event: 1.513 GC heap after
Heap after GC invocations=4 (full 1):
 PSYoungGen      total 71680K, used 0K [0x00000000d5b00000, 0x00000000de700000, 0x0000000100000000)
  eden space 66560K, 0% used [0x00000000d5b00000,0x00000000d5b00000,0x00000000d9c00000)
  from space 5120K, 0% used [0x00000000d9c00000,0x00000000d9c00000,0x00000000da100000)
  to   space 5120K, 0% used [0x00000000de200000,0x00000000de200000,0x00000000de700000)
 ParOldGen       total 81408K, used 15842K [0x0000000081000000, 0x0000000085f80000, 0x00000000d5b00000)
  object space 81408K, 19% used [0x0000000081000000,0x0000000081f78800,0x0000000085f80000)
 Metaspace       used 20462K, capacity 21082K, committed 21248K, reserved 1067008K
  class space    used 2801K, capacity 2949K, committed 3072K, reserved 1048576K
}
Event: 2.096 GC heap before
{Heap before GC invocations=5 (full 1):
 PSYoungGen      total 71680K, used 66560K [0x00000000d5b00000, 0x00000000de700000, 0x0000000100000000)
  eden space 66560K, 100% used [0x00000000d5b00000,0x00000000d9c00000,0x00000000d9c00000)
  from space 5120K, 0% used [0x00000000d9c00000,0x00000000d9c00000,0x00000000da100000)
  to   space 5120K, 0% used [0x00000000de200000,0x00000000de200000,0x00000000de700000)
 ParOldGen       total 81408K, used 15842K [0x0000000081000000, 0x0000000085f80000, 0x00000000d5b00000)
  object space 81408K, 19% used [0x0000000081000000,0x0000000081f78800,0x0000000085f80000)
 Metaspace       used 24005K, capacity 25052K, committed 25216K, reserved 1071104K
  class space    used 3390K, capacity 3598K, committed 3712K, reserved 1048576K
Event: 2.103 GC heap after
Heap after GC invocations=5 (full 1):
 PSYoungGen      total 93184K, used 4319K [0x00000000d5b00000, 0x00000000de680000, 0x0000000100000000)
  eden space 88576K, 0% used [0x00000000d5b00000,0x00000000d5b00000,0x00000000db180000)
  from space 4608K, 93% used [0x00000000de200000,0x00000000de637d80,0x00000000de680000)
  to   space 5120K, 0% used [0x00000000ddc80000,0x00000000ddc80000,0x00000000de180000)
 ParOldGen       total 81408K, used 15842K [0x0000000081000000, 0x0000000085f80000, 0x00000000d5b00000)
  object space 81408K, 19% used [0x0000000081000000,0x0000000081f78800,0x0000000085f80000)
 Metaspace       used 24005K, capacity 25052K, committed 25216K, reserved 1071104K
  class space    used 3390K, capacity 3598K, committed 3712K, reserved 1048576K
}
Event: 3.290 GC heap before
{Heap before GC invocations=6 (full 1):
 PSYoungGen      total 93184K, used 92895K [0x00000000d5b00000, 0x00000000de680000, 0x0000000100000000)
  eden space 88576K, 100% used [0x00000000d5b00000,0x00000000db180000,0x00000000db180000)
  from space 4608K, 93% used [0x00000000de200000,0x00000000de637d80,0x00000000de680000)
  to   space 5120K, 0% used [0x00000000ddc80000,0x00000000ddc80000,0x00000000de180000)
 ParOldGen       total 81408K, used 15842K [0x0000000081000000, 0x0000000085f80000, 0x00000000d5b00000)
  object space 81408K, 19% used [0x0000000081000000,0x0000000081f78800,0x0000000085f80000)
 Metaspace       used 28235K, capacity 30176K, committed 30336K, reserved 1075200K
  class space    used 4093K, capacity 4400K, committed 4480K, reserved 1048576K
Event: 3.304 GC heap after
Heap after GC invocations=6 (full 1):
 PSYoungGen      total 121856K, used 5096K [0x00000000d5b00000, 0x00000000dee00000, 0x0000000100000000)
  eden space 116736K, 0% used [0x00000000d5b00000,0x00000000d5b00000,0x00000000dcd00000)
  from space 5120K, 99% used [0x00000000ddc80000,0x00000000de17a290,0x00000000de180000)
  to   space 12800K, 0% used [0x00000000de180000,0x00000000de180000,0x00000000dee00000)
 ParOldGen       total 81408K, used 23194K [0x0000000081000000, 0x0000000085f80000, 0x00000000d5b00000)
  object space 81408K, 28% used [0x0000000081000000,0x00000000826a6b30,0x0000000085f80000)
 Metaspace       used 28235K, capacity 30176K, committed 30336K, reserved 1075200K
  class space    used 4093K, capacity 4400K, committed 4480K, reserved 1048576K
}

