# JRE version: Java(TM) SE Runtime Environment (8.0_144-b01) (build 1.8.0_144-b01)
# Java VM: Java HotSpot(TM) 64-Bit Server VM (25.144-b01 mixed mode windows-amd64 compressed oops)
Heap:
 PSYoungGen      total 132096K, used 37651K [0x00000000d6000000, 0x00000000dff80000, 0x0000000100000000)
  eden space 118272K, 22% used [0x00000000d6000000,0x00000000d7a353a0,0x00000000dd380000)
  from space 13824K, 78% used [0x00000000dd380000,0x00000000dde0fa60,0x00000000de100000)
  to   space 14848K, 0% used [0x00000000df100000,0x00000000df100000,0x00000000dff80000)
 ParOldGen       total 78336K, used 18282K [0x0000000082000000, 0x0000000086c80000, 0x00000000d6000000)
  object space 78336K, 23% used [0x0000000082000000,0x00000000831da908,0x0000000086c80000)
 Metaspace       used 25834K, capacity 27704K, committed 27776K, reserved 1073152K
  class space    used 3826K, capacity 4152K, committed 4224K, reserved 1048576K
GC Heap History (10 events):
Event: 2.554 GC heap before
{Heap before GC invocations=4 (full 0):
 PSYoungGen      total 37888K, used 37865K [0x00000000d6000000, 0x00000000daa00000, 0x0000000100000000)
  eden space 32768K, 100% used [0x00000000d6000000,0x00000000d8000000,0x00000000d8000000)
  from space 5120K, 99% used [0x00000000d8000000,0x00000000d84fa5a0,0x00000000d8500000)
  to   space 5120K, 0% used [0x00000000da500000,0x00000000da500000,0x00000000daa00000)
 ParOldGen       total 86016K, used 12265K [0x0000000082000000, 0x0000000087400000, 0x00000000d6000000)
  object space 86016K, 14% used [0x0000000082000000,0x0000000082bfa690,0x0000000087400000)
 Metaspace       used 19443K, capacity 20360K, committed 20480K, reserved 1067008K
  class space    used 2804K, capacity 3000K, committed 3072K, reserved 1048576K
Event: 2.559 GC heap after
Heap after GC invocations=4 (full 0):
 PSYoungGen      total 70656K, used 5104K [0x00000000d6000000, 0x00000000daa00000, 0x0000000100000000)
  eden space 65536K, 0% used [0x00000000d6000000,0x00000000d6000000,0x00000000da000000)
  from space 5120K, 99% used [0x00000000da500000,0x00000000da9fc1b0,0x00000000daa00000)
  to   space 5120K, 0% used [0x00000000da000000,0x00000000da000000,0x00000000da500000)
 ParOldGen       total 86016K, used 13115K [0x0000000082000000, 0x0000000087400000, 0x00000000d6000000)
  object space 86016K, 15% used [0x0000000082000000,0x0000000082ccec00,0x0000000087400000)
 Metaspace       used 19443K, capacity 20360K, committed 20480K, reserved 1067008K
  class space    used 2804K, capacity 3000K, committed 3072K, reserved 1048576K
}
Event: 2.833 GC heap before
{Heap before GC invocations=5 (full 0):
 PSYoungGen      total 70656K, used 26487K [0x00000000d6000000, 0x00000000daa00000, 0x0000000100000000)
  eden space 65536K, 32% used [0x00000000d6000000,0x00000000d74e1c60,0x00000000da000000)
  from space 5120K, 99% used [0x00000000da500000,0x00000000da9fc1b0,0x00000000daa00000)
  to   space 5120K, 0% used [0x00000000da000000,0x00000000da000000,0x00000000da500000)
 ParOldGen       total 86016K, used 13115K [0x0000000082000000, 0x0000000087400000, 0x00000000d6000000)
  object space 86016K, 15% used [0x0000000082000000,0x0000000082ccec00,0x0000000087400000)
 Metaspace       used 20169K, capacity 21208K, committed 21296K, reserved 1067008K
  class space    used 2966K, capacity 3192K, committed 3200K, reserved 1048576K
Event: 2.838 GC heap after
Heap after GC invocations=5 (full 0):
 PSYoungGen      total 70656K, used 5104K [0x00000000d6000000, 0x00000000dfa00000, 0x0000000100000000)
  eden space 65536K, 0% used [0x00000000d6000000,0x00000000d6000000,0x00000000da000000)
  from space 5120K, 99% used [0x00000000da000000,0x00000000da4fc1b0,0x00000000da500000)
  to   space 13312K, 0% used [0x00000000ded00000,0x00000000ded00000,0x00000000dfa00000)
 ParOldGen       total 86016K, used 14007K [0x0000000082000000, 0x0000000087400000, 0x00000000d6000000)
  object space 86016K, 16% used [0x0000000082000000,0x0000000082dadce0,0x0000000087400000)
 Metaspace       used 20169K, capacity 21208K, committed 21296K, reserved 1067008K
  class space    used 2966K, capacity 3192K, committed 3200K, reserved 1048576K
}
Event: 2.838 GC heap before
{Heap before GC invocations=6 (full 1):
 PSYoungGen      total 70656K, used 5104K [0x00000000d6000000, 0x00000000dfa00000, 0x0000000100000000)
  eden space 65536K, 0% used [0x00000000d6000000,0x00000000d6000000,0x00000000da000000)
  from space 5120K, 99% used [0x00000000da000000,0x00000000da4fc1b0,0x00000000da500000)
  to   space 13312K, 0% used [0x00000000ded00000,0x00000000ded00000,0x00000000dfa00000)
 ParOldGen       total 86016K, used 14007K [0x0000000082000000, 0x0000000087400000, 0x00000000d6000000)
  object space 86016K, 16% used [0x0000000082000000,0x0000000082dadce0,0x0000000087400000)
 Metaspace       used 20169K, capacity 21208K, committed 21296K, reserved 1067008K
  class space    used 2966K, capacity 3192K, committed 3200K, reserved 1048576K
Event: 2.889 GC heap after
Heap after GC invocations=6 (full 1):
 PSYoungGen      total 70656K, used 0K [0x00000000d6000000, 0x00000000dfa00000, 0x0000000100000000)
  eden space 65536K, 0% used [0x00000000d6000000,0x00000000d6000000,0x00000000da000000)
  from space 5120K, 0% used [0x00000000da000000,0x00000000da000000,0x00000000da500000)
  to   space 13312K, 0% used [0x00000000ded00000,0x00000000ded00000,0x00000000dfa00000)
 ParOldGen       total 78336K, used 18274K [0x0000000082000000, 0x0000000086c80000, 0x00000000d6000000)
  object space 78336K, 23% used [0x0000000082000000,0x00000000831d8908,0x0000000086c80000)
 Metaspace       used 20169K, capacity 21208K, committed 21296K, reserved 1067008K
  class space    used 2966K, capacity 3192K, committed 3200K, reserved 1048576K
}
Event: 3.529 GC heap before
{Heap before GC invocations=7 (full 1):
 PSYoungGen      total 70656K, used 65536K [0x00000000d6000000, 0x00000000dfa00000, 0x0000000100000000)
  eden space 65536K, 100% used [0x00000000d6000000,0x00000000da000000,0x00000000da000000)
  from space 5120K, 0% used [0x00000000da000000,0x00000000da000000,0x00000000da500000)
  to   space 13312K, 0% used [0x00000000ded00000,0x00000000ded00000,0x00000000dfa00000)
 ParOldGen       total 78336K, used 18274K [0x0000000082000000, 0x0000000086c80000, 0x00000000d6000000)
  object space 78336K, 23% used [0x0000000082000000,0x00000000831d8908,0x0000000086c80000)
 Metaspace       used 20432K, capacity 21524K, committed 21680K, reserved 1067008K
  class space    used 3019K, capacity 3274K, committed 3328K, reserved 1048576K
Event: 3.531 GC heap after
Heap after GC invocations=7 (full 1):
 PSYoungGen      total 92160K, used 1275K [0x00000000d6000000, 0x00000000dee80000, 0x0000000100000000)
  eden space 90624K, 0% used [0x00000000d6000000,0x00000000d6000000,0x00000000db880000)
  from space 1536K, 83% used [0x00000000ded00000,0x00000000dee3eef0,0x00000000dee80000)
  to   space 13824K, 0% used [0x00000000dd380000,0x00000000dd380000,0x00000000de100000)
 ParOldGen       total 78336K, used 18282K [0x0000000082000000, 0x0000000086c80000, 0x00000000d6000000)
  object space 78336K, 23% used [0x0000000082000000,0x00000000831da908,0x0000000086c80000)
 Metaspace       used 20432K, capacity 21524K, committed 21680K, reserved 1067008K
  class space    used 3019K, capacity 3274K, committed 3328K, reserved 1048576K
}
Event: 4.880 GC heap before
{Heap before GC invocations=8 (full 1):
 PSYoungGen      total 92160K, used 91899K [0x00000000d6000000, 0x00000000dee80000, 0x0000000100000000)
  eden space 90624K, 100% used [0x00000000d6000000,0x00000000db880000,0x00000000db880000)
  from space 1536K, 83% used [0x00000000ded00000,0x00000000dee3eef0,0x00000000dee80000)
  to   space 13824K, 0% used [0x00000000dd380000,0x00000000dd380000,0x00000000de100000)
 ParOldGen       total 78336K, used 18282K [0x0000000082000000, 0x0000000086c80000, 0x00000000d6000000)
  object space 78336K, 23% used [0x0000000082000000,0x00000000831da908,0x0000000086c80000)
 Metaspace       used 24211K, capacity 26040K, committed 26368K, reserved 1071104K
  class space    used 3646K, capacity 3972K, committed 4096K, reserved 1048576K
Event: 4.923 GC heap after
Heap after GC invocations=8 (full 1):
 PSYoungGen      total 132096K, used 10814K [0x00000000d6000000, 0x00000000dff80000, 0x0000000100000000)
  eden space 118272K, 0% used [0x00000000d6000000,0x00000000d6000000,0x00000000dd380000)
  from space 13824K, 78% used [0x00000000dd380000,0x00000000dde0fa60,0x00000000de100000)
  to   space 14848K, 0% used [0x00000000df100000,0x00000000df100000,0x00000000dff80000)
 ParOldGen       total 78336K, used 18282K [0x0000000082000000, 0x0000000086c80000, 0x00000000d6000000)
  object space 78336K, 23% used [0x0000000082000000,0x00000000831da908,0x0000000086c80000)
 Metaspace       used 24211K, capacity 26040K, committed 26368K, reserved 1071104K
  class space    used 3646K, capacity 3972K, committed 4096K, reserved 1048576K
}

