# JRE version: Java(TM) SE Runtime Environment (8.0_161-b12) (build 1.8.0_161-b12)
# Java VM: Java HotSpot(TM) 64-Bit Server VM (25.161-b12 mixed mode windows-amd64 compressed oops)
Heap:
 PSYoungGen      total 115712K, used 18003K [0x00000000d6000000, 0x00000000dfb00000, 0x0000000100000000)
  eden space 101888K, 4% used [0x00000000d6000000,0x00000000d6419408,0x00000000dc380000)
  from space 13824K, 99% used [0x00000000ded80000,0x00000000dfafb930,0x00000000dfb00000)
  to   space 16896K, 0% used [0x00000000dda00000,0x00000000dda00000,0x00000000dea80000)
 ParOldGen       total 72192K, used 18109K [0x0000000082000000, 0x0000000086680000, 0x00000000d6000000)
  object space 72192K, 25% used [0x0000000082000000,0x00000000831af5b8,0x0000000086680000)
 Metaspace       used 25885K, capacity 27660K, committed 27696K, reserved 1073152K
  class space    used 3792K, capacity 4118K, committed 4144K, reserved 1048576K
GC Heap History (10 events):
Event: 1.783 GC heap before
{Heap before GC invocations=3 (full 0):
 PSYoungGen      total 37888K, used 37872K [0x00000000d6000000, 0x00000000d8a00000, 0x0000000100000000)
  eden space 32768K, 100% used [0x00000000d6000000,0x00000000d8000000,0x00000000d8000000)
  from space 5120K, 99% used [0x00000000d8500000,0x00000000d89fc090,0x00000000d8a00000)
  to   space 5120K, 0% used [0x00000000d8000000,0x00000000d8000000,0x00000000d8500000)
 ParOldGen       total 86016K, used 9107K [0x0000000082000000, 0x0000000087400000, 0x00000000d6000000)
  object space 86016K, 10% used [0x0000000082000000,0x00000000828e4d30,0x0000000087400000)
 Metaspace       used 18277K, capacity 18982K, committed 19072K, reserved 1064960K
  class space    used 2489K, capacity 2673K, committed 2688K, reserved 1048576K
Event: 1.792 GC heap after
Heap after GC invocations=3 (full 0):
 PSYoungGen      total 37888K, used 5104K [0x00000000d6000000, 0x00000000daa00000, 0x0000000100000000)
  eden space 32768K, 0% used [0x00000000d6000000,0x00000000d6000000,0x00000000d8000000)
  from space 5120K, 99% used [0x00000000d8000000,0x00000000d84fc090,0x00000000d8500000)
  to   space 5120K, 0% used [0x00000000da500000,0x00000000da500000,0x00000000daa00000)
 ParOldGen       total 86016K, used 12643K [0x0000000082000000, 0x0000000087400000, 0x00000000d6000000)
  object space 86016K, 14% used [0x0000000082000000,0x0000000082c58e40,0x0000000087400000)
 Metaspace       used 18277K, capacity 18982K, committed 19072K, reserved 1064960K
  class space    used 2489K, capacity 2673K, committed 2688K, reserved 1048576K
}
Event: 2.081 GC heap before
{Heap before GC invocations=4 (full 0):
 PSYoungGen      total 37888K, used 37872K [0x00000000d6000000, 0x00000000daa00000, 0x0000000100000000)
  eden space 32768K, 100% used [0x00000000d6000000,0x00000000d8000000,0x00000000d8000000)
  from space 5120K, 99% used [0x00000000d8000000,0x00000000d84fc090,0x00000000d8500000)
  to   space 5120K, 0% used [0x00000000da500000,0x00000000da500000,0x00000000daa00000)
 ParOldGen       total 86016K, used 12643K [0x0000000082000000, 0x0000000087400000, 0x00000000d6000000)
  object space 86016K, 14% used [0x0000000082000000,0x0000000082c58e40,0x0000000087400000)
 Metaspace       used 20123K, capacity 20942K, committed 20992K, reserved 1067008K
  class space    used 2857K, capacity 3057K, committed 3072K, reserved 1048576K
Event: 2.086 GC heap after
Heap after GC invocations=4 (full 0):
 PSYoungGen      total 70656K, used 5111K [0x00000000d6000000, 0x00000000daa00000, 0x0000000100000000)
  eden space 65536K, 0% used [0x00000000d6000000,0x00000000d6000000,0x00000000da000000)
  from space 5120K, 99% used [0x00000000da500000,0x00000000da9fdc90,0x00000000daa00000)
  to   space 5120K, 0% used [0x00000000da000000,0x00000000da000000,0x00000000da500000)
 ParOldGen       total 86016K, used 13672K [0x0000000082000000, 0x0000000087400000, 0x00000000d6000000)
  object space 86016K, 15% used [0x0000000082000000,0x0000000082d5a0f8,0x0000000087400000)
 Metaspace       used 20123K, capacity 20942K, committed 20992K, reserved 1067008K
  class space    used 2857K, capacity 3057K, committed 3072K, reserved 1048576K
}
Event: 2.165 GC heap before
{Heap before GC invocations=5 (full 0):
 PSYoungGen      total 70656K, used 20249K [0x00000000d6000000, 0x00000000daa00000, 0x0000000100000000)
  eden space 65536K, 23% used [0x00000000d6000000,0x00000000d6ec8a10,0x00000000da000000)
  from space 5120K, 99% used [0x00000000da500000,0x00000000da9fdc90,0x00000000daa00000)
  to   space 5120K, 0% used [0x00000000da000000,0x00000000da000000,0x00000000da500000)
 ParOldGen       total 86016K, used 13672K [0x0000000082000000, 0x0000000087400000, 0x00000000d6000000)
  object space 86016K, 15% used [0x0000000082000000,0x0000000082d5a0f8,0x0000000087400000)
 Metaspace       used 20353K, capacity 21262K, committed 21296K, reserved 1067008K
  class space    used 2906K, capacity 3105K, committed 3120K, reserved 1048576K
Event: 2.171 GC heap after
Heap after GC invocations=5 (full 0):
 PSYoungGen      total 70656K, used 5111K [0x00000000d6000000, 0x00000000dfb00000, 0x0000000100000000)
  eden space 65536K, 0% used [0x00000000d6000000,0x00000000d6000000,0x00000000da000000)
  from space 5120K, 99% used [0x00000000da000000,0x00000000da4fdc90,0x00000000da500000)
  to   space 13824K, 0% used [0x00000000ded80000,0x00000000ded80000,0x00000000dfb00000)
 ParOldGen       total 86016K, used 14040K [0x0000000082000000, 0x0000000087400000, 0x00000000d6000000)
  object space 86016K, 16% used [0x0000000082000000,0x0000000082db6108,0x0000000087400000)
 Metaspace       used 20353K, capacity 21262K, committed 21296K, reserved 1067008K
  class space    used 2906K, capacity 3105K, committed 3120K, reserved 1048576K
}
Event: 2.171 GC heap before
{Heap before GC invocations=6 (full 1):
 PSYoungGen      total 70656K, used 5111K [0x00000000d6000000, 0x00000000dfb00000, 0x0000000100000000)
  eden space 65536K, 0% used [0x00000000d6000000,0x00000000d6000000,0x00000000da000000)
  from space 5120K, 99% used [0x00000000da000000,0x00000000da4fdc90,0x00000000da500000)
  to   space 13824K, 0% used [0x00000000ded80000,0x00000000ded80000,0x00000000dfb00000)
 ParOldGen       total 86016K, used 14040K [0x0000000082000000, 0x0000000087400000, 0x00000000d6000000)
  object space 86016K, 16% used [0x0000000082000000,0x0000000082db6108,0x0000000087400000)
 Metaspace       used 20353K, capacity 21262K, committed 21296K, reserved 1067008K
  class space    used 2906K, capacity 3105K, committed 3120K, reserved 1048576K
Event: 2.210 GC heap after
Heap after GC invocations=6 (full 1):
 PSYoungGen      total 70656K, used 0K [0x00000000d6000000, 0x00000000dfb00000, 0x0000000100000000)
  eden space 65536K, 0% used [0x00000000d6000000,0x00000000d6000000,0x00000000da000000)
  from space 5120K, 0% used [0x00000000da000000,0x00000000da000000,0x00000000da500000)
  to   space 13824K, 0% used [0x00000000ded80000,0x00000000ded80000,0x00000000dfb00000)
 ParOldGen       total 72192K, used 16780K [0x0000000082000000, 0x0000000086680000, 0x00000000d6000000)
  object space 72192K, 23% used [0x0000000082000000,0x00000000830630b8,0x0000000086680000)
 Metaspace       used 20353K, capacity 21262K, committed 21296K, reserved 1067008K
  class space    used 2906K, capacity 3105K, committed 3120K, reserved 1048576K
}
Event: 3.586 GC heap before
{Heap before GC invocations=7 (full 1):
 PSYoungGen      total 70656K, used 65536K [0x00000000d6000000, 0x00000000dfb00000, 0x0000000100000000)
  eden space 65536K, 100% used [0x00000000d6000000,0x00000000da000000,0x00000000da000000)
  from space 5120K, 0% used [0x00000000da000000,0x00000000da000000,0x00000000da500000)
  to   space 13824K, 0% used [0x00000000ded80000,0x00000000ded80000,0x00000000dfb00000)
 ParOldGen       total 72192K, used 16780K [0x0000000082000000, 0x0000000086680000, 0x00000000d6000000)
  object space 72192K, 23% used [0x0000000082000000,0x00000000830630b8,0x0000000086680000)
 Metaspace       used 25581K, capacity 27278K, committed 27440K, reserved 1073152K
  class space    used 3756K, capacity 4061K, committed 4144K, reserved 1048576K
Event: 3.601 GC heap after
Heap after GC invocations=7 (full 1):
 PSYoungGen      total 115712K, used 13806K [0x00000000d6000000, 0x00000000dfb00000, 0x0000000100000000)
  eden space 101888K, 0% used [0x00000000d6000000,0x00000000d6000000,0x00000000dc380000)
  from space 13824K, 99% used [0x00000000ded80000,0x00000000dfafb930,0x00000000dfb00000)
  to   space 16896K, 0% used [0x00000000dda00000,0x00000000dda00000,0x00000000dea80000)
 ParOldGen       total 72192K, used 18109K [0x0000000082000000, 0x0000000086680000, 0x00000000d6000000)
  object space 72192K, 25% used [0x0000000082000000,0x00000000831af5b8,0x0000000086680000)
 Metaspace       used 25581K, capacity 27278K, committed 27440K, reserved 1073152K
  class space    used 3756K, capacity 4061K, committed 4144K, reserved 1048576K
}

