# JRE version: Java(TM) SE Runtime Environment (8.0_161-b12) (build 1.8.0_161-b12)
# Java VM: Java HotSpot(TM) 64-Bit Server VM (25.161-b12 mixed mode windows-amd64 compressed oops)
Heap:
 PSYoungGen      total 70656K, used 12660K [0x00000000d6000000, 0x00000000dea80000, 0x0000000100000000)
  eden space 65536K, 11% used [0x00000000d6000000,0x00000000d6761848,0x00000000da000000)
  from space 5120K, 99% used [0x00000000da000000,0x00000000da4fb8d0,0x00000000da500000)
  to   space 19968K, 0% used [0x00000000dd700000,0x00000000dd700000,0x00000000dea80000)
 ParOldGen       total 75776K, used 27356K [0x0000000082000000, 0x0000000086a00000, 0x00000000d6000000)
  object space 75776K, 36% used [0x0000000082000000,0x0000000083ab70f0,0x0000000086a00000)
 Metaspace       used 26003K, capacity 27908K, committed 28080K, reserved 1073152K
  class space    used 3818K, capacity 4164K, committed 4272K, reserved 1048576K
GC Heap History (10 events):
Event: 1.960 GC heap before
{Heap before GC invocations=2 (full 0):
 PSYoungGen      total 37888K, used 36834K [0x00000000d6000000, 0x00000000d8a00000, 0x0000000100000000)
  eden space 32768K, 100% used [0x00000000d6000000,0x00000000d8000000,0x00000000d8000000)
  from space 5120K, 79% used [0x00000000d8000000,0x00000000d83f8bd0,0x00000000d8500000)
  to   space 5120K, 0% used [0x00000000d8500000,0x00000000d8500000,0x00000000d8a00000)
 ParOldGen       total 86016K, used 16K [0x0000000082000000, 0x0000000087400000, 0x00000000d6000000)
  object space 86016K, 0% used [0x0000000082000000,0x0000000082004000,0x0000000087400000)
 Metaspace       used 17172K, capacity 17774K, committed 17920K, reserved 1064960K
  class space    used 2304K, capacity 2485K, committed 2560K, reserved 1048576K
Event: 1.969 GC heap after
Heap after GC invocations=2 (full 0):
 PSYoungGen      total 37888K, used 5113K [0x00000000d6000000, 0x00000000d8a00000, 0x0000000100000000)
  eden space 32768K, 0% used [0x00000000d6000000,0x00000000d6000000,0x00000000d8000000)
  from space 5120K, 99% used [0x00000000d8500000,0x00000000d89fe5d0,0x00000000d8a00000)
  to   space 5120K, 0% used [0x00000000d8000000,0x00000000d8000000,0x00000000d8500000)
 ParOldGen       total 86016K, used 10840K [0x0000000082000000, 0x0000000087400000, 0x00000000d6000000)
  object space 86016K, 12% used [0x0000000082000000,0x0000000082a962d0,0x0000000087400000)
 Metaspace       used 17172K, capacity 17774K, committed 17920K, reserved 1064960K
  class space    used 2304K, capacity 2485K, committed 2560K, reserved 1048576K
}
Event: 2.341 GC heap before
{Heap before GC invocations=3 (full 0):
 PSYoungGen      total 37888K, used 37881K [0x00000000d6000000, 0x00000000d8a00000, 0x0000000100000000)
  eden space 32768K, 100% used [0x00000000d6000000,0x00000000d8000000,0x00000000d8000000)
  from space 5120K, 99% used [0x00000000d8500000,0x00000000d89fe5d0,0x00000000d8a00000)
  to   space 5120K, 0% used [0x00000000d8000000,0x00000000d8000000,0x00000000d8500000)
 ParOldGen       total 86016K, used 10840K [0x0000000082000000, 0x0000000087400000, 0x00000000d6000000)
  object space 86016K, 12% used [0x0000000082000000,0x0000000082a962d0,0x0000000087400000)
 Metaspace       used 20025K, capacity 20826K, committed 20992K, reserved 1067008K
  class space    used 2856K, capacity 3047K, committed 3072K, reserved 1048576K
Event: 2.348 GC heap after
Heap after GC invocations=3 (full 0):
 PSYoungGen      total 37888K, used 5113K [0x00000000d6000000, 0x00000000daa00000, 0x0000000100000000)
  eden space 32768K, 0% used [0x00000000d6000000,0x00000000d6000000,0x00000000d8000000)
  from space 5120K, 99% used [0x00000000d8000000,0x00000000d84fe590,0x00000000d8500000)
  to   space 5120K, 0% used [0x00000000da500000,0x00000000da500000,0x00000000daa00000)
 ParOldGen       total 86016K, used 13148K [0x0000000082000000, 0x0000000087400000, 0x00000000d6000000)
  object space 86016K, 15% used [0x0000000082000000,0x0000000082cd7318,0x0000000087400000)
 Metaspace       used 20025K, capacity 20826K, committed 20992K, reserved 1067008K
  class space    used 2856K, capacity 3047K, committed 3072K, reserved 1048576K
}
Event: 2.507 GC heap before
{Heap before GC invocations=4 (full 0):
 PSYoungGen      total 37888K, used 22186K [0x00000000d6000000, 0x00000000daa00000, 0x0000000100000000)
  eden space 32768K, 52% used [0x00000000d6000000,0x00000000d70ac438,0x00000000d8000000)
  from space 5120K, 99% used [0x00000000d8000000,0x00000000d84fe590,0x00000000d8500000)
  to   space 5120K, 0% used [0x00000000da500000,0x00000000da500000,0x00000000daa00000)
 ParOldGen       total 86016K, used 13148K [0x0000000082000000, 0x0000000087400000, 0x00000000d6000000)
  object space 86016K, 15% used [0x0000000082000000,0x0000000082cd7318,0x0000000087400000)
 Metaspace       used 20302K, capacity 21164K, committed 21296K, reserved 1067008K
  class space    used 2905K, capacity 3098K, committed 3120K, reserved 1048576K
Event: 2.513 GC heap after
Heap after GC invocations=4 (full 0):
 PSYoungGen      total 70656K, used 5113K [0x00000000d6000000, 0x00000000daa00000, 0x0000000100000000)
  eden space 65536K, 0% used [0x00000000d6000000,0x00000000d6000000,0x00000000da000000)
  from space 5120K, 99% used [0x00000000da500000,0x00000000da9fe590,0x00000000daa00000)
  to   space 5120K, 0% used [0x00000000da000000,0x00000000da000000,0x00000000da500000)
 ParOldGen       total 86016K, used 13627K [0x0000000082000000, 0x0000000087400000, 0x00000000d6000000)
  object space 86016K, 15% used [0x0000000082000000,0x0000000082d4ef68,0x0000000087400000)
 Metaspace       used 20302K, capacity 21164K, committed 21296K, reserved 1067008K
  class space    used 2905K, capacity 3098K, committed 3120K, reserved 1048576K
}
Event: 2.513 GC heap before
{Heap before GC invocations=5 (full 1):
 PSYoungGen      total 70656K, used 5113K [0x00000000d6000000, 0x00000000daa00000, 0x0000000100000000)
  eden space 65536K, 0% used [0x00000000d6000000,0x00000000d6000000,0x00000000da000000)
  from space 5120K, 99% used [0x00000000da500000,0x00000000da9fe590,0x00000000daa00000)
  to   space 5120K, 0% used [0x00000000da000000,0x00000000da000000,0x00000000da500000)
 ParOldGen       total 86016K, used 13627K [0x0000000082000000, 0x0000000087400000, 0x00000000d6000000)
  object space 86016K, 15% used [0x0000000082000000,0x0000000082d4ef68,0x0000000087400000)
 Metaspace       used 20302K, capacity 21164K, committed 21296K, reserved 1067008K
  class space    used 2905K, capacity 3098K, committed 3120K, reserved 1048576K
Event: 2.544 GC heap after
Heap after GC invocations=5 (full 1):
 PSYoungGen      total 70656K, used 0K [0x00000000d6000000, 0x00000000daa00000, 0x0000000100000000)
  eden space 65536K, 0% used [0x00000000d6000000,0x00000000d6000000,0x00000000da000000)
  from space 5120K, 0% used [0x00000000da500000,0x00000000da500000,0x00000000daa00000)
  to   space 5120K, 0% used [0x00000000da000000,0x00000000da000000,0x00000000da500000)
 ParOldGen       total 75776K, used 16636K [0x0000000082000000, 0x0000000086a00000, 0x00000000d6000000)
  object space 75776K, 21% used [0x0000000082000000,0x000000008303f380,0x0000000086a00000)
 Metaspace       used 20302K, capacity 21164K, committed 21296K, reserved 1067008K
  class space    used 2905K, capacity 3098K, committed 3120K, reserved 1048576K
}
Event: 4.217 GC heap before
{Heap before GC invocations=6 (full 1):
 PSYoungGen      total 70656K, used 65536K [0x00000000d6000000, 0x00000000daa00000, 0x0000000100000000)
  eden space 65536K, 100% used [0x00000000d6000000,0x00000000da000000,0x00000000da000000)
  from space 5120K, 0% used [0x00000000da500000,0x00000000da500000,0x00000000daa00000)
  to   space 5120K, 0% used [0x00000000da000000,0x00000000da000000,0x00000000da500000)
 ParOldGen       total 75776K, used 16636K [0x0000000082000000, 0x0000000086a00000, 0x00000000d6000000)
  object space 75776K, 21% used [0x0000000082000000,0x000000008303f380,0x0000000086a00000)
 Metaspace       used 25573K, capacity 27358K, committed 27440K, reserved 1073152K
  class space    used 3775K, capacity 4101K, committed 4144K, reserved 1048576K
Event: 4.243 GC heap after
Heap after GC invocations=6 (full 1):
 PSYoungGen      total 70656K, used 5102K [0x00000000d6000000, 0x00000000dea80000, 0x0000000100000000)
  eden space 65536K, 0% used [0x00000000d6000000,0x00000000d6000000,0x00000000da000000)
  from space 5120K, 99% used [0x00000000da000000,0x00000000da4fb8d0,0x00000000da500000)
  to   space 19968K, 0% used [0x00000000dd700000,0x00000000dd700000,0x00000000dea80000)
 ParOldGen       total 75776K, used 27356K [0x0000000082000000, 0x0000000086a00000, 0x00000000d6000000)
  object space 75776K, 36% used [0x0000000082000000,0x0000000083ab70f0,0x0000000086a00000)
 Metaspace       used 25573K, capacity 27358K, committed 27440K, reserved 1073152K
  class space    used 3775K, capacity 4101K, committed 4144K, reserved 1048576K
}

