# JRE version: Java(TM) SE Runtime Environment (8.0_151-b12) (build 1.8.0_151-b12)
# Java VM: Java HotSpot(TM) 64-Bit Server VM (25.151-b12 mixed mode windows-amd64 compressed oops)
Heap:
 PSYoungGen      total 171008K, used 32660K [0x00000000d5b00000, 0x00000000e3900000, 0x0000000100000000)
  eden space 150528K, 21% used [0x00000000d5b00000,0x00000000d7ae50f0,0x00000000dee00000)
  from space 20480K, 0% used [0x00000000e0480000,0x00000000e0480000,0x00000000e1880000)
  to   space 23040K, 0% used [0x00000000dee00000,0x00000000dee00000,0x00000000e0480000)
 ParOldGen       total 122880K, used 43164K [0x0000000081000000, 0x0000000088800000, 0x00000000d5b00000)
  object space 122880K, 35% used [0x0000000081000000,0x0000000083a27228,0x0000000088800000)
 Metaspace       used 35552K, capacity 37550K, committed 38016K, reserved 1081344K
  class space    used 5033K, capacity 5379K, committed 5504K, reserved 1048576K
GC Heap History (10 events):
Event: 2.480 GC heap before
{Heap before GC invocations=6 (full 1):
 PSYoungGen      total 71680K, used 5095K [0x00000000d5b00000, 0x00000000df800000, 0x0000000100000000)
  eden space 66560K, 0% used [0x00000000d5b00000,0x00000000d5b00000,0x00000000d9c00000)
  from space 5120K, 99% used [0x00000000d9c00000,0x00000000da0f9cb0,0x00000000da100000)
  to   space 13824K, 0% used [0x00000000dea80000,0x00000000dea80000,0x00000000df800000)
 ParOldGen       total 87552K, used 13951K [0x0000000081000000, 0x0000000086580000, 0x00000000d5b00000)
  object space 87552K, 15% used [0x0000000081000000,0x0000000081d9ff78,0x0000000086580000)
 Metaspace       used 20288K, capacity 21260K, committed 21296K, reserved 1067008K
  class space    used 2956K, capacity 3166K, committed 3200K, reserved 1048576K
Event: 2.524 GC heap after
Heap after GC invocations=6 (full 1):
 PSYoungGen      total 71680K, used 0K [0x00000000d5b00000, 0x00000000df800000, 0x0000000100000000)
  eden space 66560K, 0% used [0x00000000d5b00000,0x00000000d5b00000,0x00000000d9c00000)
  from space 5120K, 0% used [0x00000000d9c00000,0x00000000d9c00000,0x00000000da100000)
  to   space 13824K, 0% used [0x00000000dea80000,0x00000000dea80000,0x00000000df800000)
 ParOldGen       total 73216K, used 16773K [0x0000000081000000, 0x0000000085780000, 0x00000000d5b00000)
  object space 73216K, 22% used [0x0000000081000000,0x00000000820614c0,0x0000000085780000)
 Metaspace       used 20288K, capacity 21260K, committed 21296K, reserved 1067008K
  class space    used 2956K, capacity 3166K, committed 3200K, reserved 1048576K
}
Event: 3.002 GC heap before
{Heap before GC invocations=7 (full 1):
 PSYoungGen      total 71680K, used 66560K [0x00000000d5b00000, 0x00000000df800000, 0x0000000100000000)
  eden space 66560K, 100% used [0x00000000d5b00000,0x00000000d9c00000,0x00000000d9c00000)
  from space 5120K, 0% used [0x00000000d9c00000,0x00000000d9c00000,0x00000000da100000)
  to   space 13824K, 0% used [0x00000000dea80000,0x00000000dea80000,0x00000000df800000)
 ParOldGen       total 73216K, used 16773K [0x0000000081000000, 0x0000000085780000, 0x00000000d5b00000)
  object space 73216K, 22% used [0x0000000081000000,0x00000000820614c0,0x0000000085780000)
 Metaspace       used 21778K, capacity 22850K, committed 22912K, reserved 1069056K
  class space    used 3195K, capacity 3437K, committed 3456K, reserved 1048576K
Event: 3.006 GC heap after
Heap after GC invocations=7 (full 1):
 PSYoungGen      total 108544K, used 4754K [0x00000000d5b00000, 0x00000000def80000, 0x0000000100000000)
  eden space 103424K, 0% used [0x00000000d5b00000,0x00000000d5b00000,0x00000000dc000000)
  from space 5120K, 92% used [0x00000000dea80000,0x00000000def24868,0x00000000def80000)
  to   space 13312K, 0% used [0x00000000dd580000,0x00000000dd580000,0x00000000de280000)
 ParOldGen       total 73216K, used 16781K [0x0000000081000000, 0x0000000085780000, 0x00000000d5b00000)
  object space 73216K, 22% used [0x0000000081000000,0x00000000820634c0,0x0000000085780000)
 Metaspace       used 21778K, capacity 22850K, committed 22912K, reserved 1069056K
  class space    used 3195K, capacity 3437K, committed 3456K, reserved 1048576K
}
Event: 45.014 GC heap before
{Heap before GC invocations=8 (full 1):
 PSYoungGen      total 108544K, used 108178K [0x00000000d5b00000, 0x00000000def80000, 0x0000000100000000)
  eden space 103424K, 100% used [0x00000000d5b00000,0x00000000dc000000,0x00000000dc000000)
  from space 5120K, 92% used [0x00000000dea80000,0x00000000def24868,0x00000000def80000)
  to   space 13312K, 0% used [0x00000000dd580000,0x00000000dd580000,0x00000000de280000)
 ParOldGen       total 73216K, used 16781K [0x0000000081000000, 0x0000000085780000, 0x00000000d5b00000)
  object space 73216K, 22% used [0x0000000081000000,0x00000000820634c0,0x0000000085780000)
 Metaspace       used 27789K, capacity 29712K, committed 29824K, reserved 1075200K
  class space    used 4049K, capacity 4376K, committed 4480K, reserved 1048576K
Event: 45.042 GC heap after
Heap after GC invocations=8 (full 1):
 PSYoungGen      total 138752K, used 13287K [0x00000000d5b00000, 0x00000000e1880000, 0x0000000100000000)
  eden space 125440K, 0% used [0x00000000d5b00000,0x00000000d5b00000,0x00000000dd580000)
  from space 13312K, 99% used [0x00000000dd580000,0x00000000de279e90,0x00000000de280000)
  to   space 20480K, 0% used [0x00000000e0480000,0x00000000e0480000,0x00000000e1880000)
 ParOldGen       total 73216K, used 26744K [0x0000000081000000, 0x0000000085780000, 0x00000000d5b00000)
  object space 73216K, 36% used [0x0000000081000000,0x0000000082a1e0f0,0x0000000085780000)
 Metaspace       used 27789K, capacity 29712K, committed 29824K, reserved 1075200K
  class space    used 4049K, capacity 4376K, committed 4480K, reserved 1048576K
}
Event: 47.701 GC heap before
{Heap before GC invocations=9 (full 1):
 PSYoungGen      total 138752K, used 55763K [0x00000000d5b00000, 0x00000000e1880000, 0x0000000100000000)
  eden space 125440K, 33% used [0x00000000d5b00000,0x00000000d847afc0,0x00000000dd580000)
  from space 13312K, 99% used [0x00000000dd580000,0x00000000de279e90,0x00000000de280000)
  to   space 20480K, 0% used [0x00000000e0480000,0x00000000e0480000,0x00000000e1880000)
 ParOldGen       total 73216K, used 26744K [0x0000000081000000, 0x0000000085780000, 0x00000000d5b00000)
  object space 73216K, 36% used [0x0000000081000000,0x0000000082a1e0f0,0x0000000085780000)
 Metaspace       used 33494K, capacity 35402K, committed 35496K, reserved 1079296K
  class space    used 4764K, capacity 5117K, committed 5120K, reserved 1048576K
Event: 47.721 GC heap after
Heap after GC invocations=9 (full 1):
 PSYoungGen      total 171008K, used 17864K [0x00000000d5b00000, 0x00000000e3900000, 0x0000000100000000)
  eden space 150528K, 0% used [0x00000000d5b00000,0x00000000d5b00000,0x00000000dee00000)
  from space 20480K, 87% used [0x00000000e0480000,0x00000000e15f2218,0x00000000e1880000)
  to   space 23040K, 0% used [0x00000000dee00000,0x00000000dee00000,0x00000000e0480000)
 ParOldGen       total 73216K, used 26752K [0x0000000081000000, 0x0000000085780000, 0x00000000d5b00000)
  object space 73216K, 36% used [0x0000000081000000,0x0000000082a200f0,0x0000000085780000)
 Metaspace       used 33494K, capacity 35402K, committed 35496K, reserved 1079296K
  class space    used 4764K, capacity 5117K, committed 5120K, reserved 1048576K
}
Event: 47.721 GC heap before
{Heap before GC invocations=10 (full 2):
 PSYoungGen      total 171008K, used 17864K [0x00000000d5b00000, 0x00000000e3900000, 0x0000000100000000)
  eden space 150528K, 0% used [0x00000000d5b00000,0x00000000d5b00000,0x00000000dee00000)
  from space 20480K, 87% used [0x00000000e0480000,0x00000000e15f2218,0x00000000e1880000)
  to   space 23040K, 0% used [0x00000000dee00000,0x00000000dee00000,0x00000000e0480000)
 ParOldGen       total 73216K, used 26752K [0x0000000081000000, 0x0000000085780000, 0x00000000d5b00000)
  object space 73216K, 36% used [0x0000000081000000,0x0000000082a200f0,0x0000000085780000)
 Metaspace       used 33494K, capacity 35402K, committed 35496K, reserved 1079296K
  class space    used 4764K, capacity 5117K, committed 5120K, reserved 1048576K
Event: 47.915 GC heap after
Heap after GC invocations=10 (full 2):
 PSYoungGen      total 171008K, used 0K [0x00000000d5b00000, 0x00000000e3900000, 0x0000000100000000)
  eden space 150528K, 0% used [0x00000000d5b00000,0x00000000d5b00000,0x00000000dee00000)
  from space 20480K, 0% used [0x00000000e0480000,0x00000000e0480000,0x00000000e1880000)
  to   space 23040K, 0% used [0x00000000dee00000,0x00000000dee00000,0x00000000e0480000)
 ParOldGen       total 122880K, used 43164K [0x0000000081000000, 0x0000000088800000, 0x00000000d5b00000)
  object space 122880K, 35% used [0x0000000081000000,0x0000000083a27228,0x0000000088800000)
 Metaspace       used 33494K, capacity 35402K, committed 35496K, reserved 1079296K
  class space    used 4764K, capacity 5117K, committed 5120K, reserved 1048576K
}

