# JRE version: Java(TM) SE Runtime Environment (8.0_151-b12) (build 1.8.0_151-b12)
# Java VM: Java HotSpot(TM) 64-Bit Server VM (25.151-b12 mixed mode windows-amd64 compressed oops)
Heap:
 PSYoungGen      total 70144K, used 19503K [0x00000000d5b00000, 0x00000000dd100000, 0x0000000100000000)
  eden space 57344K, 11% used [0x00000000d5b00000,0x00000000d6190050,0x00000000d9300000)
  from space 12800K, 99% used [0x00000000d9300000,0x00000000d9f7be30,0x00000000d9f80000)
  to   space 17920K, 0% used [0x00000000dbf80000,0x00000000dbf80000,0x00000000dd100000)
 ParOldGen       total 71168K, used 26455K [0x0000000081000000, 0x0000000085580000, 0x00000000d5b00000)
  object space 71168K, 37% used [0x0000000081000000,0x00000000829d5f30,0x0000000085580000)
 Metaspace       used 27126K, capacity 29066K, committed 29184K, reserved 1075200K
  class space    used 3990K, capacity 4325K, committed 4352K, reserved 1048576K
GC Heap History (10 events):
Event: 11.941 GC heap before
{Heap before GC invocations=6 (full 1):
 PSYoungGen      total 37888K, used 5113K [0x00000000d5b00000, 0x00000000d9500000, 0x0000000100000000)
  eden space 32768K, 0% used [0x00000000d5b00000,0x00000000d5b00000,0x00000000d7b00000)
  from space 5120K, 99% used [0x00000000d7b80000,0x00000000d807e590,0x00000000d8080000)
  to   space 13312K, 0% used [0x00000000d8800000,0x00000000d8800000,0x00000000d9500000)
 ParOldGen       total 87552K, used 14163K [0x0000000081000000, 0x0000000086580000, 0x00000000d5b00000)
  object space 87552K, 16% used [0x0000000081000000,0x0000000081dd4f40,0x0000000086580000)
 Metaspace       used 20299K, capacity 21222K, committed 21296K, reserved 1067008K
  class space    used 2956K, capacity 3169K, committed 3200K, reserved 1048576K
Event: 11.987 GC heap after
Heap after GC invocations=6 (full 1):
 PSYoungGen      total 37888K, used 0K [0x00000000d5b00000, 0x00000000d9500000, 0x0000000100000000)
  eden space 32768K, 0% used [0x00000000d5b00000,0x00000000d5b00000,0x00000000d7b00000)
  from space 5120K, 0% used [0x00000000d7b80000,0x00000000d7b80000,0x00000000d8080000)
  to   space 13312K, 0% used [0x00000000d8800000,0x00000000d8800000,0x00000000d9500000)
 ParOldGen       total 71168K, used 17616K [0x0000000081000000, 0x0000000085580000, 0x00000000d5b00000)
  object space 71168K, 24% used [0x0000000081000000,0x0000000082134050,0x0000000085580000)
 Metaspace       used 20299K, capacity 21222K, committed 21296K, reserved 1067008K
  class space    used 2956K, capacity 3169K, committed 3200K, reserved 1048576K
}
Event: 13.342 GC heap before
{Heap before GC invocations=7 (full 1):
 PSYoungGen      total 37888K, used 32768K [0x00000000d5b00000, 0x00000000d9500000, 0x0000000100000000)
  eden space 32768K, 100% used [0x00000000d5b00000,0x00000000d7b00000,0x00000000d7b00000)
  from space 5120K, 0% used [0x00000000d7b80000,0x00000000d7b80000,0x00000000d8080000)
  to   space 13312K, 0% used [0x00000000d8800000,0x00000000d8800000,0x00000000d9500000)
 ParOldGen       total 71168K, used 17616K [0x0000000081000000, 0x0000000085580000, 0x00000000d5b00000)
  object space 71168K, 24% used [0x0000000081000000,0x0000000082134050,0x0000000085580000)
 Metaspace       used 21792K, capacity 22856K, committed 22912K, reserved 1069056K
  class space    used 3201K, capacity 3438K, committed 3456K, reserved 1048576K
Event: 13.345 GC heap after
Heap after GC invocations=7 (full 1):
 PSYoungGen      total 46080K, used 4552K [0x00000000d5b00000, 0x00000000da900000, 0x0000000100000000)
  eden space 32768K, 0% used [0x00000000d5b00000,0x00000000d5b00000,0x00000000d7b00000)
  from space 13312K, 34% used [0x00000000d8800000,0x00000000d8c72158,0x00000000d9500000)
  to   space 13312K, 0% used [0x00000000d7b00000,0x00000000d7b00000,0x00000000d8800000)
 ParOldGen       total 71168K, used 17624K [0x0000000081000000, 0x0000000085580000, 0x00000000d5b00000)
  object space 71168K, 24% used [0x0000000081000000,0x0000000082136050,0x0000000085580000)
 Metaspace       used 21792K, capacity 22856K, committed 22912K, reserved 1069056K
  class space    used 3201K, capacity 3438K, committed 3456K, reserved 1048576K
}
Event: 13.476 GC heap before
{Heap before GC invocations=8 (full 1):
 PSYoungGen      total 46080K, used 37320K [0x00000000d5b00000, 0x00000000da900000, 0x0000000100000000)
  eden space 32768K, 100% used [0x00000000d5b00000,0x00000000d7b00000,0x00000000d7b00000)
  from space 13312K, 34% used [0x00000000d8800000,0x00000000d8c72158,0x00000000d9500000)
  to   space 13312K, 0% used [0x00000000d7b00000,0x00000000d7b00000,0x00000000d8800000)
 ParOldGen       total 71168K, used 17624K [0x0000000081000000, 0x0000000085580000, 0x00000000d5b00000)
  object space 71168K, 24% used [0x0000000081000000,0x0000000082136050,0x0000000085580000)
 Metaspace       used 21839K, capacity 22878K, committed 22912K, reserved 1069056K
  class space    used 3203K, capacity 3441K, committed 3456K, reserved 1048576K
Event: 13.479 GC heap after
Heap after GC invocations=8 (full 1):
 PSYoungGen      total 46080K, used 4136K [0x00000000d5b00000, 0x00000000dac80000, 0x0000000100000000)
  eden space 32768K, 0% used [0x00000000d5b00000,0x00000000d5b00000,0x00000000d7b00000)
  from space 13312K, 31% used [0x00000000d7b00000,0x00000000d7f0a180,0x00000000d8800000)
  to   space 13312K, 0% used [0x00000000d9f80000,0x00000000d9f80000,0x00000000dac80000)
 ParOldGen       total 71168K, used 17632K [0x0000000081000000, 0x0000000085580000, 0x00000000d5b00000)
  object space 71168K, 24% used [0x0000000081000000,0x0000000082138050,0x0000000085580000)
 Metaspace       used 21839K, capacity 22878K, committed 22912K, reserved 1069056K
  class space    used 3203K, capacity 3441K, committed 3456K, reserved 1048576K
}
Event: 13.670 GC heap before
{Heap before GC invocations=9 (full 1):
 PSYoungGen      total 46080K, used 36904K [0x00000000d5b00000, 0x00000000dac80000, 0x0000000100000000)
  eden space 32768K, 100% used [0x00000000d5b00000,0x00000000d7b00000,0x00000000d7b00000)
  from space 13312K, 31% used [0x00000000d7b00000,0x00000000d7f0a180,0x00000000d8800000)
  to   space 13312K, 0% used [0x00000000d9f80000,0x00000000d9f80000,0x00000000dac80000)
 ParOldGen       total 71168K, used 17632K [0x0000000081000000, 0x0000000085580000, 0x00000000d5b00000)
  object space 71168K, 24% used [0x0000000081000000,0x0000000082138050,0x0000000085580000)
 Metaspace       used 21953K, capacity 23094K, committed 23168K, reserved 1069056K
  class space    used 3210K, capacity 3455K, committed 3456K, reserved 1048576K
Event: 13.677 GC heap after
Heap after GC invocations=9 (full 1):
 PSYoungGen      total 70656K, used 5213K [0x00000000d5b00000, 0x00000000dae00000, 0x0000000100000000)
  eden space 57344K, 0% used [0x00000000d5b00000,0x00000000d5b00000,0x00000000d9300000)
  from space 13312K, 39% used [0x00000000d9f80000,0x00000000da497420,0x00000000dac80000)
  to   space 12800K, 0% used [0x00000000d9300000,0x00000000d9300000,0x00000000d9f80000)
 ParOldGen       total 71168K, used 17632K [0x0000000081000000, 0x0000000085580000, 0x00000000d5b00000)
  object space 71168K, 24% used [0x0000000081000000,0x0000000082138050,0x0000000085580000)
 Metaspace       used 21953K, capacity 23094K, committed 23168K, reserved 1069056K
  class space    used 3210K, capacity 3455K, committed 3456K, reserved 1048576K
}
Event: 15.921 GC heap before
{Heap before GC invocations=10 (full 1):
 PSYoungGen      total 70656K, used 62557K [0x00000000d5b00000, 0x00000000dae00000, 0x0000000100000000)
  eden space 57344K, 100% used [0x00000000d5b00000,0x00000000d9300000,0x00000000d9300000)
  from space 13312K, 39% used [0x00000000d9f80000,0x00000000da497420,0x00000000dac80000)
  to   space 12800K, 0% used [0x00000000d9300000,0x00000000d9300000,0x00000000d9f80000)
 ParOldGen       total 71168K, used 17632K [0x0000000081000000, 0x0000000085580000, 0x00000000d5b00000)
  object space 71168K, 24% used [0x0000000081000000,0x0000000082138050,0x0000000085580000)
 Metaspace       used 26675K, capacity 28520K, committed 28672K, reserved 1073152K
  class space    used 3944K, capacity 4260K, committed 4352K, reserved 1048576K
Event: 15.943 GC heap after
Heap after GC invocations=10 (full 1):
 PSYoungGen      total 70144K, used 12783K [0x00000000d5b00000, 0x00000000dd100000, 0x0000000100000000)
  eden space 57344K, 0% used [0x00000000d5b00000,0x00000000d5b00000,0x00000000d9300000)
  from space 12800K, 99% used [0x00000000d9300000,0x00000000d9f7be30,0x00000000d9f80000)
  to   space 17920K, 0% used [0x00000000dbf80000,0x00000000dbf80000,0x00000000dd100000)
 ParOldGen       total 71168K, used 26455K [0x0000000081000000, 0x0000000085580000, 0x00000000d5b00000)
  object space 71168K, 37% used [0x0000000081000000,0x00000000829d5f30,0x0000000085580000)
 Metaspace       used 26675K, capacity 28520K, committed 28672K, reserved 1073152K
  class space    used 3944K, capacity 4260K, committed 4352K, reserved 1048576K
}

