# JRE version: Java(TM) SE Runtime Environment (8.0_161-b12) (build 1.8.0_161-b12)
# Java VM: Java HotSpot(TM) 64-Bit Server VM (25.161-b12 mixed mode windows-amd64 compressed oops)
Heap:
 PSYoungGen      total 65024K, used 22599K [0x00000000d6000000, 0x00000000db800000, 0x0000000100000000)
  eden space 54272K, 21% used [0x00000000d6000000,0x00000000d6b96348,0x00000000d9500000)
  from space 10752K, 99% used [0x00000000dad80000,0x00000000db7fb8f0,0x00000000db800000)
  to   space 14336K, 0% used [0x00000000d9c00000,0x00000000d9c00000,0x00000000daa00000)
 ParOldGen       total 68608K, used 16590K [0x0000000082000000, 0x0000000086300000, 0x00000000d6000000)
  object space 68608K, 24% used [0x0000000082000000,0x0000000083033860,0x0000000086300000)
 Metaspace       used 25449K, capacity 27104K, committed 27312K, reserved 1073152K
  class space    used 3698K, capacity 4000K, committed 4016K, reserved 1048576K
GC Heap History (10 events):
Event: 2.170 GC heap before
{Heap before GC invocations=3 (full 0):
 PSYoungGen      total 37888K, used 37881K [0x00000000d6000000, 0x00000000d8a00000, 0x0000000100000000)
  eden space 32768K, 100% used [0x00000000d6000000,0x00000000d8000000,0x00000000d8000000)
  from space 5120K, 99% used [0x00000000d8500000,0x00000000d89fe5b0,0x00000000d8a00000)
  to   space 5120K, 0% used [0x00000000d8000000,0x00000000d8000000,0x00000000d8500000)
 ParOldGen       total 86016K, used 9107K [0x0000000082000000, 0x0000000087400000, 0x00000000d6000000)
  object space 86016K, 10% used [0x0000000082000000,0x00000000828e4f70,0x0000000087400000)
 Metaspace       used 18424K, capacity 19088K, committed 19200K, reserved 1064960K
  class space    used 2520K, capacity 2706K, committed 2816K, reserved 1048576K
Event: 2.177 GC heap after
Heap after GC invocations=3 (full 0):
 PSYoungGen      total 37888K, used 5113K [0x00000000d6000000, 0x00000000d8a00000, 0x0000000100000000)
  eden space 32768K, 0% used [0x00000000d6000000,0x00000000d6000000,0x00000000d8000000)
  from space 5120K, 99% used [0x00000000d8000000,0x00000000d84fe590,0x00000000d8500000)
  to   space 5120K, 0% used [0x00000000d8500000,0x00000000d8500000,0x00000000d8a00000)
 ParOldGen       total 86016K, used 12715K [0x0000000082000000, 0x0000000087400000, 0x00000000d6000000)
  object space 86016K, 14% used [0x0000000082000000,0x0000000082c6acc8,0x0000000087400000)
 Metaspace       used 18424K, capacity 19088K, committed 19200K, reserved 1064960K
  class space    used 2520K, capacity 2706K, committed 2816K, reserved 1048576K
}
Event: 2.516 GC heap before
{Heap before GC invocations=4 (full 0):
 PSYoungGen      total 37888K, used 37881K [0x00000000d6000000, 0x00000000d8a00000, 0x0000000100000000)
  eden space 32768K, 100% used [0x00000000d6000000,0x00000000d8000000,0x00000000d8000000)
  from space 5120K, 99% used [0x00000000d8000000,0x00000000d84fe590,0x00000000d8500000)
  to   space 5120K, 0% used [0x00000000d8500000,0x00000000d8500000,0x00000000d8a00000)
 ParOldGen       total 86016K, used 12715K [0x0000000082000000, 0x0000000087400000, 0x00000000d6000000)
  object space 86016K, 14% used [0x0000000082000000,0x0000000082c6acc8,0x0000000087400000)
 Metaspace       used 20160K, capacity 21058K, committed 21296K, reserved 1067008K
  class space    used 2858K, capacity 3091K, committed 3120K, reserved 1048576K
Event: 2.520 GC heap after
Heap after GC invocations=4 (full 0):
 PSYoungGen      total 37888K, used 5113K [0x00000000d6000000, 0x00000000daa00000, 0x0000000100000000)
  eden space 32768K, 0% used [0x00000000d6000000,0x00000000d6000000,0x00000000d8000000)
  from space 5120K, 99% used [0x00000000d8500000,0x00000000d89fe590,0x00000000d8a00000)
  to   space 5120K, 0% used [0x00000000d8000000,0x00000000d8000000,0x00000000d8500000)
 ParOldGen       total 86016K, used 13772K [0x0000000082000000, 0x0000000087400000, 0x00000000d6000000)
  object space 86016K, 16% used [0x0000000082000000,0x0000000082d733a8,0x0000000087400000)
 Metaspace       used 20160K, capacity 21058K, committed 21296K, reserved 1067008K
  class space    used 2858K, capacity 3091K, committed 3120K, reserved 1048576K
}
Event: 2.553 GC heap before
{Heap before GC invocations=5 (full 0):
 PSYoungGen      total 37888K, used 10187K [0x00000000d6000000, 0x00000000daa00000, 0x0000000100000000)
  eden space 32768K, 15% used [0x00000000d6000000,0x00000000d64f4688,0x00000000d8000000)
  from space 5120K, 99% used [0x00000000d8500000,0x00000000d89fe590,0x00000000d8a00000)
  to   space 5120K, 0% used [0x00000000d8000000,0x00000000d8000000,0x00000000d8500000)
 ParOldGen       total 86016K, used 13772K [0x0000000082000000, 0x0000000087400000, 0x00000000d6000000)
  object space 86016K, 16% used [0x0000000082000000,0x0000000082d733a8,0x0000000087400000)
 Metaspace       used 20276K, capacity 21210K, committed 21296K, reserved 1067008K
  class space    used 2885K, capacity 3095K, committed 3120K, reserved 1048576K
Event: 2.559 GC heap after
Heap after GC invocations=5 (full 0):
 PSYoungGen      total 37888K, used 5113K [0x00000000d6000000, 0x00000000dbb00000, 0x0000000100000000)
  eden space 32768K, 0% used [0x00000000d6000000,0x00000000d6000000,0x00000000d8000000)
  from space 5120K, 99% used [0x00000000d8000000,0x00000000d84fe590,0x00000000d8500000)
  to   space 13824K, 0% used [0x00000000dad80000,0x00000000dad80000,0x00000000dbb00000)
 ParOldGen       total 86016K, used 13924K [0x0000000082000000, 0x0000000087400000, 0x00000000d6000000)
  object space 86016K, 16% used [0x0000000082000000,0x0000000082d993a8,0x0000000087400000)
 Metaspace       used 20276K, capacity 21210K, committed 21296K, reserved 1067008K
  class space    used 2885K, capacity 3095K, committed 3120K, reserved 1048576K
}
Event: 2.559 GC heap before
{Heap before GC invocations=6 (full 1):
 PSYoungGen      total 37888K, used 5113K [0x00000000d6000000, 0x00000000dbb00000, 0x0000000100000000)
  eden space 32768K, 0% used [0x00000000d6000000,0x00000000d6000000,0x00000000d8000000)
  from space 5120K, 99% used [0x00000000d8000000,0x00000000d84fe590,0x00000000d8500000)
  to   space 13824K, 0% used [0x00000000dad80000,0x00000000dad80000,0x00000000dbb00000)
 ParOldGen       total 86016K, used 13924K [0x0000000082000000, 0x0000000087400000, 0x00000000d6000000)
  object space 86016K, 16% used [0x0000000082000000,0x0000000082d993a8,0x0000000087400000)
 Metaspace       used 20276K, capacity 21210K, committed 21296K, reserved 1067008K
  class space    used 2885K, capacity 3095K, committed 3120K, reserved 1048576K
Event: 2.606 GC heap after
Heap after GC invocations=6 (full 1):
 PSYoungGen      total 37888K, used 0K [0x00000000d6000000, 0x00000000dbb00000, 0x0000000100000000)
  eden space 32768K, 0% used [0x00000000d6000000,0x00000000d6000000,0x00000000d8000000)
  from space 5120K, 0% used [0x00000000d8000000,0x00000000d8000000,0x00000000d8500000)
  to   space 13824K, 0% used [0x00000000dad80000,0x00000000dad80000,0x00000000dbb00000)
 ParOldGen       total 68608K, used 16582K [0x0000000082000000, 0x0000000086300000, 0x00000000d6000000)
  object space 68608K, 24% used [0x0000000082000000,0x0000000083031860,0x0000000086300000)
 Metaspace       used 20276K, capacity 21210K, committed 21296K, reserved 1067008K
  class space    used 2885K, capacity 3095K, committed 3120K, reserved 1048576K
}
Event: 3.435 GC heap before
{Heap before GC invocations=7 (full 1):
 PSYoungGen      total 37888K, used 32132K [0x00000000d6000000, 0x00000000dbb00000, 0x0000000100000000)
  eden space 32768K, 98% used [0x00000000d6000000,0x00000000d7f61270,0x00000000d8000000)
  from space 5120K, 0% used [0x00000000d8000000,0x00000000d8000000,0x00000000d8500000)
  to   space 13824K, 0% used [0x00000000dad80000,0x00000000dad80000,0x00000000dbb00000)
 ParOldGen       total 68608K, used 16582K [0x0000000082000000, 0x0000000086300000, 0x00000000d6000000)
  object space 68608K, 24% used [0x0000000082000000,0x0000000083031860,0x0000000086300000)
 Metaspace       used 24477K, capacity 26092K, committed 26288K, reserved 1071104K
  class space    used 3598K, capacity 3892K, committed 4016K, reserved 1048576K
Event: 3.447 GC heap after
Heap after GC invocations=7 (full 1):
 PSYoungGen      total 65024K, used 10734K [0x00000000d6000000, 0x00000000db800000, 0x0000000100000000)
  eden space 54272K, 0% used [0x00000000d6000000,0x00000000d6000000,0x00000000d9500000)
  from space 10752K, 99% used [0x00000000dad80000,0x00000000db7fb8f0,0x00000000db800000)
  to   space 14336K, 0% used [0x00000000d9c00000,0x00000000d9c00000,0x00000000daa00000)
 ParOldGen       total 68608K, used 16590K [0x0000000082000000, 0x0000000086300000, 0x00000000d6000000)
  object space 68608K, 24% used [0x0000000082000000,0x0000000083033860,0x0000000086300000)
 Metaspace       used 24477K, capacity 26092K, committed 26288K, reserved 1071104K
  class space    used 3598K, capacity 3892K, committed 4016K, reserved 1048576K
}

