# JRE version: Java(TM) SE Runtime Environment (8.0_161-b12) (build 1.8.0_161-b12)
# Java VM: Java HotSpot(TM) 64-Bit Server VM (25.161-b12 mixed mode windows-amd64 compressed oops)
Heap:
 PSYoungGen      total 81408K, used 42955K [0x00000000d6000000, 0x00000000de100000, 0x0000000100000000)
  eden space 67072K, 42% used [0x00000000d6000000,0x00000000d7bf8e40,0x00000000da180000)
  from space 14336K, 99% used [0x00000000da180000,0x00000000daf79ec0,0x00000000daf80000)
  to   space 22528K, 0% used [0x00000000dcb00000,0x00000000dcb00000,0x00000000de100000)
 ParOldGen       total 76800K, used 30393K [0x0000000082000000, 0x0000000086b00000, 0x00000000d6000000)
  object space 76800K, 39% used [0x0000000082000000,0x0000000083dae5e0,0x0000000086b00000)
 Metaspace       used 31624K, capacity 33829K, committed 34048K, reserved 1079296K
  class space    used 4463K, capacity 4835K, committed 4864K, reserved 1048576K
GC Heap History (10 events):
Event: 2.324 GC heap before
{Heap before GC invocations=6 (full 1):
 PSYoungGen      total 37888K, used 32768K [0x00000000d6000000, 0x00000000daa00000, 0x0000000100000000)
  eden space 32768K, 100% used [0x00000000d6000000,0x00000000d8000000,0x00000000d8000000)
  from space 5120K, 0% used [0x00000000d8500000,0x00000000d8500000,0x00000000d8a00000)
  to   space 5120K, 0% used [0x00000000d8000000,0x00000000d8000000,0x00000000d8500000)
 ParOldGen       total 76800K, used 16299K [0x0000000082000000, 0x0000000086b00000, 0x00000000d6000000)
  object space 76800K, 21% used [0x0000000082000000,0x0000000082feadb0,0x0000000086b00000)
 Metaspace       used 20718K, capacity 21719K, committed 21888K, reserved 1069056K
  class space    used 2947K, capacity 3176K, committed 3200K, reserved 1048576K
Event: 2.325 GC heap after
Heap after GC invocations=6 (full 1):
 PSYoungGen      total 37888K, used 711K [0x00000000d6000000, 0x00000000daa80000, 0x0000000100000000)
  eden space 32768K, 0% used [0x00000000d6000000,0x00000000d6000000,0x00000000d8000000)
  from space 5120K, 13% used [0x00000000d8000000,0x00000000d80b1c50,0x00000000d8500000)
  to   space 14848K, 0% used [0x00000000d9c00000,0x00000000d9c00000,0x00000000daa80000)
 ParOldGen       total 76800K, used 16307K [0x0000000082000000, 0x0000000086b00000, 0x00000000d6000000)
  object space 76800K, 21% used [0x0000000082000000,0x0000000082fecdb0,0x0000000086b00000)
 Metaspace       used 20718K, capacity 21719K, committed 21888K, reserved 1069056K
  class space    used 2947K, capacity 3176K, committed 3200K, reserved 1048576K
}
Event: 2.537 GC heap before
{Heap before GC invocations=7 (full 1):
 PSYoungGen      total 37888K, used 33479K [0x00000000d6000000, 0x00000000daa80000, 0x0000000100000000)
  eden space 32768K, 100% used [0x00000000d6000000,0x00000000d8000000,0x00000000d8000000)
  from space 5120K, 13% used [0x00000000d8000000,0x00000000d80b1c50,0x00000000d8500000)
  to   space 14848K, 0% used [0x00000000d9c00000,0x00000000d9c00000,0x00000000daa80000)
 ParOldGen       total 76800K, used 16307K [0x0000000082000000, 0x0000000086b00000, 0x00000000d6000000)
  object space 76800K, 21% used [0x0000000082000000,0x0000000082fecdb0,0x0000000086b00000)
 Metaspace       used 21319K, capacity 22625K, committed 22912K, reserved 1069056K
  class space    used 3087K, capacity 3343K, committed 3456K, reserved 1048576K
Event: 2.540 GC heap after
Heap after GC invocations=7 (full 1):
 PSYoungGen      total 61440K, used 2043K [0x00000000d6000000, 0x00000000daa80000, 0x0000000100000000)
  eden space 46592K, 0% used [0x00000000d6000000,0x00000000d6000000,0x00000000d8d80000)
  from space 14848K, 13% used [0x00000000d9c00000,0x00000000d9dfeef0,0x00000000daa80000)
  to   space 14848K, 0% used [0x00000000d8d80000,0x00000000d8d80000,0x00000000d9c00000)
 ParOldGen       total 76800K, used 16315K [0x0000000082000000, 0x0000000086b00000, 0x00000000d6000000)
  object space 76800K, 21% used [0x0000000082000000,0x0000000082feedb0,0x0000000086b00000)
 Metaspace       used 21319K, capacity 22625K, committed 22912K, reserved 1069056K
  class space    used 3087K, capacity 3343K, committed 3456K, reserved 1048576K
}
Event: 2.863 GC heap before
{Heap before GC invocations=8 (full 1):
 PSYoungGen      total 61440K, used 48635K [0x00000000d6000000, 0x00000000daa80000, 0x0000000100000000)
  eden space 46592K, 100% used [0x00000000d6000000,0x00000000d8d80000,0x00000000d8d80000)
  from space 14848K, 13% used [0x00000000d9c00000,0x00000000d9dfeef0,0x00000000daa80000)
  to   space 14848K, 0% used [0x00000000d8d80000,0x00000000d8d80000,0x00000000d9c00000)
 ParOldGen       total 76800K, used 16315K [0x0000000082000000, 0x0000000086b00000, 0x00000000d6000000)
  object space 76800K, 21% used [0x0000000082000000,0x0000000082feedb0,0x0000000086b00000)
 Metaspace       used 22615K, capacity 23941K, committed 24064K, reserved 1069056K
  class space    used 3251K, capacity 3513K, committed 3584K, reserved 1048576K
Event: 2.867 GC heap after
Heap after GC invocations=8 (full 1):
 PSYoungGen      total 61440K, used 8051K [0x00000000d6000000, 0x00000000dbe00000, 0x0000000100000000)
  eden space 46592K, 0% used [0x00000000d6000000,0x00000000d6000000,0x00000000d8d80000)
  from space 14848K, 54% used [0x00000000d8d80000,0x00000000d955cdb0,0x00000000d9c00000)
  to   space 14848K, 0% used [0x00000000daf80000,0x00000000daf80000,0x00000000dbe00000)
 ParOldGen       total 76800K, used 16323K [0x0000000082000000, 0x0000000086b00000, 0x00000000d6000000)
  object space 76800K, 21% used [0x0000000082000000,0x0000000082ff0db0,0x0000000086b00000)
 Metaspace       used 22615K, capacity 23941K, committed 24064K, reserved 1069056K
  class space    used 3251K, capacity 3513K, committed 3584K, reserved 1048576K
}
Event: 3.070 GC heap before
{Heap before GC invocations=9 (full 1):
 PSYoungGen      total 61440K, used 54643K [0x00000000d6000000, 0x00000000dbe00000, 0x0000000100000000)
  eden space 46592K, 100% used [0x00000000d6000000,0x00000000d8d80000,0x00000000d8d80000)
  from space 14848K, 54% used [0x00000000d8d80000,0x00000000d955cdb0,0x00000000d9c00000)
  to   space 14848K, 0% used [0x00000000daf80000,0x00000000daf80000,0x00000000dbe00000)
 ParOldGen       total 76800K, used 16323K [0x0000000082000000, 0x0000000086b00000, 0x00000000d6000000)
  object space 76800K, 21% used [0x0000000082000000,0x0000000082ff0db0,0x0000000086b00000)
 Metaspace       used 22708K, capacity 24071K, committed 24320K, reserved 1071104K
  class space    used 3257K, capacity 3524K, committed 3584K, reserved 1048576K
Event: 3.074 GC heap after
Heap after GC invocations=9 (full 1):
 PSYoungGen      total 81920K, used 8077K [0x00000000d6000000, 0x00000000dbf00000, 0x0000000100000000)
  eden space 67072K, 0% used [0x00000000d6000000,0x00000000d6000000,0x00000000da180000)
  from space 14848K, 54% used [0x00000000daf80000,0x00000000db763480,0x00000000dbe00000)
  to   space 14336K, 0% used [0x00000000da180000,0x00000000da180000,0x00000000daf80000)
 ParOldGen       total 76800K, used 16331K [0x0000000082000000, 0x0000000086b00000, 0x00000000d6000000)
  object space 76800K, 21% used [0x0000000082000000,0x0000000082ff2db0,0x0000000086b00000)
 Metaspace       used 22708K, capacity 24071K, committed 24320K, reserved 1071104K
  class space    used 3257K, capacity 3524K, committed 3584K, reserved 1048576K
}
Event: 4.546 GC heap before
{Heap before GC invocations=10 (full 1):
 PSYoungGen      total 81920K, used 75149K [0x00000000d6000000, 0x00000000dbf00000, 0x0000000100000000)
  eden space 67072K, 100% used [0x00000000d6000000,0x00000000da180000,0x00000000da180000)
  from space 14848K, 54% used [0x00000000daf80000,0x00000000db763480,0x00000000dbe00000)
  to   space 14336K, 0% used [0x00000000da180000,0x00000000da180000,0x00000000daf80000)
 ParOldGen       total 76800K, used 16331K [0x0000000082000000, 0x0000000086b00000, 0x00000000d6000000)
  object space 76800K, 21% used [0x0000000082000000,0x0000000082ff2db0,0x0000000086b00000)
 Metaspace       used 27713K, capacity 29771K, committed 30080K, reserved 1075200K
  class space    used 4026K, capacity 4370K, committed 4480K, reserved 1048576K
Event: 4.575 GC heap after
Heap after GC invocations=10 (full 1):
 PSYoungGen      total 81408K, used 14311K [0x00000000d6000000, 0x00000000de100000, 0x0000000100000000)
  eden space 67072K, 0% used [0x00000000d6000000,0x00000000d6000000,0x00000000da180000)
  from space 14336K, 99% used [0x00000000da180000,0x00000000daf79ec0,0x00000000daf80000)
  to   space 22528K, 0% used [0x00000000dcb00000,0x00000000dcb00000,0x00000000de100000)
 ParOldGen       total 76800K, used 30393K [0x0000000082000000, 0x0000000086b00000, 0x00000000d6000000)
  object space 76800K, 39% used [0x0000000082000000,0x0000000083dae5e0,0x0000000086b00000)
 Metaspace       used 27713K, capacity 29771K, committed 30080K, reserved 1075200K
  class space    used 4026K, capacity 4370K, committed 4480K, reserved 1048576K
}

