# JRE version: Java(TM) SE Runtime Environment (8.0_161-b12) (build 1.8.0_161-b12)
# Java VM: Java HotSpot(TM) 64-Bit Server VM (25.161-b12 mixed mode windows-amd64 compressed oops)
Heap:
 PSYoungGen      total 138752K, used 17930K [0x00000000d6000000, 0x00000000e2e00000, 0x0000000100000000)
  eden space 125952K, 4% used [0x00000000d6000000,0x00000000d6503670,0x00000000ddb00000)
  from space 12800K, 99% used [0x00000000ddb00000,0x00000000de77f4d0,0x00000000de780000)
  to   space 22016K, 0% used [0x00000000e1880000,0x00000000e1880000,0x00000000e2e00000)
 ParOldGen       total 71680K, used 31864K [0x0000000082000000, 0x0000000086600000, 0x00000000d6000000)
  object space 71680K, 44% used [0x0000000082000000,0x0000000083f1e010,0x0000000086600000)
 Metaspace       used 27383K, capacity 29256K, committed 29488K, reserved 1075200K
  class space    used 3997K, capacity 4322K, committed 4400K, reserved 1048576K
GC Heap History (10 events):
Event: 2.480 GC heap before
{Heap before GC invocations=4 (full 0):
 PSYoungGen      total 37888K, used 37881K [0x00000000d6000000, 0x00000000daa00000, 0x0000000100000000)
  eden space 32768K, 100% used [0x00000000d6000000,0x00000000d8000000,0x00000000d8000000)
  from space 5120K, 99% used [0x00000000d8000000,0x00000000d84fe590,0x00000000d8500000)
  to   space 5120K, 0% used [0x00000000da500000,0x00000000da500000,0x00000000daa00000)
 ParOldGen       total 86016K, used 12660K [0x0000000082000000, 0x0000000087400000, 0x00000000d6000000)
  object space 86016K, 14% used [0x0000000082000000,0x0000000082c5d2c0,0x0000000087400000)
 Metaspace       used 20121K, capacity 20954K, committed 20992K, reserved 1067008K
  class space    used 2861K, capacity 3057K, committed 3072K, reserved 1048576K
Event: 2.485 GC heap after
Heap after GC invocations=4 (full 0):
 PSYoungGen      total 70656K, used 5113K [0x00000000d6000000, 0x00000000daa00000, 0x0000000100000000)
  eden space 65536K, 0% used [0x00000000d6000000,0x00000000d6000000,0x00000000da000000)
  from space 5120K, 99% used [0x00000000da500000,0x00000000da9fe590,0x00000000daa00000)
  to   space 5120K, 0% used [0x00000000da000000,0x00000000da000000,0x00000000da500000)
 ParOldGen       total 86016K, used 13718K [0x0000000082000000, 0x0000000087400000, 0x00000000d6000000)
  object space 86016K, 15% used [0x0000000082000000,0x0000000082d659a0,0x0000000087400000)
 Metaspace       used 20121K, capacity 20954K, committed 20992K, reserved 1067008K
  class space    used 2861K, capacity 3057K, committed 3072K, reserved 1048576K
}
Event: 2.585 GC heap before
{Heap before GC invocations=5 (full 0):
 PSYoungGen      total 70656K, used 25200K [0x00000000d6000000, 0x00000000daa00000, 0x0000000100000000)
  eden space 65536K, 30% used [0x00000000d6000000,0x00000000d739dde8,0x00000000da000000)
  from space 5120K, 99% used [0x00000000da500000,0x00000000da9fe590,0x00000000daa00000)
  to   space 5120K, 0% used [0x00000000da000000,0x00000000da000000,0x00000000da500000)
 ParOldGen       total 86016K, used 13718K [0x0000000082000000, 0x0000000087400000, 0x00000000d6000000)
  object space 86016K, 15% used [0x0000000082000000,0x0000000082d659a0,0x0000000087400000)
 Metaspace       used 20390K, capacity 21280K, committed 21296K, reserved 1067008K
  class space    used 2917K, capacity 3106K, committed 3120K, reserved 1048576K
Event: 2.591 GC heap after
Heap after GC invocations=5 (full 0):
 PSYoungGen      total 70656K, used 5113K [0x00000000d6000000, 0x00000000dfa00000, 0x0000000100000000)
  eden space 65536K, 0% used [0x00000000d6000000,0x00000000d6000000,0x00000000da000000)
  from space 5120K, 99% used [0x00000000da000000,0x00000000da4fe590,0x00000000da500000)
  to   space 13312K, 0% used [0x00000000ded00000,0x00000000ded00000,0x00000000dfa00000)
 ParOldGen       total 86016K, used 14182K [0x0000000082000000, 0x0000000087400000, 0x00000000d6000000)
  object space 86016K, 16% used [0x0000000082000000,0x0000000082dd99c0,0x0000000087400000)
 Metaspace       used 20390K, capacity 21280K, committed 21296K, reserved 1067008K
  class space    used 2917K, capacity 3106K, committed 3120K, reserved 1048576K
}
Event: 2.591 GC heap before
{Heap before GC invocations=6 (full 1):
 PSYoungGen      total 70656K, used 5113K [0x00000000d6000000, 0x00000000dfa00000, 0x0000000100000000)
  eden space 65536K, 0% used [0x00000000d6000000,0x00000000d6000000,0x00000000da000000)
  from space 5120K, 99% used [0x00000000da000000,0x00000000da4fe590,0x00000000da500000)
  to   space 13312K, 0% used [0x00000000ded00000,0x00000000ded00000,0x00000000dfa00000)
 ParOldGen       total 86016K, used 14182K [0x0000000082000000, 0x0000000087400000, 0x00000000d6000000)
  object space 86016K, 16% used [0x0000000082000000,0x0000000082dd99c0,0x0000000087400000)
 Metaspace       used 20390K, capacity 21280K, committed 21296K, reserved 1067008K
  class space    used 2917K, capacity 3106K, committed 3120K, reserved 1048576K
Event: 2.626 GC heap after
Heap after GC invocations=6 (full 1):
 PSYoungGen      total 70656K, used 0K [0x00000000d6000000, 0x00000000dfa00000, 0x0000000100000000)
  eden space 65536K, 0% used [0x00000000d6000000,0x00000000d6000000,0x00000000da000000)
  from space 5120K, 0% used [0x00000000da000000,0x00000000da000000,0x00000000da500000)
  to   space 13312K, 0% used [0x00000000ded00000,0x00000000ded00000,0x00000000dfa00000)
 ParOldGen       total 71680K, used 16912K [0x0000000082000000, 0x0000000086600000, 0x00000000d6000000)
  object space 71680K, 23% used [0x0000000082000000,0x0000000083084150,0x0000000086600000)
 Metaspace       used 20390K, capacity 21280K, committed 21296K, reserved 1067008K
  class space    used 2917K, capacity 3106K, committed 3120K, reserved 1048576K
}
Event: 3.029 GC heap before
{Heap before GC invocations=7 (full 1):
 PSYoungGen      total 70656K, used 65536K [0x00000000d6000000, 0x00000000dfa00000, 0x0000000100000000)
  eden space 65536K, 100% used [0x00000000d6000000,0x00000000da000000,0x00000000da000000)
  from space 5120K, 0% used [0x00000000da000000,0x00000000da000000,0x00000000da500000)
  to   space 13312K, 0% used [0x00000000ded00000,0x00000000ded00000,0x00000000dfa00000)
 ParOldGen       total 71680K, used 16912K [0x0000000082000000, 0x0000000086600000, 0x00000000d6000000)
  object space 71680K, 23% used [0x0000000082000000,0x0000000083084150,0x0000000086600000)
 Metaspace       used 22157K, capacity 23278K, committed 23472K, reserved 1069056K
  class space    used 3218K, capacity 3445K, committed 3504K, reserved 1048576K
Event: 3.034 GC heap after
Heap after GC invocations=7 (full 1):
 PSYoungGen      total 111616K, used 7028K [0x00000000d6000000, 0x00000000df400000, 0x0000000100000000)
  eden space 104448K, 0% used [0x00000000d6000000,0x00000000d6000000,0x00000000dc600000)
  from space 7168K, 98% used [0x00000000ded00000,0x00000000df3dd0e8,0x00000000df400000)
  to   space 12800K, 0% used [0x00000000ddb00000,0x00000000ddb00000,0x00000000de780000)
 ParOldGen       total 71680K, used 16920K [0x0000000082000000, 0x0000000086600000, 0x00000000d6000000)
  object space 71680K, 23% used [0x0000000082000000,0x0000000083086150,0x0000000086600000)
 Metaspace       used 22157K, capacity 23278K, committed 23472K, reserved 1069056K
  class space    used 3218K, capacity 3445K, committed 3504K, reserved 1048576K
}
Event: 4.695 GC heap before
{Heap before GC invocations=8 (full 1):
 PSYoungGen      total 111616K, used 111476K [0x00000000d6000000, 0x00000000df400000, 0x0000000100000000)
  eden space 104448K, 100% used [0x00000000d6000000,0x00000000dc600000,0x00000000dc600000)
  from space 7168K, 98% used [0x00000000ded00000,0x00000000df3dd0e8,0x00000000df400000)
  to   space 12800K, 0% used [0x00000000ddb00000,0x00000000ddb00000,0x00000000de780000)
 ParOldGen       total 71680K, used 16920K [0x0000000082000000, 0x0000000086600000, 0x00000000d6000000)
  object space 71680K, 23% used [0x0000000082000000,0x0000000083086150,0x0000000086600000)
 Metaspace       used 27081K, capacity 28934K, committed 29104K, reserved 1075200K
  class space    used 3961K, capacity 4265K, committed 4272K, reserved 1048576K
Event: 4.732 GC heap after
Heap after GC invocations=8 (full 1):
 PSYoungGen      total 138752K, used 12797K [0x00000000d6000000, 0x00000000e2e00000, 0x0000000100000000)
  eden space 125952K, 0% used [0x00000000d6000000,0x00000000d6000000,0x00000000ddb00000)
  from space 12800K, 99% used [0x00000000ddb00000,0x00000000de77f4d0,0x00000000de780000)
  to   space 22016K, 0% used [0x00000000e1880000,0x00000000e1880000,0x00000000e2e00000)
 ParOldGen       total 71680K, used 31864K [0x0000000082000000, 0x0000000086600000, 0x00000000d6000000)
  object space 71680K, 44% used [0x0000000082000000,0x0000000083f1e010,0x0000000086600000)
 Metaspace       used 27081K, capacity 28934K, committed 29104K, reserved 1075200K
  class space    used 3961K, capacity 4265K, committed 4272K, reserved 1048576K
}

