# JRE version: Java(TM) SE Runtime Environment (8.0_161-b12) (build 1.8.0_161-b12)
# Java VM: Java HotSpot(TM) 64-Bit Server VM (25.161-b12 mixed mode windows-amd64 compressed oops)
Heap:
 PSYoungGen      total 109568K, used 42317K [0x00000000d6000000, 0x00000000de780000, 0x0000000100000000)
  eden space 94720K, 29% used [0x00000000d6000000,0x00000000d7ad97b8,0x00000000dbc80000)
  from space 14848K, 99% used [0x00000000dcf80000,0x00000000dddf9e80,0x00000000dde00000)
  to   space 19456K, 0% used [0x00000000dbc80000,0x00000000dbc80000,0x00000000dcf80000)
 ParOldGen       total 76288K, used 22222K [0x0000000082000000, 0x0000000086a80000, 0x00000000d6000000)
  object space 76288K, 29% used [0x0000000082000000,0x00000000835b3a68,0x0000000086a80000)
 Metaspace       used 27316K, capacity 29294K, committed 29488K, reserved 1075200K
  class space    used 3976K, capacity 4319K, committed 4400K, reserved 1048576K
GC Heap History (10 events):
Event: 1.941 GC heap before
{Heap before GC invocations=3 (full 0):
 PSYoungGen      total 37888K, used 37881K [0x00000000d6000000, 0x00000000d8a00000, 0x0000000100000000)
  eden space 32768K, 100% used [0x00000000d6000000,0x00000000d8000000,0x00000000d8000000)
  from space 5120K, 99% used [0x00000000d8500000,0x00000000d89fe5b0,0x00000000d8a00000)
  to   space 5120K, 0% used [0x00000000d8000000,0x00000000d8000000,0x00000000d8500000)
 ParOldGen       total 86016K, used 10849K [0x0000000082000000, 0x0000000087400000, 0x00000000d6000000)
  object space 86016K, 12% used [0x0000000082000000,0x0000000082a98678,0x0000000087400000)
 Metaspace       used 20026K, capacity 20822K, committed 20992K, reserved 1067008K
  class space    used 2856K, capacity 3047K, committed 3072K, reserved 1048576K
Event: 1.948 GC heap after
Heap after GC invocations=3 (full 0):
 PSYoungGen      total 37888K, used 5113K [0x00000000d6000000, 0x00000000daa00000, 0x0000000100000000)
  eden space 32768K, 0% used [0x00000000d6000000,0x00000000d6000000,0x00000000d8000000)
  from space 5120K, 99% used [0x00000000d8000000,0x00000000d84fe590,0x00000000d8500000)
  to   space 5120K, 0% used [0x00000000da500000,0x00000000da500000,0x00000000daa00000)
 ParOldGen       total 86016K, used 13131K [0x0000000082000000, 0x0000000087400000, 0x00000000d6000000)
  object space 86016K, 15% used [0x0000000082000000,0x0000000082cd2d50,0x0000000087400000)
 Metaspace       used 20026K, capacity 20822K, committed 20992K, reserved 1067008K
  class space    used 2856K, capacity 3047K, committed 3072K, reserved 1048576K
}
Event: 2.092 GC heap before
{Heap before GC invocations=4 (full 0):
 PSYoungGen      total 37888K, used 22799K [0x00000000d6000000, 0x00000000daa00000, 0x0000000100000000)
  eden space 32768K, 53% used [0x00000000d6000000,0x00000000d71458d0,0x00000000d8000000)
  from space 5120K, 99% used [0x00000000d8000000,0x00000000d84fe590,0x00000000d8500000)
  to   space 5120K, 0% used [0x00000000da500000,0x00000000da500000,0x00000000daa00000)
 ParOldGen       total 86016K, used 13131K [0x0000000082000000, 0x0000000087400000, 0x00000000d6000000)
  object space 86016K, 15% used [0x0000000082000000,0x0000000082cd2d50,0x0000000087400000)
 Metaspace       used 20322K, capacity 21160K, committed 21296K, reserved 1067008K
  class space    used 2904K, capacity 3098K, committed 3120K, reserved 1048576K
Event: 2.097 GC heap after
Heap after GC invocations=4 (full 0):
 PSYoungGen      total 70656K, used 5088K [0x00000000d6000000, 0x00000000daa00000, 0x0000000100000000)
  eden space 65536K, 0% used [0x00000000d6000000,0x00000000d6000000,0x00000000da000000)
  from space 5120K, 99% used [0x00000000da500000,0x00000000da9f81e0,0x00000000daa00000)
  to   space 5120K, 0% used [0x00000000da000000,0x00000000da000000,0x00000000da500000)
 ParOldGen       total 86016K, used 13653K [0x0000000082000000, 0x0000000087400000, 0x00000000d6000000)
  object space 86016K, 15% used [0x0000000082000000,0x0000000082d55560,0x0000000087400000)
 Metaspace       used 20322K, capacity 21160K, committed 21296K, reserved 1067008K
  class space    used 2904K, capacity 3098K, committed 3120K, reserved 1048576K
}
Event: 2.097 GC heap before
{Heap before GC invocations=5 (full 1):
 PSYoungGen      total 70656K, used 5088K [0x00000000d6000000, 0x00000000daa00000, 0x0000000100000000)
  eden space 65536K, 0% used [0x00000000d6000000,0x00000000d6000000,0x00000000da000000)
  from space 5120K, 99% used [0x00000000da500000,0x00000000da9f81e0,0x00000000daa00000)
  to   space 5120K, 0% used [0x00000000da000000,0x00000000da000000,0x00000000da500000)
 ParOldGen       total 86016K, used 13653K [0x0000000082000000, 0x0000000087400000, 0x00000000d6000000)
  object space 86016K, 15% used [0x0000000082000000,0x0000000082d55560,0x0000000087400000)
 Metaspace       used 20322K, capacity 21160K, committed 21296K, reserved 1067008K
  class space    used 2904K, capacity 3098K, committed 3120K, reserved 1048576K
Event: 2.128 GC heap after
Heap after GC invocations=5 (full 1):
 PSYoungGen      total 70656K, used 0K [0x00000000d6000000, 0x00000000daa00000, 0x0000000100000000)
  eden space 65536K, 0% used [0x00000000d6000000,0x00000000d6000000,0x00000000da000000)
  from space 5120K, 0% used [0x00000000da500000,0x00000000da500000,0x00000000daa00000)
  to   space 5120K, 0% used [0x00000000da000000,0x00000000da000000,0x00000000da500000)
 ParOldGen       total 76288K, used 16990K [0x0000000082000000, 0x0000000086a80000, 0x00000000d6000000)
  object space 76288K, 22% used [0x0000000082000000,0x0000000083097b30,0x0000000086a80000)
 Metaspace       used 20322K, capacity 21160K, committed 21296K, reserved 1067008K
  class space    used 2904K, capacity 3098K, committed 3120K, reserved 1048576K
}
Event: 2.648 GC heap before
{Heap before GC invocations=6 (full 1):
 PSYoungGen      total 70656K, used 65536K [0x00000000d6000000, 0x00000000daa00000, 0x0000000100000000)
  eden space 65536K, 100% used [0x00000000d6000000,0x00000000da000000,0x00000000da000000)
  from space 5120K, 0% used [0x00000000da500000,0x00000000da500000,0x00000000daa00000)
  to   space 5120K, 0% used [0x00000000da000000,0x00000000da000000,0x00000000da500000)
 ParOldGen       total 76288K, used 16990K [0x0000000082000000, 0x0000000086a80000, 0x00000000d6000000)
  object space 76288K, 22% used [0x0000000082000000,0x0000000083097b30,0x0000000086a80000)
 Metaspace       used 22046K, capacity 23174K, committed 23216K, reserved 1069056K
  class space    used 3213K, capacity 3477K, committed 3504K, reserved 1048576K
Event: 2.653 GC heap after
Heap after GC invocations=6 (full 1):
 PSYoungGen      total 70656K, used 5112K [0x00000000d6000000, 0x00000000dde00000, 0x0000000100000000)
  eden space 65536K, 0% used [0x00000000d6000000,0x00000000d6000000,0x00000000da000000)
  from space 5120K, 99% used [0x00000000da000000,0x00000000da4fe080,0x00000000da500000)
  to   space 14848K, 0% used [0x00000000dcf80000,0x00000000dcf80000,0x00000000dde00000)
 ParOldGen       total 76288K, used 19019K [0x0000000082000000, 0x0000000086a80000, 0x00000000d6000000)
  object space 76288K, 24% used [0x0000000082000000,0x0000000083292da8,0x0000000086a80000)
 Metaspace       used 22046K, capacity 23174K, committed 23216K, reserved 1069056K
  class space    used 3213K, capacity 3477K, committed 3504K, reserved 1048576K
}
Event: 3.474 GC heap before
{Heap before GC invocations=7 (full 1):
 PSYoungGen      total 70656K, used 70648K [0x00000000d6000000, 0x00000000dde00000, 0x0000000100000000)
  eden space 65536K, 100% used [0x00000000d6000000,0x00000000da000000,0x00000000da000000)
  from space 5120K, 99% used [0x00000000da000000,0x00000000da4fe080,0x00000000da500000)
  to   space 14848K, 0% used [0x00000000dcf80000,0x00000000dcf80000,0x00000000dde00000)
 ParOldGen       total 76288K, used 19019K [0x0000000082000000, 0x0000000086a80000, 0x00000000d6000000)
  object space 76288K, 24% used [0x0000000082000000,0x0000000083292da8,0x0000000086a80000)
 Metaspace       used 25319K, capacity 27030K, committed 27184K, reserved 1073152K
  class space    used 3771K, capacity 4083K, committed 4144K, reserved 1048576K
Event: 3.489 GC heap after
Heap after GC invocations=7 (full 1):
 PSYoungGen      total 109568K, used 14823K [0x00000000d6000000, 0x00000000de780000, 0x0000000100000000)
  eden space 94720K, 0% used [0x00000000d6000000,0x00000000d6000000,0x00000000dbc80000)
  from space 14848K, 99% used [0x00000000dcf80000,0x00000000dddf9e80,0x00000000dde00000)
  to   space 19456K, 0% used [0x00000000dbc80000,0x00000000dbc80000,0x00000000dcf80000)
 ParOldGen       total 76288K, used 22222K [0x0000000082000000, 0x0000000086a80000, 0x00000000d6000000)
  object space 76288K, 29% used [0x0000000082000000,0x00000000835b3a68,0x0000000086a80000)
 Metaspace       used 25319K, capacity 27030K, committed 27184K, reserved 1073152K
  class space    used 3771K, capacity 4083K, committed 4144K, reserved 1048576K
}

