# JRE version: Java(TM) SE Runtime Environment (8.0_161-b12) (build 1.8.0_161-b12)
# Java VM: Java HotSpot(TM) 64-Bit Server VM (25.161-b12 mixed mode windows-amd64 compressed oops)
Heap:
 PSYoungGen      total 133632K, used 102833K [0x00000000d6000000, 0x00000000e2400000, 0x0000000100000000)
  eden space 109056K, 85% used [0x00000000d6000000,0x00000000dbb350c8,0x00000000dca80000)
  from space 24576K, 38% used [0x00000000dca80000,0x00000000dd3b7658,0x00000000de280000)
  to   space 22528K, 0% used [0x00000000e0e00000,0x00000000e0e00000,0x00000000e2400000)
 ParOldGen       total 98816K, used 32818K [0x0000000082000000, 0x0000000088080000, 0x00000000d6000000)
  object space 98816K, 33% used [0x0000000082000000,0x000000008400c940,0x0000000088080000)
 Metaspace       used 28327K, capacity 30486K, committed 30592K, reserved 1075200K
  class space    used 4103K, capacity 4465K, committed 4480K, reserved 1048576K
GC Heap History (10 events):
Event: 3.182 GC heap before
{Heap before GC invocations=4 (full 0):
 PSYoungGen      total 37888K, used 37857K [0x00000000d6000000, 0x00000000daa00000, 0x0000000100000000)
  eden space 32768K, 100% used [0x00000000d6000000,0x00000000d8000000,0x00000000d8000000)
  from space 5120K, 99% used [0x00000000d8000000,0x00000000d84f84c0,0x00000000d8500000)
  to   space 5120K, 0% used [0x00000000da500000,0x00000000da500000,0x00000000daa00000)
 ParOldGen       total 86016K, used 26050K [0x0000000082000000, 0x0000000087400000, 0x00000000d6000000)
  object space 86016K, 30% used [0x0000000082000000,0x0000000083970968,0x0000000087400000)
 Metaspace       used 19562K, capacity 20336K, committed 20608K, reserved 1067008K
  class space    used 2688K, capacity 2880K, committed 2944K, reserved 1048576K
Event: 3.188 GC heap after
Heap after GC invocations=4 (full 0):
 PSYoungGen      total 70656K, used 5089K [0x00000000d6000000, 0x00000000daa00000, 0x0000000100000000)
  eden space 65536K, 0% used [0x00000000d6000000,0x00000000d6000000,0x00000000da000000)
  from space 5120K, 99% used [0x00000000da500000,0x00000000da9f84c0,0x00000000daa00000)
  to   space 5120K, 0% used [0x00000000da000000,0x00000000da000000,0x00000000da500000)
 ParOldGen       total 86016K, used 29752K [0x0000000082000000, 0x0000000087400000, 0x00000000d6000000)
  object space 86016K, 34% used [0x0000000082000000,0x0000000083d0e0f8,0x0000000087400000)
 Metaspace       used 19562K, capacity 20336K, committed 20608K, reserved 1067008K
  class space    used 2688K, capacity 2880K, committed 2944K, reserved 1048576K
}
Event: 3.287 GC heap before
{Heap before GC invocations=5 (full 0):
 PSYoungGen      total 70656K, used 16506K [0x00000000d6000000, 0x00000000daa00000, 0x0000000100000000)
  eden space 65536K, 17% used [0x00000000d6000000,0x00000000d6b26558,0x00000000da000000)
  from space 5120K, 99% used [0x00000000da500000,0x00000000da9f84c0,0x00000000daa00000)
  to   space 5120K, 0% used [0x00000000da000000,0x00000000da000000,0x00000000da500000)
 ParOldGen       total 86016K, used 29752K [0x0000000082000000, 0x0000000087400000, 0x00000000d6000000)
  object space 86016K, 34% used [0x0000000082000000,0x0000000083d0e0f8,0x0000000087400000)
 Metaspace       used 20395K, capacity 21236K, committed 21248K, reserved 1067008K
  class space    used 2872K, capacity 3072K, committed 3072K, reserved 1048576K
Event: 3.294 GC heap after
Heap after GC invocations=5 (full 0):
 PSYoungGen      total 70656K, used 5105K [0x00000000d6000000, 0x00000000e1100000, 0x0000000100000000)
  eden space 65536K, 0% used [0x00000000d6000000,0x00000000d6000000,0x00000000da000000)
  from space 5120K, 99% used [0x00000000da000000,0x00000000da4fc4d0,0x00000000da500000)
  to   space 25088K, 0% used [0x00000000df880000,0x00000000df880000,0x00000000e1100000)
 ParOldGen       total 86016K, used 30074K [0x0000000082000000, 0x0000000087400000, 0x00000000d6000000)
  object space 86016K, 34% used [0x0000000082000000,0x0000000083d5eb98,0x0000000087400000)
 Metaspace       used 20395K, capacity 21236K, committed 21248K, reserved 1067008K
  class space    used 2872K, capacity 3072K, committed 3072K, reserved 1048576K
}
Event: 3.294 GC heap before
{Heap before GC invocations=6 (full 1):
 PSYoungGen      total 70656K, used 5105K [0x00000000d6000000, 0x00000000e1100000, 0x0000000100000000)
  eden space 65536K, 0% used [0x00000000d6000000,0x00000000d6000000,0x00000000da000000)
  from space 5120K, 99% used [0x00000000da000000,0x00000000da4fc4d0,0x00000000da500000)
  to   space 25088K, 0% used [0x00000000df880000,0x00000000df880000,0x00000000e1100000)
 ParOldGen       total 86016K, used 30074K [0x0000000082000000, 0x0000000087400000, 0x00000000d6000000)
  object space 86016K, 34% used [0x0000000082000000,0x0000000083d5eb98,0x0000000087400000)
 Metaspace       used 20395K, capacity 21236K, committed 21248K, reserved 1067008K
  class space    used 2872K, capacity 3072K, committed 3072K, reserved 1048576K
Event: 3.350 GC heap after
Heap after GC invocations=6 (full 1):
 PSYoungGen      total 70656K, used 0K [0x00000000d6000000, 0x00000000e1100000, 0x0000000100000000)
  eden space 65536K, 0% used [0x00000000d6000000,0x00000000d6000000,0x00000000da000000)
  from space 5120K, 0% used [0x00000000da000000,0x00000000da000000,0x00000000da500000)
  to   space 25088K, 0% used [0x00000000df880000,0x00000000df880000,0x00000000e1100000)
 ParOldGen       total 98816K, used 32802K [0x0000000082000000, 0x0000000088080000, 0x00000000d6000000)
  object space 98816K, 33% used [0x0000000082000000,0x0000000084008940,0x0000000088080000)
 Metaspace       used 20395K, capacity 21236K, committed 21248K, reserved 1067008K
  class space    used 2872K, capacity 3072K, committed 3072K, reserved 1048576K
}
Event: 3.714 GC heap before
{Heap before GC invocations=7 (full 1):
 PSYoungGen      total 70656K, used 65536K [0x00000000d6000000, 0x00000000e1100000, 0x0000000100000000)
  eden space 65536K, 100% used [0x00000000d6000000,0x00000000da000000,0x00000000da000000)
  from space 5120K, 0% used [0x00000000da000000,0x00000000da000000,0x00000000da500000)
  to   space 25088K, 0% used [0x00000000df880000,0x00000000df880000,0x00000000e1100000)
 ParOldGen       total 98816K, used 32802K [0x0000000082000000, 0x0000000088080000, 0x00000000d6000000)
  object space 98816K, 33% used [0x0000000082000000,0x0000000084008940,0x0000000088080000)
 Metaspace       used 21406K, capacity 22708K, committed 22912K, reserved 1069056K
  class space    used 3095K, capacity 3346K, committed 3456K, reserved 1048576K
Event: 3.718 GC heap after
Heap after GC invocations=7 (full 1):
 PSYoungGen      total 104448K, used 1979K [0x00000000d6000000, 0x00000000dfa80000, 0x0000000100000000)
  eden space 102400K, 0% used [0x00000000d6000000,0x00000000d6000000,0x00000000dc400000)
  from space 2048K, 96% used [0x00000000df880000,0x00000000dfa6eef0,0x00000000dfa80000)
  to   space 24576K, 0% used [0x00000000dca80000,0x00000000dca80000,0x00000000de280000)
 ParOldGen       total 98816K, used 32810K [0x0000000082000000, 0x0000000088080000, 0x00000000d6000000)
  object space 98816K, 33% used [0x0000000082000000,0x000000008400a940,0x0000000088080000)
 Metaspace       used 21406K, capacity 22708K, committed 22912K, reserved 1069056K
  class space    used 3095K, capacity 3346K, committed 3456K, reserved 1048576K
}
Event: 4.357 GC heap before
{Heap before GC invocations=8 (full 1):
 PSYoungGen      total 104448K, used 104379K [0x00000000d6000000, 0x00000000dfa80000, 0x0000000100000000)
  eden space 102400K, 100% used [0x00000000d6000000,0x00000000dc400000,0x00000000dc400000)
  from space 2048K, 96% used [0x00000000df880000,0x00000000dfa6eef0,0x00000000dfa80000)
  to   space 24576K, 0% used [0x00000000dca80000,0x00000000dca80000,0x00000000de280000)
 ParOldGen       total 98816K, used 32810K [0x0000000082000000, 0x0000000088080000, 0x00000000d6000000)
  object space 98816K, 33% used [0x0000000082000000,0x000000008400a940,0x0000000088080000)
 Metaspace       used 22886K, capacity 24296K, committed 24320K, reserved 1071104K
  class space    used 3284K, capacity 3566K, committed 3584K, reserved 1048576K
Event: 4.362 GC heap after
Heap after GC invocations=8 (full 1):
 PSYoungGen      total 133632K, used 9437K [0x00000000d6000000, 0x00000000e2400000, 0x0000000100000000)
  eden space 109056K, 0% used [0x00000000d6000000,0x00000000d6000000,0x00000000dca80000)
  from space 24576K, 38% used [0x00000000dca80000,0x00000000dd3b7658,0x00000000de280000)
  to   space 22528K, 0% used [0x00000000e0e00000,0x00000000e0e00000,0x00000000e2400000)
 ParOldGen       total 98816K, used 32818K [0x0000000082000000, 0x0000000088080000, 0x00000000d6000000)
  object space 98816K, 33% used [0x0000000082000000,0x000000008400c940,0x0000000088080000)
 Metaspace       used 22886K, capacity 24296K, committed 24320K, reserved 1071104K
  class space    used 3284K, capacity 3566K, committed 3584K, reserved 1048576K
}

