# JRE version: Java(TM) SE Runtime Environment (8.0_161-b12) (build 1.8.0_161-b12)
# Java VM: Java HotSpot(TM) 64-Bit Server VM (25.161-b12 mixed mode windows-amd64 compressed oops)
Heap:
 PSYoungGen      total 116224K, used 20070K [0x00000000d6000000, 0x00000000dfb00000, 0x0000000100000000)
  eden space 102400K, 6% used [0x00000000d6000000,0x00000000d661e038,0x00000000dc400000)
  from space 13824K, 99% used [0x00000000ded80000,0x00000000dfafb930,0x00000000dfb00000)
  to   space 17408K, 0% used [0x00000000dd900000,0x00000000dd900000,0x00000000dea00000)
 ParOldGen       total 74240K, used 19235K [0x0000000082000000, 0x0000000086880000, 0x00000000d6000000)
  object space 74240K, 25% used [0x0000000082000000,0x00000000832c8e80,0x0000000086880000)
 Metaspace       used 25928K, capacity 27688K, committed 27952K, reserved 1073152K
  class space    used 3802K, capacity 4122K, committed 4144K, reserved 1048576K
GC Heap History (10 events):
Event: 1.915 GC heap before
{Heap before GC invocations=3 (full 0):
 PSYoungGen      total 37888K, used 37881K [0x00000000d6000000, 0x00000000d8a00000, 0x0000000100000000)
  eden space 32768K, 100% used [0x00000000d6000000,0x00000000d8000000,0x00000000d8000000)
  from space 5120K, 99% used [0x00000000d8500000,0x00000000d89fe5b0,0x00000000d8a00000)
  to   space 5120K, 0% used [0x00000000d8000000,0x00000000d8000000,0x00000000d8500000)
 ParOldGen       total 86016K, used 9123K [0x0000000082000000, 0x0000000087400000, 0x00000000d6000000)
  object space 86016K, 10% used [0x0000000082000000,0x00000000828e8c48,0x0000000087400000)
 Metaspace       used 18276K, capacity 18990K, committed 19072K, reserved 1064960K
  class space    used 2490K, capacity 2673K, committed 2688K, reserved 1048576K
Event: 1.922 GC heap after
Heap after GC invocations=3 (full 0):
 PSYoungGen      total 37888K, used 5113K [0x00000000d6000000, 0x00000000daa00000, 0x0000000100000000)
  eden space 32768K, 0% used [0x00000000d6000000,0x00000000d6000000,0x00000000d8000000)
  from space 5120K, 99% used [0x00000000d8000000,0x00000000d84fe590,0x00000000d8500000)
  to   space 5120K, 0% used [0x00000000da500000,0x00000000da500000,0x00000000daa00000)
 ParOldGen       total 86016K, used 12673K [0x0000000082000000, 0x0000000087400000, 0x00000000d6000000)
  object space 86016K, 14% used [0x0000000082000000,0x0000000082c604f8,0x0000000087400000)
 Metaspace       used 18276K, capacity 18990K, committed 19072K, reserved 1064960K
  class space    used 2490K, capacity 2673K, committed 2688K, reserved 1048576K
}
Event: 2.189 GC heap before
{Heap before GC invocations=4 (full 0):
 PSYoungGen      total 37888K, used 37881K [0x00000000d6000000, 0x00000000daa00000, 0x0000000100000000)
  eden space 32768K, 100% used [0x00000000d6000000,0x00000000d8000000,0x00000000d8000000)
  from space 5120K, 99% used [0x00000000d8000000,0x00000000d84fe590,0x00000000d8500000)
  to   space 5120K, 0% used [0x00000000da500000,0x00000000da500000,0x00000000daa00000)
 ParOldGen       total 86016K, used 12673K [0x0000000082000000, 0x0000000087400000, 0x00000000d6000000)
  object space 86016K, 14% used [0x0000000082000000,0x0000000082c604f8,0x0000000087400000)
 Metaspace       used 20134K, capacity 20954K, committed 20992K, reserved 1067008K
  class space    used 2857K, capacity 3057K, committed 3072K, reserved 1048576K
Event: 2.194 GC heap after
Heap after GC invocations=4 (full 0):
 PSYoungGen      total 70656K, used 5088K [0x00000000d6000000, 0x00000000daa00000, 0x0000000100000000)
  eden space 65536K, 0% used [0x00000000d6000000,0x00000000d6000000,0x00000000da000000)
  from space 5120K, 99% used [0x00000000da500000,0x00000000da9f81c0,0x00000000daa00000)
  to   space 5120K, 0% used [0x00000000da000000,0x00000000da000000,0x00000000da500000)
 ParOldGen       total 86016K, used 13758K [0x0000000082000000, 0x0000000087400000, 0x00000000d6000000)
  object space 86016K, 15% used [0x0000000082000000,0x0000000082d6fa38,0x0000000087400000)
 Metaspace       used 20134K, capacity 20954K, committed 20992K, reserved 1067008K
  class space    used 2857K, capacity 3057K, committed 3072K, reserved 1048576K
}
Event: 2.296 GC heap before
{Heap before GC invocations=5 (full 0):
 PSYoungGen      total 70656K, used 25145K [0x00000000d6000000, 0x00000000daa00000, 0x0000000100000000)
  eden space 65536K, 30% used [0x00000000d6000000,0x00000000d7396370,0x00000000da000000)
  from space 5120K, 99% used [0x00000000da500000,0x00000000da9f81c0,0x00000000daa00000)
  to   space 5120K, 0% used [0x00000000da000000,0x00000000da000000,0x00000000da500000)
 ParOldGen       total 86016K, used 13758K [0x0000000082000000, 0x0000000087400000, 0x00000000d6000000)
  object space 86016K, 15% used [0x0000000082000000,0x0000000082d6fa38,0x0000000087400000)
 Metaspace       used 20396K, capacity 21280K, committed 21296K, reserved 1067008K
  class space    used 2914K, capacity 3106K, committed 3120K, reserved 1048576K
Event: 2.301 GC heap after
Heap after GC invocations=5 (full 0):
 PSYoungGen      total 70656K, used 5088K [0x00000000d6000000, 0x00000000dfb00000, 0x0000000100000000)
  eden space 65536K, 0% used [0x00000000d6000000,0x00000000d6000000,0x00000000da000000)
  from space 5120K, 99% used [0x00000000da000000,0x00000000da4f81c0,0x00000000da500000)
  to   space 13824K, 0% used [0x00000000ded80000,0x00000000ded80000,0x00000000dfb00000)
 ParOldGen       total 86016K, used 14234K [0x0000000082000000, 0x0000000087400000, 0x00000000d6000000)
  object space 86016K, 16% used [0x0000000082000000,0x0000000082de6a68,0x0000000087400000)
 Metaspace       used 20396K, capacity 21280K, committed 21296K, reserved 1067008K
  class space    used 2914K, capacity 3106K, committed 3120K, reserved 1048576K
}
Event: 2.301 GC heap before
{Heap before GC invocations=6 (full 1):
 PSYoungGen      total 70656K, used 5088K [0x00000000d6000000, 0x00000000dfb00000, 0x0000000100000000)
  eden space 65536K, 0% used [0x00000000d6000000,0x00000000d6000000,0x00000000da000000)
  from space 5120K, 99% used [0x00000000da000000,0x00000000da4f81c0,0x00000000da500000)
  to   space 13824K, 0% used [0x00000000ded80000,0x00000000ded80000,0x00000000dfb00000)
 ParOldGen       total 86016K, used 14234K [0x0000000082000000, 0x0000000087400000, 0x00000000d6000000)
  object space 86016K, 16% used [0x0000000082000000,0x0000000082de6a68,0x0000000087400000)
 Metaspace       used 20396K, capacity 21280K, committed 21296K, reserved 1067008K
  class space    used 2914K, capacity 3106K, committed 3120K, reserved 1048576K
Event: 2.340 GC heap after
Heap after GC invocations=6 (full 1):
 PSYoungGen      total 70656K, used 0K [0x00000000d6000000, 0x00000000dfb00000, 0x0000000100000000)
  eden space 65536K, 0% used [0x00000000d6000000,0x00000000d6000000,0x00000000da000000)
  from space 5120K, 0% used [0x00000000da000000,0x00000000da000000,0x00000000da500000)
  to   space 13824K, 0% used [0x00000000ded80000,0x00000000ded80000,0x00000000dfb00000)
 ParOldGen       total 74240K, used 16904K [0x0000000082000000, 0x0000000086880000, 0x00000000d6000000)
  object space 74240K, 22% used [0x0000000082000000,0x0000000083082008,0x0000000086880000)
 Metaspace       used 20396K, capacity 21280K, committed 21296K, reserved 1067008K
  class space    used 2914K, capacity 3106K, committed 3120K, reserved 1048576K
}
Event: 3.855 GC heap before
{Heap before GC invocations=7 (full 1):
 PSYoungGen      total 70656K, used 65536K [0x00000000d6000000, 0x00000000dfb00000, 0x0000000100000000)
  eden space 65536K, 100% used [0x00000000d6000000,0x00000000da000000,0x00000000da000000)
  from space 5120K, 0% used [0x00000000da000000,0x00000000da000000,0x00000000da500000)
  to   space 13824K, 0% used [0x00000000ded80000,0x00000000ded80000,0x00000000dfb00000)
 ParOldGen       total 74240K, used 16904K [0x0000000082000000, 0x0000000086880000, 0x00000000d6000000)
  object space 74240K, 22% used [0x0000000082000000,0x0000000083082008,0x0000000086880000)
 Metaspace       used 25697K, capacity 27388K, committed 27696K, reserved 1073152K
  class space    used 3773K, capacity 4068K, committed 4144K, reserved 1048576K
Event: 3.895 GC heap after
Heap after GC invocations=7 (full 1):
 PSYoungGen      total 116224K, used 13806K [0x00000000d6000000, 0x00000000dfb00000, 0x0000000100000000)
  eden space 102400K, 0% used [0x00000000d6000000,0x00000000d6000000,0x00000000dc400000)
  from space 13824K, 99% used [0x00000000ded80000,0x00000000dfafb930,0x00000000dfb00000)
  to   space 17408K, 0% used [0x00000000dd900000,0x00000000dd900000,0x00000000dea00000)
 ParOldGen       total 74240K, used 19235K [0x0000000082000000, 0x0000000086880000, 0x00000000d6000000)
  object space 74240K, 25% used [0x0000000082000000,0x00000000832c8e80,0x0000000086880000)
 Metaspace       used 25697K, capacity 27388K, committed 27696K, reserved 1073152K
  class space    used 3773K, capacity 4068K, committed 4144K, reserved 1048576K
}

