# JRE version: Java(TM) SE Runtime Environment (8.0_151-b12) (build 1.8.0_151-b12)
# Java VM: Java HotSpot(TM) 64-Bit Server VM (25.151-b12 mixed mode windows-amd64 compressed oops)
Heap:
 PSYoungGen      total 134656K, used 43049K [0x00000000d5b00000, 0x00000000e0680000, 0x0000000100000000)
  eden space 120320K, 28% used [0x00000000d5b00000,0x00000000d7c8e578,0x00000000dd080000)
  from space 14336K, 60% used [0x00000000dd080000,0x00000000dd8fc1b0,0x00000000dde80000)
  to   space 14336K, 0% used [0x00000000df880000,0x00000000df880000,0x00000000e0680000)
 ParOldGen       total 74240K, used 16696K [0x0000000081000000, 0x0000000085880000, 0x00000000d5b00000)
  object space 74240K, 22% used [0x0000000081000000,0x000000008204e0e0,0x0000000085880000)
 Metaspace       used 26212K, capacity 28092K, committed 28288K, reserved 1073152K
  class space    used 3881K, capacity 4218K, committed 4224K, reserved 1048576K
GC Heap History (10 events):
Event: 2.431 GC heap before
{Heap before GC invocations=4 (full 0):
 PSYoungGen      total 38400K, used 38377K [0x00000000d5b00000, 0x00000000da600000, 0x0000000100000000)
  eden space 33280K, 100% used [0x00000000d5b00000,0x00000000d7b80000,0x00000000d7b80000)
  from space 5120K, 99% used [0x00000000d7b80000,0x00000000d807a5c0,0x00000000d8080000)
  to   space 5120K, 0% used [0x00000000da100000,0x00000000da100000,0x00000000da600000)
 ParOldGen       total 87552K, used 12624K [0x0000000081000000, 0x0000000086580000, 0x00000000d5b00000)
  object space 87552K, 14% used [0x0000000081000000,0x0000000081c543f0,0x0000000086580000)
 Metaspace       used 19798K, capacity 20640K, committed 20736K, reserved 1067008K
  class space    used 2852K, capacity 3056K, committed 3072K, reserved 1048576K
Event: 2.440 GC heap after
Heap after GC invocations=4 (full 0):
 PSYoungGen      total 71680K, used 5097K [0x00000000d5b00000, 0x00000000da600000, 0x0000000100000000)
  eden space 66560K, 0% used [0x00000000d5b00000,0x00000000d5b00000,0x00000000d9c00000)
  from space 5120K, 99% used [0x00000000da100000,0x00000000da5fa5a0,0x00000000da600000)
  to   space 5120K, 0% used [0x00000000d9c00000,0x00000000d9c00000,0x00000000da100000)
 ParOldGen       total 87552K, used 13572K [0x0000000081000000, 0x0000000086580000, 0x00000000d5b00000)
  object space 87552K, 15% used [0x0000000081000000,0x0000000081d412c8,0x0000000086580000)
 Metaspace       used 19798K, capacity 20640K, committed 20736K, reserved 1067008K
  class space    used 2852K, capacity 3056K, committed 3072K, reserved 1048576K
}
Event: 2.581 GC heap before
{Heap before GC invocations=5 (full 0):
 PSYoungGen      total 71680K, used 29248K [0x00000000d5b00000, 0x00000000da600000, 0x0000000100000000)
  eden space 66560K, 36% used [0x00000000d5b00000,0x00000000d7295bb8,0x00000000d9c00000)
  from space 5120K, 99% used [0x00000000da100000,0x00000000da5fa5a0,0x00000000da600000)
  to   space 5120K, 0% used [0x00000000d9c00000,0x00000000d9c00000,0x00000000da100000)
 ParOldGen       total 87552K, used 13572K [0x0000000081000000, 0x0000000086580000, 0x00000000d5b00000)
  object space 87552K, 15% used [0x0000000081000000,0x0000000081d412c8,0x0000000086580000)
 Metaspace       used 20288K, capacity 21224K, committed 21296K, reserved 1067008K
  class space    used 2961K, capacity 3170K, committed 3200K, reserved 1048576K
Event: 2.587 GC heap after
Heap after GC invocations=5 (full 0):
 PSYoungGen      total 71680K, used 5097K [0x00000000d5b00000, 0x00000000df800000, 0x0000000100000000)
  eden space 66560K, 0% used [0x00000000d5b00000,0x00000000d5b00000,0x00000000d9c00000)
  from space 5120K, 99% used [0x00000000d9c00000,0x00000000da0fa5a0,0x00000000da100000)
  to   space 13824K, 0% used [0x00000000dea80000,0x00000000dea80000,0x00000000df800000)
 ParOldGen       total 87552K, used 13964K [0x0000000081000000, 0x0000000086580000, 0x00000000d5b00000)
  object space 87552K, 15% used [0x0000000081000000,0x0000000081da32c8,0x0000000086580000)
 Metaspace       used 20288K, capacity 21224K, committed 21296K, reserved 1067008K
  class space    used 2961K, capacity 3170K, committed 3200K, reserved 1048576K
}
Event: 2.588 GC heap before
{Heap before GC invocations=6 (full 1):
 PSYoungGen      total 71680K, used 5097K [0x00000000d5b00000, 0x00000000df800000, 0x0000000100000000)
  eden space 66560K, 0% used [0x00000000d5b00000,0x00000000d5b00000,0x00000000d9c00000)
  from space 5120K, 99% used [0x00000000d9c00000,0x00000000da0fa5a0,0x00000000da100000)
  to   space 13824K, 0% used [0x00000000dea80000,0x00000000dea80000,0x00000000df800000)
 ParOldGen       total 87552K, used 13964K [0x0000000081000000, 0x0000000086580000, 0x00000000d5b00000)
  object space 87552K, 15% used [0x0000000081000000,0x0000000081da32c8,0x0000000086580000)
 Metaspace       used 20288K, capacity 21224K, committed 21296K, reserved 1067008K
  class space    used 2961K, capacity 3170K, committed 3200K, reserved 1048576K
Event: 2.633 GC heap after
Heap after GC invocations=6 (full 1):
 PSYoungGen      total 71680K, used 0K [0x00000000d5b00000, 0x00000000df800000, 0x0000000100000000)
  eden space 66560K, 0% used [0x00000000d5b00000,0x00000000d5b00000,0x00000000d9c00000)
  from space 5120K, 0% used [0x00000000d9c00000,0x00000000d9c00000,0x00000000da100000)
  to   space 13824K, 0% used [0x00000000dea80000,0x00000000dea80000,0x00000000df800000)
 ParOldGen       total 74240K, used 16680K [0x0000000081000000, 0x0000000085880000, 0x00000000d5b00000)
  object space 74240K, 22% used [0x0000000081000000,0x000000008204a0e0,0x0000000085880000)
 Metaspace       used 20288K, capacity 21224K, committed 21296K, reserved 1067008K
  class space    used 2961K, capacity 3170K, committed 3200K, reserved 1048576K
}
Event: 3.054 GC heap before
{Heap before GC invocations=7 (full 1):
 PSYoungGen      total 71680K, used 66560K [0x00000000d5b00000, 0x00000000df800000, 0x0000000100000000)
  eden space 66560K, 100% used [0x00000000d5b00000,0x00000000d9c00000,0x00000000d9c00000)
  from space 5120K, 0% used [0x00000000d9c00000,0x00000000d9c00000,0x00000000da100000)
  to   space 13824K, 0% used [0x00000000dea80000,0x00000000dea80000,0x00000000df800000)
 ParOldGen       total 74240K, used 16680K [0x0000000081000000, 0x0000000085880000, 0x00000000d5b00000)
  object space 74240K, 22% used [0x0000000081000000,0x000000008204a0e0,0x0000000085880000)
 Metaspace       used 20975K, capacity 22042K, committed 22400K, reserved 1069056K
  class space    used 3101K, capacity 3339K, committed 3456K, reserved 1048576K
Event: 3.056 GC heap after
Heap after GC invocations=7 (full 1):
 PSYoungGen      total 101888K, used 1915K [0x00000000d5b00000, 0x00000000dec80000, 0x0000000100000000)
  eden space 99840K, 0% used [0x00000000d5b00000,0x00000000d5b00000,0x00000000dbc80000)
  from space 2048K, 93% used [0x00000000dea80000,0x00000000dec5ef00,0x00000000dec80000)
  to   space 14336K, 0% used [0x00000000dd080000,0x00000000dd080000,0x00000000dde80000)
 ParOldGen       total 74240K, used 16688K [0x0000000081000000, 0x0000000085880000, 0x00000000d5b00000)
  object space 74240K, 22% used [0x0000000081000000,0x000000008204c0e0,0x0000000085880000)
 Metaspace       used 20975K, capacity 22042K, committed 22400K, reserved 1069056K
  class space    used 3101K, capacity 3339K, committed 3456K, reserved 1048576K
}
Event: 4.200 GC heap before
{Heap before GC invocations=8 (full 1):
 PSYoungGen      total 101888K, used 101755K [0x00000000d5b00000, 0x00000000dec80000, 0x0000000100000000)
  eden space 99840K, 100% used [0x00000000d5b00000,0x00000000dbc80000,0x00000000dbc80000)
  from space 2048K, 93% used [0x00000000dea80000,0x00000000dec5ef00,0x00000000dec80000)
  to   space 14336K, 0% used [0x00000000dd080000,0x00000000dd080000,0x00000000dde80000)
 ParOldGen       total 74240K, used 16688K [0x0000000081000000, 0x0000000085880000, 0x00000000d5b00000)
  object space 74240K, 22% used [0x0000000081000000,0x000000008204c0e0,0x0000000085880000)
 Metaspace       used 24261K, capacity 26018K, committed 26368K, reserved 1071104K
  class space    used 3674K, capacity 3981K, committed 4096K, reserved 1048576K
Event: 4.212 GC heap after
Heap after GC invocations=8 (full 1):
 PSYoungGen      total 134656K, used 8688K [0x00000000d5b00000, 0x00000000e0680000, 0x0000000100000000)
  eden space 120320K, 0% used [0x00000000d5b00000,0x00000000d5b00000,0x00000000dd080000)
  from space 14336K, 60% used [0x00000000dd080000,0x00000000dd8fc1b0,0x00000000dde80000)
  to   space 14336K, 0% used [0x00000000df880000,0x00000000df880000,0x00000000e0680000)
 ParOldGen       total 74240K, used 16696K [0x0000000081000000, 0x0000000085880000, 0x00000000d5b00000)
  object space 74240K, 22% used [0x0000000081000000,0x000000008204e0e0,0x0000000085880000)
 Metaspace       used 24261K, capacity 26018K, committed 26368K, reserved 1071104K
  class space    used 3674K, capacity 3981K, committed 4096K, reserved 1048576K
}

