# JRE version: Java(TM) SE Runtime Environment (8.0_161-b12) (build 1.8.0_161-b12)
# Java VM: Java HotSpot(TM) 64-Bit Server VM (25.161-b12 mixed mode windows-amd64 compressed oops)
Heap:
 PSYoungGen      total 61440K, used 50656K [0x00000000d6000000, 0x00000000daa80000, 0x0000000100000000)
  eden space 48128K, 85% used [0x00000000d6000000,0x00000000d881d960,0x00000000d8f00000)
  from space 13312K, 71% used [0x00000000d9c80000,0x00000000da5da940,0x00000000da980000)
  to   space 13824K, 0% used [0x00000000d8f00000,0x00000000d8f00000,0x00000000d9c80000)
 ParOldGen       total 57856K, used 23322K [0x0000000082000000, 0x0000000085880000, 0x00000000d6000000)
  object space 57856K, 40% used [0x0000000082000000,0x00000000836c6940,0x0000000085880000)
 Metaspace       used 28253K, capacity 30418K, committed 30592K, reserved 1075200K
  class space    used 4062K, capacity 4425K, committed 4480K, reserved 1048576K
GC Heap History (10 events):
Event: 18.901 GC heap before
{Heap before GC invocations=7 (full 1):
 PSYoungGen      total 37376K, used 32999K [0x00000000d6000000, 0x00000000d9d80000, 0x0000000100000000)
  eden space 32256K, 100% used [0x00000000d6000000,0x00000000d7f80000,0x00000000d7f80000)
  from space 5120K, 14% used [0x00000000d8000000,0x00000000d80b9c50,0x00000000d8500000)
  to   space 15360K, 0% used [0x00000000d8e80000,0x00000000d8e80000,0x00000000d9d80000)
 ParOldGen       total 57856K, used 16317K [0x0000000082000000, 0x0000000085880000, 0x00000000d6000000)
  object space 57856K, 28% used [0x0000000082000000,0x0000000082fef598,0x0000000085880000)
 Metaspace       used 21338K, capacity 22640K, committed 22912K, reserved 1069056K
  class space    used 3088K, capacity 3342K, committed 3456K, reserved 1048576K
Event: 18.903 GC heap after
Heap after GC invocations=7 (full 1):
 PSYoungGen      total 45568K, used 2107K [0x00000000d6000000, 0x00000000d9c00000, 0x0000000100000000)
  eden space 31744K, 0% used [0x00000000d6000000,0x00000000d6000000,0x00000000d7f00000)
  from space 13824K, 15% used [0x00000000d8e80000,0x00000000d908eef0,0x00000000d9c00000)
  to   space 14848K, 0% used [0x00000000d7f00000,0x00000000d7f00000,0x00000000d8d80000)
 ParOldGen       total 57856K, used 16325K [0x0000000082000000, 0x0000000085880000, 0x00000000d6000000)
  object space 57856K, 28% used [0x0000000082000000,0x0000000082ff1598,0x0000000085880000)
 Metaspace       used 21338K, capacity 22640K, committed 22912K, reserved 1069056K
  class space    used 3088K, capacity 3342K, committed 3456K, reserved 1048576K
}
Event: 19.667 GC heap before
{Heap before GC invocations=8 (full 1):
 PSYoungGen      total 45568K, used 33851K [0x00000000d6000000, 0x00000000d9c00000, 0x0000000100000000)
  eden space 31744K, 100% used [0x00000000d6000000,0x00000000d7f00000,0x00000000d7f00000)
  from space 13824K, 15% used [0x00000000d8e80000,0x00000000d908eef0,0x00000000d9c00000)
  to   space 14848K, 0% used [0x00000000d7f00000,0x00000000d7f00000,0x00000000d8d80000)
 ParOldGen       total 57856K, used 16325K [0x0000000082000000, 0x0000000085880000, 0x00000000d6000000)
  object space 57856K, 28% used [0x0000000082000000,0x0000000082ff1598,0x0000000085880000)
 Metaspace       used 22604K, capacity 23936K, committed 24064K, reserved 1069056K
  class space    used 3251K, capacity 3510K, committed 3584K, reserved 1048576K
Event: 19.670 GC heap after
Heap after GC invocations=8 (full 1):
 PSYoungGen      total 39424K, used 7815K [0x00000000d6000000, 0x00000000d9b80000, 0x0000000100000000)
  eden space 31232K, 0% used [0x00000000d6000000,0x00000000d6000000,0x00000000d7e80000)
  from space 8192K, 95% used [0x00000000d7f00000,0x00000000d86a1c88,0x00000000d8700000)
  to   space 14848K, 0% used [0x00000000d8d00000,0x00000000d8d00000,0x00000000d9b80000)
 ParOldGen       total 57856K, used 16333K [0x0000000082000000, 0x0000000085880000, 0x00000000d6000000)
  object space 57856K, 28% used [0x0000000082000000,0x0000000082ff3598,0x0000000085880000)
 Metaspace       used 22604K, capacity 23936K, committed 24064K, reserved 1069056K
  class space    used 3251K, capacity 3510K, committed 3584K, reserved 1048576K
}
Event: 19.832 GC heap before
{Heap before GC invocations=9 (full 1):
 PSYoungGen      total 39424K, used 39047K [0x00000000d6000000, 0x00000000d9b80000, 0x0000000100000000)
  eden space 31232K, 100% used [0x00000000d6000000,0x00000000d7e80000,0x00000000d7e80000)
  from space 8192K, 95% used [0x00000000d7f00000,0x00000000d86a1c88,0x00000000d8700000)
  to   space 14848K, 0% used [0x00000000d8d00000,0x00000000d8d00000,0x00000000d9b80000)
 ParOldGen       total 57856K, used 16333K [0x0000000082000000, 0x0000000085880000, 0x00000000d6000000)
  object space 57856K, 28% used [0x0000000082000000,0x0000000082ff3598,0x0000000085880000)
 Metaspace       used 22651K, capacity 24032K, committed 24320K, reserved 1071104K
  class space    used 3253K, capacity 3514K, committed 3584K, reserved 1048576K
Event: 19.836 GC heap after
Heap after GC invocations=9 (full 1):
 PSYoungGen      total 46592K, used 7128K [0x00000000d6000000, 0x00000000db300000, 0x0000000100000000)
  eden space 31744K, 0% used [0x00000000d6000000,0x00000000d6000000,0x00000000d7f00000)
  from space 14848K, 48% used [0x00000000d8d00000,0x00000000d93f61e0,0x00000000d9b80000)
  to   space 14336K, 0% used [0x00000000d7f00000,0x00000000d7f00000,0x00000000d8d00000)
 ParOldGen       total 57856K, used 16333K [0x0000000082000000, 0x0000000085880000, 0x00000000d6000000)
  object space 57856K, 28% used [0x0000000082000000,0x0000000082ff3598,0x0000000085880000)
 Metaspace       used 22651K, capacity 24032K, committed 24320K, reserved 1071104K
  class space    used 3253K, capacity 3514K, committed 3584K, reserved 1048576K
}
Event: 19.993 GC heap before
{Heap before GC invocations=10 (full 1):
 PSYoungGen      total 46592K, used 38872K [0x00000000d6000000, 0x00000000db300000, 0x0000000100000000)
  eden space 31744K, 100% used [0x00000000d6000000,0x00000000d7f00000,0x00000000d7f00000)
  from space 14848K, 48% used [0x00000000d8d00000,0x00000000d93f61e0,0x00000000d9b80000)
  to   space 14336K, 0% used [0x00000000d7f00000,0x00000000d7f00000,0x00000000d8d00000)
 ParOldGen       total 57856K, used 16333K [0x0000000082000000, 0x0000000085880000, 0x00000000d6000000)
  object space 57856K, 28% used [0x0000000082000000,0x0000000082ff3598,0x0000000085880000)
 Metaspace       used 22736K, capacity 24086K, committed 24320K, reserved 1071104K
  class space    used 3258K, capacity 3523K, committed 3584K, reserved 1048576K
Event: 19.997 GC heap after
Heap after GC invocations=10 (full 1):
 PSYoungGen      total 46080K, used 6289K [0x00000000d6000000, 0x00000000da980000, 0x0000000100000000)
  eden space 31744K, 0% used [0x00000000d6000000,0x00000000d6000000,0x00000000d7f00000)
  from space 14336K, 43% used [0x00000000d7f00000,0x00000000d8524590,0x00000000d8d00000)
  to   space 13312K, 0% used [0x00000000d9c80000,0x00000000d9c80000,0x00000000da980000)
 ParOldGen       total 57856K, used 18269K [0x0000000082000000, 0x0000000085880000, 0x00000000d6000000)
  object space 57856K, 31% used [0x0000000082000000,0x00000000831d76c8,0x0000000085880000)
 Metaspace       used 22736K, capacity 24086K, committed 24320K, reserved 1071104K
  class space    used 3258K, capacity 3523K, committed 3584K, reserved 1048576K
}
Event: 21.205 GC heap before
{Heap before GC invocations=11 (full 1):
 PSYoungGen      total 46080K, used 38033K [0x00000000d6000000, 0x00000000da980000, 0x0000000100000000)
  eden space 31744K, 100% used [0x00000000d6000000,0x00000000d7f00000,0x00000000d7f00000)
  from space 14336K, 43% used [0x00000000d7f00000,0x00000000d8524590,0x00000000d8d00000)
  to   space 13312K, 0% used [0x00000000d9c80000,0x00000000d9c80000,0x00000000da980000)
 ParOldGen       total 57856K, used 18269K [0x0000000082000000, 0x0000000085880000, 0x00000000d6000000)
  object space 57856K, 31% used [0x0000000082000000,0x00000000831d76c8,0x0000000085880000)
 Metaspace       used 25956K, capacity 27936K, committed 28032K, reserved 1073152K
  class space    used 3851K, capacity 4184K, committed 4224K, reserved 1048576K
Event: 21.225 GC heap after
Heap after GC invocations=11 (full 1):
 PSYoungGen      total 61440K, used 9578K [0x00000000d6000000, 0x00000000daa80000, 0x0000000100000000)
  eden space 48128K, 0% used [0x00000000d6000000,0x00000000d6000000,0x00000000d8f00000)
  from space 13312K, 71% used [0x00000000d9c80000,0x00000000da5da940,0x00000000da980000)
  to   space 13824K, 0% used [0x00000000d8f00000,0x00000000d8f00000,0x00000000d9c80000)
 ParOldGen       total 57856K, used 23322K [0x0000000082000000, 0x0000000085880000, 0x00000000d6000000)
  object space 57856K, 40% used [0x0000000082000000,0x00000000836c6940,0x0000000085880000)
 Metaspace       used 25956K, capacity 27936K, committed 28032K, reserved 1073152K
  class space    used 3851K, capacity 4184K, committed 4224K, reserved 1048576K
}

