# JRE version: Java(TM) SE Runtime Environment (8.0_151-b12) (build 1.8.0_151-b12)
# Java VM: Java HotSpot(TM) 64-Bit Server VM (25.151-b12 mixed mode windows-amd64 compressed oops)
Heap:
 PSYoungGen      total 65536K, used 22740K [0x00000000d5b00000, 0x00000000dc880000, 0x0000000100000000)
  eden space 52736K, 18% used [0x00000000d5b00000,0x00000000d64bb4c8,0x00000000d8e80000)
  from space 12800K, 99% used [0x00000000d8e80000,0x00000000d9af9e60,0x00000000d9b00000)
  to   space 17920K, 0% used [0x00000000db700000,0x00000000db700000,0x00000000dc880000)
 ParOldGen       total 76288K, used 25005K [0x0000000081000000, 0x0000000085a80000, 0x00000000d5b00000)
  object space 76288K, 32% used [0x0000000081000000,0x000000008286b420,0x0000000085a80000)
 Metaspace       used 27043K, capacity 28992K, committed 29184K, reserved 1075200K
  class space    used 3982K, capacity 4321K, committed 4352K, reserved 1048576K
GC Heap History (10 events):
Event: 7.695 GC heap before
{Heap before GC invocations=6 (full 1):
 PSYoungGen      total 37888K, used 5104K [0x00000000d5b00000, 0x00000000d9500000, 0x0000000100000000)
  eden space 32768K, 0% used [0x00000000d5b00000,0x00000000d5b00000,0x00000000d7b00000)
  from space 5120K, 99% used [0x00000000d7b80000,0x00000000d807c1e0,0x00000000d8080000)
  to   space 13312K, 0% used [0x00000000d8800000,0x00000000d8800000,0x00000000d9500000)
 ParOldGen       total 87552K, used 14135K [0x0000000081000000, 0x0000000086580000, 0x00000000d5b00000)
  object space 87552K, 16% used [0x0000000081000000,0x0000000081dcdd38,0x0000000086580000)
 Metaspace       used 20296K, capacity 21224K, committed 21296K, reserved 1067008K
  class space    used 2957K, capacity 3171K, committed 3200K, reserved 1048576K
Event: 7.741 GC heap after
Heap after GC invocations=6 (full 1):
 PSYoungGen      total 37888K, used 0K [0x00000000d5b00000, 0x00000000d9500000, 0x0000000100000000)
  eden space 32768K, 0% used [0x00000000d5b00000,0x00000000d5b00000,0x00000000d7b00000)
  from space 5120K, 0% used [0x00000000d7b80000,0x00000000d7b80000,0x00000000d8080000)
  to   space 13312K, 0% used [0x00000000d8800000,0x00000000d8800000,0x00000000d9500000)
 ParOldGen       total 76288K, used 16876K [0x0000000081000000, 0x0000000085a80000, 0x00000000d5b00000)
  object space 76288K, 22% used [0x0000000081000000,0x000000008207b108,0x0000000085a80000)
 Metaspace       used 20296K, capacity 21224K, committed 21296K, reserved 1067008K
  class space    used 2957K, capacity 3171K, committed 3200K, reserved 1048576K
}
Event: 8.996 GC heap before
{Heap before GC invocations=7 (full 1):
 PSYoungGen      total 37888K, used 32768K [0x00000000d5b00000, 0x00000000d9500000, 0x0000000100000000)
  eden space 32768K, 100% used [0x00000000d5b00000,0x00000000d7b00000,0x00000000d7b00000)
  from space 5120K, 0% used [0x00000000d7b80000,0x00000000d7b80000,0x00000000d8080000)
  to   space 13312K, 0% used [0x00000000d8800000,0x00000000d8800000,0x00000000d9500000)
 ParOldGen       total 76288K, used 16876K [0x0000000081000000, 0x0000000085a80000, 0x00000000d5b00000)
  object space 76288K, 22% used [0x0000000081000000,0x000000008207b108,0x0000000085a80000)
 Metaspace       used 21767K, capacity 22852K, committed 22912K, reserved 1069056K
  class space    used 3198K, capacity 3439K, committed 3456K, reserved 1048576K
Event: 9.000 GC heap after
Heap after GC invocations=7 (full 1):
 PSYoungGen      total 46080K, used 4314K [0x00000000d5b00000, 0x00000000da380000, 0x0000000100000000)
  eden space 32768K, 0% used [0x00000000d5b00000,0x00000000d5b00000,0x00000000d7b00000)
  from space 13312K, 32% used [0x00000000d8800000,0x00000000d8c36a50,0x00000000d9500000)
  to   space 13312K, 0% used [0x00000000d7b00000,0x00000000d7b00000,0x00000000d8800000)
 ParOldGen       total 76288K, used 16884K [0x0000000081000000, 0x0000000085a80000, 0x00000000d5b00000)
  object space 76288K, 22% used [0x0000000081000000,0x000000008207d108,0x0000000085a80000)
 Metaspace       used 21767K, capacity 22852K, committed 22912K, reserved 1069056K
  class space    used 3198K, capacity 3439K, committed 3456K, reserved 1048576K
}
Event: 9.133 GC heap before
{Heap before GC invocations=8 (full 1):
 PSYoungGen      total 46080K, used 37082K [0x00000000d5b00000, 0x00000000da380000, 0x0000000100000000)
  eden space 32768K, 100% used [0x00000000d5b00000,0x00000000d7b00000,0x00000000d7b00000)
  from space 13312K, 32% used [0x00000000d8800000,0x00000000d8c36a50,0x00000000d9500000)
  to   space 13312K, 0% used [0x00000000d7b00000,0x00000000d7b00000,0x00000000d8800000)
 ParOldGen       total 76288K, used 16884K [0x0000000081000000, 0x0000000085a80000, 0x00000000d5b00000)
  object space 76288K, 22% used [0x0000000081000000,0x000000008207d108,0x0000000085a80000)
 Metaspace       used 21815K, capacity 22874K, committed 22912K, reserved 1069056K
  class space    used 3200K, capacity 3442K, committed 3456K, reserved 1048576K
Event: 9.135 GC heap after
Heap after GC invocations=8 (full 1):
 PSYoungGen      total 46080K, used 3875K [0x00000000d5b00000, 0x00000000da800000, 0x0000000100000000)
  eden space 32768K, 0% used [0x00000000d5b00000,0x00000000d5b00000,0x00000000d7b00000)
  from space 13312K, 29% used [0x00000000d7b00000,0x00000000d7ec8f10,0x00000000d8800000)
  to   space 13312K, 0% used [0x00000000d9b00000,0x00000000d9b00000,0x00000000da800000)
 ParOldGen       total 76288K, used 16884K [0x0000000081000000, 0x0000000085a80000, 0x00000000d5b00000)
  object space 76288K, 22% used [0x0000000081000000,0x000000008207d108,0x0000000085a80000)
 Metaspace       used 21815K, capacity 22874K, committed 22912K, reserved 1069056K
  class space    used 3200K, capacity 3442K, committed 3456K, reserved 1048576K
}
Event: 9.303 GC heap before
{Heap before GC invocations=9 (full 1):
 PSYoungGen      total 46080K, used 36643K [0x00000000d5b00000, 0x00000000da800000, 0x0000000100000000)
  eden space 32768K, 100% used [0x00000000d5b00000,0x00000000d7b00000,0x00000000d7b00000)
  from space 13312K, 29% used [0x00000000d7b00000,0x00000000d7ec8f10,0x00000000d8800000)
  to   space 13312K, 0% used [0x00000000d9b00000,0x00000000d9b00000,0x00000000da800000)
 ParOldGen       total 76288K, used 16884K [0x0000000081000000, 0x0000000085a80000, 0x00000000d5b00000)
  object space 76288K, 22% used [0x0000000081000000,0x000000008207d108,0x0000000085a80000)
 Metaspace       used 21931K, capacity 23096K, committed 23296K, reserved 1069056K
  class space    used 3208K, capacity 3457K, committed 3584K, reserved 1048576K
Event: 9.310 GC heap after
Heap after GC invocations=9 (full 1):
 PSYoungGen      total 66048K, used 5112K [0x00000000d5b00000, 0x00000000dac00000, 0x0000000100000000)
  eden space 52736K, 0% used [0x00000000d5b00000,0x00000000d5b00000,0x00000000d8e80000)
  from space 13312K, 38% used [0x00000000d9b00000,0x00000000d9ffe1c0,0x00000000da800000)
  to   space 12800K, 0% used [0x00000000d8e80000,0x00000000d8e80000,0x00000000d9b00000)
 ParOldGen       total 76288K, used 16892K [0x0000000081000000, 0x0000000085a80000, 0x00000000d5b00000)
  object space 76288K, 22% used [0x0000000081000000,0x000000008207f108,0x0000000085a80000)
 Metaspace       used 21931K, capacity 23096K, committed 23296K, reserved 1069056K
  class space    used 3208K, capacity 3457K, committed 3584K, reserved 1048576K
}
Event: 11.094 GC heap before
{Heap before GC invocations=10 (full 1):
 PSYoungGen      total 66048K, used 57848K [0x00000000d5b00000, 0x00000000dac00000, 0x0000000100000000)
  eden space 52736K, 100% used [0x00000000d5b00000,0x00000000d8e80000,0x00000000d8e80000)
  from space 13312K, 38% used [0x00000000d9b00000,0x00000000d9ffe1c0,0x00000000da800000)
  to   space 12800K, 0% used [0x00000000d8e80000,0x00000000d8e80000,0x00000000d9b00000)
 ParOldGen       total 76288K, used 16892K [0x0000000081000000, 0x0000000085a80000, 0x00000000d5b00000)
  object space 76288K, 22% used [0x0000000081000000,0x000000008207f108,0x0000000085a80000)
 Metaspace       used 26385K, capacity 28330K, committed 28672K, reserved 1073152K
  class space    used 3926K, capacity 4260K, committed 4352K, reserved 1048576K
Event: 11.123 GC heap after
Heap after GC invocations=10 (full 1):
 PSYoungGen      total 65536K, used 12775K [0x00000000d5b00000, 0x00000000dc880000, 0x0000000100000000)
  eden space 52736K, 0% used [0x00000000d5b00000,0x00000000d5b00000,0x00000000d8e80000)
  from space 12800K, 99% used [0x00000000d8e80000,0x00000000d9af9e60,0x00000000d9b00000)
  to   space 17920K, 0% used [0x00000000db700000,0x00000000db700000,0x00000000dc880000)
 ParOldGen       total 76288K, used 25005K [0x0000000081000000, 0x0000000085a80000, 0x00000000d5b00000)
  object space 76288K, 32% used [0x0000000081000000,0x000000008286b420,0x0000000085a80000)
 Metaspace       used 26385K, capacity 28330K, committed 28672K, reserved 1073152K
  class space    used 3926K, capacity 4260K, committed 4352K, reserved 1048576K
}

