# JRE version: Java(TM) SE Runtime Environment (8.0_161-b12) (build 1.8.0_161-b12)
# Java VM: Java HotSpot(TM) 64-Bit Server VM (25.161-b12 mixed mode windows-amd64 compressed oops)
Heap:
 PSYoungGen      total 53248K, used 34661K [0x00000000d6000000, 0x00000000db180000, 0x0000000100000000)
  eden space 49152K, 62% used [0x00000000d6000000,0x00000000d7e09480,0x00000000d9000000)
  from space 4096K, 95% used [0x00000000dad80000,0x00000000db150000,0x00000000db180000)
  to   space 13824K, 0% used [0x00000000d9680000,0x00000000d9680000,0x00000000da400000)
 ParOldGen       total 74240K, used 16851K [0x0000000082000000, 0x0000000086880000, 0x00000000d6000000)
  object space 74240K, 22% used [0x0000000082000000,0x0000000083074fa8,0x0000000086880000)
 Metaspace       used 25768K, capacity 27481K, committed 27648K, reserved 1073152K
  class space    used 3761K, capacity 4083K, committed 4096K, reserved 1048576K
GC Heap History (10 events):
Event: 2.030 GC heap before
{Heap before GC invocations=3 (full 0):
 PSYoungGen      total 37888K, used 37865K [0x00000000d6000000, 0x00000000d8a00000, 0x0000000100000000)
  eden space 32768K, 100% used [0x00000000d6000000,0x00000000d8000000,0x00000000d8000000)
  from space 5120K, 99% used [0x00000000d8500000,0x00000000d89fa5a0,0x00000000d8a00000)
  to   space 5120K, 0% used [0x00000000d8000000,0x00000000d8000000,0x00000000d8500000)
 ParOldGen       total 86016K, used 9118K [0x0000000082000000, 0x0000000087400000, 0x00000000d6000000)
  object space 86016K, 10% used [0x0000000082000000,0x00000000828e7a30,0x0000000087400000)
 Metaspace       used 18248K, capacity 18926K, committed 19072K, reserved 1064960K
  class space    used 2488K, capacity 2673K, committed 2688K, reserved 1048576K
Event: 2.036 GC heap after
Heap after GC invocations=3 (full 0):
 PSYoungGen      total 37888K, used 5097K [0x00000000d6000000, 0x00000000d8a00000, 0x0000000100000000)
  eden space 32768K, 0% used [0x00000000d6000000,0x00000000d6000000,0x00000000d8000000)
  from space 5120K, 99% used [0x00000000d8000000,0x00000000d84fa5a0,0x00000000d8500000)
  to   space 5120K, 0% used [0x00000000d8500000,0x00000000d8500000,0x00000000d8a00000)
 ParOldGen       total 86016K, used 12655K [0x0000000082000000, 0x0000000087400000, 0x00000000d6000000)
  object space 86016K, 14% used [0x0000000082000000,0x0000000082c5bfe8,0x0000000087400000)
 Metaspace       used 18248K, capacity 18926K, committed 19072K, reserved 1064960K
  class space    used 2488K, capacity 2673K, committed 2688K, reserved 1048576K
}
Event: 2.313 GC heap before
{Heap before GC invocations=4 (full 0):
 PSYoungGen      total 37888K, used 37865K [0x00000000d6000000, 0x00000000d8a00000, 0x0000000100000000)
  eden space 32768K, 100% used [0x00000000d6000000,0x00000000d8000000,0x00000000d8000000)
  from space 5120K, 99% used [0x00000000d8000000,0x00000000d84fa5a0,0x00000000d8500000)
  to   space 5120K, 0% used [0x00000000d8500000,0x00000000d8500000,0x00000000d8a00000)
 ParOldGen       total 86016K, used 12655K [0x0000000082000000, 0x0000000087400000, 0x00000000d6000000)
  object space 86016K, 14% used [0x0000000082000000,0x0000000082c5bfe8,0x0000000087400000)
 Metaspace       used 20121K, capacity 20982K, committed 21120K, reserved 1067008K
  class space    used 2855K, capacity 3089K, committed 3200K, reserved 1048576K
Event: 2.319 GC heap after
Heap after GC invocations=4 (full 0):
 PSYoungGen      total 37888K, used 4441K [0x00000000d6000000, 0x00000000daa00000, 0x0000000100000000)
  eden space 32768K, 0% used [0x00000000d6000000,0x00000000d6000000,0x00000000d8000000)
  from space 5120K, 86% used [0x00000000d8500000,0x00000000d8956750,0x00000000d8a00000)
  to   space 5120K, 0% used [0x00000000d8000000,0x00000000d8000000,0x00000000d8500000)
 ParOldGen       total 86016K, used 14377K [0x0000000082000000, 0x0000000087400000, 0x00000000d6000000)
  object space 86016K, 16% used [0x0000000082000000,0x0000000082e0a4f8,0x0000000087400000)
 Metaspace       used 20121K, capacity 20982K, committed 21120K, reserved 1067008K
  class space    used 2855K, capacity 3089K, committed 3200K, reserved 1048576K
}
Event: 2.424 GC heap before
{Heap before GC invocations=5 (full 0):
 PSYoungGen      total 37888K, used 19556K [0x00000000d6000000, 0x00000000daa00000, 0x0000000100000000)
  eden space 32768K, 46% used [0x00000000d6000000,0x00000000d6ec2a20,0x00000000d8000000)
  from space 5120K, 86% used [0x00000000d8500000,0x00000000d8956750,0x00000000d8a00000)
  to   space 5120K, 0% used [0x00000000d8000000,0x00000000d8000000,0x00000000d8500000)
 ParOldGen       total 86016K, used 14377K [0x0000000082000000, 0x0000000087400000, 0x00000000d6000000)
  object space 86016K, 16% used [0x0000000082000000,0x0000000082e0a4f8,0x0000000087400000)
 Metaspace       used 20339K, capacity 21233K, committed 21296K, reserved 1067008K
  class space    used 2902K, capacity 3137K, committed 3200K, reserved 1048576K
Event: 2.429 GC heap after
Heap after GC invocations=5 (full 0):
 PSYoungGen      total 37888K, used 4791K [0x00000000d6000000, 0x00000000dbb00000, 0x0000000100000000)
  eden space 32768K, 0% used [0x00000000d6000000,0x00000000d6000000,0x00000000d8000000)
  from space 5120K, 93% used [0x00000000d8000000,0x00000000d84adce0,0x00000000d8500000)
  to   space 13824K, 0% used [0x00000000dad80000,0x00000000dad80000,0x00000000dbb00000)
 ParOldGen       total 86016K, used 14385K [0x0000000082000000, 0x0000000087400000, 0x00000000d6000000)
  object space 86016K, 16% used [0x0000000082000000,0x0000000082e0c4f8,0x0000000087400000)
 Metaspace       used 20339K, capacity 21233K, committed 21296K, reserved 1067008K
  class space    used 2902K, capacity 3137K, committed 3200K, reserved 1048576K
}
Event: 2.429 GC heap before
{Heap before GC invocations=6 (full 1):
 PSYoungGen      total 37888K, used 4791K [0x00000000d6000000, 0x00000000dbb00000, 0x0000000100000000)
  eden space 32768K, 0% used [0x00000000d6000000,0x00000000d6000000,0x00000000d8000000)
  from space 5120K, 93% used [0x00000000d8000000,0x00000000d84adce0,0x00000000d8500000)
  to   space 13824K, 0% used [0x00000000dad80000,0x00000000dad80000,0x00000000dbb00000)
 ParOldGen       total 86016K, used 14385K [0x0000000082000000, 0x0000000087400000, 0x00000000d6000000)
  object space 86016K, 16% used [0x0000000082000000,0x0000000082e0c4f8,0x0000000087400000)
 Metaspace       used 20339K, capacity 21233K, committed 21296K, reserved 1067008K
  class space    used 2902K, capacity 3137K, committed 3200K, reserved 1048576K
Event: 2.469 GC heap after
Heap after GC invocations=6 (full 1):
 PSYoungGen      total 37888K, used 0K [0x00000000d6000000, 0x00000000dbb00000, 0x0000000100000000)
  eden space 32768K, 0% used [0x00000000d6000000,0x00000000d6000000,0x00000000d8000000)
  from space 5120K, 0% used [0x00000000d8000000,0x00000000d8000000,0x00000000d8500000)
  to   space 13824K, 0% used [0x00000000dad80000,0x00000000dad80000,0x00000000dbb00000)
 ParOldGen       total 74240K, used 16843K [0x0000000082000000, 0x0000000086880000, 0x00000000d6000000)
  object space 74240K, 22% used [0x0000000082000000,0x0000000083072fa8,0x0000000086880000)
 Metaspace       used 20339K, capacity 21233K, committed 21296K, reserved 1067008K
  class space    used 2902K, capacity 3137K, committed 3200K, reserved 1048576K
}
Event: 3.025 GC heap before
{Heap before GC invocations=7 (full 1):
 PSYoungGen      total 37888K, used 32768K [0x00000000d6000000, 0x00000000dbb00000, 0x0000000100000000)
  eden space 32768K, 100% used [0x00000000d6000000,0x00000000d8000000,0x00000000d8000000)
  from space 5120K, 0% used [0x00000000d8000000,0x00000000d8000000,0x00000000d8500000)
  to   space 13824K, 0% used [0x00000000dad80000,0x00000000dad80000,0x00000000dbb00000)
 ParOldGen       total 74240K, used 16843K [0x0000000082000000, 0x0000000086880000, 0x00000000d6000000)
  object space 74240K, 22% used [0x0000000082000000,0x0000000083072fa8,0x0000000086880000)
 Metaspace       used 23783K, capacity 25309K, committed 25472K, reserved 1071104K
  class space    used 3552K, capacity 3841K, committed 3968K, reserved 1048576K
Event: 3.030 GC heap after
Heap after GC invocations=7 (full 1):
 PSYoungGen      total 53248K, used 3904K [0x00000000d6000000, 0x00000000db180000, 0x0000000100000000)
  eden space 49152K, 0% used [0x00000000d6000000,0x00000000d6000000,0x00000000d9000000)
  from space 4096K, 95% used [0x00000000dad80000,0x00000000db150000,0x00000000db180000)
  to   space 13824K, 0% used [0x00000000d9680000,0x00000000d9680000,0x00000000da400000)
 ParOldGen       total 74240K, used 16851K [0x0000000082000000, 0x0000000086880000, 0x00000000d6000000)
  object space 74240K, 22% used [0x0000000082000000,0x0000000083074fa8,0x0000000086880000)
 Metaspace       used 23783K, capacity 25309K, committed 25472K, reserved 1071104K
  class space    used 3552K, capacity 3841K, committed 3968K, reserved 1048576K
}

