# JRE version: Java(TM) SE Runtime Environment (8.0_151-b12) (build 1.8.0_151-b12)
# Java VM: Java HotSpot(TM) 64-Bit Server VM (25.151-b12 mixed mode windows-amd64 compressed oops)
Heap:
 PSYoungGen      total 57856K, used 37627K [0x00000000d5b00000, 0x00000000daf00000, 0x0000000100000000)
  eden space 52224K, 61% used [0x00000000d5b00000,0x00000000d7a6efa8,0x00000000d8e00000)
  from space 5632K, 96% used [0x00000000da980000,0x00000000daed0000,0x00000000daf00000)
  to   space 13312K, 0% used [0x00000000d9500000,0x00000000d9500000,0x00000000da200000)
 ParOldGen       total 72704K, used 16673K [0x0000000081000000, 0x0000000085700000, 0x00000000d5b00000)
  object space 72704K, 22% used [0x0000000081000000,0x0000000082048528,0x0000000085700000)
 Metaspace       used 25915K, capacity 27762K, committed 28032K, reserved 1073152K
  class space    used 3827K, capacity 4159K, committed 4224K, reserved 1048576K
GC Heap History (10 events):
Event: 3.881 GC heap before
{Heap before GC invocations=3 (full 0):
 PSYoungGen      total 38400K, used 38377K [0x00000000d5b00000, 0x00000000d8580000, 0x0000000100000000)
  eden space 33280K, 100% used [0x00000000d5b00000,0x00000000d7b80000,0x00000000d7b80000)
  from space 5120K, 99% used [0x00000000d8080000,0x00000000d857a5a0,0x00000000d8580000)
  to   space 5120K, 0% used [0x00000000d7b80000,0x00000000d7b80000,0x00000000d8080000)
 ParOldGen       total 87552K, used 9175K [0x0000000081000000, 0x0000000086580000, 0x00000000d5b00000)
  object space 87552K, 10% used [0x0000000081000000,0x00000000818f5cd0,0x0000000086580000)
 Metaspace       used 18296K, capacity 19012K, committed 19200K, reserved 1064960K
  class space    used 2555K, capacity 2738K, committed 2816K, reserved 1048576K
Event: 3.888 GC heap after
Heap after GC invocations=3 (full 0):
 PSYoungGen      total 38400K, used 5113K [0x00000000d5b00000, 0x00000000d8580000, 0x0000000100000000)
  eden space 33280K, 0% used [0x00000000d5b00000,0x00000000d5b00000,0x00000000d7b80000)
  from space 5120K, 99% used [0x00000000d7b80000,0x00000000d807e590,0x00000000d8080000)
  to   space 5120K, 0% used [0x00000000d8080000,0x00000000d8080000,0x00000000d8580000)
 ParOldGen       total 87552K, used 12600K [0x0000000081000000, 0x0000000086580000, 0x00000000d5b00000)
  object space 87552K, 14% used [0x0000000081000000,0x0000000081c4e318,0x0000000086580000)
 Metaspace       used 18296K, capacity 19012K, committed 19200K, reserved 1064960K
  class space    used 2555K, capacity 2738K, committed 2816K, reserved 1048576K
}
Event: 4.436 GC heap before
{Heap before GC invocations=4 (full 0):
 PSYoungGen      total 38400K, used 38393K [0x00000000d5b00000, 0x00000000d8580000, 0x0000000100000000)
  eden space 33280K, 100% used [0x00000000d5b00000,0x00000000d7b80000,0x00000000d7b80000)
  from space 5120K, 99% used [0x00000000d7b80000,0x00000000d807e590,0x00000000d8080000)
  to   space 5120K, 0% used [0x00000000d8080000,0x00000000d8080000,0x00000000d8580000)
 ParOldGen       total 87552K, used 12600K [0x0000000081000000, 0x0000000086580000, 0x00000000d5b00000)
  object space 87552K, 14% used [0x0000000081000000,0x0000000081c4e318,0x0000000086580000)
 Metaspace       used 19899K, capacity 20798K, committed 20992K, reserved 1067008K
  class space    used 2867K, capacity 3061K, committed 3072K, reserved 1048576K
Event: 4.442 GC heap after
Heap after GC invocations=4 (full 0):
 PSYoungGen      total 38400K, used 4439K [0x00000000d5b00000, 0x00000000d8580000, 0x0000000100000000)
  eden space 33280K, 0% used [0x00000000d5b00000,0x00000000d5b00000,0x00000000d7b80000)
  from space 5120K, 86% used [0x00000000d8080000,0x00000000d84d5ce0,0x00000000d8580000)
  to   space 5120K, 0% used [0x00000000d7b80000,0x00000000d7b80000,0x00000000d8080000)
 ParOldGen       total 87552K, used 14330K [0x0000000081000000, 0x0000000086580000, 0x00000000d5b00000)
  object space 87552K, 16% used [0x0000000081000000,0x0000000081dfe828,0x0000000086580000)
 Metaspace       used 19899K, capacity 20798K, committed 20992K, reserved 1067008K
  class space    used 2867K, capacity 3061K, committed 3072K, reserved 1048576K
}
Event: 4.702 GC heap before
{Heap before GC invocations=5 (full 0):
 PSYoungGen      total 38400K, used 26046K [0x00000000d5b00000, 0x00000000d8580000, 0x0000000100000000)
  eden space 33280K, 64% used [0x00000000d5b00000,0x00000000d7019e30,0x00000000d7b80000)
  from space 5120K, 86% used [0x00000000d8080000,0x00000000d84d5ce0,0x00000000d8580000)
  to   space 5120K, 0% used [0x00000000d7b80000,0x00000000d7b80000,0x00000000d8080000)
 ParOldGen       total 87552K, used 14330K [0x0000000081000000, 0x0000000086580000, 0x00000000d5b00000)
  object space 87552K, 16% used [0x0000000081000000,0x0000000081dfe828,0x0000000086580000)
 Metaspace       used 20303K, capacity 21260K, committed 21296K, reserved 1067008K
  class space    used 2957K, capacity 3166K, committed 3200K, reserved 1048576K
Event: 4.708 GC heap after
Heap after GC invocations=5 (full 0):
 PSYoungGen      total 38400K, used 4695K [0x00000000d5b00000, 0x00000000db700000, 0x0000000100000000)
  eden space 33280K, 0% used [0x00000000d5b00000,0x00000000d5b00000,0x00000000d7b80000)
  from space 5120K, 91% used [0x00000000d7b80000,0x00000000d8015ce0,0x00000000d8080000)
  to   space 13824K, 0% used [0x00000000da980000,0x00000000da980000,0x00000000db700000)
 ParOldGen       total 87552K, used 14338K [0x0000000081000000, 0x0000000086580000, 0x00000000d5b00000)
  object space 87552K, 16% used [0x0000000081000000,0x0000000081e00828,0x0000000086580000)
 Metaspace       used 20303K, capacity 21260K, committed 21296K, reserved 1067008K
  class space    used 2957K, capacity 3166K, committed 3200K, reserved 1048576K
}
Event: 4.708 GC heap before
{Heap before GC invocations=6 (full 1):
 PSYoungGen      total 38400K, used 4695K [0x00000000d5b00000, 0x00000000db700000, 0x0000000100000000)
  eden space 33280K, 0% used [0x00000000d5b00000,0x00000000d5b00000,0x00000000d7b80000)
  from space 5120K, 91% used [0x00000000d7b80000,0x00000000d8015ce0,0x00000000d8080000)
  to   space 13824K, 0% used [0x00000000da980000,0x00000000da980000,0x00000000db700000)
 ParOldGen       total 87552K, used 14338K [0x0000000081000000, 0x0000000086580000, 0x00000000d5b00000)
  object space 87552K, 16% used [0x0000000081000000,0x0000000081e00828,0x0000000086580000)
 Metaspace       used 20303K, capacity 21260K, committed 21296K, reserved 1067008K
  class space    used 2957K, capacity 3166K, committed 3200K, reserved 1048576K
Event: 4.746 GC heap after
Heap after GC invocations=6 (full 1):
 PSYoungGen      total 38400K, used 0K [0x00000000d5b00000, 0x00000000db700000, 0x0000000100000000)
  eden space 33280K, 0% used [0x00000000d5b00000,0x00000000d5b00000,0x00000000d7b80000)
  from space 5120K, 0% used [0x00000000d7b80000,0x00000000d7b80000,0x00000000d8080000)
  to   space 13824K, 0% used [0x00000000da980000,0x00000000da980000,0x00000000db700000)
 ParOldGen       total 72704K, used 16665K [0x0000000081000000, 0x0000000085700000, 0x00000000d5b00000)
  object space 72704K, 22% used [0x0000000081000000,0x0000000082046528,0x0000000085700000)
 Metaspace       used 20303K, capacity 21260K, committed 21296K, reserved 1067008K
  class space    used 2957K, capacity 3166K, committed 3200K, reserved 1048576K
}
Event: 5.718 GC heap before
{Heap before GC invocations=7 (full 1):
 PSYoungGen      total 38400K, used 33280K [0x00000000d5b00000, 0x00000000db700000, 0x0000000100000000)
  eden space 33280K, 100% used [0x00000000d5b00000,0x00000000d7b80000,0x00000000d7b80000)
  from space 5120K, 0% used [0x00000000d7b80000,0x00000000d7b80000,0x00000000d8080000)
  to   space 13824K, 0% used [0x00000000da980000,0x00000000da980000,0x00000000db700000)
 ParOldGen       total 72704K, used 16665K [0x0000000081000000, 0x0000000085700000, 0x00000000d5b00000)
  object space 72704K, 22% used [0x0000000081000000,0x0000000082046528,0x0000000085700000)
 Metaspace       used 23879K, capacity 25472K, committed 25728K, reserved 1071104K
  class space    used 3617K, capacity 3918K, committed 3968K, reserved 1048576K
Event: 5.726 GC heap after
Heap after GC invocations=7 (full 1):
 PSYoungGen      total 57856K, used 5440K [0x00000000d5b00000, 0x00000000daf00000, 0x0000000100000000)
  eden space 52224K, 0% used [0x00000000d5b00000,0x00000000d5b00000,0x00000000d8e00000)
  from space 5632K, 96% used [0x00000000da980000,0x00000000daed0000,0x00000000daf00000)
  to   space 13312K, 0% used [0x00000000d9500000,0x00000000d9500000,0x00000000da200000)
 ParOldGen       total 72704K, used 16673K [0x0000000081000000, 0x0000000085700000, 0x00000000d5b00000)
  object space 72704K, 22% used [0x0000000081000000,0x0000000082048528,0x0000000085700000)
 Metaspace       used 23879K, capacity 25472K, committed 25728K, reserved 1071104K
  class space    used 3617K, capacity 3918K, committed 3968K, reserved 1048576K
}

