# JRE version: Java(TM) SE Runtime Environment (8.0_151-b12) (build 1.8.0_151-b12)
# Java VM: Java HotSpot(TM) 64-Bit Server VM (25.151-b12 mixed mode windows-amd64 compressed oops)
Heap:
 PSYoungGen      total 111104K, used 14815K [0x00000000d5b00000, 0x00000000de400000, 0x0000000100000000)
  eden space 101376K, 5% used [0x00000000d5b00000,0x00000000d5ffe160,0x00000000dbe00000)
  from space 9728K, 99% used [0x00000000dce80000,0x00000000dd7f9e50,0x00000000dd800000)
  to   space 16896K, 0% used [0x00000000dbe00000,0x00000000dbe00000,0x00000000dce80000)
 ParOldGen       total 64000K, used 29455K [0x0000000081000000, 0x0000000084e80000, 0x00000000d5b00000)
  object space 64000K, 46% used [0x0000000081000000,0x0000000082cc3eb8,0x0000000084e80000)
 Metaspace       used 26414K, capacity 28290K, committed 28544K, reserved 1073152K
  class space    used 3893K, capacity 4222K, committed 4224K, reserved 1048576K
GC Heap History (10 events):
Event: 3.278 GC heap before
{Heap before GC invocations=5 (full 0):
 PSYoungGen      total 38400K, used 9499K [0x00000000d5b00000, 0x00000000d8580000, 0x0000000100000000)
  eden space 33280K, 13% used [0x00000000d5b00000,0x00000000d5f6c828,0x00000000d7b80000)
  from space 5120K, 97% used [0x00000000d8080000,0x00000000d855a760,0x00000000d8580000)
  to   space 5120K, 0% used [0x00000000d7b80000,0x00000000d7b80000,0x00000000d8080000)
 ParOldGen       total 87552K, used 13934K [0x0000000081000000, 0x0000000086580000, 0x00000000d5b00000)
  object space 87552K, 15% used [0x0000000081000000,0x0000000081d9bbe0,0x0000000086580000)
 Metaspace       used 20290K, capacity 21262K, committed 21296K, reserved 1067008K
  class space    used 2959K, capacity 3168K, committed 3200K, reserved 1048576K
Event: 3.284 GC heap after
Heap after GC invocations=5 (full 0):
 PSYoungGen      total 38400K, used 5052K [0x00000000d5b00000, 0x00000000db100000, 0x0000000100000000)
  eden space 33280K, 0% used [0x00000000d5b00000,0x00000000d5b00000,0x00000000d7b80000)
  from space 5120K, 98% used [0x00000000d7b80000,0x00000000d806f1e0,0x00000000d8080000)
  to   space 10752K, 0% used [0x00000000da680000,0x00000000da680000,0x00000000db100000)
 ParOldGen       total 87552K, used 13942K [0x0000000081000000, 0x0000000086580000, 0x00000000d5b00000)
  object space 87552K, 15% used [0x0000000081000000,0x0000000081d9dbe0,0x0000000086580000)
 Metaspace       used 20290K, capacity 21262K, committed 21296K, reserved 1067008K
  class space    used 2959K, capacity 3168K, committed 3200K, reserved 1048576K
}
Event: 3.284 GC heap before
{Heap before GC invocations=6 (full 1):
 PSYoungGen      total 38400K, used 5052K [0x00000000d5b00000, 0x00000000db100000, 0x0000000100000000)
  eden space 33280K, 0% used [0x00000000d5b00000,0x00000000d5b00000,0x00000000d7b80000)
  from space 5120K, 98% used [0x00000000d7b80000,0x00000000d806f1e0,0x00000000d8080000)
  to   space 10752K, 0% used [0x00000000da680000,0x00000000da680000,0x00000000db100000)
 ParOldGen       total 87552K, used 13942K [0x0000000081000000, 0x0000000086580000, 0x00000000d5b00000)
  object space 87552K, 15% used [0x0000000081000000,0x0000000081d9dbe0,0x0000000086580000)
 Metaspace       used 20290K, capacity 21262K, committed 21296K, reserved 1067008K
  class space    used 2959K, capacity 3168K, committed 3200K, reserved 1048576K
Event: 3.318 GC heap after
Heap after GC invocations=6 (full 1):
 PSYoungGen      total 38400K, used 0K [0x00000000d5b00000, 0x00000000db100000, 0x0000000100000000)
  eden space 33280K, 0% used [0x00000000d5b00000,0x00000000d5b00000,0x00000000d7b80000)
  from space 5120K, 0% used [0x00000000d7b80000,0x00000000d7b80000,0x00000000d8080000)
  to   space 10752K, 0% used [0x00000000da680000,0x00000000da680000,0x00000000db100000)
 ParOldGen       total 64000K, used 16698K [0x0000000081000000, 0x0000000084e80000, 0x00000000d5b00000)
  object space 64000K, 26% used [0x0000000081000000,0x000000008204e9d8,0x0000000084e80000)
 Metaspace       used 20290K, capacity 21262K, committed 21296K, reserved 1067008K
  class space    used 2959K, capacity 3168K, committed 3200K, reserved 1048576K
}
Event: 4.218 GC heap before
{Heap before GC invocations=7 (full 1):
 PSYoungGen      total 38400K, used 33280K [0x00000000d5b00000, 0x00000000db100000, 0x0000000100000000)
  eden space 33280K, 100% used [0x00000000d5b00000,0x00000000d7b80000,0x00000000d7b80000)
  from space 5120K, 0% used [0x00000000d7b80000,0x00000000d7b80000,0x00000000d8080000)
  to   space 10752K, 0% used [0x00000000da680000,0x00000000da680000,0x00000000db100000)
 ParOldGen       total 64000K, used 16698K [0x0000000081000000, 0x0000000084e80000, 0x00000000d5b00000)
  object space 64000K, 26% used [0x0000000081000000,0x000000008204e9d8,0x0000000084e80000)
 Metaspace       used 20954K, capacity 22066K, committed 22272K, reserved 1069056K
  class space    used 3101K, capacity 3308K, committed 3328K, reserved 1048576K
Event: 4.220 GC heap after
Heap after GC invocations=7 (full 1):
 PSYoungGen      total 64000K, used 3452K [0x00000000d5b00000, 0x00000000daa00000, 0x0000000100000000)
  eden space 60416K, 0% used [0x00000000d5b00000,0x00000000d5b00000,0x00000000d9600000)
  from space 3584K, 96% used [0x00000000da680000,0x00000000da9df2c0,0x00000000daa00000)
  to   space 10240K, 0% used [0x00000000d9600000,0x00000000d9600000,0x00000000da000000)
 ParOldGen       total 64000K, used 16706K [0x0000000081000000, 0x0000000084e80000, 0x00000000d5b00000)
  object space 64000K, 26% used [0x0000000081000000,0x00000000820509d8,0x0000000084e80000)
 Metaspace       used 20954K, capacity 22066K, committed 22272K, reserved 1069056K
  class space    used 3101K, capacity 3308K, committed 3328K, reserved 1048576K
}
Event: 4.548 GC heap before
{Heap before GC invocations=8 (full 1):
 PSYoungGen      total 64000K, used 63222K [0x00000000d5b00000, 0x00000000daa00000, 0x0000000100000000)
  eden space 60416K, 98% used [0x00000000d5b00000,0x00000000d955e738,0x00000000d9600000)
  from space 3584K, 96% used [0x00000000da680000,0x00000000da9df2c0,0x00000000daa00000)
  to   space 10240K, 0% used [0x00000000d9600000,0x00000000d9600000,0x00000000da000000)
 ParOldGen       total 64000K, used 16706K [0x0000000081000000, 0x0000000084e80000, 0x00000000d5b00000)
  object space 64000K, 26% used [0x0000000081000000,0x00000000820509d8,0x0000000084e80000)
 Metaspace       used 21111K, capacity 22240K, committed 22272K, reserved 1069056K
  class space    used 3111K, capacity 3325K, committed 3328K, reserved 1048576K
Event: 4.555 GC heap after
Heap after GC invocations=8 (full 1):
 PSYoungGen      total 70656K, used 4920K [0x00000000d5b00000, 0x00000000dd800000, 0x0000000100000000)
  eden space 60416K, 0% used [0x00000000d5b00000,0x00000000d5b00000,0x00000000d9600000)
  from space 10240K, 48% used [0x00000000d9600000,0x00000000d9ace1c0,0x00000000da000000)
  to   space 9728K, 0% used [0x00000000dce80000,0x00000000dce80000,0x00000000dd800000)
 ParOldGen       total 64000K, used 16706K [0x0000000081000000, 0x0000000084e80000, 0x00000000d5b00000)
  object space 64000K, 26% used [0x0000000081000000,0x00000000820509d8,0x0000000084e80000)
 Metaspace       used 21111K, capacity 22240K, committed 22272K, reserved 1069056K
  class space    used 3111K, capacity 3325K, committed 3328K, reserved 1048576K
}
Event: 7.004 GC heap before
{Heap before GC invocations=9 (full 1):
 PSYoungGen      total 70656K, used 65336K [0x00000000d5b00000, 0x00000000dd800000, 0x0000000100000000)
  eden space 60416K, 100% used [0x00000000d5b00000,0x00000000d9600000,0x00000000d9600000)
  from space 10240K, 48% used [0x00000000d9600000,0x00000000d9ace1c0,0x00000000da000000)
  to   space 9728K, 0% used [0x00000000dce80000,0x00000000dce80000,0x00000000dd800000)
 ParOldGen       total 64000K, used 16706K [0x0000000081000000, 0x0000000084e80000, 0x00000000d5b00000)
  object space 64000K, 26% used [0x0000000081000000,0x00000000820509d8,0x0000000084e80000)
 Metaspace       used 26091K, capacity 27992K, committed 28032K, reserved 1073152K
  class space    used 3874K, capacity 4215K, committed 4224K, reserved 1048576K
Event: 7.033 GC heap after
Heap after GC invocations=9 (full 1):
 PSYoungGen      total 111104K, used 9703K [0x00000000d5b00000, 0x00000000de400000, 0x0000000100000000)
  eden space 101376K, 0% used [0x00000000d5b00000,0x00000000d5b00000,0x00000000dbe00000)
  from space 9728K, 99% used [0x00000000dce80000,0x00000000dd7f9e50,0x00000000dd800000)
  to   space 16896K, 0% used [0x00000000dbe00000,0x00000000dbe00000,0x00000000dce80000)
 ParOldGen       total 64000K, used 29455K [0x0000000081000000, 0x0000000084e80000, 0x00000000d5b00000)
  object space 64000K, 46% used [0x0000000081000000,0x0000000082cc3eb8,0x0000000084e80000)
 Metaspace       used 26091K, capacity 27992K, committed 28032K, reserved 1073152K
  class space    used 3874K, capacity 4215K, committed 4224K, reserved 1048576K
}

