# JRE version: Java(TM) SE Runtime Environment (8.0_161-b12) (build 1.8.0_161-b12)
# Java VM: Java HotSpot(TM) 64-Bit Server VM (25.161-b12 mixed mode windows-amd64 compressed oops)
Heap:
 PSYoungGen      total 154112K, used 56171K [0x00000000d6000000, 0x00000000e5b80000, 0x0000000100000000)
  eden space 131072K, 30% used [0x00000000d6000000,0x00000000d8788e18,0x00000000de000000)
  from space 23040K, 68% used [0x00000000de000000,0x00000000def51e70,0x00000000df680000)
  to   space 24064K, 0% used [0x00000000e4400000,0x00000000e4400000,0x00000000e5b80000)
 ParOldGen       total 102400K, used 38347K [0x0000000082000000, 0x0000000088400000, 0x00000000d6000000)
  object space 102400K, 37% used [0x0000000082000000,0x0000000084572e00,0x0000000088400000)
 Metaspace       used 25717K, capacity 28100K, committed 28288K, reserved 1073152K
  class space    used 3766K, capacity 4162K, committed 4224K, reserved 1048576K
GC Heap History (10 events):
Event: 2.683 GC heap before
{Heap before GC invocations=4 (full 0):
 PSYoungGen      total 37888K, used 37886K [0x00000000d6000000, 0x00000000daa00000, 0x0000000100000000)
  eden space 32768K, 100% used [0x00000000d6000000,0x00000000d8000000,0x00000000d8000000)
  from space 5120K, 99% used [0x00000000d8000000,0x00000000d84ff960,0x00000000d8500000)
  to   space 5120K, 0% used [0x00000000da500000,0x00000000da500000,0x00000000daa00000)
 ParOldGen       total 86016K, used 26490K [0x0000000082000000, 0x0000000087400000, 0x00000000d6000000)
  object space 86016K, 30% used [0x0000000082000000,0x00000000839dea18,0x0000000087400000)
 Metaspace       used 17608K, capacity 18482K, committed 18688K, reserved 1064960K
  class space    used 2492K, capacity 2701K, committed 2816K, reserved 1048576K
Event: 2.690 GC heap after
Heap after GC invocations=4 (full 0):
 PSYoungGen      total 70656K, used 5089K [0x00000000d6000000, 0x00000000daa00000, 0x0000000100000000)
  eden space 65536K, 0% used [0x00000000d6000000,0x00000000d6000000,0x00000000da000000)
  from space 5120K, 99% used [0x00000000da500000,0x00000000da9f84e0,0x00000000daa00000)
  to   space 5120K, 0% used [0x00000000da000000,0x00000000da000000,0x00000000da500000)
 ParOldGen       total 86016K, used 29396K [0x0000000082000000, 0x0000000087400000, 0x00000000d6000000)
  object space 86016K, 34% used [0x0000000082000000,0x0000000083cb5288,0x0000000087400000)
 Metaspace       used 17608K, capacity 18482K, committed 18688K, reserved 1064960K
  class space    used 2492K, capacity 2701K, committed 2816K, reserved 1048576K
}
Event: 3.335 GC heap before
{Heap before GC invocations=5 (full 0):
 PSYoungGen      total 70656K, used 70625K [0x00000000d6000000, 0x00000000daa00000, 0x0000000100000000)
  eden space 65536K, 100% used [0x00000000d6000000,0x00000000da000000,0x00000000da000000)
  from space 5120K, 99% used [0x00000000da500000,0x00000000da9f84e0,0x00000000daa00000)
  to   space 5120K, 0% used [0x00000000da000000,0x00000000da000000,0x00000000da500000)
 ParOldGen       total 86016K, used 29396K [0x0000000082000000, 0x0000000087400000, 0x00000000d6000000)
  object space 86016K, 34% used [0x0000000082000000,0x0000000083cb5288,0x0000000087400000)
 Metaspace       used 19554K, capacity 20808K, committed 21120K, reserved 1067008K
  class space    used 2836K, capacity 3094K, committed 3200K, reserved 1048576K
Event: 3.342 GC heap after
Heap after GC invocations=5 (full 0):
 PSYoungGen      total 70656K, used 5088K [0x00000000d6000000, 0x00000000e1000000, 0x0000000100000000)
  eden space 65536K, 0% used [0x00000000d6000000,0x00000000d6000000,0x00000000da000000)
  from space 5120K, 99% used [0x00000000da000000,0x00000000da4f8050,0x00000000da500000)
  to   space 24576K, 0% used [0x00000000df800000,0x00000000df800000,0x00000000e1000000)
 ParOldGen       total 86016K, used 31495K [0x0000000082000000, 0x0000000087400000, 0x00000000d6000000)
  object space 86016K, 36% used [0x0000000082000000,0x0000000083ec1e70,0x0000000087400000)
 Metaspace       used 19554K, capacity 20808K, committed 21120K, reserved 1067008K
  class space    used 2836K, capacity 3094K, committed 3200K, reserved 1048576K
}
Event: 3.581 GC heap before
{Heap before GC invocations=6 (full 0):
 PSYoungGen      total 70656K, used 24699K [0x00000000d6000000, 0x00000000e1000000, 0x0000000100000000)
  eden space 65536K, 29% used [0x00000000d6000000,0x00000000d7326f28,0x00000000da000000)
  from space 5120K, 99% used [0x00000000da000000,0x00000000da4f8050,0x00000000da500000)
  to   space 24576K, 0% used [0x00000000df800000,0x00000000df800000,0x00000000e1000000)
 ParOldGen       total 86016K, used 31495K [0x0000000082000000, 0x0000000087400000, 0x00000000d6000000)
  object space 86016K, 36% used [0x0000000082000000,0x0000000083ec1e70,0x0000000087400000)
 Metaspace       used 19844K, capacity 21184K, committed 21296K, reserved 1067008K
  class space    used 2888K, capacity 3140K, committed 3200K, reserved 1048576K
Event: 3.588 GC heap after
Heap after GC invocations=6 (full 0):
 PSYoungGen      total 152576K, used 8265K [0x00000000d6000000, 0x00000000e0d00000, 0x0000000100000000)
  eden space 131072K, 0% used [0x00000000d6000000,0x00000000d6000000,0x00000000de000000)
  from space 21504K, 38% used [0x00000000df800000,0x00000000e0012548,0x00000000e0d00000)
  to   space 23040K, 0% used [0x00000000de000000,0x00000000de000000,0x00000000df680000)
 ParOldGen       total 86016K, used 31495K [0x0000000082000000, 0x0000000087400000, 0x00000000d6000000)
  object space 86016K, 36% used [0x0000000082000000,0x0000000083ec1e70,0x0000000087400000)
 Metaspace       used 19844K, capacity 21184K, committed 21296K, reserved 1067008K
  class space    used 2888K, capacity 3140K, committed 3200K, reserved 1048576K
}
Event: 3.588 GC heap before
{Heap before GC invocations=7 (full 1):
 PSYoungGen      total 152576K, used 8265K [0x00000000d6000000, 0x00000000e0d00000, 0x0000000100000000)
  eden space 131072K, 0% used [0x00000000d6000000,0x00000000d6000000,0x00000000de000000)
  from space 21504K, 38% used [0x00000000df800000,0x00000000e0012548,0x00000000e0d00000)
  to   space 23040K, 0% used [0x00000000de000000,0x00000000de000000,0x00000000df680000)
 ParOldGen       total 86016K, used 31495K [0x0000000082000000, 0x0000000087400000, 0x00000000d6000000)
  object space 86016K, 36% used [0x0000000082000000,0x0000000083ec1e70,0x0000000087400000)
 Metaspace       used 19844K, capacity 21184K, committed 21296K, reserved 1067008K
  class space    used 2888K, capacity 3140K, committed 3200K, reserved 1048576K
Event: 3.625 GC heap after
Heap after GC invocations=7 (full 1):
 PSYoungGen      total 152576K, used 0K [0x00000000d6000000, 0x00000000e0d00000, 0x0000000100000000)
  eden space 131072K, 0% used [0x00000000d6000000,0x00000000d6000000,0x00000000de000000)
  from space 21504K, 0% used [0x00000000df800000,0x00000000df800000,0x00000000e0d00000)
  to   space 23040K, 0% used [0x00000000de000000,0x00000000de000000,0x00000000df680000)
 ParOldGen       total 102400K, used 38339K [0x0000000082000000, 0x0000000088400000, 0x00000000d6000000)
  object space 102400K, 37% used [0x0000000082000000,0x0000000084570e00,0x0000000088400000)
 Metaspace       used 19844K, capacity 21184K, committed 21296K, reserved 1067008K
  class space    used 2888K, capacity 3140K, committed 3200K, reserved 1048576K
}
Event: 4.647 GC heap before
{Heap before GC invocations=8 (full 1):
 PSYoungGen      total 152576K, used 131072K [0x00000000d6000000, 0x00000000e0d00000, 0x0000000100000000)
  eden space 131072K, 100% used [0x00000000d6000000,0x00000000de000000,0x00000000de000000)
  from space 21504K, 0% used [0x00000000df800000,0x00000000df800000,0x00000000e0d00000)
  to   space 23040K, 0% used [0x00000000de000000,0x00000000de000000,0x00000000df680000)
 ParOldGen       total 102400K, used 38339K [0x0000000082000000, 0x0000000088400000, 0x00000000d6000000)
  object space 102400K, 37% used [0x0000000082000000,0x0000000084570e00,0x0000000088400000)
 Metaspace       used 23605K, capacity 25810K, committed 25984K, reserved 1071104K
  class space    used 3545K, capacity 3921K, committed 3968K, reserved 1048576K
Event: 4.660 GC heap after
Heap after GC invocations=8 (full 1):
 PSYoungGen      total 154112K, used 15687K [0x00000000d6000000, 0x00000000e5b80000, 0x0000000100000000)
  eden space 131072K, 0% used [0x00000000d6000000,0x00000000d6000000,0x00000000de000000)
  from space 23040K, 68% used [0x00000000de000000,0x00000000def51e70,0x00000000df680000)
  to   space 24064K, 0% used [0x00000000e4400000,0x00000000e4400000,0x00000000e5b80000)
 ParOldGen       total 102400K, used 38347K [0x0000000082000000, 0x0000000088400000, 0x00000000d6000000)
  object space 102400K, 37% used [0x0000000082000000,0x0000000084572e00,0x0000000088400000)
 Metaspace       used 23605K, capacity 25810K, committed 25984K, reserved 1071104K
  class space    used 3545K, capacity 3921K, committed 3968K, reserved 1048576K
}

