# JRE version: Java(TM) SE Runtime Environment (8.0_161-b12) (build 1.8.0_161-b12)
# Java VM: Java HotSpot(TM) 64-Bit Server VM (25.161-b12 mixed mode windows-amd64 compressed oops)
Heap:
 PSYoungGen      total 73216K, used 33387K [0x00000000d6000000, 0x00000000dd380000, 0x0000000100000000)
  eden space 58880K, 32% used [0x00000000d6000000,0x00000000d72a2108,0x00000000d9980000)
  from space 14336K, 99% used [0x00000000d9980000,0x00000000da778b50,0x00000000da780000)
  to   space 19968K, 0% used [0x00000000dc000000,0x00000000dc000000,0x00000000dd380000)
 ParOldGen       total 80896K, used 27061K [0x0000000082000000, 0x0000000086f00000, 0x00000000d6000000)
  object space 80896K, 33% used [0x0000000082000000,0x0000000083a6d518,0x0000000086f00000)
 Metaspace       used 28004K, capacity 30149K, committed 30336K, reserved 1075200K
  class space    used 4061K, capacity 4427K, committed 4480K, reserved 1048576K
GC Heap History (10 events):
Event: 7.287 GC heap before
{Heap before GC invocations=6 (full 1):
 PSYoungGen      total 37888K, used 32768K [0x00000000d6000000, 0x00000000d8a00000, 0x0000000100000000)
  eden space 32768K, 100% used [0x00000000d6000000,0x00000000d8000000,0x00000000d8000000)
  from space 5120K, 0% used [0x00000000d8500000,0x00000000d8500000,0x00000000d8a00000)
  to   space 5120K, 0% used [0x00000000d8000000,0x00000000d8000000,0x00000000d8500000)
 ParOldGen       total 80896K, used 18581K [0x0000000082000000, 0x0000000086f00000, 0x00000000d6000000)
  object space 80896K, 22% used [0x0000000082000000,0x0000000083225668,0x0000000086f00000)
 Metaspace       used 20731K, capacity 21717K, committed 21888K, reserved 1069056K
  class space    used 2947K, capacity 3177K, committed 3200K, reserved 1048576K
Event: 7.289 GC heap after
Heap after GC invocations=6 (full 1):
 PSYoungGen      total 37888K, used 647K [0x00000000d6000000, 0x00000000da880000, 0x0000000100000000)
  eden space 32768K, 0% used [0x00000000d6000000,0x00000000d6000000,0x00000000d8000000)
  from space 5120K, 12% used [0x00000000d8000000,0x00000000d80a1c50,0x00000000d8500000)
  to   space 15360K, 0% used [0x00000000d9980000,0x00000000d9980000,0x00000000da880000)
 ParOldGen       total 80896K, used 18589K [0x0000000082000000, 0x0000000086f00000, 0x00000000d6000000)
  object space 80896K, 22% used [0x0000000082000000,0x0000000083227668,0x0000000086f00000)
 Metaspace       used 20731K, capacity 21717K, committed 21888K, reserved 1069056K
  class space    used 2947K, capacity 3177K, committed 3200K, reserved 1048576K
}
Event: 8.578 GC heap before
{Heap before GC invocations=7 (full 1):
 PSYoungGen      total 37888K, used 33415K [0x00000000d6000000, 0x00000000da880000, 0x0000000100000000)
  eden space 32768K, 100% used [0x00000000d6000000,0x00000000d8000000,0x00000000d8000000)
  from space 5120K, 12% used [0x00000000d8000000,0x00000000d80a1c50,0x00000000d8500000)
  to   space 15360K, 0% used [0x00000000d9980000,0x00000000d9980000,0x00000000da880000)
 ParOldGen       total 80896K, used 18589K [0x0000000082000000, 0x0000000086f00000, 0x00000000d6000000)
  object space 80896K, 22% used [0x0000000082000000,0x0000000083227668,0x0000000086f00000)
 Metaspace       used 21340K, capacity 22687K, committed 22912K, reserved 1069056K
  class space    used 3087K, capacity 3344K, committed 3456K, reserved 1048576K
Event: 8.582 GC heap after
Heap after GC invocations=7 (full 1):
 PSYoungGen      total 55808K, used 2011K [0x00000000d6000000, 0x00000000da680000, 0x0000000100000000)
  eden space 42496K, 0% used [0x00000000d6000000,0x00000000d6000000,0x00000000d8980000)
  from space 13312K, 15% used [0x00000000d9980000,0x00000000d9b76ef0,0x00000000da680000)
  to   space 14848K, 0% used [0x00000000d8980000,0x00000000d8980000,0x00000000d9800000)
 ParOldGen       total 80896K, used 18597K [0x0000000082000000, 0x0000000086f00000, 0x00000000d6000000)
  object space 80896K, 22% used [0x0000000082000000,0x0000000083229668,0x0000000086f00000)
 Metaspace       used 21340K, capacity 22687K, committed 22912K, reserved 1069056K
  class space    used 3087K, capacity 3344K, committed 3456K, reserved 1048576K
}
Event: 9.461 GC heap before
{Heap before GC invocations=8 (full 1):
 PSYoungGen      total 55808K, used 44507K [0x00000000d6000000, 0x00000000da680000, 0x0000000100000000)
  eden space 42496K, 100% used [0x00000000d6000000,0x00000000d8980000,0x00000000d8980000)
  from space 13312K, 15% used [0x00000000d9980000,0x00000000d9b76ef0,0x00000000da680000)
  to   space 14848K, 0% used [0x00000000d8980000,0x00000000d8980000,0x00000000d9800000)
 ParOldGen       total 80896K, used 18597K [0x0000000082000000, 0x0000000086f00000, 0x00000000d6000000)
  object space 80896K, 22% used [0x0000000082000000,0x0000000083229668,0x0000000086f00000)
 Metaspace       used 22607K, capacity 23921K, committed 24064K, reserved 1069056K
  class space    used 3250K, capacity 3511K, committed 3584K, reserved 1048576K
Event: 9.474 GC heap after
Heap after GC invocations=8 (full 1):
 PSYoungGen      total 57344K, used 7923K [0x00000000d6000000, 0x00000000db600000, 0x0000000100000000)
  eden space 42496K, 0% used [0x00000000d6000000,0x00000000d6000000,0x00000000d8980000)
  from space 14848K, 53% used [0x00000000d8980000,0x00000000d913cdb0,0x00000000d9800000)
  to   space 14848K, 0% used [0x00000000da780000,0x00000000da780000,0x00000000db600000)
 ParOldGen       total 80896K, used 18605K [0x0000000082000000, 0x0000000086f00000, 0x00000000d6000000)
  object space 80896K, 22% used [0x0000000082000000,0x000000008322b668,0x0000000086f00000)
 Metaspace       used 22607K, capacity 23921K, committed 24064K, reserved 1069056K
  class space    used 3250K, capacity 3511K, committed 3584K, reserved 1048576K
}
Event: 9.734 GC heap before
{Heap before GC invocations=9 (full 1):
 PSYoungGen      total 57344K, used 50419K [0x00000000d6000000, 0x00000000db600000, 0x0000000100000000)
  eden space 42496K, 100% used [0x00000000d6000000,0x00000000d8980000,0x00000000d8980000)
  from space 14848K, 53% used [0x00000000d8980000,0x00000000d913cdb0,0x00000000d9800000)
  to   space 14848K, 0% used [0x00000000da780000,0x00000000da780000,0x00000000db600000)
 ParOldGen       total 80896K, used 18605K [0x0000000082000000, 0x0000000086f00000, 0x00000000d6000000)
  object space 80896K, 22% used [0x0000000082000000,0x000000008322b668,0x0000000086f00000)
 Metaspace       used 22697K, capacity 24037K, committed 24320K, reserved 1071104K
  class space    used 3254K, capacity 3519K, committed 3584K, reserved 1048576K
Event: 9.738 GC heap after
Heap after GC invocations=9 (full 1):
 PSYoungGen      total 73728K, used 7672K [0x00000000d6000000, 0x00000000db800000, 0x0000000100000000)
  eden space 58880K, 0% used [0x00000000d6000000,0x00000000d6000000,0x00000000d9980000)
  from space 14848K, 51% used [0x00000000da780000,0x00000000daefe1e0,0x00000000db600000)
  to   space 14336K, 0% used [0x00000000d9980000,0x00000000d9980000,0x00000000da780000)
 ParOldGen       total 80896K, used 18613K [0x0000000082000000, 0x0000000086f00000, 0x00000000d6000000)
  object space 80896K, 23% used [0x0000000082000000,0x000000008322d668,0x0000000086f00000)
 Metaspace       used 22697K, capacity 24037K, committed 24320K, reserved 1071104K
  class space    used 3254K, capacity 3519K, committed 3584K, reserved 1048576K
}
Event: 10.997 GC heap before
{Heap before GC invocations=10 (full 1):
 PSYoungGen      total 73728K, used 66552K [0x00000000d6000000, 0x00000000db800000, 0x0000000100000000)
  eden space 58880K, 100% used [0x00000000d6000000,0x00000000d9980000,0x00000000d9980000)
  from space 14848K, 51% used [0x00000000da780000,0x00000000daefe1e0,0x00000000db600000)
  to   space 14336K, 0% used [0x00000000d9980000,0x00000000d9980000,0x00000000da780000)
 ParOldGen       total 80896K, used 18613K [0x0000000082000000, 0x0000000086f00000, 0x00000000d6000000)
  object space 80896K, 23% used [0x0000000082000000,0x000000008322d668,0x0000000086f00000)
 Metaspace       used 26631K, capacity 28617K, committed 28928K, reserved 1073152K
  class space    used 3910K, capacity 4247K, committed 4352K, reserved 1048576K
Event: 11.041 GC heap after
Heap after GC invocations=10 (full 1):
 PSYoungGen      total 73216K, used 14306K [0x00000000d6000000, 0x00000000dd380000, 0x0000000100000000)
  eden space 58880K, 0% used [0x00000000d6000000,0x00000000d6000000,0x00000000d9980000)
  from space 14336K, 99% used [0x00000000d9980000,0x00000000da778b50,0x00000000da780000)
  to   space 19968K, 0% used [0x00000000dc000000,0x00000000dc000000,0x00000000dd380000)
 ParOldGen       total 80896K, used 27061K [0x0000000082000000, 0x0000000086f00000, 0x00000000d6000000)
  object space 80896K, 33% used [0x0000000082000000,0x0000000083a6d518,0x0000000086f00000)
 Metaspace       used 26631K, capacity 28617K, committed 28928K, reserved 1073152K
  class space    used 3910K, capacity 4247K, committed 4352K, reserved 1048576K
}

