# JRE version: Java(TM) SE Runtime Environment (8.0_121-b13) (build 1.8.0_121-b13)
# Java VM: Java HotSpot(TM) 64-Bit Server VM (25.121-b13 mixed mode windows-amd64 compressed oops)
Heap:
 PSYoungGen      total 104960K, used 32085K [0x00000000d5b00000, 0x00000000df700000, 0x0000000100000000)
  eden space 91648K, 20% used [0x00000000d5b00000,0x00000000d6d59500,0x00000000db480000)
  from space 13312K, 99% used [0x00000000dea00000,0x00000000df6fc1f0,0x00000000df700000)
  to   space 17408K, 0% used [0x00000000dd500000,0x00000000dd500000,0x00000000de600000)
 ParOldGen       total 78848K, used 21606K [0x0000000081000000, 0x0000000085d00000, 0x00000000d5b00000)
  object space 78848K, 27% used [0x0000000081000000,0x0000000082519ad8,0x0000000085d00000)
 Metaspace       used 30577K, capacity 32494K, committed 32640K, reserved 1077248K
  class space    used 4298K, capacity 4649K, committed 4736K, reserved 1048576K
GC Heap History (10 events):
Event: 1.575 GC heap before
{Heap before GC invocations=3 (full 0):
 PSYoungGen      total 38400K, used 38384K [0x00000000d5b00000, 0x00000000da600000, 0x0000000100000000)
  eden space 33280K, 100% used [0x00000000d5b00000,0x00000000d7b80000,0x00000000d7b80000)
  from space 5120K, 99% used [0x00000000d8080000,0x00000000d857c090,0x00000000d8580000)
  to   space 5120K, 0% used [0x00000000d7b80000,0x00000000d7b80000,0x00000000d8080000)
 ParOldGen       total 87552K, used 9030K [0x0000000081000000, 0x0000000086580000, 0x00000000d5b00000)
  object space 87552K, 10% used [0x0000000081000000,0x00000000818d19b8,0x0000000086580000)
 Metaspace       used 16813K, capacity 17790K, committed 17920K, reserved 1064960K
  class space    used 2485K, capacity 2715K, committed 2816K, reserved 1048576K
Event: 1.582 GC heap after
Heap after GC invocations=3 (full 0):
 PSYoungGen      total 38400K, used 5104K [0x00000000d5b00000, 0x00000000da600000, 0x0000000100000000)
  eden space 33280K, 0% used [0x00000000d5b00000,0x00000000d5b00000,0x00000000d7b80000)
  from space 5120K, 99% used [0x00000000d7b80000,0x00000000d807c060,0x00000000d8080000)
  to   space 5120K, 0% used [0x00000000da100000,0x00000000da100000,0x00000000da600000)
 ParOldGen       total 87552K, used 10355K [0x0000000081000000, 0x0000000086580000, 0x00000000d5b00000)
  object space 87552K, 11% used [0x0000000081000000,0x0000000081a1ce98,0x0000000086580000)
 Metaspace       used 16813K, capacity 17790K, committed 17920K, reserved 1064960K
  class space    used 2485K, capacity 2715K, committed 2816K, reserved 1048576K
}
Event: 1.798 GC heap before
{Heap before GC invocations=4 (full 0):
 PSYoungGen      total 38400K, used 38384K [0x00000000d5b00000, 0x00000000da600000, 0x0000000100000000)
  eden space 33280K, 100% used [0x00000000d5b00000,0x00000000d7b80000,0x00000000d7b80000)
  from space 5120K, 99% used [0x00000000d7b80000,0x00000000d807c060,0x00000000d8080000)
  to   space 5120K, 0% used [0x00000000da100000,0x00000000da100000,0x00000000da600000)
 ParOldGen       total 87552K, used 10355K [0x0000000081000000, 0x0000000086580000, 0x00000000d5b00000)
  object space 87552K, 11% used [0x0000000081000000,0x0000000081a1ce98,0x0000000086580000)
 Metaspace       used 17049K, capacity 18030K, committed 18176K, reserved 1064960K
  class space    used 2518K, capacity 2733K, committed 2816K, reserved 1048576K
Event: 1.813 GC heap after
Heap after GC invocations=4 (full 0):
 PSYoungGen      total 71680K, used 5104K [0x00000000d5b00000, 0x00000000da600000, 0x0000000100000000)
  eden space 66560K, 0% used [0x00000000d5b00000,0x00000000d5b00000,0x00000000d9c00000)
  from space 5120K, 99% used [0x00000000da100000,0x00000000da5fc040,0x00000000da600000)
  to   space 5120K, 0% used [0x00000000d9c00000,0x00000000d9c00000,0x00000000da100000)
 ParOldGen       total 87552K, used 11186K [0x0000000081000000, 0x0000000086580000, 0x00000000d5b00000)
  object space 87552K, 12% used [0x0000000081000000,0x0000000081aec980,0x0000000086580000)
 Metaspace       used 17049K, capacity 18030K, committed 18176K, reserved 1064960K
  class space    used 2518K, capacity 2733K, committed 2816K, reserved 1048576K
}
Event: 2.502 GC heap before
{Heap before GC invocations=5 (full 0):
 PSYoungGen      total 71680K, used 57207K [0x00000000d5b00000, 0x00000000da600000, 0x0000000100000000)
  eden space 66560K, 78% used [0x00000000d5b00000,0x00000000d8de1f48,0x00000000d9c00000)
  from space 5120K, 99% used [0x00000000da100000,0x00000000da5fc040,0x00000000da600000)
  to   space 5120K, 0% used [0x00000000d9c00000,0x00000000d9c00000,0x00000000da100000)
 ParOldGen       total 87552K, used 11186K [0x0000000081000000, 0x0000000086580000, 0x00000000d5b00000)
  object space 87552K, 12% used [0x0000000081000000,0x0000000081aec980,0x0000000086580000)
 Metaspace       used 19627K, capacity 21120K, committed 21248K, reserved 1067008K
  class space    used 2944K, capacity 3218K, committed 3328K, reserved 1048576K
Event: 2.519 GC heap after
Heap after GC invocations=5 (full 0):
 PSYoungGen      total 71680K, used 5104K [0x00000000d5b00000, 0x00000000df700000, 0x0000000100000000)
  eden space 66560K, 0% used [0x00000000d5b00000,0x00000000d5b00000,0x00000000d9c00000)
  from space 5120K, 99% used [0x00000000d9c00000,0x00000000da0fc040,0x00000000da100000)
  to   space 13312K, 0% used [0x00000000dea00000,0x00000000dea00000,0x00000000df700000)
 ParOldGen       total 87552K, used 13784K [0x0000000081000000, 0x0000000086580000, 0x00000000d5b00000)
  object space 87552K, 15% used [0x0000000081000000,0x0000000081d763b0,0x0000000086580000)
 Metaspace       used 19627K, capacity 21120K, committed 21248K, reserved 1067008K
  class space    used 2944K, capacity 3218K, committed 3328K, reserved 1048576K
}
Event: 2.519 GC heap before
{Heap before GC invocations=6 (full 1):
 PSYoungGen      total 71680K, used 5104K [0x00000000d5b00000, 0x00000000df700000, 0x0000000100000000)
  eden space 66560K, 0% used [0x00000000d5b00000,0x00000000d5b00000,0x00000000d9c00000)
  from space 5120K, 99% used [0x00000000d9c00000,0x00000000da0fc040,0x00000000da100000)
  to   space 13312K, 0% used [0x00000000dea00000,0x00000000dea00000,0x00000000df700000)
 ParOldGen       total 87552K, used 13784K [0x0000000081000000, 0x0000000086580000, 0x00000000d5b00000)
  object space 87552K, 15% used [0x0000000081000000,0x0000000081d763b0,0x0000000086580000)
 Metaspace       used 19627K, capacity 21120K, committed 21248K, reserved 1067008K
  class space    used 2944K, capacity 3218K, committed 3328K, reserved 1048576K
Event: 2.605 GC heap after
Heap after GC invocations=6 (full 1):
 PSYoungGen      total 71680K, used 0K [0x00000000d5b00000, 0x00000000df700000, 0x0000000100000000)
  eden space 66560K, 0% used [0x00000000d5b00000,0x00000000d5b00000,0x00000000d9c00000)
  from space 5120K, 0% used [0x00000000d9c00000,0x00000000d9c00000,0x00000000da100000)
  to   space 13312K, 0% used [0x00000000dea00000,0x00000000dea00000,0x00000000df700000)
 ParOldGen       total 78848K, used 18387K [0x0000000081000000, 0x0000000085d00000, 0x00000000d5b00000)
  object space 78848K, 23% used [0x0000000081000000,0x00000000821f4d98,0x0000000085d00000)
 Metaspace       used 19627K, capacity 21120K, committed 21248K, reserved 1067008K
  class space    used 2944K, capacity 3218K, committed 3328K, reserved 1048576K
}
Event: 18.004 GC heap before
{Heap before GC invocations=7 (full 1):
 PSYoungGen      total 71680K, used 66560K [0x00000000d5b00000, 0x00000000df700000, 0x0000000100000000)
  eden space 66560K, 100% used [0x00000000d5b00000,0x00000000d9c00000,0x00000000d9c00000)
  from space 5120K, 0% used [0x00000000d9c00000,0x00000000d9c00000,0x00000000da100000)
  to   space 13312K, 0% used [0x00000000dea00000,0x00000000dea00000,0x00000000df700000)
 ParOldGen       total 78848K, used 18387K [0x0000000081000000, 0x0000000085d00000, 0x00000000d5b00000)
  object space 78848K, 23% used [0x0000000081000000,0x00000000821f4d98,0x0000000085d00000)
 Metaspace       used 29193K, capacity 30978K, committed 31104K, reserved 1075200K
  class space    used 4097K, capacity 4423K, committed 4480K, reserved 1048576K
Event: 18.032 GC heap after
Heap after GC invocations=7 (full 1):
 PSYoungGen      total 104960K, used 13296K [0x00000000d5b00000, 0x00000000df700000, 0x0000000100000000)
  eden space 91648K, 0% used [0x00000000d5b00000,0x00000000d5b00000,0x00000000db480000)
  from space 13312K, 99% used [0x00000000dea00000,0x00000000df6fc1f0,0x00000000df700000)
  to   space 17408K, 0% used [0x00000000dd500000,0x00000000dd500000,0x00000000de600000)
 ParOldGen       total 78848K, used 21606K [0x0000000081000000, 0x0000000085d00000, 0x00000000d5b00000)
  object space 78848K, 27% used [0x0000000081000000,0x0000000082519ad8,0x0000000085d00000)
 Metaspace       used 29193K, capacity 30978K, committed 31104K, reserved 1075200K
  class space    used 4097K, capacity 4423K, committed 4480K, reserved 1048576K
}

