# JRE version: Java(TM) SE Runtime Environment (8.0_151-b12) (build 1.8.0_151-b12)
# Java VM: Java HotSpot(TM) 64-Bit Server VM (25.151-b12 mixed mode windows-amd64 compressed oops)
Heap:
 PSYoungGen      total 67072K, used 21237K [0x00000000d5b00000, 0x00000000dc700000, 0x0000000100000000)
  eden space 54272K, 15% used [0x00000000d5b00000,0x00000000d6342a78,0x00000000d9000000)
  from space 12800K, 99% used [0x00000000d9000000,0x00000000d9c7aba0,0x00000000d9c80000)
  to   space 17920K, 0% used [0x00000000db580000,0x00000000db580000,0x00000000dc700000)
 ParOldGen       total 74752K, used 26289K [0x0000000081000000, 0x0000000085900000, 0x00000000d5b00000)
  object space 74752K, 35% used [0x0000000081000000,0x00000000829ac560,0x0000000085900000)
 Metaspace       used 27159K, capacity 29100K, committed 29184K, reserved 1075200K
  class space    used 3975K, capacity 4317K, committed 4352K, reserved 1048576K
GC Heap History (10 events):
Event: 10.185 GC heap before
{Heap before GC invocations=6 (full 1):
 PSYoungGen      total 37888K, used 5024K [0x00000000d5b00000, 0x00000000d9600000, 0x0000000100000000)
  eden space 32768K, 0% used [0x00000000d5b00000,0x00000000d5b00000,0x00000000d7b00000)
  from space 5120K, 98% used [0x00000000d7b80000,0x00000000d80681d0,0x00000000d8080000)
  to   space 13824K, 0% used [0x00000000d8880000,0x00000000d8880000,0x00000000d9600000)
 ParOldGen       total 87552K, used 14242K [0x0000000081000000, 0x0000000086580000, 0x00000000d5b00000)
  object space 87552K, 16% used [0x0000000081000000,0x0000000081de8a90,0x0000000086580000)
 Metaspace       used 20302K, capacity 21262K, committed 21296K, reserved 1067008K
  class space    used 2956K, capacity 3168K, committed 3200K, reserved 1048576K
Event: 10.250 GC heap after
Heap after GC invocations=6 (full 1):
 PSYoungGen      total 37888K, used 0K [0x00000000d5b00000, 0x00000000d9600000, 0x0000000100000000)
  eden space 32768K, 0% used [0x00000000d5b00000,0x00000000d5b00000,0x00000000d7b00000)
  from space 5120K, 0% used [0x00000000d7b80000,0x00000000d7b80000,0x00000000d8080000)
  to   space 13824K, 0% used [0x00000000d8880000,0x00000000d8880000,0x00000000d9600000)
 ParOldGen       total 74752K, used 18197K [0x0000000081000000, 0x0000000085900000, 0x00000000d5b00000)
  object space 74752K, 24% used [0x0000000081000000,0x00000000821c5640,0x0000000085900000)
 Metaspace       used 20302K, capacity 21262K, committed 21296K, reserved 1067008K
  class space    used 2956K, capacity 3168K, committed 3200K, reserved 1048576K
}
Event: 11.208 GC heap before
{Heap before GC invocations=7 (full 1):
 PSYoungGen      total 37888K, used 32768K [0x00000000d5b00000, 0x00000000d9600000, 0x0000000100000000)
  eden space 32768K, 100% used [0x00000000d5b00000,0x00000000d7b00000,0x00000000d7b00000)
  from space 5120K, 0% used [0x00000000d7b80000,0x00000000d7b80000,0x00000000d8080000)
  to   space 13824K, 0% used [0x00000000d8880000,0x00000000d8880000,0x00000000d9600000)
 ParOldGen       total 74752K, used 18197K [0x0000000081000000, 0x0000000085900000, 0x00000000d5b00000)
  object space 74752K, 24% used [0x0000000081000000,0x00000000821c5640,0x0000000085900000)
 Metaspace       used 21756K, capacity 22830K, committed 22912K, reserved 1069056K
  class space    used 3193K, capacity 3436K, committed 3456K, reserved 1048576K
Event: 11.212 GC heap after
Heap after GC invocations=7 (full 1):
 PSYoungGen      total 47104K, used 4266K [0x00000000d5b00000, 0x00000000da600000, 0x0000000100000000)
  eden space 33280K, 0% used [0x00000000d5b00000,0x00000000d5b00000,0x00000000d7b80000)
  from space 13824K, 30% used [0x00000000d8880000,0x00000000d8caa9a0,0x00000000d9600000)
  to   space 13312K, 0% used [0x00000000d7b80000,0x00000000d7b80000,0x00000000d8880000)
 ParOldGen       total 74752K, used 18205K [0x0000000081000000, 0x0000000085900000, 0x00000000d5b00000)
  object space 74752K, 24% used [0x0000000081000000,0x00000000821c7640,0x0000000085900000)
 Metaspace       used 21756K, capacity 22830K, committed 22912K, reserved 1069056K
  class space    used 3193K, capacity 3436K, committed 3456K, reserved 1048576K
}
Event: 11.519 GC heap before
{Heap before GC invocations=8 (full 1):
 PSYoungGen      total 47104K, used 37546K [0x00000000d5b00000, 0x00000000da600000, 0x0000000100000000)
  eden space 33280K, 100% used [0x00000000d5b00000,0x00000000d7b80000,0x00000000d7b80000)
  from space 13824K, 30% used [0x00000000d8880000,0x00000000d8caa9a0,0x00000000d9600000)
  to   space 13312K, 0% used [0x00000000d7b80000,0x00000000d7b80000,0x00000000d8880000)
 ParOldGen       total 74752K, used 18205K [0x0000000081000000, 0x0000000085900000, 0x00000000d5b00000)
  object space 74752K, 24% used [0x0000000081000000,0x00000000821c7640,0x0000000085900000)
 Metaspace       used 21809K, capacity 22856K, committed 22912K, reserved 1069056K
  class space    used 3194K, capacity 3439K, committed 3456K, reserved 1048576K
Event: 11.525 GC heap after
Heap after GC invocations=8 (full 1):
 PSYoungGen      total 46592K, used 3907K [0x00000000d5b00000, 0x00000000da980000, 0x0000000100000000)
  eden space 33280K, 0% used [0x00000000d5b00000,0x00000000d5b00000,0x00000000d7b80000)
  from space 13312K, 29% used [0x00000000d7b80000,0x00000000d7f50f10,0x00000000d8880000)
  to   space 13312K, 0% used [0x00000000d9c80000,0x00000000d9c80000,0x00000000da980000)
 ParOldGen       total 74752K, used 18205K [0x0000000081000000, 0x0000000085900000, 0x00000000d5b00000)
  object space 74752K, 24% used [0x0000000081000000,0x00000000821c7640,0x0000000085900000)
 Metaspace       used 21809K, capacity 22856K, committed 22912K, reserved 1069056K
  class space    used 3194K, capacity 3439K, committed 3456K, reserved 1048576K
}
Event: 11.911 GC heap before
{Heap before GC invocations=9 (full 1):
 PSYoungGen      total 46592K, used 36014K [0x00000000d5b00000, 0x00000000da980000, 0x0000000100000000)
  eden space 33280K, 96% used [0x00000000d5b00000,0x00000000d7a5a9c0,0x00000000d7b80000)
  from space 13312K, 29% used [0x00000000d7b80000,0x00000000d7f50f10,0x00000000d8880000)
  to   space 13312K, 0% used [0x00000000d9c80000,0x00000000d9c80000,0x00000000da980000)
 ParOldGen       total 74752K, used 18205K [0x0000000081000000, 0x0000000085900000, 0x00000000d5b00000)
  object space 74752K, 24% used [0x0000000081000000,0x00000000821c7640,0x0000000085900000)
 Metaspace       used 21918K, capacity 23072K, committed 23168K, reserved 1069056K
  class space    used 3202K, capacity 3453K, committed 3456K, reserved 1048576K
Event: 11.917 GC heap after
Heap after GC invocations=9 (full 1):
 PSYoungGen      total 67584K, used 5080K [0x00000000d5b00000, 0x00000000da980000, 0x0000000100000000)
  eden space 54272K, 0% used [0x00000000d5b00000,0x00000000d5b00000,0x00000000d9000000)
  from space 13312K, 38% used [0x00000000d9c80000,0x00000000da1761c0,0x00000000da980000)
  to   space 12800K, 0% used [0x00000000d9000000,0x00000000d9000000,0x00000000d9c80000)
 ParOldGen       total 74752K, used 18205K [0x0000000081000000, 0x0000000085900000, 0x00000000d5b00000)
  object space 74752K, 24% used [0x0000000081000000,0x00000000821c7640,0x0000000085900000)
 Metaspace       used 21918K, capacity 23072K, committed 23168K, reserved 1069056K
  class space    used 3202K, capacity 3453K, committed 3456K, reserved 1048576K
}
Event: 16.611 GC heap before
{Heap before GC invocations=10 (full 1):
 PSYoungGen      total 67584K, used 59352K [0x00000000d5b00000, 0x00000000da980000, 0x0000000100000000)
  eden space 54272K, 100% used [0x00000000d5b00000,0x00000000d9000000,0x00000000d9000000)
  from space 13312K, 38% used [0x00000000d9c80000,0x00000000da1761c0,0x00000000da980000)
  to   space 12800K, 0% used [0x00000000d9000000,0x00000000d9000000,0x00000000d9c80000)
 ParOldGen       total 74752K, used 18205K [0x0000000081000000, 0x0000000085900000, 0x00000000d5b00000)
  object space 74752K, 24% used [0x0000000081000000,0x00000000821c7640,0x0000000085900000)
 Metaspace       used 26670K, capacity 28506K, committed 28672K, reserved 1073152K
  class space    used 3933K, capacity 4258K, committed 4352K, reserved 1048576K
Event: 16.655 GC heap after
Heap after GC invocations=10 (full 1):
 PSYoungGen      total 67072K, used 12778K [0x00000000d5b00000, 0x00000000dc700000, 0x0000000100000000)
  eden space 54272K, 0% used [0x00000000d5b00000,0x00000000d5b00000,0x00000000d9000000)
  from space 12800K, 99% used [0x00000000d9000000,0x00000000d9c7aba0,0x00000000d9c80000)
  to   space 17920K, 0% used [0x00000000db580000,0x00000000db580000,0x00000000dc700000)
 ParOldGen       total 74752K, used 26289K [0x0000000081000000, 0x0000000085900000, 0x00000000d5b00000)
  object space 74752K, 35% used [0x0000000081000000,0x00000000829ac560,0x0000000085900000)
 Metaspace       used 26670K, capacity 28506K, committed 28672K, reserved 1073152K
  class space    used 3933K, capacity 4258K, committed 4352K, reserved 1048576K
}

