# JRE version: Java(TM) SE Runtime Environment (8.0_161-b12) (build 1.8.0_161-b12)
# Java VM: Java HotSpot(TM) 64-Bit Server VM (25.161-b12 mixed mode windows-amd64 compressed oops)
Heap:
 PSYoungGen      total 70656K, used 60321K [0x00000000d6000000, 0x00000000dfb00000, 0x0000000100000000)
  eden space 65536K, 92% used [0x00000000d6000000,0x00000000d9ae84f0,0x00000000da000000)
  from space 5120K, 0% used [0x00000000da000000,0x00000000da000000,0x00000000da500000)
  to   space 13824K, 0% used [0x00000000ded80000,0x00000000ded80000,0x00000000dfb00000)
 ParOldGen       total 73216K, used 16859K [0x0000000082000000, 0x0000000086780000, 0x00000000d6000000)
  object space 73216K, 23% used [0x0000000082000000,0x0000000083076e40,0x0000000086780000)
 Metaspace       used 25812K, capacity 27550K, committed 27696K, reserved 1073152K
  class space    used 3761K, capacity 4083K, committed 4144K, reserved 1048576K
GC Heap History (10 events):
Event: 1.586 GC heap before
{Heap before GC invocations=2 (full 0):
 PSYoungGen      total 37888K, used 36368K [0x00000000d6000000, 0x00000000d8a00000, 0x0000000100000000)
  eden space 32768K, 100% used [0x00000000d6000000,0x00000000d8000000,0x00000000d8000000)
  from space 5120K, 70% used [0x00000000d8000000,0x00000000d8384030,0x00000000d8500000)
  to   space 5120K, 0% used [0x00000000d8500000,0x00000000d8500000,0x00000000d8a00000)
 ParOldGen       total 86016K, used 80K [0x0000000082000000, 0x0000000087400000, 0x00000000d6000000)
  object space 86016K, 0% used [0x0000000082000000,0x0000000082014010,0x0000000087400000)
 Metaspace       used 14801K, capacity 15366K, committed 15616K, reserved 1062912K
  class space    used 2031K, capacity 2193K, committed 2304K, reserved 1048576K
Event: 1.595 GC heap after
Heap after GC invocations=2 (full 0):
 PSYoungGen      total 37888K, used 5097K [0x00000000d6000000, 0x00000000d8a00000, 0x0000000100000000)
  eden space 32768K, 0% used [0x00000000d6000000,0x00000000d6000000,0x00000000d8000000)
  from space 5120K, 99% used [0x00000000d8500000,0x00000000d89fa5c0,0x00000000d8a00000)
  to   space 5120K, 0% used [0x00000000d8000000,0x00000000d8000000,0x00000000d8500000)
 ParOldGen       total 86016K, used 9100K [0x0000000082000000, 0x0000000087400000, 0x00000000d6000000)
  object space 86016K, 10% used [0x0000000082000000,0x00000000828e30e0,0x0000000087400000)
 Metaspace       used 14801K, capacity 15366K, committed 15616K, reserved 1062912K
  class space    used 2031K, capacity 2193K, committed 2304K, reserved 1048576K
}
Event: 2.214 GC heap before
{Heap before GC invocations=3 (full 0):
 PSYoungGen      total 37888K, used 37865K [0x00000000d6000000, 0x00000000d8a00000, 0x0000000100000000)
  eden space 32768K, 100% used [0x00000000d6000000,0x00000000d8000000,0x00000000d8000000)
  from space 5120K, 99% used [0x00000000d8500000,0x00000000d89fa5c0,0x00000000d8a00000)
  to   space 5120K, 0% used [0x00000000d8000000,0x00000000d8000000,0x00000000d8500000)
 ParOldGen       total 86016K, used 9100K [0x0000000082000000, 0x0000000087400000, 0x00000000d6000000)
  object space 86016K, 10% used [0x0000000082000000,0x00000000828e30e0,0x0000000087400000)
 Metaspace       used 18288K, capacity 18936K, committed 19072K, reserved 1064960K
  class space    used 2488K, capacity 2674K, committed 2688K, reserved 1048576K
Event: 2.223 GC heap after
Heap after GC invocations=3 (full 0):
 PSYoungGen      total 37888K, used 5113K [0x00000000d6000000, 0x00000000daa00000, 0x0000000100000000)
  eden space 32768K, 0% used [0x00000000d6000000,0x00000000d6000000,0x00000000d8000000)
  from space 5120K, 99% used [0x00000000d8000000,0x00000000d84fe590,0x00000000d8500000)
  to   space 5120K, 0% used [0x00000000da500000,0x00000000da500000,0x00000000daa00000)
 ParOldGen       total 86016K, used 12709K [0x0000000082000000, 0x0000000087400000, 0x00000000d6000000)
  object space 86016K, 14% used [0x0000000082000000,0x0000000082c69510,0x0000000087400000)
 Metaspace       used 18288K, capacity 18936K, committed 19072K, reserved 1064960K
  class space    used 2488K, capacity 2674K, committed 2688K, reserved 1048576K
}
Event: 2.583 GC heap before
{Heap before GC invocations=4 (full 0):
 PSYoungGen      total 37888K, used 37881K [0x00000000d6000000, 0x00000000daa00000, 0x0000000100000000)
  eden space 32768K, 100% used [0x00000000d6000000,0x00000000d8000000,0x00000000d8000000)
  from space 5120K, 99% used [0x00000000d8000000,0x00000000d84fe590,0x00000000d8500000)
  to   space 5120K, 0% used [0x00000000da500000,0x00000000da500000,0x00000000daa00000)
 ParOldGen       total 86016K, used 12709K [0x0000000082000000, 0x0000000087400000, 0x00000000d6000000)
  object space 86016K, 14% used [0x0000000082000000,0x0000000082c69510,0x0000000087400000)
 Metaspace       used 20133K, capacity 21018K, committed 21248K, reserved 1067008K
  class space    used 2850K, capacity 3057K, committed 3072K, reserved 1048576K
Event: 2.590 GC heap after
Heap after GC invocations=4 (full 0):
 PSYoungGen      total 70656K, used 4471K [0x00000000d6000000, 0x00000000daa00000, 0x0000000100000000)
  eden space 65536K, 0% used [0x00000000d6000000,0x00000000d6000000,0x00000000da000000)
  from space 5120K, 87% used [0x00000000da500000,0x00000000da95dce0,0x00000000daa00000)
  to   space 5120K, 0% used [0x00000000da000000,0x00000000da000000,0x00000000da500000)
 ParOldGen       total 86016K, used 14438K [0x0000000082000000, 0x0000000087400000, 0x00000000d6000000)
  object space 86016K, 16% used [0x0000000082000000,0x0000000082e19a20,0x0000000087400000)
 Metaspace       used 20133K, capacity 21018K, committed 21248K, reserved 1067008K
  class space    used 2850K, capacity 3057K, committed 3072K, reserved 1048576K
}
Event: 2.729 GC heap before
{Heap before GC invocations=5 (full 0):
 PSYoungGen      total 70656K, used 23352K [0x00000000d6000000, 0x00000000daa00000, 0x0000000100000000)
  eden space 65536K, 28% used [0x00000000d6000000,0x00000000d72705b8,0x00000000da000000)
  from space 5120K, 87% used [0x00000000da500000,0x00000000da95dce0,0x00000000daa00000)
  to   space 5120K, 0% used [0x00000000da000000,0x00000000da000000,0x00000000da500000)
 ParOldGen       total 86016K, used 14438K [0x0000000082000000, 0x0000000087400000, 0x00000000d6000000)
  object space 86016K, 16% used [0x0000000082000000,0x0000000082e19a20,0x0000000087400000)
 Metaspace       used 20377K, capacity 21274K, committed 21296K, reserved 1067008K
  class space    used 2904K, capacity 3105K, committed 3120K, reserved 1048576K
Event: 2.735 GC heap after
Heap after GC invocations=5 (full 0):
 PSYoungGen      total 70656K, used 4761K [0x00000000d6000000, 0x00000000dfb00000, 0x0000000100000000)
  eden space 65536K, 0% used [0x00000000d6000000,0x00000000d6000000,0x00000000da000000)
  from space 5120K, 93% used [0x00000000da000000,0x00000000da4a6770,0x00000000da500000)
  to   space 13824K, 0% used [0x00000000ded80000,0x00000000ded80000,0x00000000dfb00000)
 ParOldGen       total 86016K, used 14446K [0x0000000082000000, 0x0000000087400000, 0x00000000d6000000)
  object space 86016K, 16% used [0x0000000082000000,0x0000000082e1ba20,0x0000000087400000)
 Metaspace       used 20377K, capacity 21274K, committed 21296K, reserved 1067008K
  class space    used 2904K, capacity 3105K, committed 3120K, reserved 1048576K
}
Event: 2.735 GC heap before
{Heap before GC invocations=6 (full 1):
 PSYoungGen      total 70656K, used 4761K [0x00000000d6000000, 0x00000000dfb00000, 0x0000000100000000)
  eden space 65536K, 0% used [0x00000000d6000000,0x00000000d6000000,0x00000000da000000)
  from space 5120K, 93% used [0x00000000da000000,0x00000000da4a6770,0x00000000da500000)
  to   space 13824K, 0% used [0x00000000ded80000,0x00000000ded80000,0x00000000dfb00000)
 ParOldGen       total 86016K, used 14446K [0x0000000082000000, 0x0000000087400000, 0x00000000d6000000)
  object space 86016K, 16% used [0x0000000082000000,0x0000000082e1ba20,0x0000000087400000)
 Metaspace       used 20377K, capacity 21274K, committed 21296K, reserved 1067008K
  class space    used 2904K, capacity 3105K, committed 3120K, reserved 1048576K
Event: 2.772 GC heap after
Heap after GC invocations=6 (full 1):
 PSYoungGen      total 70656K, used 0K [0x00000000d6000000, 0x00000000dfb00000, 0x0000000100000000)
  eden space 65536K, 0% used [0x00000000d6000000,0x00000000d6000000,0x00000000da000000)
  from space 5120K, 0% used [0x00000000da000000,0x00000000da000000,0x00000000da500000)
  to   space 13824K, 0% used [0x00000000ded80000,0x00000000ded80000,0x00000000dfb00000)
 ParOldGen       total 73216K, used 16859K [0x0000000082000000, 0x0000000086780000, 0x00000000d6000000)
  object space 73216K, 23% used [0x0000000082000000,0x0000000083076e40,0x0000000086780000)
 Metaspace       used 20377K, capacity 21274K, committed 21296K, reserved 1067008K
  class space    used 2904K, capacity 3105K, committed 3120K, reserved 1048576K
}

