# JRE version: Java(TM) SE Runtime Environment (8.0_161-b12) (build 1.8.0_161-b12)
# Java VM: Java HotSpot(TM) 64-Bit Server VM (25.161-b12 mixed mode windows-amd64 compressed oops)
Heap:
 PSYoungGen      total 107008K, used 90355K [0x00000000d6000000, 0x00000000dd500000, 0x0000000100000000)
  eden space 93696K, 88% used [0x00000000d6000000,0x00000000db100998,0x00000000dbb80000)
  from space 13312K, 55% used [0x00000000dc800000,0x00000000dcf3c590,0x00000000dd500000)
  to   space 12800K, 0% used [0x00000000dbb80000,0x00000000dbb80000,0x00000000dc800000)
 ParOldGen       total 76288K, used 16615K [0x0000000082000000, 0x0000000086a80000, 0x00000000d6000000)
  object space 76288K, 21% used [0x0000000082000000,0x0000000083039cf8,0x0000000086a80000)
 Metaspace       used 27441K, capacity 29340K, committed 29440K, reserved 1075200K
  class space    used 4015K, capacity 4335K, committed 4352K, reserved 1048576K
GC Heap History (10 events):
Event: 1.499 GC heap before
{Heap before GC invocations=3 (full 0):
 PSYoungGen      total 37888K, used 37881K [0x00000000d6000000, 0x00000000daa00000, 0x0000000100000000)
  eden space 32768K, 100% used [0x00000000d6000000,0x00000000d8000000,0x00000000d8000000)
  from space 5120K, 99% used [0x00000000d8500000,0x00000000d89fe5b0,0x00000000d8a00000)
  to   space 5120K, 0% used [0x00000000d8000000,0x00000000d8000000,0x00000000d8500000)
 ParOldGen       total 86016K, used 8749K [0x0000000082000000, 0x0000000087400000, 0x00000000d6000000)
  object space 86016K, 10% used [0x0000000082000000,0x000000008288b6d8,0x0000000087400000)
 Metaspace       used 18738K, capacity 19384K, committed 19456K, reserved 1067008K
  class space    used 2606K, capacity 2805K, committed 2816K, reserved 1048576K
Event: 1.504 GC heap after
Heap after GC invocations=3 (full 0):
 PSYoungGen      total 37888K, used 5113K [0x00000000d6000000, 0x00000000daa00000, 0x0000000100000000)
  eden space 32768K, 0% used [0x00000000d6000000,0x00000000d6000000,0x00000000d8000000)
  from space 5120K, 99% used [0x00000000d8000000,0x00000000d84fe590,0x00000000d8500000)
  to   space 5120K, 0% used [0x00000000da500000,0x00000000da500000,0x00000000daa00000)
 ParOldGen       total 86016K, used 12784K [0x0000000082000000, 0x0000000087400000, 0x00000000d6000000)
  object space 86016K, 14% used [0x0000000082000000,0x0000000082c7c250,0x0000000087400000)
 Metaspace       used 18738K, capacity 19384K, committed 19456K, reserved 1067008K
  class space    used 2606K, capacity 2805K, committed 2816K, reserved 1048576K
}
Event: 1.697 GC heap before
{Heap before GC invocations=4 (full 0):
 PSYoungGen      total 37888K, used 34572K [0x00000000d6000000, 0x00000000daa00000, 0x0000000100000000)
  eden space 32768K, 89% used [0x00000000d6000000,0x00000000d7cc4d80,0x00000000d8000000)
  from space 5120K, 99% used [0x00000000d8000000,0x00000000d84fe590,0x00000000d8500000)
  to   space 5120K, 0% used [0x00000000da500000,0x00000000da500000,0x00000000daa00000)
 ParOldGen       total 86016K, used 12784K [0x0000000082000000, 0x0000000087400000, 0x00000000d6000000)
  object space 86016K, 14% used [0x0000000082000000,0x0000000082c7c250,0x0000000087400000)
 Metaspace       used 20285K, capacity 21184K, committed 21296K, reserved 1067008K
  class space    used 2900K, capacity 3137K, committed 3200K, reserved 1048576K
Event: 1.703 GC heap after
Heap after GC invocations=4 (full 0):
 PSYoungGen      total 70656K, used 4295K [0x00000000d6000000, 0x00000000daa00000, 0x0000000100000000)
  eden space 65536K, 0% used [0x00000000d6000000,0x00000000d6000000,0x00000000da000000)
  from space 5120K, 83% used [0x00000000da500000,0x00000000da931cd0,0x00000000daa00000)
  to   space 5120K, 0% used [0x00000000da000000,0x00000000da000000,0x00000000da500000)
 ParOldGen       total 86016K, used 14513K [0x0000000082000000, 0x0000000087400000, 0x00000000d6000000)
  object space 86016K, 16% used [0x0000000082000000,0x0000000082e2c760,0x0000000087400000)
 Metaspace       used 20285K, capacity 21184K, committed 21296K, reserved 1067008K
  class space    used 2900K, capacity 3137K, committed 3200K, reserved 1048576K
}
Event: 1.703 GC heap before
{Heap before GC invocations=5 (full 1):
 PSYoungGen      total 70656K, used 4295K [0x00000000d6000000, 0x00000000daa00000, 0x0000000100000000)
  eden space 65536K, 0% used [0x00000000d6000000,0x00000000d6000000,0x00000000da000000)
  from space 5120K, 83% used [0x00000000da500000,0x00000000da931cd0,0x00000000daa00000)
  to   space 5120K, 0% used [0x00000000da000000,0x00000000da000000,0x00000000da500000)
 ParOldGen       total 86016K, used 14513K [0x0000000082000000, 0x0000000087400000, 0x00000000d6000000)
  object space 86016K, 16% used [0x0000000082000000,0x0000000082e2c760,0x0000000087400000)
 Metaspace       used 20285K, capacity 21184K, committed 21296K, reserved 1067008K
  class space    used 2900K, capacity 3137K, committed 3200K, reserved 1048576K
Event: 1.737 GC heap after
Heap after GC invocations=5 (full 1):
 PSYoungGen      total 70656K, used 0K [0x00000000d6000000, 0x00000000daa00000, 0x0000000100000000)
  eden space 65536K, 0% used [0x00000000d6000000,0x00000000d6000000,0x00000000da000000)
  from space 5120K, 0% used [0x00000000da500000,0x00000000da500000,0x00000000daa00000)
  to   space 5120K, 0% used [0x00000000da000000,0x00000000da000000,0x00000000da500000)
 ParOldGen       total 76288K, used 16483K [0x0000000082000000, 0x0000000086a80000, 0x00000000d6000000)
  object space 76288K, 21% used [0x0000000082000000,0x0000000083018c08,0x0000000086a80000)
 Metaspace       used 20285K, capacity 21184K, committed 21296K, reserved 1067008K
  class space    used 2900K, capacity 3137K, committed 3200K, reserved 1048576K
}
Event: 2.131 GC heap before
{Heap before GC invocations=6 (full 1):
 PSYoungGen      total 70656K, used 65536K [0x00000000d6000000, 0x00000000daa00000, 0x0000000100000000)
  eden space 65536K, 100% used [0x00000000d6000000,0x00000000da000000,0x00000000da000000)
  from space 5120K, 0% used [0x00000000da500000,0x00000000da500000,0x00000000daa00000)
  to   space 5120K, 0% used [0x00000000da000000,0x00000000da000000,0x00000000da500000)
 ParOldGen       total 76288K, used 16483K [0x0000000082000000, 0x0000000086a80000, 0x00000000d6000000)
  object space 76288K, 21% used [0x0000000082000000,0x0000000083018c08,0x0000000086a80000)
 Metaspace       used 22141K, capacity 23298K, committed 23552K, reserved 1069056K
  class space    used 3251K, capacity 3486K, committed 3584K, reserved 1048576K
Event: 2.134 GC heap after
Heap after GC invocations=6 (full 1):
 PSYoungGen      total 70656K, used 5094K [0x00000000d6000000, 0x00000000dd580000, 0x0000000100000000)
  eden space 65536K, 0% used [0x00000000d6000000,0x00000000d6000000,0x00000000da000000)
  from space 5120K, 99% used [0x00000000da000000,0x00000000da4f99b8,0x00000000da500000)
  to   space 13824K, 0% used [0x00000000dc800000,0x00000000dc800000,0x00000000dd580000)
 ParOldGen       total 76288K, used 16607K [0x0000000082000000, 0x0000000086a80000, 0x00000000d6000000)
  object space 76288K, 21% used [0x0000000082000000,0x0000000083037cf8,0x0000000086a80000)
 Metaspace       used 22141K, capacity 23298K, committed 23552K, reserved 1069056K
  class space    used 3251K, capacity 3486K, committed 3584K, reserved 1048576K
}
Event: 2.366 GC heap before
{Heap before GC invocations=7 (full 1):
 PSYoungGen      total 70656K, used 70630K [0x00000000d6000000, 0x00000000dd580000, 0x0000000100000000)
  eden space 65536K, 100% used [0x00000000d6000000,0x00000000da000000,0x00000000da000000)
  from space 5120K, 99% used [0x00000000da000000,0x00000000da4f99b8,0x00000000da500000)
  to   space 13824K, 0% used [0x00000000dc800000,0x00000000dc800000,0x00000000dd580000)
 ParOldGen       total 76288K, used 16607K [0x0000000082000000, 0x0000000086a80000, 0x00000000d6000000)
  object space 76288K, 21% used [0x0000000082000000,0x0000000083037cf8,0x0000000086a80000)
 Metaspace       used 22254K, capacity 23430K, committed 23552K, reserved 1069056K
  class space    used 3256K, capacity 3496K, committed 3584K, reserved 1048576K
Event: 2.371 GC heap after
Heap after GC invocations=7 (full 1):
 PSYoungGen      total 107008K, used 7409K [0x00000000d6000000, 0x00000000dd500000, 0x0000000100000000)
  eden space 93696K, 0% used [0x00000000d6000000,0x00000000d6000000,0x00000000dbb80000)
  from space 13312K, 55% used [0x00000000dc800000,0x00000000dcf3c590,0x00000000dd500000)
  to   space 12800K, 0% used [0x00000000dbb80000,0x00000000dbb80000,0x00000000dc800000)
 ParOldGen       total 76288K, used 16615K [0x0000000082000000, 0x0000000086a80000, 0x00000000d6000000)
  object space 76288K, 21% used [0x0000000082000000,0x0000000083039cf8,0x0000000086a80000)
 Metaspace       used 22254K, capacity 23430K, committed 23552K, reserved 1069056K
  class space    used 3256K, capacity 3496K, committed 3584K, reserved 1048576K
}

