# JRE version: Java(TM) SE Runtime Environment (8.0_151-b12) (build 1.8.0_151-b12)
# Java VM: Java HotSpot(TM) 64-Bit Server VM (25.151-b12 mixed mode windows-amd64 compressed oops)
Heap:
 PSYoungGen      total 118784K, used 100588K [0x00000000d5b00000, 0x00000000dec00000, 0x0000000100000000)
  eden space 113664K, 84% used [0x00000000d5b00000,0x00000000db889dc8,0x00000000dca00000)
  from space 5120K, 93% used [0x00000000de700000,0x00000000debb1420,0x00000000dec00000)
  to   space 10240K, 0% used [0x00000000dd800000,0x00000000dd800000,0x00000000de200000)
 ParOldGen       total 67584K, used 16712K [0x0000000081000000, 0x0000000085200000, 0x00000000d5b00000)
  object space 67584K, 24% used [0x0000000081000000,0x00000000820522a8,0x0000000085200000)
 Metaspace       used 27075K, capacity 29022K, committed 29184K, reserved 1075200K
  class space    used 3977K, capacity 4315K, committed 4352K, reserved 1048576K
GC Heap History (10 events):
Event: 2.363 GC heap before
{Heap before GC invocations=3 (full 0):
 PSYoungGen      total 38400K, used 38368K [0x00000000d5b00000, 0x00000000da600000, 0x0000000100000000)
  eden space 33280K, 100% used [0x00000000d5b00000,0x00000000d7b80000,0x00000000d7b80000)
  from space 5120K, 99% used [0x00000000d8080000,0x00000000d8578080,0x00000000d8580000)
  to   space 5120K, 0% used [0x00000000d7b80000,0x00000000d7b80000,0x00000000d8080000)
 ParOldGen       total 87552K, used 12161K [0x0000000081000000, 0x0000000086580000, 0x00000000d5b00000)
  object space 87552K, 13% used [0x0000000081000000,0x0000000081be07c0,0x0000000086580000)
 Metaspace       used 19739K, capacity 20580K, committed 20736K, reserved 1067008K
  class space    used 2840K, capacity 3046K, committed 3072K, reserved 1048576K
Event: 2.370 GC heap after
Heap after GC invocations=3 (full 0):
 PSYoungGen      total 38400K, used 5088K [0x00000000d5b00000, 0x00000000da600000, 0x0000000100000000)
  eden space 33280K, 0% used [0x00000000d5b00000,0x00000000d5b00000,0x00000000d7b80000)
  from space 5120K, 99% used [0x00000000d7b80000,0x00000000d8078080,0x00000000d8080000)
  to   space 5120K, 0% used [0x00000000da100000,0x00000000da100000,0x00000000da600000)
 ParOldGen       total 87552K, used 13215K [0x0000000081000000, 0x0000000086580000, 0x00000000d5b00000)
  object space 87552K, 15% used [0x0000000081000000,0x0000000081ce7cc0,0x0000000086580000)
 Metaspace       used 19739K, capacity 20580K, committed 20736K, reserved 1067008K
  class space    used 2840K, capacity 3046K, committed 3072K, reserved 1048576K
}
Event: 2.646 GC heap before
{Heap before GC invocations=4 (full 0):
 PSYoungGen      total 38400K, used 38368K [0x00000000d5b00000, 0x00000000da600000, 0x0000000100000000)
  eden space 33280K, 100% used [0x00000000d5b00000,0x00000000d7b80000,0x00000000d7b80000)
  from space 5120K, 99% used [0x00000000d7b80000,0x00000000d8078080,0x00000000d8080000)
  to   space 5120K, 0% used [0x00000000da100000,0x00000000da100000,0x00000000da600000)
 ParOldGen       total 87552K, used 13215K [0x0000000081000000, 0x0000000086580000, 0x00000000d5b00000)
  object space 87552K, 15% used [0x0000000081000000,0x0000000081ce7cc0,0x0000000086580000)
 Metaspace       used 20061K, capacity 21000K, committed 21120K, reserved 1067008K
  class space    used 2896K, capacity 3100K, committed 3200K, reserved 1048576K
Event: 2.657 GC heap after
Heap after GC invocations=4 (full 0):
 PSYoungGen      total 71680K, used 5095K [0x00000000d5b00000, 0x00000000da600000, 0x0000000100000000)
  eden space 66560K, 0% used [0x00000000d5b00000,0x00000000d5b00000,0x00000000d9c00000)
  from space 5120K, 99% used [0x00000000da100000,0x00000000da5f9cd0,0x00000000da600000)
  to   space 5120K, 0% used [0x00000000d9c00000,0x00000000d9c00000,0x00000000da100000)
 ParOldGen       total 87552K, used 13819K [0x0000000081000000, 0x0000000086580000, 0x00000000d5b00000)
  object space 87552K, 15% used [0x0000000081000000,0x0000000081d7ed00,0x0000000086580000)
 Metaspace       used 20061K, capacity 21000K, committed 21120K, reserved 1067008K
  class space    used 2896K, capacity 3100K, committed 3200K, reserved 1048576K
}
Event: 2.700 GC heap before
{Heap before GC invocations=5 (full 0):
 PSYoungGen      total 71680K, used 10358K [0x00000000d5b00000, 0x00000000da600000, 0x0000000100000000)
  eden space 66560K, 7% used [0x00000000d5b00000,0x00000000d6023c70,0x00000000d9c00000)
  from space 5120K, 99% used [0x00000000da100000,0x00000000da5f9cd0,0x00000000da600000)
  to   space 5120K, 0% used [0x00000000d9c00000,0x00000000d9c00000,0x00000000da100000)
 ParOldGen       total 87552K, used 13819K [0x0000000081000000, 0x0000000086580000, 0x00000000d5b00000)
  object space 87552K, 15% used [0x0000000081000000,0x0000000081d7ed00,0x0000000086580000)
 Metaspace       used 20316K, capacity 21260K, committed 21296K, reserved 1067008K
  class space    used 2958K, capacity 3166K, committed 3200K, reserved 1048576K
Event: 2.710 GC heap after
Heap after GC invocations=5 (full 0):
 PSYoungGen      total 71680K, used 5095K [0x00000000d5b00000, 0x00000000df100000, 0x0000000100000000)
  eden space 66560K, 0% used [0x00000000d5b00000,0x00000000d5b00000,0x00000000d9c00000)
  from space 5120K, 99% used [0x00000000d9c00000,0x00000000da0f9cd0,0x00000000da100000)
  to   space 10240K, 0% used [0x00000000de700000,0x00000000de700000,0x00000000df100000)
 ParOldGen       total 87552K, used 13931K [0x0000000081000000, 0x0000000086580000, 0x00000000d5b00000)
  object space 87552K, 15% used [0x0000000081000000,0x0000000081d9ad00,0x0000000086580000)
 Metaspace       used 20316K, capacity 21260K, committed 21296K, reserved 1067008K
  class space    used 2958K, capacity 3166K, committed 3200K, reserved 1048576K
}
Event: 2.711 GC heap before
{Heap before GC invocations=6 (full 1):
 PSYoungGen      total 71680K, used 5095K [0x00000000d5b00000, 0x00000000df100000, 0x0000000100000000)
  eden space 66560K, 0% used [0x00000000d5b00000,0x00000000d5b00000,0x00000000d9c00000)
  from space 5120K, 99% used [0x00000000d9c00000,0x00000000da0f9cd0,0x00000000da100000)
  to   space 10240K, 0% used [0x00000000de700000,0x00000000de700000,0x00000000df100000)
 ParOldGen       total 87552K, used 13931K [0x0000000081000000, 0x0000000086580000, 0x00000000d5b00000)
  object space 87552K, 15% used [0x0000000081000000,0x0000000081d9ad00,0x0000000086580000)
 Metaspace       used 20316K, capacity 21260K, committed 21296K, reserved 1067008K
  class space    used 2958K, capacity 3166K, committed 3200K, reserved 1048576K
Event: 2.766 GC heap after
Heap after GC invocations=6 (full 1):
 PSYoungGen      total 71680K, used 0K [0x00000000d5b00000, 0x00000000df100000, 0x0000000100000000)
  eden space 66560K, 0% used [0x00000000d5b00000,0x00000000d5b00000,0x00000000d9c00000)
  from space 5120K, 0% used [0x00000000d9c00000,0x00000000d9c00000,0x00000000da100000)
  to   space 10240K, 0% used [0x00000000de700000,0x00000000de700000,0x00000000df100000)
 ParOldGen       total 67584K, used 16704K [0x0000000081000000, 0x0000000085200000, 0x00000000d5b00000)
  object space 67584K, 24% used [0x0000000081000000,0x00000000820502a8,0x0000000085200000)
 Metaspace       used 20316K, capacity 21260K, committed 21296K, reserved 1067008K
  class space    used 2958K, capacity 3166K, committed 3200K, reserved 1048576K
}
Event: 3.426 GC heap before
{Heap before GC invocations=7 (full 1):
 PSYoungGen      total 71680K, used 66560K [0x00000000d5b00000, 0x00000000df100000, 0x0000000100000000)
  eden space 66560K, 100% used [0x00000000d5b00000,0x00000000d9c00000,0x00000000d9c00000)
  from space 5120K, 0% used [0x00000000d9c00000,0x00000000d9c00000,0x00000000da100000)
  to   space 10240K, 0% used [0x00000000de700000,0x00000000de700000,0x00000000df100000)
 ParOldGen       total 67584K, used 16704K [0x0000000081000000, 0x0000000085200000, 0x00000000d5b00000)
  object space 67584K, 24% used [0x0000000081000000,0x00000000820502a8,0x0000000085200000)
 Metaspace       used 21818K, capacity 22854K, committed 22912K, reserved 1069056K
  class space    used 3196K, capacity 3437K, committed 3456K, reserved 1048576K
Event: 3.432 GC heap after
Heap after GC invocations=7 (full 1):
 PSYoungGen      total 118784K, used 4805K [0x00000000d5b00000, 0x00000000dec00000, 0x0000000100000000)
  eden space 113664K, 0% used [0x00000000d5b00000,0x00000000d5b00000,0x00000000dca00000)
  from space 5120K, 93% used [0x00000000de700000,0x00000000debb1420,0x00000000dec00000)
  to   space 10240K, 0% used [0x00000000dd800000,0x00000000dd800000,0x00000000de200000)
 ParOldGen       total 67584K, used 16712K [0x0000000081000000, 0x0000000085200000, 0x00000000d5b00000)
  object space 67584K, 24% used [0x0000000081000000,0x00000000820522a8,0x0000000085200000)
 Metaspace       used 21818K, capacity 22854K, committed 22912K, reserved 1069056K
  class space    used 3196K, capacity 3437K, committed 3456K, reserved 1048576K
}

