# JRE version: Java(TM) SE Runtime Environment (8.0_151-b12) (build 1.8.0_151-b12)
# Java VM: Java HotSpot(TM) 64-Bit Server VM (25.151-b12 mixed mode windows-amd64 compressed oops)
Heap:
 PSYoungGen      total 60928K, used 28402K [0x00000000d5b00000, 0x00000000dba80000, 0x0000000100000000)
  eden space 48128K, 32% used [0x00000000d5b00000,0x00000000d6a40d78,0x00000000d8a00000)
  from space 12800K, 99% used [0x00000000d8a00000,0x00000000d967bab0,0x00000000d9680000)
  to   space 16384K, 0% used [0x00000000daa80000,0x00000000daa80000,0x00000000dba80000)
 ParOldGen       total 78336K, used 21531K [0x0000000081000000, 0x0000000085c80000, 0x00000000d5b00000)
  object space 78336K, 27% used [0x0000000081000000,0x0000000082506fa8,0x0000000085c80000)
 Metaspace       used 27141K, capacity 29118K, committed 29440K, reserved 1075200K
  class space    used 3983K, capacity 4319K, committed 4352K, reserved 1048576K
GC Heap History (10 events):
Event: 3.427 GC heap before
{Heap before GC invocations=6 (full 1):
 PSYoungGen      total 37888K, used 5088K [0x00000000d5b00000, 0x00000000d9500000, 0x0000000100000000)
  eden space 32768K, 0% used [0x00000000d5b00000,0x00000000d5b00000,0x00000000d7b00000)
  from space 5120K, 99% used [0x00000000d7b80000,0x00000000d80781d0,0x00000000d8080000)
  to   space 13312K, 0% used [0x00000000d8800000,0x00000000d8800000,0x00000000d9500000)
 ParOldGen       total 87552K, used 14190K [0x0000000081000000, 0x0000000086580000, 0x00000000d5b00000)
  object space 87552K, 16% used [0x0000000081000000,0x0000000081ddba40,0x0000000086580000)
 Metaspace       used 20360K, capacity 21242K, committed 21296K, reserved 1067008K
  class space    used 2974K, capacity 3173K, committed 3200K, reserved 1048576K
Event: 3.470 GC heap after
Heap after GC invocations=6 (full 1):
 PSYoungGen      total 37888K, used 0K [0x00000000d5b00000, 0x00000000d9500000, 0x0000000100000000)
  eden space 32768K, 0% used [0x00000000d5b00000,0x00000000d5b00000,0x00000000d7b00000)
  from space 5120K, 0% used [0x00000000d7b80000,0x00000000d7b80000,0x00000000d8080000)
  to   space 13312K, 0% used [0x00000000d8800000,0x00000000d8800000,0x00000000d9500000)
 ParOldGen       total 78336K, used 16875K [0x0000000081000000, 0x0000000085c80000, 0x00000000d5b00000)
  object space 78336K, 21% used [0x0000000081000000,0x000000008207afa8,0x0000000085c80000)
 Metaspace       used 20360K, capacity 21242K, committed 21296K, reserved 1067008K
  class space    used 2974K, capacity 3173K, committed 3200K, reserved 1048576K
}
Event: 4.200 GC heap before
{Heap before GC invocations=7 (full 1):
 PSYoungGen      total 37888K, used 32768K [0x00000000d5b00000, 0x00000000d9500000, 0x0000000100000000)
  eden space 32768K, 100% used [0x00000000d5b00000,0x00000000d7b00000,0x00000000d7b00000)
  from space 5120K, 0% used [0x00000000d7b80000,0x00000000d7b80000,0x00000000d8080000)
  to   space 13312K, 0% used [0x00000000d8800000,0x00000000d8800000,0x00000000d9500000)
 ParOldGen       total 78336K, used 16875K [0x0000000081000000, 0x0000000085c80000, 0x00000000d5b00000)
  object space 78336K, 21% used [0x0000000081000000,0x000000008207afa8,0x0000000085c80000)
 Metaspace       used 21755K, capacity 22850K, committed 22912K, reserved 1069056K
  class space    used 3201K, capacity 3437K, committed 3456K, reserved 1048576K
Event: 4.203 GC heap after
Heap after GC invocations=7 (full 1):
 PSYoungGen      total 46080K, used 4271K [0x00000000d5b00000, 0x00000000da180000, 0x0000000100000000)
  eden space 32768K, 0% used [0x00000000d5b00000,0x00000000d5b00000,0x00000000d7b00000)
  from space 13312K, 32% used [0x00000000d8800000,0x00000000d8c2bfe0,0x00000000d9500000)
  to   space 13312K, 0% used [0x00000000d7b00000,0x00000000d7b00000,0x00000000d8800000)
 ParOldGen       total 78336K, used 16883K [0x0000000081000000, 0x0000000085c80000, 0x00000000d5b00000)
  object space 78336K, 21% used [0x0000000081000000,0x000000008207cfa8,0x0000000085c80000)
 Metaspace       used 21755K, capacity 22850K, committed 22912K, reserved 1069056K
  class space    used 3201K, capacity 3437K, committed 3456K, reserved 1048576K
}
Event: 4.366 GC heap before
{Heap before GC invocations=8 (full 1):
 PSYoungGen      total 46080K, used 37039K [0x00000000d5b00000, 0x00000000da180000, 0x0000000100000000)
  eden space 32768K, 100% used [0x00000000d5b00000,0x00000000d7b00000,0x00000000d7b00000)
  from space 13312K, 32% used [0x00000000d8800000,0x00000000d8c2bfe0,0x00000000d9500000)
  to   space 13312K, 0% used [0x00000000d7b00000,0x00000000d7b00000,0x00000000d8800000)
 ParOldGen       total 78336K, used 16883K [0x0000000081000000, 0x0000000085c80000, 0x00000000d5b00000)
  object space 78336K, 21% used [0x0000000081000000,0x000000008207cfa8,0x0000000085c80000)
 Metaspace       used 21801K, capacity 22872K, committed 22912K, reserved 1069056K
  class space    used 3203K, capacity 3440K, committed 3456K, reserved 1048576K
Event: 4.369 GC heap after
Heap after GC invocations=8 (full 1):
 PSYoungGen      total 46080K, used 3875K [0x00000000d5b00000, 0x00000000da380000, 0x0000000100000000)
  eden space 32768K, 0% used [0x00000000d5b00000,0x00000000d5b00000,0x00000000d7b00000)
  from space 13312K, 29% used [0x00000000d7b00000,0x00000000d7ec8f10,0x00000000d8800000)
  to   space 13312K, 0% used [0x00000000d9680000,0x00000000d9680000,0x00000000da380000)
 ParOldGen       total 78336K, used 16883K [0x0000000081000000, 0x0000000085c80000, 0x00000000d5b00000)
  object space 78336K, 21% used [0x0000000081000000,0x000000008207cfa8,0x0000000085c80000)
 Metaspace       used 21801K, capacity 22872K, committed 22912K, reserved 1069056K
  class space    used 3203K, capacity 3440K, committed 3456K, reserved 1048576K
}
Event: 4.550 GC heap before
{Heap before GC invocations=9 (full 1):
 PSYoungGen      total 46080K, used 36643K [0x00000000d5b00000, 0x00000000da380000, 0x0000000100000000)
  eden space 32768K, 100% used [0x00000000d5b00000,0x00000000d7b00000,0x00000000d7b00000)
  from space 13312K, 29% used [0x00000000d7b00000,0x00000000d7ec8f10,0x00000000d8800000)
  to   space 13312K, 0% used [0x00000000d9680000,0x00000000d9680000,0x00000000da380000)
 ParOldGen       total 78336K, used 16883K [0x0000000081000000, 0x0000000085c80000, 0x00000000d5b00000)
  object space 78336K, 21% used [0x0000000081000000,0x000000008207cfa8,0x0000000085c80000)
 Metaspace       used 21917K, capacity 23030K, committed 23168K, reserved 1069056K
  class space    used 3211K, capacity 3455K, committed 3456K, reserved 1048576K
Event: 4.556 GC heap after
Heap after GC invocations=9 (full 1):
 PSYoungGen      total 61440K, used 5144K [0x00000000d5b00000, 0x00000000da580000, 0x0000000100000000)
  eden space 48128K, 0% used [0x00000000d5b00000,0x00000000d5b00000,0x00000000d8a00000)
  from space 13312K, 38% used [0x00000000d9680000,0x00000000d9b861c0,0x00000000da380000)
  to   space 12800K, 0% used [0x00000000d8a00000,0x00000000d8a00000,0x00000000d9680000)
 ParOldGen       total 78336K, used 16891K [0x0000000081000000, 0x0000000085c80000, 0x00000000d5b00000)
  object space 78336K, 21% used [0x0000000081000000,0x000000008207efa8,0x0000000085c80000)
 Metaspace       used 21917K, capacity 23030K, committed 23168K, reserved 1069056K
  class space    used 3211K, capacity 3455K, committed 3456K, reserved 1048576K
}
Event: 5.843 GC heap before
{Heap before GC invocations=10 (full 1):
 PSYoungGen      total 61440K, used 53272K [0x00000000d5b00000, 0x00000000da580000, 0x0000000100000000)
  eden space 48128K, 100% used [0x00000000d5b00000,0x00000000d8a00000,0x00000000d8a00000)
  from space 13312K, 38% used [0x00000000d9680000,0x00000000d9b861c0,0x00000000da380000)
  to   space 12800K, 0% used [0x00000000d8a00000,0x00000000d8a00000,0x00000000d9680000)
 ParOldGen       total 78336K, used 16891K [0x0000000081000000, 0x0000000085c80000, 0x00000000d5b00000)
  object space 78336K, 21% used [0x0000000081000000,0x000000008207efa8,0x0000000085c80000)
 Metaspace       used 25862K, capacity 27682K, committed 27776K, reserved 1073152K
  class space    used 3848K, capacity 4171K, committed 4224K, reserved 1048576K
Event: 5.876 GC heap after
Heap after GC invocations=10 (full 1):
 PSYoungGen      total 60928K, used 12782K [0x00000000d5b00000, 0x00000000dba80000, 0x0000000100000000)
  eden space 48128K, 0% used [0x00000000d5b00000,0x00000000d5b00000,0x00000000d8a00000)
  from space 12800K, 99% used [0x00000000d8a00000,0x00000000d967bab0,0x00000000d9680000)
  to   space 16384K, 0% used [0x00000000daa80000,0x00000000daa80000,0x00000000dba80000)
 ParOldGen       total 78336K, used 21531K [0x0000000081000000, 0x0000000085c80000, 0x00000000d5b00000)
  object space 78336K, 27% used [0x0000000081000000,0x0000000082506fa8,0x0000000085c80000)
 Metaspace       used 25862K, capacity 27682K, committed 27776K, reserved 1073152K
  class space    used 3848K, capacity 4171K, committed 4224K, reserved 1048576K
}

