# JRE version: Java(TM) SE Runtime Environment (8.0_161-b12) (build 1.8.0_161-b12)
# Java VM: Java HotSpot(TM) 64-Bit Server VM (25.161-b12 mixed mode windows-amd64 compressed oops)
Heap:
 PSYoungGen      total 74752K, used 69988K [0x00000000d6000000, 0x00000000dbd00000, 0x0000000100000000)
  eden space 61440K, 93% used [0x00000000d6000000,0x00000000d97fa368,0x00000000d9c00000)
  from space 13312K, 95% used [0x00000000dab00000,0x00000000db75eed0,0x00000000db800000)
  to   space 15360K, 0% used [0x00000000d9c00000,0x00000000d9c00000,0x00000000dab00000)
 ParOldGen       total 78848K, used 16512K [0x0000000082000000, 0x0000000086d00000, 0x00000000d6000000)
  object space 78848K, 20% used [0x0000000082000000,0x0000000083020318,0x0000000086d00000)
 Metaspace       used 27414K, capacity 29358K, committed 29568K, reserved 1075200K
  class space    used 4018K, capacity 4365K, committed 4480K, reserved 1048576K
GC Heap History (10 events):
Event: 2.243 GC heap before
{Heap before GC invocations=5 (full 1):
 PSYoungGen      total 37888K, used 5104K [0x00000000d6000000, 0x00000000daa00000, 0x0000000100000000)
  eden space 32768K, 0% used [0x00000000d6000000,0x00000000d6000000,0x00000000d8000000)
  from space 5120K, 99% used [0x00000000d8500000,0x00000000d89fc1d0,0x00000000d8a00000)
  to   space 5120K, 0% used [0x00000000d8000000,0x00000000d8000000,0x00000000d8500000)
 ParOldGen       total 86016K, used 13669K [0x0000000082000000, 0x0000000087400000, 0x00000000d6000000)
  object space 86016K, 15% used [0x0000000082000000,0x0000000082d59690,0x0000000087400000)
 Metaspace       used 20285K, capacity 21174K, committed 21296K, reserved 1067008K
  class space    used 2902K, capacity 3135K, committed 3200K, reserved 1048576K
Event: 2.281 GC heap after
Heap after GC invocations=5 (full 1):
 PSYoungGen      total 37888K, used 0K [0x00000000d6000000, 0x00000000daa00000, 0x0000000100000000)
  eden space 32768K, 0% used [0x00000000d6000000,0x00000000d6000000,0x00000000d8000000)
  from space 5120K, 0% used [0x00000000d8500000,0x00000000d8500000,0x00000000d8a00000)
  to   space 5120K, 0% used [0x00000000d8000000,0x00000000d8000000,0x00000000d8500000)
 ParOldGen       total 78848K, used 16480K [0x0000000082000000, 0x0000000086d00000, 0x00000000d6000000)
  object space 78848K, 20% used [0x0000000082000000,0x0000000083018318,0x0000000086d00000)
 Metaspace       used 20285K, capacity 21174K, committed 21296K, reserved 1067008K
  class space    used 2902K, capacity 3135K, committed 3200K, reserved 1048576K
}
Event: 2.492 GC heap before
{Heap before GC invocations=6 (full 1):
 PSYoungGen      total 37888K, used 32768K [0x00000000d6000000, 0x00000000daa00000, 0x0000000100000000)
  eden space 32768K, 100% used [0x00000000d6000000,0x00000000d8000000,0x00000000d8000000)
  from space 5120K, 0% used [0x00000000d8500000,0x00000000d8500000,0x00000000d8a00000)
  to   space 5120K, 0% used [0x00000000d8000000,0x00000000d8000000,0x00000000d8500000)
 ParOldGen       total 78848K, used 16480K [0x0000000082000000, 0x0000000086d00000, 0x00000000d6000000)
  object space 78848K, 20% used [0x0000000082000000,0x0000000083018318,0x0000000086d00000)
 Metaspace       used 20844K, capacity 21838K, committed 22016K, reserved 1069056K
  class space    used 3038K, capacity 3291K, committed 3328K, reserved 1048576K
Event: 2.493 GC heap after
Heap after GC invocations=6 (full 1):
 PSYoungGen      total 37888K, used 640K [0x00000000d6000000, 0x00000000da880000, 0x0000000100000000)
  eden space 32768K, 0% used [0x00000000d6000000,0x00000000d6000000,0x00000000d8000000)
  from space 5120K, 12% used [0x00000000d8000000,0x00000000d80a0000,0x00000000d8500000)
  to   space 14848K, 0% used [0x00000000d9a00000,0x00000000d9a00000,0x00000000da880000)
 ParOldGen       total 78848K, used 16488K [0x0000000082000000, 0x0000000086d00000, 0x00000000d6000000)
  object space 78848K, 20% used [0x0000000082000000,0x000000008301a318,0x0000000086d00000)
 Metaspace       used 20844K, capacity 21838K, committed 22016K, reserved 1069056K
  class space    used 3038K, capacity 3291K, committed 3328K, reserved 1048576K
}
Event: 2.770 GC heap before
{Heap before GC invocations=7 (full 1):
 PSYoungGen      total 37888K, used 33408K [0x00000000d6000000, 0x00000000da880000, 0x0000000100000000)
  eden space 32768K, 100% used [0x00000000d6000000,0x00000000d8000000,0x00000000d8000000)
  from space 5120K, 12% used [0x00000000d8000000,0x00000000d80a0000,0x00000000d8500000)
  to   space 14848K, 0% used [0x00000000d9a00000,0x00000000d9a00000,0x00000000da880000)
 ParOldGen       total 78848K, used 16488K [0x0000000082000000, 0x0000000086d00000, 0x00000000d6000000)
  object space 78848K, 20% used [0x0000000082000000,0x000000008301a318,0x0000000086d00000)
 Metaspace       used 22148K, capacity 23224K, committed 23552K, reserved 1069056K
  class space    used 3254K, capacity 3484K, committed 3584K, reserved 1048576K
Event: 2.774 GC heap after
Heap after GC invocations=7 (full 1):
 PSYoungGen      total 58368K, used 5224K [0x00000000d6000000, 0x00000000da700000, 0x0000000100000000)
  eden space 45056K, 0% used [0x00000000d6000000,0x00000000d6000000,0x00000000d8c00000)
  from space 13312K, 39% used [0x00000000d9a00000,0x00000000d9f1a088,0x00000000da700000)
  to   space 13824K, 0% used [0x00000000d8c00000,0x00000000d8c00000,0x00000000d9980000)
 ParOldGen       total 78848K, used 16496K [0x0000000082000000, 0x0000000086d00000, 0x00000000d6000000)
  object space 78848K, 20% used [0x0000000082000000,0x000000008301c318,0x0000000086d00000)
 Metaspace       used 22148K, capacity 23224K, committed 23552K, reserved 1069056K
  class space    used 3254K, capacity 3484K, committed 3584K, reserved 1048576K
}
Event: 2.976 GC heap before
{Heap before GC invocations=8 (full 1):
 PSYoungGen      total 58368K, used 50280K [0x00000000d6000000, 0x00000000da700000, 0x0000000100000000)
  eden space 45056K, 100% used [0x00000000d6000000,0x00000000d8c00000,0x00000000d8c00000)
  from space 13312K, 39% used [0x00000000d9a00000,0x00000000d9f1a088,0x00000000da700000)
  to   space 13824K, 0% used [0x00000000d8c00000,0x00000000d8c00000,0x00000000d9980000)
 ParOldGen       total 78848K, used 16496K [0x0000000082000000, 0x0000000086d00000, 0x00000000d6000000)
  object space 78848K, 20% used [0x0000000082000000,0x000000008301c318,0x0000000086d00000)
 Metaspace       used 22220K, capacity 23332K, committed 23552K, reserved 1069056K
  class space    used 3258K, capacity 3490K, committed 3584K, reserved 1048576K
Event: 2.979 GC heap after
Heap after GC invocations=8 (full 1):
 PSYoungGen      total 58880K, used 6737K [0x00000000d6000000, 0x00000000db800000, 0x0000000100000000)
  eden space 45056K, 0% used [0x00000000d6000000,0x00000000d6000000,0x00000000d8c00000)
  from space 13824K, 48% used [0x00000000d8c00000,0x00000000d9294590,0x00000000d9980000)
  to   space 13312K, 0% used [0x00000000dab00000,0x00000000dab00000,0x00000000db800000)
 ParOldGen       total 78848K, used 16504K [0x0000000082000000, 0x0000000086d00000, 0x00000000d6000000)
  object space 78848K, 20% used [0x0000000082000000,0x000000008301e318,0x0000000086d00000)
 Metaspace       used 22220K, capacity 23332K, committed 23552K, reserved 1069056K
  class space    used 3258K, capacity 3490K, committed 3584K, reserved 1048576K
}
Event: 3.451 GC heap before
{Heap before GC invocations=9 (full 1):
 PSYoungGen      total 58880K, used 51793K [0x00000000d6000000, 0x00000000db800000, 0x0000000100000000)
  eden space 45056K, 100% used [0x00000000d6000000,0x00000000d8c00000,0x00000000d8c00000)
  from space 13824K, 48% used [0x00000000d8c00000,0x00000000d9294590,0x00000000d9980000)
  to   space 13312K, 0% used [0x00000000dab00000,0x00000000dab00000,0x00000000db800000)
 ParOldGen       total 78848K, used 16504K [0x0000000082000000, 0x0000000086d00000, 0x00000000d6000000)
  object space 78848K, 20% used [0x0000000082000000,0x000000008301e318,0x0000000086d00000)
 Metaspace       used 23833K, capacity 25202K, committed 25344K, reserved 1071104K
  class space    used 3523K, capacity 3793K, committed 3840K, reserved 1048576K
Event: 3.458 GC heap after
Heap after GC invocations=9 (full 1):
 PSYoungGen      total 74752K, used 12667K [0x00000000d6000000, 0x00000000dbd00000, 0x0000000100000000)
  eden space 61440K, 0% used [0x00000000d6000000,0x00000000d6000000,0x00000000d9c00000)
  from space 13312K, 95% used [0x00000000dab00000,0x00000000db75eed0,0x00000000db800000)
  to   space 15360K, 0% used [0x00000000d9c00000,0x00000000d9c00000,0x00000000dab00000)
 ParOldGen       total 78848K, used 16512K [0x0000000082000000, 0x0000000086d00000, 0x00000000d6000000)
  object space 78848K, 20% used [0x0000000082000000,0x0000000083020318,0x0000000086d00000)
 Metaspace       used 23833K, capacity 25202K, committed 25344K, reserved 1071104K
  class space    used 3523K, capacity 3793K, committed 3840K, reserved 1048576K
}

