# JRE version: Java(TM) SE Runtime Environment (8.0_161-b12) (build 1.8.0_161-b12)
# Java VM: Java HotSpot(TM) 64-Bit Server VM (25.161-b12 mixed mode windows-amd64 compressed oops)
Heap:
 PSYoungGen      total 115200K, used 17988K [0x00000000d6000000, 0x00000000dfb00000, 0x0000000100000000)
  eden space 101376K, 4% used [0x00000000d6000000,0x00000000d6415708,0x00000000dc300000)
  from space 13824K, 99% used [0x00000000ded80000,0x00000000dfafb930,0x00000000dfb00000)
  to   space 17408K, 0% used [0x00000000dd900000,0x00000000dd900000,0x00000000dea00000)
 ParOldGen       total 73728K, used 19387K [0x0000000082000000, 0x0000000086800000, 0x00000000d6000000)
  object space 73728K, 26% used [0x0000000082000000,0x00000000832eee80,0x0000000086800000)
 Metaspace       used 25961K, capacity 27742K, committed 28080K, reserved 1073152K
  class space    used 3810K, capacity 4160K, committed 4272K, reserved 1048576K
GC Heap History (10 events):
Event: 1.811 GC heap before
{Heap before GC invocations=3 (full 0):
 PSYoungGen      total 37888K, used 37856K [0x00000000d6000000, 0x00000000d8a00000, 0x0000000100000000)
  eden space 32768K, 100% used [0x00000000d6000000,0x00000000d8000000,0x00000000d8000000)
  from space 5120K, 99% used [0x00000000d8500000,0x00000000d89f80a0,0x00000000d8a00000)
  to   space 5120K, 0% used [0x00000000d8000000,0x00000000d8000000,0x00000000d8500000)
 ParOldGen       total 86016K, used 9122K [0x0000000082000000, 0x0000000087400000, 0x00000000d6000000)
  object space 86016K, 10% used [0x0000000082000000,0x00000000828e8878,0x0000000087400000)
 Metaspace       used 18254K, capacity 18838K, committed 19072K, reserved 1064960K
  class space    used 2487K, capacity 2644K, committed 2688K, reserved 1048576K
Event: 1.817 GC heap after
Heap after GC invocations=3 (full 0):
 PSYoungGen      total 37888K, used 5104K [0x00000000d6000000, 0x00000000daa00000, 0x0000000100000000)
  eden space 32768K, 0% used [0x00000000d6000000,0x00000000d6000000,0x00000000d8000000)
  from space 5120K, 99% used [0x00000000d8000000,0x00000000d84fc090,0x00000000d8500000)
  to   space 5120K, 0% used [0x00000000da500000,0x00000000da500000,0x00000000daa00000)
 ParOldGen       total 86016K, used 12670K [0x0000000082000000, 0x0000000087400000, 0x00000000d6000000)
  object space 86016K, 14% used [0x0000000082000000,0x0000000082c5faf0,0x0000000087400000)
 Metaspace       used 18254K, capacity 18838K, committed 19072K, reserved 1064960K
  class space    used 2487K, capacity 2644K, committed 2688K, reserved 1048576K
}
Event: 2.051 GC heap before
{Heap before GC invocations=4 (full 0):
 PSYoungGen      total 37888K, used 37872K [0x00000000d6000000, 0x00000000daa00000, 0x0000000100000000)
  eden space 32768K, 100% used [0x00000000d6000000,0x00000000d8000000,0x00000000d8000000)
  from space 5120K, 99% used [0x00000000d8000000,0x00000000d84fc090,0x00000000d8500000)
  to   space 5120K, 0% used [0x00000000da500000,0x00000000da500000,0x00000000daa00000)
 ParOldGen       total 86016K, used 12670K [0x0000000082000000, 0x0000000087400000, 0x00000000d6000000)
  object space 86016K, 14% used [0x0000000082000000,0x0000000082c5faf0,0x0000000087400000)
 Metaspace       used 20098K, capacity 20952K, committed 20992K, reserved 1067008K
  class space    used 2851K, capacity 3059K, committed 3072K, reserved 1048576K
Event: 2.056 GC heap after
Heap after GC invocations=4 (full 0):
 PSYoungGen      total 70656K, used 5095K [0x00000000d6000000, 0x00000000daa00000, 0x0000000100000000)
  eden space 65536K, 0% used [0x00000000d6000000,0x00000000d6000000,0x00000000da000000)
  from space 5120K, 99% used [0x00000000da500000,0x00000000da9f9ca0,0x00000000daa00000)
  to   space 5120K, 0% used [0x00000000da000000,0x00000000da000000,0x00000000da500000)
 ParOldGen       total 86016K, used 13646K [0x0000000082000000, 0x0000000087400000, 0x00000000d6000000)
  object space 86016K, 15% used [0x0000000082000000,0x0000000082d53838,0x0000000087400000)
 Metaspace       used 20098K, capacity 20952K, committed 20992K, reserved 1067008K
  class space    used 2851K, capacity 3059K, committed 3072K, reserved 1048576K
}
Event: 2.164 GC heap before
{Heap before GC invocations=5 (full 0):
 PSYoungGen      total 70656K, used 25250K [0x00000000d6000000, 0x00000000daa00000, 0x0000000100000000)
  eden space 65536K, 30% used [0x00000000d6000000,0x00000000d73aef00,0x00000000da000000)
  from space 5120K, 99% used [0x00000000da500000,0x00000000da9f9ca0,0x00000000daa00000)
  to   space 5120K, 0% used [0x00000000da000000,0x00000000da000000,0x00000000da500000)
 ParOldGen       total 86016K, used 13646K [0x0000000082000000, 0x0000000087400000, 0x00000000d6000000)
  object space 86016K, 15% used [0x0000000082000000,0x0000000082d53838,0x0000000087400000)
 Metaspace       used 20368K, capacity 21278K, committed 21296K, reserved 1067008K
  class space    used 2908K, capacity 3108K, committed 3120K, reserved 1048576K
Event: 2.169 GC heap after
Heap after GC invocations=5 (full 0):
 PSYoungGen      total 70656K, used 5095K [0x00000000d6000000, 0x00000000dfb00000, 0x0000000100000000)
  eden space 65536K, 0% used [0x00000000d6000000,0x00000000d6000000,0x00000000da000000)
  from space 5120K, 99% used [0x00000000da000000,0x00000000da4f9ca0,0x00000000da500000)
  to   space 13824K, 0% used [0x00000000ded80000,0x00000000ded80000,0x00000000dfb00000)
 ParOldGen       total 86016K, used 14126K [0x0000000082000000, 0x0000000087400000, 0x00000000d6000000)
  object space 86016K, 16% used [0x0000000082000000,0x0000000082dcb838,0x0000000087400000)
 Metaspace       used 20368K, capacity 21278K, committed 21296K, reserved 1067008K
  class space    used 2908K, capacity 3108K, committed 3120K, reserved 1048576K
}
Event: 2.169 GC heap before
{Heap before GC invocations=6 (full 1):
 PSYoungGen      total 70656K, used 5095K [0x00000000d6000000, 0x00000000dfb00000, 0x0000000100000000)
  eden space 65536K, 0% used [0x00000000d6000000,0x00000000d6000000,0x00000000da000000)
  from space 5120K, 99% used [0x00000000da000000,0x00000000da4f9ca0,0x00000000da500000)
  to   space 13824K, 0% used [0x00000000ded80000,0x00000000ded80000,0x00000000dfb00000)
 ParOldGen       total 86016K, used 14126K [0x0000000082000000, 0x0000000087400000, 0x00000000d6000000)
  object space 86016K, 16% used [0x0000000082000000,0x0000000082dcb838,0x0000000087400000)
 Metaspace       used 20368K, capacity 21278K, committed 21296K, reserved 1067008K
  class space    used 2908K, capacity 3108K, committed 3120K, reserved 1048576K
Event: 2.203 GC heap after
Heap after GC invocations=6 (full 1):
 PSYoungGen      total 70656K, used 0K [0x00000000d6000000, 0x00000000dfb00000, 0x0000000100000000)
  eden space 65536K, 0% used [0x00000000d6000000,0x00000000d6000000,0x00000000da000000)
  from space 5120K, 0% used [0x00000000da000000,0x00000000da000000,0x00000000da500000)
  to   space 13824K, 0% used [0x00000000ded80000,0x00000000ded80000,0x00000000dfb00000)
 ParOldGen       total 73728K, used 16871K [0x0000000082000000, 0x0000000086800000, 0x00000000d6000000)
  object space 73728K, 22% used [0x0000000082000000,0x0000000083079d08,0x0000000086800000)
 Metaspace       used 20368K, capacity 21278K, committed 21296K, reserved 1067008K
  class space    used 2908K, capacity 3108K, committed 3120K, reserved 1048576K
}
Event: 3.440 GC heap before
{Heap before GC invocations=7 (full 1):
 PSYoungGen      total 70656K, used 65536K [0x00000000d6000000, 0x00000000dfb00000, 0x0000000100000000)
  eden space 65536K, 100% used [0x00000000d6000000,0x00000000da000000,0x00000000da000000)
  from space 5120K, 0% used [0x00000000da000000,0x00000000da000000,0x00000000da500000)
  to   space 13824K, 0% used [0x00000000ded80000,0x00000000ded80000,0x00000000dfb00000)
 ParOldGen       total 73728K, used 16871K [0x0000000082000000, 0x0000000086800000, 0x00000000d6000000)
  object space 73728K, 22% used [0x0000000082000000,0x0000000083079d08,0x0000000086800000)
 Metaspace       used 25714K, capacity 27442K, committed 27696K, reserved 1073152K
  class space    used 3781K, capacity 4106K, committed 4144K, reserved 1048576K
Event: 3.464 GC heap after
Heap after GC invocations=7 (full 1):
 PSYoungGen      total 115200K, used 13806K [0x00000000d6000000, 0x00000000dfb00000, 0x0000000100000000)
  eden space 101376K, 0% used [0x00000000d6000000,0x00000000d6000000,0x00000000dc300000)
  from space 13824K, 99% used [0x00000000ded80000,0x00000000dfafb930,0x00000000dfb00000)
  to   space 17408K, 0% used [0x00000000dd900000,0x00000000dd900000,0x00000000dea00000)
 ParOldGen       total 73728K, used 19387K [0x0000000082000000, 0x0000000086800000, 0x00000000d6000000)
  object space 73728K, 26% used [0x0000000082000000,0x00000000832eee80,0x0000000086800000)
 Metaspace       used 25714K, capacity 27442K, committed 27696K, reserved 1073152K
  class space    used 3781K, capacity 4106K, committed 4144K, reserved 1048576K
}

