# JRE version: Java(TM) SE Runtime Environment (8.0_121-b13) (build 1.8.0_121-b13)
# Java VM: Java HotSpot(TM) 64-Bit Server VM (25.121-b13 mixed mode windows-amd64 compressed oops)
Heap:
 PSYoungGen      total 74752K, used 44888K [0x00000000d5b00000, 0x00000000dd200000, 0x0000000100000000)
  eden space 60416K, 50% used [0x00000000d5b00000,0x00000000d78d94e8,0x00000000d9600000)
  from space 14336K, 99% used [0x00000000d9600000,0x00000000da3fcb38,0x00000000da400000)
  to   space 20992K, 0% used [0x00000000dbd80000,0x00000000dbd80000,0x00000000dd200000)
 ParOldGen       total 81408K, used 23609K [0x0000000081000000, 0x0000000085f80000, 0x00000000d5b00000)
  object space 81408K, 29% used [0x0000000081000000,0x000000008270e660,0x0000000085f80000)
 Metaspace       used 33026K, capacity 35242K, committed 35416K, reserved 1079296K
  class space    used 4665K, capacity 5023K, committed 5120K, reserved 1048576K
GC Heap History (10 events):
Event: 1.663 GC heap before
{Heap before GC invocations=4 (full 1):
 PSYoungGen      total 38400K, used 5113K [0x00000000d5b00000, 0x00000000da600000, 0x0000000100000000)
  eden space 33280K, 0% used [0x00000000d5b00000,0x00000000d5b00000,0x00000000d7b80000)
  from space 5120K, 99% used [0x00000000d7b80000,0x00000000d807e580,0x00000000d8080000)
  to   space 5120K, 0% used [0x00000000da100000,0x00000000da100000,0x00000000da600000)
 ParOldGen       total 87552K, used 11941K [0x0000000081000000, 0x0000000086580000, 0x00000000d5b00000)
  object space 87552K, 13% used [0x0000000081000000,0x0000000081ba9530,0x0000000086580000)
 Metaspace       used 20438K, capacity 21076K, committed 21248K, reserved 1067008K
  class space    used 2771K, capacity 2948K, committed 3072K, reserved 1048576K
Event: 1.713 GC heap after
Heap after GC invocations=4 (full 1):
 PSYoungGen      total 38400K, used 0K [0x00000000d5b00000, 0x00000000da600000, 0x0000000100000000)
  eden space 33280K, 0% used [0x00000000d5b00000,0x00000000d5b00000,0x00000000d7b80000)
  from space 5120K, 0% used [0x00000000d7b80000,0x00000000d7b80000,0x00000000d8080000)
  to   space 5120K, 0% used [0x00000000da100000,0x00000000da100000,0x00000000da600000)
 ParOldGen       total 81408K, used 15983K [0x0000000081000000, 0x0000000085f80000, 0x00000000d5b00000)
  object space 81408K, 19% used [0x0000000081000000,0x0000000081f9bfa8,0x0000000085f80000)
 Metaspace       used 20438K, capacity 21076K, committed 21248K, reserved 1067008K
  class space    used 2771K, capacity 2948K, committed 3072K, reserved 1048576K
}
Event: 2.068 GC heap before
{Heap before GC invocations=5 (full 1):
 PSYoungGen      total 38400K, used 33280K [0x00000000d5b00000, 0x00000000da600000, 0x0000000100000000)
  eden space 33280K, 100% used [0x00000000d5b00000,0x00000000d7b80000,0x00000000d7b80000)
  from space 5120K, 0% used [0x00000000d7b80000,0x00000000d7b80000,0x00000000d8080000)
  to   space 5120K, 0% used [0x00000000da100000,0x00000000da100000,0x00000000da600000)
 ParOldGen       total 81408K, used 15983K [0x0000000081000000, 0x0000000085f80000, 0x00000000d5b00000)
  object space 81408K, 19% used [0x0000000081000000,0x0000000081f9bfa8,0x0000000085f80000)
 Metaspace       used 23272K, capacity 24254K, committed 24448K, reserved 1071104K
  class space    used 3227K, capacity 3435K, committed 3456K, reserved 1048576K
Event: 2.072 GC heap after
Heap after GC invocations=5 (full 1):
 PSYoungGen      total 47616K, used 2829K [0x00000000d5b00000, 0x00000000da400000, 0x0000000100000000)
  eden space 44544K, 0% used [0x00000000d5b00000,0x00000000d5b00000,0x00000000d8680000)
  from space 3072K, 92% used [0x00000000da100000,0x00000000da3c34e0,0x00000000da400000)
  to   space 5120K, 0% used [0x00000000d9a00000,0x00000000d9a00000,0x00000000d9f00000)
 ParOldGen       total 81408K, used 15991K [0x0000000081000000, 0x0000000085f80000, 0x00000000d5b00000)
  object space 81408K, 19% used [0x0000000081000000,0x0000000081f9dfa8,0x0000000085f80000)
 Metaspace       used 23272K, capacity 24254K, committed 24448K, reserved 1071104K
  class space    used 3227K, capacity 3435K, committed 3456K, reserved 1048576K
}
Event: 2.466 GC heap before
{Heap before GC invocations=6 (full 1):
 PSYoungGen      total 47616K, used 47373K [0x00000000d5b00000, 0x00000000da400000, 0x0000000100000000)
  eden space 44544K, 100% used [0x00000000d5b00000,0x00000000d8680000,0x00000000d8680000)
  from space 3072K, 92% used [0x00000000da100000,0x00000000da3c34e0,0x00000000da400000)
  to   space 5120K, 0% used [0x00000000d9a00000,0x00000000d9a00000,0x00000000d9f00000)
 ParOldGen       total 81408K, used 15991K [0x0000000081000000, 0x0000000085f80000, 0x00000000d5b00000)
  object space 81408K, 19% used [0x0000000081000000,0x0000000081f9dfa8,0x0000000085f80000)
 Metaspace       used 24063K, capacity 25128K, committed 25472K, reserved 1071104K
  class space    used 3392K, capacity 3600K, committed 3712K, reserved 1048576K
Event: 2.472 GC heap after
Heap after GC invocations=6 (full 1):
 PSYoungGen      total 64512K, used 3048K [0x00000000d5b00000, 0x00000000db300000, 0x0000000100000000)
  eden space 59392K, 0% used [0x00000000d5b00000,0x00000000d5b00000,0x00000000d9500000)
  from space 5120K, 59% used [0x00000000d9a00000,0x00000000d9cfa3c0,0x00000000d9f00000)
  to   space 15360K, 0% used [0x00000000da400000,0x00000000da400000,0x00000000db300000)
 ParOldGen       total 81408K, used 15991K [0x0000000081000000, 0x0000000085f80000, 0x00000000d5b00000)
  object space 81408K, 19% used [0x0000000081000000,0x0000000081f9dfa8,0x0000000085f80000)
 Metaspace       used 24063K, capacity 25128K, committed 25472K, reserved 1071104K
  class space    used 3392K, capacity 3600K, committed 3712K, reserved 1048576K
}
Event: 3.030 GC heap before
{Heap before GC invocations=7 (full 1):
 PSYoungGen      total 64512K, used 62440K [0x00000000d5b00000, 0x00000000db300000, 0x0000000100000000)
  eden space 59392K, 100% used [0x00000000d5b00000,0x00000000d9500000,0x00000000d9500000)
  from space 5120K, 59% used [0x00000000d9a00000,0x00000000d9cfa3c0,0x00000000d9f00000)
  to   space 15360K, 0% used [0x00000000da400000,0x00000000da400000,0x00000000db300000)
 ParOldGen       total 81408K, used 15991K [0x0000000081000000, 0x0000000085f80000, 0x00000000d5b00000)
  object space 81408K, 19% used [0x0000000081000000,0x0000000081f9dfa8,0x0000000085f80000)
 Metaspace       used 26648K, capacity 28138K, committed 28288K, reserved 1073152K
  class space    used 3861K, capacity 4163K, committed 4224K, reserved 1048576K
Event: 3.038 GC heap after
Heap after GC invocations=7 (full 1):
 PSYoungGen      total 75776K, used 5325K [0x00000000d5b00000, 0x00000000dc400000, 0x0000000100000000)
  eden space 60416K, 0% used [0x00000000d5b00000,0x00000000d5b00000,0x00000000d9600000)
  from space 15360K, 34% used [0x00000000da400000,0x00000000da933660,0x00000000db300000)
  to   space 14336K, 0% used [0x00000000d9600000,0x00000000d9600000,0x00000000da400000)
 ParOldGen       total 81408K, used 15999K [0x0000000081000000, 0x0000000085f80000, 0x00000000d5b00000)
  object space 81408K, 19% used [0x0000000081000000,0x0000000081f9ffa8,0x0000000085f80000)
 Metaspace       used 26648K, capacity 28138K, committed 28288K, reserved 1073152K
  class space    used 3861K, capacity 4163K, committed 4224K, reserved 1048576K
}
Event: 5.081 GC heap before
{Heap before GC invocations=8 (full 1):
 PSYoungGen      total 75776K, used 65741K [0x00000000d5b00000, 0x00000000dc400000, 0x0000000100000000)
  eden space 60416K, 100% used [0x00000000d5b00000,0x00000000d9600000,0x00000000d9600000)
  from space 15360K, 34% used [0x00000000da400000,0x00000000da933660,0x00000000db300000)
  to   space 14336K, 0% used [0x00000000d9600000,0x00000000d9600000,0x00000000da400000)
 ParOldGen       total 81408K, used 15999K [0x0000000081000000, 0x0000000085f80000, 0x00000000d5b00000)
  object space 81408K, 19% used [0x0000000081000000,0x0000000081f9ffa8,0x0000000085f80000)
 Metaspace       used 31100K, capacity 33118K, committed 33280K, reserved 1077248K
  class space    used 4435K, capacity 4799K, committed 4864K, reserved 1048576K
Event: 5.108 GC heap after
Heap after GC invocations=8 (full 1):
 PSYoungGen      total 74752K, used 14322K [0x00000000d5b00000, 0x00000000dd200000, 0x0000000100000000)
  eden space 60416K, 0% used [0x00000000d5b00000,0x00000000d5b00000,0x00000000d9600000)
  from space 14336K, 99% used [0x00000000d9600000,0x00000000da3fcb38,0x00000000da400000)
  to   space 20992K, 0% used [0x00000000dbd80000,0x00000000dbd80000,0x00000000dd200000)
 ParOldGen       total 81408K, used 23609K [0x0000000081000000, 0x0000000085f80000, 0x00000000d5b00000)
  object space 81408K, 29% used [0x0000000081000000,0x000000008270e660,0x0000000085f80000)
 Metaspace       used 31100K, capacity 33118K, committed 33280K, reserved 1077248K
  class space    used 4435K, capacity 4799K, committed 4864K, reserved 1048576K
}

