# JRE version: Java(TM) SE Runtime Environment (8.0_161-b12) (build 1.8.0_161-b12)
# Java VM: Java HotSpot(TM) 64-Bit Server VM (25.161-b12 mixed mode windows-amd64 compressed oops)
Heap:
 PSYoungGen      total 37888K, used 11374K [0x00000000d6000000, 0x00000000dab00000, 0x0000000100000000)
  eden space 32768K, 19% used [0x00000000d6000000,0x00000000d66202d0,0x00000000d8000000)
  from space 5120K, 99% used [0x00000000d8000000,0x00000000d84fb8e0,0x00000000d8500000)
  to   space 14336K, 0% used [0x00000000d9d00000,0x00000000d9d00000,0x00000000dab00000)
 ParOldGen       total 76288K, used 21004K [0x0000000082000000, 0x0000000086a80000, 0x00000000d6000000)
  object space 76288K, 27% used [0x0000000082000000,0x00000000834833e0,0x0000000086a80000)
 Metaspace       used 25327K, capacity 26994K, committed 27136K, reserved 1073152K
  class space    used 3682K, capacity 3991K, committed 4096K, reserved 1048576K
GC Heap History (10 events):
Event: 2.033 GC heap before
{Heap before GC invocations=2 (full 0):
 PSYoungGen      total 37888K, used 36384K [0x00000000d6000000, 0x00000000d8a00000, 0x0000000100000000)
  eden space 32768K, 100% used [0x00000000d6000000,0x00000000d8000000,0x00000000d8000000)
  from space 5120K, 70% used [0x00000000d8000000,0x00000000d8388040,0x00000000d8500000)
  to   space 5120K, 0% used [0x00000000d8500000,0x00000000d8500000,0x00000000d8a00000)
 ParOldGen       total 86016K, used 80K [0x0000000082000000, 0x0000000087400000, 0x00000000d6000000)
  object space 86016K, 0% used [0x0000000082000000,0x0000000082014010,0x0000000087400000)
 Metaspace       used 14655K, capacity 15206K, committed 15232K, reserved 1062912K
  class space    used 2015K, capacity 2161K, committed 2176K, reserved 1048576K
Event: 2.040 GC heap after
Heap after GC invocations=2 (full 0):
 PSYoungGen      total 37888K, used 5097K [0x00000000d6000000, 0x00000000d8a00000, 0x0000000100000000)
  eden space 32768K, 0% used [0x00000000d6000000,0x00000000d6000000,0x00000000d8000000)
  from space 5120K, 99% used [0x00000000d8500000,0x00000000d89fa5a0,0x00000000d8a00000)
  to   space 5120K, 0% used [0x00000000d8000000,0x00000000d8000000,0x00000000d8500000)
 ParOldGen       total 86016K, used 8946K [0x0000000082000000, 0x0000000087400000, 0x00000000d6000000)
  object space 86016K, 10% used [0x0000000082000000,0x00000000828bcaa0,0x0000000087400000)
 Metaspace       used 14655K, capacity 15206K, committed 15232K, reserved 1062912K
  class space    used 2015K, capacity 2161K, committed 2176K, reserved 1048576K
}
Event: 2.606 GC heap before
{Heap before GC invocations=3 (full 0):
 PSYoungGen      total 37888K, used 37865K [0x00000000d6000000, 0x00000000d8a00000, 0x0000000100000000)
  eden space 32768K, 100% used [0x00000000d6000000,0x00000000d8000000,0x00000000d8000000)
  from space 5120K, 99% used [0x00000000d8500000,0x00000000d89fa5a0,0x00000000d8a00000)
  to   space 5120K, 0% used [0x00000000d8000000,0x00000000d8000000,0x00000000d8500000)
 ParOldGen       total 86016K, used 8946K [0x0000000082000000, 0x0000000087400000, 0x00000000d6000000)
  object space 86016K, 10% used [0x0000000082000000,0x00000000828bcaa0,0x0000000087400000)
 Metaspace       used 18275K, capacity 18930K, committed 19072K, reserved 1064960K
  class space    used 2488K, capacity 2673K, committed 2688K, reserved 1048576K
Event: 2.613 GC heap after
Heap after GC invocations=3 (full 0):
 PSYoungGen      total 37888K, used 5097K [0x00000000d6000000, 0x00000000d8a00000, 0x0000000100000000)
  eden space 32768K, 0% used [0x00000000d6000000,0x00000000d6000000,0x00000000d8000000)
  from space 5120K, 99% used [0x00000000d8000000,0x00000000d84fa5a0,0x00000000d8500000)
  to   space 5120K, 0% used [0x00000000d8500000,0x00000000d8500000,0x00000000d8a00000)
 ParOldGen       total 86016K, used 12632K [0x0000000082000000, 0x0000000087400000, 0x00000000d6000000)
  object space 86016K, 14% used [0x0000000082000000,0x0000000082c56148,0x0000000087400000)
 Metaspace       used 18275K, capacity 18930K, committed 19072K, reserved 1064960K
  class space    used 2488K, capacity 2673K, committed 2688K, reserved 1048576K
}
Event: 2.947 GC heap before
{Heap before GC invocations=4 (full 0):
 PSYoungGen      total 37888K, used 35147K [0x00000000d6000000, 0x00000000d8a00000, 0x0000000100000000)
  eden space 32768K, 91% used [0x00000000d6000000,0x00000000d7d58828,0x00000000d8000000)
  from space 5120K, 99% used [0x00000000d8000000,0x00000000d84fa5a0,0x00000000d8500000)
  to   space 5120K, 0% used [0x00000000d8500000,0x00000000d8500000,0x00000000d8a00000)
 ParOldGen       total 86016K, used 12632K [0x0000000082000000, 0x0000000087400000, 0x00000000d6000000)
  object space 86016K, 14% used [0x0000000082000000,0x0000000082c56148,0x0000000087400000)
 Metaspace       used 20345K, capacity 21192K, committed 21296K, reserved 1067008K
  class space    used 2893K, capacity 3120K, committed 3200K, reserved 1048576K
Event: 2.953 GC heap after
Heap after GC invocations=4 (full 0):
 PSYoungGen      total 37888K, used 4386K [0x00000000d6000000, 0x00000000daa00000, 0x0000000100000000)
  eden space 32768K, 0% used [0x00000000d6000000,0x00000000d6000000,0x00000000d8000000)
  from space 5120K, 85% used [0x00000000d8500000,0x00000000d8948b10,0x00000000d8a00000)
  to   space 5120K, 0% used [0x00000000d8000000,0x00000000d8000000,0x00000000d8500000)
 ParOldGen       total 86016K, used 14361K [0x0000000082000000, 0x0000000087400000, 0x00000000d6000000)
  object space 86016K, 16% used [0x0000000082000000,0x0000000082e06658,0x0000000087400000)
 Metaspace       used 20345K, capacity 21192K, committed 21296K, reserved 1067008K
  class space    used 2893K, capacity 3120K, committed 3200K, reserved 1048576K
}
Event: 2.953 GC heap before
{Heap before GC invocations=5 (full 1):
 PSYoungGen      total 37888K, used 4386K [0x00000000d6000000, 0x00000000daa00000, 0x0000000100000000)
  eden space 32768K, 0% used [0x00000000d6000000,0x00000000d6000000,0x00000000d8000000)
  from space 5120K, 85% used [0x00000000d8500000,0x00000000d8948b10,0x00000000d8a00000)
  to   space 5120K, 0% used [0x00000000d8000000,0x00000000d8000000,0x00000000d8500000)
 ParOldGen       total 86016K, used 14361K [0x0000000082000000, 0x0000000087400000, 0x00000000d6000000)
  object space 86016K, 16% used [0x0000000082000000,0x0000000082e06658,0x0000000087400000)
 Metaspace       used 20345K, capacity 21192K, committed 21296K, reserved 1067008K
  class space    used 2893K, capacity 3120K, committed 3200K, reserved 1048576K
Event: 2.992 GC heap after
Heap after GC invocations=5 (full 1):
 PSYoungGen      total 37888K, used 0K [0x00000000d6000000, 0x00000000daa00000, 0x0000000100000000)
  eden space 32768K, 0% used [0x00000000d6000000,0x00000000d6000000,0x00000000d8000000)
  from space 5120K, 0% used [0x00000000d8500000,0x00000000d8500000,0x00000000d8a00000)
  to   space 5120K, 0% used [0x00000000d8000000,0x00000000d8000000,0x00000000d8500000)
 ParOldGen       total 76288K, used 16408K [0x0000000082000000, 0x0000000086a80000, 0x00000000d6000000)
  object space 76288K, 21% used [0x0000000082000000,0x0000000083006390,0x0000000086a80000)
 Metaspace       used 20345K, capacity 21192K, committed 21296K, reserved 1067008K
  class space    used 2893K, capacity 3120K, committed 3200K, reserved 1048576K
}
Event: 3.930 GC heap before
{Heap before GC invocations=6 (full 1):
 PSYoungGen      total 37888K, used 32768K [0x00000000d6000000, 0x00000000daa00000, 0x0000000100000000)
  eden space 32768K, 100% used [0x00000000d6000000,0x00000000d8000000,0x00000000d8000000)
  from space 5120K, 0% used [0x00000000d8500000,0x00000000d8500000,0x00000000d8a00000)
  to   space 5120K, 0% used [0x00000000d8000000,0x00000000d8000000,0x00000000d8500000)
 ParOldGen       total 76288K, used 16408K [0x0000000082000000, 0x0000000086a80000, 0x00000000d6000000)
  object space 76288K, 21% used [0x0000000082000000,0x0000000083006390,0x0000000086a80000)
 Metaspace       used 24794K, capacity 26330K, committed 26496K, reserved 1071104K
  class space    used 3638K, capacity 3957K, committed 3968K, reserved 1048576K
Event: 3.941 GC heap after
Heap after GC invocations=6 (full 1):
 PSYoungGen      total 37888K, used 5102K [0x00000000d6000000, 0x00000000dab00000, 0x0000000100000000)
  eden space 32768K, 0% used [0x00000000d6000000,0x00000000d6000000,0x00000000d8000000)
  from space 5120K, 99% used [0x00000000d8000000,0x00000000d84fb8e0,0x00000000d8500000)
  to   space 14336K, 0% used [0x00000000d9d00000,0x00000000d9d00000,0x00000000dab00000)
 ParOldGen       total 76288K, used 21004K [0x0000000082000000, 0x0000000086a80000, 0x00000000d6000000)
  object space 76288K, 27% used [0x0000000082000000,0x00000000834833e0,0x0000000086a80000)
 Metaspace       used 24794K, capacity 26330K, committed 26496K, reserved 1071104K
  class space    used 3638K, capacity 3957K, committed 3968K, reserved 1048576K
}

