# JRE version: Java(TM) SE Runtime Environment (8.0_151-b12) (build 1.8.0_151-b12)
# Java VM: Java HotSpot(TM) 64-Bit Server VM (25.151-b12 mixed mode windows-amd64 compressed oops)
Heap:
 PSYoungGen      total 105472K, used 41782K [0x00000000d5b00000, 0x00000000df000000, 0x0000000100000000)
  eden space 99328K, 36% used [0x00000000d5b00000,0x00000000d7df0700,0x00000000dbc00000)
  from space 6144K, 97% used [0x00000000dea00000,0x00000000defdd2a0,0x00000000df000000)
  to   space 12800K, 0% used [0x00000000dd700000,0x00000000dd700000,0x00000000de380000)
 ParOldGen       total 74752K, used 16696K [0x0000000081000000, 0x0000000085900000, 0x00000000d5b00000)
  object space 74752K, 22% used [0x0000000081000000,0x000000008204e1c0,0x0000000085900000)
 Metaspace       used 26049K, capacity 27908K, committed 28032K, reserved 1073152K
  class space    used 3870K, capacity 4201K, committed 4224K, reserved 1048576K
GC Heap History (10 events):
Event: 1.869 GC heap before
{Heap before GC invocations=3 (full 0):
 PSYoungGen      total 38400K, used 38377K [0x00000000d5b00000, 0x00000000da600000, 0x0000000100000000)
  eden space 33280K, 100% used [0x00000000d5b00000,0x00000000d7b80000,0x00000000d7b80000)
  from space 5120K, 99% used [0x00000000d8080000,0x00000000d857a5c0,0x00000000d8580000)
  to   space 5120K, 0% used [0x00000000d7b80000,0x00000000d7b80000,0x00000000d8080000)
 ParOldGen       total 87552K, used 8917K [0x0000000081000000, 0x0000000086580000, 0x00000000d5b00000)
  object space 87552K, 10% used [0x0000000081000000,0x00000000818b5420,0x0000000086580000)
 Metaspace       used 18153K, capacity 18784K, committed 18944K, reserved 1064960K
  class space    used 2521K, capacity 2707K, committed 2816K, reserved 1048576K
Event: 1.878 GC heap after
Heap after GC invocations=3 (full 0):
 PSYoungGen      total 38400K, used 5097K [0x00000000d5b00000, 0x00000000da600000, 0x0000000100000000)
  eden space 33280K, 0% used [0x00000000d5b00000,0x00000000d5b00000,0x00000000d7b80000)
  from space 5120K, 99% used [0x00000000d7b80000,0x00000000d807a5a0,0x00000000d8080000)
  to   space 5120K, 0% used [0x00000000da100000,0x00000000da100000,0x00000000da600000)
 ParOldGen       total 87552K, used 12517K [0x0000000081000000, 0x0000000086580000, 0x00000000d5b00000)
  object space 87552K, 14% used [0x0000000081000000,0x0000000081c394c8,0x0000000086580000)
 Metaspace       used 18153K, capacity 18784K, committed 18944K, reserved 1064960K
  class space    used 2521K, capacity 2707K, committed 2816K, reserved 1048576K
}
Event: 2.181 GC heap before
{Heap before GC invocations=4 (full 0):
 PSYoungGen      total 38400K, used 38377K [0x00000000d5b00000, 0x00000000da600000, 0x0000000100000000)
  eden space 33280K, 100% used [0x00000000d5b00000,0x00000000d7b80000,0x00000000d7b80000)
  from space 5120K, 99% used [0x00000000d7b80000,0x00000000d807a5a0,0x00000000d8080000)
  to   space 5120K, 0% used [0x00000000da100000,0x00000000da100000,0x00000000da600000)
 ParOldGen       total 87552K, used 12517K [0x0000000081000000, 0x0000000086580000, 0x00000000d5b00000)
  object space 87552K, 14% used [0x0000000081000000,0x0000000081c394c8,0x0000000086580000)
 Metaspace       used 19821K, capacity 20636K, committed 20736K, reserved 1067008K
  class space    used 2854K, capacity 3057K, committed 3072K, reserved 1048576K
Event: 2.189 GC heap after
Heap after GC invocations=4 (full 0):
 PSYoungGen      total 71680K, used 5088K [0x00000000d5b00000, 0x00000000da600000, 0x0000000100000000)
  eden space 66560K, 0% used [0x00000000d5b00000,0x00000000d5b00000,0x00000000d9c00000)
  from space 5120K, 99% used [0x00000000da100000,0x00000000da5f81e0,0x00000000da600000)
  to   space 5120K, 0% used [0x00000000d9c00000,0x00000000d9c00000,0x00000000da100000)
 ParOldGen       total 87552K, used 13543K [0x0000000081000000, 0x0000000086580000, 0x00000000d5b00000)
  object space 87552K, 15% used [0x0000000081000000,0x0000000081d39f68,0x0000000086580000)
 Metaspace       used 19821K, capacity 20636K, committed 20736K, reserved 1067008K
  class space    used 2854K, capacity 3057K, committed 3072K, reserved 1048576K
}
Event: 2.346 GC heap before
{Heap before GC invocations=5 (full 0):
 PSYoungGen      total 71680K, used 29378K [0x00000000d5b00000, 0x00000000da600000, 0x0000000100000000)
  eden space 66560K, 36% used [0x00000000d5b00000,0x00000000d72b8620,0x00000000d9c00000)
  from space 5120K, 99% used [0x00000000da100000,0x00000000da5f81e0,0x00000000da600000)
  to   space 5120K, 0% used [0x00000000d9c00000,0x00000000d9c00000,0x00000000da100000)
 ParOldGen       total 87552K, used 13543K [0x0000000081000000, 0x0000000086580000, 0x00000000d5b00000)
  object space 87552K, 15% used [0x0000000081000000,0x0000000081d39f68,0x0000000086580000)
 Metaspace       used 20314K, capacity 21262K, committed 21296K, reserved 1067008K
  class space    used 2961K, capacity 3168K, committed 3200K, reserved 1048576K
Event: 2.352 GC heap after
Heap after GC invocations=5 (full 0):
 PSYoungGen      total 71680K, used 5088K [0x00000000d5b00000, 0x00000000df700000, 0x0000000100000000)
  eden space 66560K, 0% used [0x00000000d5b00000,0x00000000d5b00000,0x00000000d9c00000)
  from space 5120K, 99% used [0x00000000d9c00000,0x00000000da0f81e0,0x00000000da100000)
  to   space 13312K, 0% used [0x00000000dea00000,0x00000000dea00000,0x00000000df700000)
 ParOldGen       total 87552K, used 13951K [0x0000000081000000, 0x0000000086580000, 0x00000000d5b00000)
  object space 87552K, 15% used [0x0000000081000000,0x0000000081d9ff68,0x0000000086580000)
 Metaspace       used 20314K, capacity 21262K, committed 21296K, reserved 1067008K
  class space    used 2961K, capacity 3168K, committed 3200K, reserved 1048576K
}
Event: 2.352 GC heap before
{Heap before GC invocations=6 (full 1):
 PSYoungGen      total 71680K, used 5088K [0x00000000d5b00000, 0x00000000df700000, 0x0000000100000000)
  eden space 66560K, 0% used [0x00000000d5b00000,0x00000000d5b00000,0x00000000d9c00000)
  from space 5120K, 99% used [0x00000000d9c00000,0x00000000da0f81e0,0x00000000da100000)
  to   space 13312K, 0% used [0x00000000dea00000,0x00000000dea00000,0x00000000df700000)
 ParOldGen       total 87552K, used 13951K [0x0000000081000000, 0x0000000086580000, 0x00000000d5b00000)
  object space 87552K, 15% used [0x0000000081000000,0x0000000081d9ff68,0x0000000086580000)
 Metaspace       used 20314K, capacity 21262K, committed 21296K, reserved 1067008K
  class space    used 2961K, capacity 3168K, committed 3200K, reserved 1048576K
Event: 2.397 GC heap after
Heap after GC invocations=6 (full 1):
 PSYoungGen      total 71680K, used 0K [0x00000000d5b00000, 0x00000000df700000, 0x0000000100000000)
  eden space 66560K, 0% used [0x00000000d5b00000,0x00000000d5b00000,0x00000000d9c00000)
  from space 5120K, 0% used [0x00000000d9c00000,0x00000000d9c00000,0x00000000da100000)
  to   space 13312K, 0% used [0x00000000dea00000,0x00000000dea00000,0x00000000df700000)
 ParOldGen       total 74752K, used 16688K [0x0000000081000000, 0x0000000085900000, 0x00000000d5b00000)
  object space 74752K, 22% used [0x0000000081000000,0x000000008204c1c0,0x0000000085900000)
 Metaspace       used 20314K, capacity 21262K, committed 21296K, reserved 1067008K
  class space    used 2961K, capacity 3168K, committed 3200K, reserved 1048576K
}
Event: 3.421 GC heap before
{Heap before GC invocations=7 (full 1):
 PSYoungGen      total 71680K, used 66560K [0x00000000d5b00000, 0x00000000df700000, 0x0000000100000000)
  eden space 66560K, 100% used [0x00000000d5b00000,0x00000000d9c00000,0x00000000d9c00000)
  from space 5120K, 0% used [0x00000000d9c00000,0x00000000d9c00000,0x00000000da100000)
  to   space 13312K, 0% used [0x00000000dea00000,0x00000000dea00000,0x00000000df700000)
 ParOldGen       total 74752K, used 16688K [0x0000000081000000, 0x0000000085900000, 0x00000000d5b00000)
  object space 74752K, 22% used [0x0000000081000000,0x000000008204c1c0,0x0000000085900000)
 Metaspace       used 24058K, capacity 25764K, committed 25984K, reserved 1071104K
  class space    used 3663K, capacity 3963K, committed 3968K, reserved 1048576K
Event: 3.429 GC heap after
Heap after GC invocations=7 (full 1):
 PSYoungGen      total 105472K, used 6004K [0x00000000d5b00000, 0x00000000df000000, 0x0000000100000000)
  eden space 99328K, 0% used [0x00000000d5b00000,0x00000000d5b00000,0x00000000dbc00000)
  from space 6144K, 97% used [0x00000000dea00000,0x00000000defdd2a0,0x00000000df000000)
  to   space 12800K, 0% used [0x00000000dd700000,0x00000000dd700000,0x00000000de380000)
 ParOldGen       total 74752K, used 16696K [0x0000000081000000, 0x0000000085900000, 0x00000000d5b00000)
  object space 74752K, 22% used [0x0000000081000000,0x000000008204e1c0,0x0000000085900000)
 Metaspace       used 24058K, capacity 25764K, committed 25984K, reserved 1071104K
  class space    used 3663K, capacity 3963K, committed 3968K, reserved 1048576K
}

