# JRE version: Java(TM) SE Runtime Environment (8.0_161-b12) (build 1.8.0_161-b12)
# Java VM: Java HotSpot(TM) 64-Bit Server VM (25.161-b12 mixed mode windows-amd64 compressed oops)
Heap:
 PSYoungGen      total 111104K, used 21973K [0x00000000d6000000, 0x00000000e1780000, 0x0000000100000000)
  eden space 96768K, 7% used [0x00000000d6000000,0x00000000d6779508,0x00000000dbe80000)
  from space 14336K, 99% used [0x00000000dbe80000,0x00000000dcc7c2b0,0x00000000dcc80000)
  to   space 23552K, 0% used [0x00000000e0080000,0x00000000e0080000,0x00000000e1780000)
 ParOldGen       total 74752K, used 29819K [0x0000000082000000, 0x0000000086900000, 0x00000000d6000000)
  object space 74752K, 39% used [0x0000000082000000,0x0000000083d1ef88,0x0000000086900000)
 Metaspace       used 28179K, capacity 30292K, committed 30592K, reserved 1075200K
  class space    used 4064K, capacity 4426K, committed 4480K, reserved 1048576K
GC Heap History (10 events):
Event: 3.944 GC heap before
{Heap before GC invocations=4 (full 0):
 PSYoungGen      total 37888K, used 21634K [0x00000000d6000000, 0x00000000daa00000, 0x0000000100000000)
  eden space 32768K, 50% used [0x00000000d6000000,0x00000000d70288e0,0x00000000d8000000)
  from space 5120K, 99% used [0x00000000d8000000,0x00000000d84f8080,0x00000000d8500000)
  to   space 5120K, 0% used [0x00000000da500000,0x00000000da500000,0x00000000daa00000)
 ParOldGen       total 86016K, used 12895K [0x0000000082000000, 0x0000000087400000, 0x00000000d6000000)
  object space 86016K, 14% used [0x0000000082000000,0x0000000082c97cd0,0x0000000087400000)
 Metaspace       used 20369K, capacity 21242K, committed 21296K, reserved 1067008K
  class space    used 2871K, capacity 3063K, committed 3072K, reserved 1048576K
Event: 3.954 GC heap after
Heap after GC invocations=4 (full 0):
 PSYoungGen      total 70656K, used 5089K [0x00000000d6000000, 0x00000000daa00000, 0x0000000100000000)
  eden space 65536K, 0% used [0x00000000d6000000,0x00000000d6000000,0x00000000da000000)
  from space 5120K, 99% used [0x00000000da500000,0x00000000da9f8530,0x00000000daa00000)
  to   space 5120K, 0% used [0x00000000da000000,0x00000000da000000,0x00000000da500000)
 ParOldGen       total 86016K, used 13698K [0x0000000082000000, 0x0000000087400000, 0x00000000d6000000)
  object space 86016K, 15% used [0x0000000082000000,0x0000000082d60b98,0x0000000087400000)
 Metaspace       used 20369K, capacity 21242K, committed 21296K, reserved 1067008K
  class space    used 2871K, capacity 3063K, committed 3072K, reserved 1048576K
}
Event: 3.954 GC heap before
{Heap before GC invocations=5 (full 1):
 PSYoungGen      total 70656K, used 5089K [0x00000000d6000000, 0x00000000daa00000, 0x0000000100000000)
  eden space 65536K, 0% used [0x00000000d6000000,0x00000000d6000000,0x00000000da000000)
  from space 5120K, 99% used [0x00000000da500000,0x00000000da9f8530,0x00000000daa00000)
  to   space 5120K, 0% used [0x00000000da000000,0x00000000da000000,0x00000000da500000)
 ParOldGen       total 86016K, used 13698K [0x0000000082000000, 0x0000000087400000, 0x00000000d6000000)
  object space 86016K, 15% used [0x0000000082000000,0x0000000082d60b98,0x0000000087400000)
 Metaspace       used 20369K, capacity 21242K, committed 21296K, reserved 1067008K
  class space    used 2871K, capacity 3063K, committed 3072K, reserved 1048576K
Event: 4.037 GC heap after
Heap after GC invocations=5 (full 1):
 PSYoungGen      total 70656K, used 0K [0x00000000d6000000, 0x00000000daa00000, 0x0000000100000000)
  eden space 65536K, 0% used [0x00000000d6000000,0x00000000d6000000,0x00000000da000000)
  from space 5120K, 0% used [0x00000000da500000,0x00000000da500000,0x00000000daa00000)
  to   space 5120K, 0% used [0x00000000da000000,0x00000000da000000,0x00000000da500000)
 ParOldGen       total 74752K, used 16233K [0x0000000082000000, 0x0000000086900000, 0x00000000d6000000)
  object space 74752K, 21% used [0x0000000082000000,0x0000000082fda720,0x0000000086900000)
 Metaspace       used 20369K, capacity 21242K, committed 21296K, reserved 1067008K
  class space    used 2871K, capacity 3063K, committed 3072K, reserved 1048576K
}
Event: 4.510 GC heap before
{Heap before GC invocations=6 (full 1):
 PSYoungGen      total 70656K, used 65536K [0x00000000d6000000, 0x00000000daa00000, 0x0000000100000000)
  eden space 65536K, 100% used [0x00000000d6000000,0x00000000da000000,0x00000000da000000)
  from space 5120K, 0% used [0x00000000da500000,0x00000000da500000,0x00000000daa00000)
  to   space 5120K, 0% used [0x00000000da000000,0x00000000da000000,0x00000000da500000)
 ParOldGen       total 74752K, used 16233K [0x0000000082000000, 0x0000000086900000, 0x00000000d6000000)
  object space 74752K, 21% used [0x0000000082000000,0x0000000082fda720,0x0000000086900000)
 Metaspace       used 21343K, capacity 22696K, committed 22912K, reserved 1069056K
  class space    used 3087K, capacity 3342K, committed 3456K, reserved 1048576K
Event: 4.525 GC heap after
Heap after GC invocations=6 (full 1):
 PSYoungGen      total 70656K, used 2011K [0x00000000d6000000, 0x00000000dde00000, 0x0000000100000000)
  eden space 65536K, 0% used [0x00000000d6000000,0x00000000d6000000,0x00000000da000000)
  from space 5120K, 39% used [0x00000000da000000,0x00000000da1f6ef0,0x00000000da500000)
  to   space 14848K, 0% used [0x00000000dcf80000,0x00000000dcf80000,0x00000000dde00000)
 ParOldGen       total 74752K, used 16233K [0x0000000082000000, 0x0000000086900000, 0x00000000d6000000)
  object space 74752K, 21% used [0x0000000082000000,0x0000000082fda720,0x0000000086900000)
 Metaspace       used 21343K, capacity 22696K, committed 22912K, reserved 1069056K
  class space    used 3087K, capacity 3342K, committed 3456K, reserved 1048576K
}
Event: 5.140 GC heap before
{Heap before GC invocations=7 (full 1):
 PSYoungGen      total 70656K, used 67547K [0x00000000d6000000, 0x00000000dde00000, 0x0000000100000000)
  eden space 65536K, 100% used [0x00000000d6000000,0x00000000da000000,0x00000000da000000)
  from space 5120K, 39% used [0x00000000da000000,0x00000000da1f6ef0,0x00000000da500000)
  to   space 14848K, 0% used [0x00000000dcf80000,0x00000000dcf80000,0x00000000dde00000)
 ParOldGen       total 74752K, used 16233K [0x0000000082000000, 0x0000000086900000, 0x00000000d6000000)
  object space 74752K, 21% used [0x0000000082000000,0x0000000082fda720,0x0000000086900000)
 Metaspace       used 22670K, capacity 24024K, committed 24320K, reserved 1071104K
  class space    used 3256K, capacity 3514K, committed 3584K, reserved 1048576K
Event: 5.146 GC heap after
Heap after GC invocations=7 (full 1):
 PSYoungGen      total 108032K, used 8253K [0x00000000d6000000, 0x00000000dda80000, 0x0000000100000000)
  eden space 96768K, 0% used [0x00000000d6000000,0x00000000d6000000,0x00000000dbe80000)
  from space 11264K, 73% used [0x00000000dcf80000,0x00000000dd78f600,0x00000000dda80000)
  to   space 14336K, 0% used [0x00000000dbe80000,0x00000000dbe80000,0x00000000dcc80000)
 ParOldGen       total 74752K, used 16241K [0x0000000082000000, 0x0000000086900000, 0x00000000d6000000)
  object space 74752K, 21% used [0x0000000082000000,0x0000000082fdc720,0x0000000086900000)
 Metaspace       used 22670K, capacity 24024K, committed 24320K, reserved 1071104K
  class space    used 3256K, capacity 3514K, committed 3584K, reserved 1048576K
}
Event: 6.697 GC heap before
{Heap before GC invocations=8 (full 1):
 PSYoungGen      total 108032K, used 105021K [0x00000000d6000000, 0x00000000dda80000, 0x0000000100000000)
  eden space 96768K, 100% used [0x00000000d6000000,0x00000000dbe80000,0x00000000dbe80000)
  from space 11264K, 73% used [0x00000000dcf80000,0x00000000dd78f600,0x00000000dda80000)
  to   space 14336K, 0% used [0x00000000dbe80000,0x00000000dbe80000,0x00000000dcc80000)
 ParOldGen       total 74752K, used 16241K [0x0000000082000000, 0x0000000086900000, 0x00000000d6000000)
  object space 74752K, 21% used [0x0000000082000000,0x0000000082fdc720,0x0000000086900000)
 Metaspace       used 27647K, capacity 29700K, committed 29824K, reserved 1075200K
  class space    used 4024K, capacity 4368K, committed 4480K, reserved 1048576K
Event: 6.718 GC heap after
Heap after GC invocations=8 (full 1):
 PSYoungGen      total 111104K, used 14320K [0x00000000d6000000, 0x00000000e1780000, 0x0000000100000000)
  eden space 96768K, 0% used [0x00000000d6000000,0x00000000d6000000,0x00000000dbe80000)
  from space 14336K, 99% used [0x00000000dbe80000,0x00000000dcc7c2b0,0x00000000dcc80000)
  to   space 23552K, 0% used [0x00000000e0080000,0x00000000e0080000,0x00000000e1780000)
 ParOldGen       total 74752K, used 29819K [0x0000000082000000, 0x0000000086900000, 0x00000000d6000000)
  object space 74752K, 39% used [0x0000000082000000,0x0000000083d1ef88,0x0000000086900000)
 Metaspace       used 27647K, capacity 29700K, committed 29824K, reserved 1075200K
  class space    used 4024K, capacity 4368K, committed 4480K, reserved 1048576K
}

