# JRE version: Java(TM) SE Runtime Environment (8.0_161-b12) (build 1.8.0_161-b12)
# Java VM: Java HotSpot(TM) 64-Bit Server VM (25.161-b12 mixed mode windows-amd64 compressed oops)
Heap:
 PSYoungGen      total 70656K, used 13826K [0x00000000d6000000, 0x00000000dea80000, 0x0000000100000000)
  eden space 65536K, 13% used [0x00000000d6000000,0x00000000d6884fc8,0x00000000da000000)
  from space 5120K, 99% used [0x00000000da000000,0x00000000da4fb8e0,0x00000000da500000)
  to   space 19968K, 0% used [0x00000000dd700000,0x00000000dd700000,0x00000000dea80000)
 ParOldGen       total 75776K, used 27733K [0x0000000082000000, 0x0000000086a00000, 0x00000000d6000000)
  object space 75776K, 36% used [0x0000000082000000,0x0000000083b15450,0x0000000086a00000)
 Metaspace       used 26035K, capacity 27910K, committed 28080K, reserved 1073152K
  class space    used 3823K, capacity 4165K, committed 4272K, reserved 1048576K
GC Heap History (10 events):
Event: 1.775 GC heap before
{Heap before GC invocations=2 (full 0):
 PSYoungGen      total 37888K, used 36881K [0x00000000d6000000, 0x00000000d8a00000, 0x0000000100000000)
  eden space 32768K, 99% used [0x00000000d6000000,0x00000000d7fff868,0x00000000d8000000)
  from space 5120K, 80% used [0x00000000d8000000,0x00000000d8404be0,0x00000000d8500000)
  to   space 5120K, 0% used [0x00000000d8500000,0x00000000d8500000,0x00000000d8a00000)
 ParOldGen       total 86016K, used 16K [0x0000000082000000, 0x0000000087400000, 0x00000000d6000000)
  object space 86016K, 0% used [0x0000000082000000,0x0000000082004000,0x0000000087400000)
 Metaspace       used 17179K, capacity 17770K, committed 17920K, reserved 1064960K
  class space    used 2305K, capacity 2485K, committed 2560K, reserved 1048576K
Event: 1.784 GC heap after
Heap after GC invocations=2 (full 0):
 PSYoungGen      total 37888K, used 5097K [0x00000000d6000000, 0x00000000d8a00000, 0x0000000100000000)
  eden space 32768K, 0% used [0x00000000d6000000,0x00000000d6000000,0x00000000d8000000)
  from space 5120K, 99% used [0x00000000d8500000,0x00000000d89fa5a0,0x00000000d8a00000)
  to   space 5120K, 0% used [0x00000000d8000000,0x00000000d8000000,0x00000000d8500000)
 ParOldGen       total 86016K, used 10849K [0x0000000082000000, 0x0000000087400000, 0x00000000d6000000)
  object space 86016K, 12% used [0x0000000082000000,0x0000000082a98768,0x0000000087400000)
 Metaspace       used 17179K, capacity 17770K, committed 17920K, reserved 1064960K
  class space    used 2305K, capacity 2485K, committed 2560K, reserved 1048576K
}
Event: 2.157 GC heap before
{Heap before GC invocations=3 (full 0):
 PSYoungGen      total 37888K, used 37865K [0x00000000d6000000, 0x00000000d8a00000, 0x0000000100000000)
  eden space 32768K, 100% used [0x00000000d6000000,0x00000000d8000000,0x00000000d8000000)
  from space 5120K, 99% used [0x00000000d8500000,0x00000000d89fa5a0,0x00000000d8a00000)
  to   space 5120K, 0% used [0x00000000d8000000,0x00000000d8000000,0x00000000d8500000)
 ParOldGen       total 86016K, used 10849K [0x0000000082000000, 0x0000000087400000, 0x00000000d6000000)
  object space 86016K, 12% used [0x0000000082000000,0x0000000082a98768,0x0000000087400000)
 Metaspace       used 20030K, capacity 20822K, committed 20992K, reserved 1067008K
  class space    used 2856K, capacity 3047K, committed 3072K, reserved 1048576K
Event: 2.165 GC heap after
Heap after GC invocations=3 (full 0):
 PSYoungGen      total 37888K, used 5113K [0x00000000d6000000, 0x00000000daa00000, 0x0000000100000000)
  eden space 32768K, 0% used [0x00000000d6000000,0x00000000d6000000,0x00000000d8000000)
  from space 5120K, 99% used [0x00000000d8000000,0x00000000d84fe590,0x00000000d8500000)
  to   space 5120K, 0% used [0x00000000da500000,0x00000000da500000,0x00000000daa00000)
 ParOldGen       total 86016K, used 13172K [0x0000000082000000, 0x0000000087400000, 0x00000000d6000000)
  object space 86016K, 15% used [0x0000000082000000,0x0000000082cdd0c8,0x0000000087400000)
 Metaspace       used 20030K, capacity 20822K, committed 20992K, reserved 1067008K
  class space    used 2856K, capacity 3047K, committed 3072K, reserved 1048576K
}
Event: 2.319 GC heap before
{Heap before GC invocations=4 (full 0):
 PSYoungGen      total 37888K, used 22187K [0x00000000d6000000, 0x00000000daa00000, 0x0000000100000000)
  eden space 32768K, 52% used [0x00000000d6000000,0x00000000d70aca10,0x00000000d8000000)
  from space 5120K, 99% used [0x00000000d8000000,0x00000000d84fe590,0x00000000d8500000)
  to   space 5120K, 0% used [0x00000000da500000,0x00000000da500000,0x00000000daa00000)
 ParOldGen       total 86016K, used 13172K [0x0000000082000000, 0x0000000087400000, 0x00000000d6000000)
  object space 86016K, 15% used [0x0000000082000000,0x0000000082cdd0c8,0x0000000087400000)
 Metaspace       used 20310K, capacity 21224K, committed 21296K, reserved 1067008K
  class space    used 2905K, capacity 3098K, committed 3120K, reserved 1048576K
Event: 2.324 GC heap after
Heap after GC invocations=4 (full 0):
 PSYoungGen      total 70656K, used 5113K [0x00000000d6000000, 0x00000000daa00000, 0x0000000100000000)
  eden space 65536K, 0% used [0x00000000d6000000,0x00000000d6000000,0x00000000da000000)
  from space 5120K, 99% used [0x00000000da500000,0x00000000da9fe590,0x00000000daa00000)
  to   space 5120K, 0% used [0x00000000da000000,0x00000000da000000,0x00000000da500000)
 ParOldGen       total 86016K, used 13643K [0x0000000082000000, 0x0000000087400000, 0x00000000d6000000)
  object space 86016K, 15% used [0x0000000082000000,0x0000000082d52d18,0x0000000087400000)
 Metaspace       used 20310K, capacity 21224K, committed 21296K, reserved 1067008K
  class space    used 2905K, capacity 3098K, committed 3120K, reserved 1048576K
}
Event: 2.324 GC heap before
{Heap before GC invocations=5 (full 1):
 PSYoungGen      total 70656K, used 5113K [0x00000000d6000000, 0x00000000daa00000, 0x0000000100000000)
  eden space 65536K, 0% used [0x00000000d6000000,0x00000000d6000000,0x00000000da000000)
  from space 5120K, 99% used [0x00000000da500000,0x00000000da9fe590,0x00000000daa00000)
  to   space 5120K, 0% used [0x00000000da000000,0x00000000da000000,0x00000000da500000)
 ParOldGen       total 86016K, used 13643K [0x0000000082000000, 0x0000000087400000, 0x00000000d6000000)
  object space 86016K, 15% used [0x0000000082000000,0x0000000082d52d18,0x0000000087400000)
 Metaspace       used 20310K, capacity 21224K, committed 21296K, reserved 1067008K
  class space    used 2905K, capacity 3098K, committed 3120K, reserved 1048576K
Event: 2.354 GC heap after
Heap after GC invocations=5 (full 1):
 PSYoungGen      total 70656K, used 0K [0x00000000d6000000, 0x00000000daa00000, 0x0000000100000000)
  eden space 65536K, 0% used [0x00000000d6000000,0x00000000d6000000,0x00000000da000000)
  from space 5120K, 0% used [0x00000000da500000,0x00000000da500000,0x00000000daa00000)
  to   space 5120K, 0% used [0x00000000da000000,0x00000000da000000,0x00000000da500000)
 ParOldGen       total 75776K, used 16992K [0x0000000082000000, 0x0000000086a00000, 0x00000000d6000000)
  object space 75776K, 22% used [0x0000000082000000,0x00000000830980a0,0x0000000086a00000)
 Metaspace       used 20310K, capacity 21224K, committed 21296K, reserved 1067008K
  class space    used 2905K, capacity 3098K, committed 3120K, reserved 1048576K
}
Event: 3.746 GC heap before
{Heap before GC invocations=6 (full 1):
 PSYoungGen      total 70656K, used 65536K [0x00000000d6000000, 0x00000000daa00000, 0x0000000100000000)
  eden space 65536K, 100% used [0x00000000d6000000,0x00000000da000000,0x00000000da000000)
  from space 5120K, 0% used [0x00000000da500000,0x00000000da500000,0x00000000daa00000)
  to   space 5120K, 0% used [0x00000000da000000,0x00000000da000000,0x00000000da500000)
 ParOldGen       total 75776K, used 16992K [0x0000000082000000, 0x0000000086a00000, 0x00000000d6000000)
  object space 75776K, 22% used [0x0000000082000000,0x00000000830980a0,0x0000000086a00000)
 Metaspace       used 25590K, capacity 27430K, committed 27696K, reserved 1073152K
  class space    used 3781K, capacity 4103K, committed 4144K, reserved 1048576K
Event: 3.762 GC heap after
Heap after GC invocations=6 (full 1):
 PSYoungGen      total 70656K, used 5102K [0x00000000d6000000, 0x00000000dea80000, 0x0000000100000000)
  eden space 65536K, 0% used [0x00000000d6000000,0x00000000d6000000,0x00000000da000000)
  from space 5120K, 99% used [0x00000000da000000,0x00000000da4fb8e0,0x00000000da500000)
  to   space 19968K, 0% used [0x00000000dd700000,0x00000000dd700000,0x00000000dea80000)
 ParOldGen       total 75776K, used 27733K [0x0000000082000000, 0x0000000086a00000, 0x00000000d6000000)
  object space 75776K, 36% used [0x0000000082000000,0x0000000083b15450,0x0000000086a00000)
 Metaspace       used 25590K, capacity 27430K, committed 27696K, reserved 1073152K
  class space    used 3781K, capacity 4103K, committed 4144K, reserved 1048576K
}

