# JRE version: OpenJDK Runtime Environment (13.0.1+9) (build 13.0.1+9)
# Java VM: OpenJDK 64-Bit Server VM (13.0.1+9, mixed mode, sharing, tiered, compressed oops, g1 gc, windows-amd64)
Heap:
 garbage-first heap   total 143360K, used 81092K [0x0000000082000000, 0x0000000100000000)
  region size 1024K, 7 young (7168K), 4 survivors (4096K)
 Metaspace       used 23860K, capacity 25369K, committed 25600K, reserved 1071104K
  class space    used 3473K, capacity 4086K, committed 4096K, reserved 1048576K
GC Heap History (14 events):
Event: 2.038 GC heap before
{Heap before GC invocations=0 (full 0):
 garbage-first heap   total 129024K, used 13312K [0x0000000082000000, 0x0000000100000000)
  region size 1024K, 14 young (14336K), 0 survivors (0K)
 Metaspace       used 4223K, capacity 7443K, committed 7552K, reserved 1056768K
  class space    used 485K, capacity 853K, committed 896K, reserved 1048576K
}
Event: 2.042 GC heap after
{Heap after GC invocations=1 (full 0):
 garbage-first heap   total 129024K, used 3675K [0x0000000082000000, 0x0000000100000000)
  region size 1024K, 2 young (2048K), 2 survivors (2048K)
 Metaspace       used 4223K, capacity 7443K, committed 7552K, reserved 1056768K
  class space    used 485K, capacity 853K, committed 896K, reserved 1048576K
}
Event: 4.334 GC heap before
{Heap before GC invocations=1 (full 0):
 garbage-first heap   total 129024K, used 128603K [0x0000000082000000, 0x0000000100000000)
  region size 1024K, 75 young (76800K), 2 survivors (2048K)
 Metaspace       used 15949K, capacity 16749K, committed 17024K, reserved 1062912K
  class space    used 2315K, capacity 2608K, committed 2688K, reserved 1048576K
}
Event: 4.347 GC heap after
{Heap after GC invocations=2 (full 0):
 garbage-first heap   total 143360K, used 52393K [0x0000000082000000, 0x0000000100000000)
  region size 1024K, 10 young (10240K), 10 survivors (10240K)
 Metaspace       used 15949K, capacity 16749K, committed 17024K, reserved 1062912K
  class space    used 2315K, capacity 2608K, committed 2688K, reserved 1048576K
}
Event: 4.611 GC heap before
{Heap before GC invocations=2 (full 0):
 garbage-first heap   total 143360K, used 69801K [0x0000000082000000, 0x0000000100000000)
  region size 1024K, 24 young (24576K), 10 survivors (10240K)
 Metaspace       used 16416K, capacity 17244K, committed 17280K, reserved 1064960K
  class space    used 2357K, capacity 2661K, committed 2688K, reserved 1048576K
}
Event: 4.620 GC heap after
{Heap after GC invocations=3 (full 0):
 garbage-first heap   total 143360K, used 58601K [0x0000000082000000, 0x0000000100000000)
  region size 1024K, 3 young (3072K), 3 survivors (3072K)
 Metaspace       used 16416K, capacity 17244K, committed 17280K, reserved 1064960K
  class space    used 2357K, capacity 2661K, committed 2688K, reserved 1048576K
}
Event: 5.041 GC heap before
{Heap before GC invocations=3 (full 0):
 garbage-first heap   total 143360K, used 77033K [0x0000000082000000, 0x0000000100000000)
  region size 1024K, 21 young (21504K), 3 survivors (3072K)
 Metaspace       used 19800K, capacity 21146K, committed 21248K, reserved 1067008K
  class space    used 2966K, capacity 3485K, committed 3584K, reserved 1048576K
}
Event: 5.045 GC heap after
{Heap after GC invocations=4 (full 0):
 garbage-first heap   total 143360K, used 60705K [0x0000000082000000, 0x0000000100000000)
  region size 1024K, 3 young (3072K), 3 survivors (3072K)
 Metaspace       used 19800K, capacity 21146K, committed 21248K, reserved 1067008K
  class space    used 2966K, capacity 3485K, committed 3584K, reserved 1048576K
}
Event: 5.054 GC heap before
{Heap before GC invocations=4 (full 0):
 garbage-first heap   total 143360K, used 60705K [0x0000000082000000, 0x0000000100000000)
  region size 1024K, 4 young (4096K), 3 survivors (3072K)
 Metaspace       used 19813K, capacity 21146K, committed 21248K, reserved 1067008K
  class space    used 2967K, capacity 3485K, committed 3584K, reserved 1048576K
}
Event: 5.058 GC heap after
{Heap after GC invocations=5 (full 0):
 garbage-first heap   total 143360K, used 61177K [0x0000000082000000, 0x0000000100000000)
  region size 1024K, 2 young (2048K), 2 survivors (2048K)
 Metaspace       used 19813K, capacity 21146K, committed 21248K, reserved 1067008K
  class space    used 2967K, capacity 3485K, committed 3584K, reserved 1048576K
}
Event: 5.372 GC heap before
{Heap before GC invocations=6 (full 0):
 garbage-first heap   total 143360K, used 88825K [0x0000000082000000, 0x0000000100000000)
  region size 1024K, 29 young (29696K), 2 survivors (2048K)
 Metaspace       used 20774K, capacity 22165K, committed 22272K, reserved 1067008K
  class space    used 3178K, capacity 3738K, committed 3840K, reserved 1048576K
}
Event: 5.381 GC heap after
{Heap after GC invocations=7 (full 0):
 garbage-first heap   total 143360K, used 65534K [0x0000000082000000, 0x0000000100000000)
  region size 1024K, 4 young (4096K), 4 survivors (4096K)
 Metaspace       used 20774K, capacity 22165K, committed 22272K, reserved 1067008K
  class space    used 3178K, capacity 3738K, committed 3840K, reserved 1048576K
}
Event: 6.339 GC heap before
{Heap before GC invocations=7 (full 0):
 garbage-first heap   total 143360K, used 95230K [0x0000000082000000, 0x0000000100000000)
  region size 1024K, 32 young (32768K), 4 survivors (4096K)
 Metaspace       used 23283K, capacity 24892K, committed 25088K, reserved 1071104K
  class space    used 3448K, capacity 4077K, committed 4096K, reserved 1048576K
}
Event: 6.351 GC heap after
{Heap after GC invocations=8 (full 0):
 garbage-first heap   total 143360K, used 79044K [0x0000000082000000, 0x0000000100000000)
  region size 1024K, 4 young (4096K), 4 survivors (4096K)
 Metaspace       used 23283K, capacity 24892K, committed 25088K, reserved 1071104K
  class space    used 3448K, capacity 4077K, committed 4096K, reserved 1048576K
}

