# JRE version: Java(TM) SE Runtime Environment (8.0_161-b12) (build 1.8.0_161-b12)
# Java VM: Java HotSpot(TM) 64-Bit Server VM (25.161-b12 mixed mode windows-amd64 compressed oops)
Heap:
 PSYoungGen      total 54784K, used 39333K [0x00000000d6000000, 0x00000000db200000, 0x0000000100000000)
  eden space 49664K, 69% used [0x00000000d6000000,0x00000000d8179458,0x00000000d9080000)
  from space 5120K, 98% used [0x00000000dad00000,0x00000000db1f0000,0x00000000db200000)
  to   space 13312K, 0% used [0x00000000d9800000,0x00000000d9800000,0x00000000da500000)
 ParOldGen       total 75776K, used 16912K [0x0000000082000000, 0x0000000086a00000, 0x00000000d6000000)
  object space 75776K, 22% used [0x0000000082000000,0x0000000083084280,0x0000000086a00000)
 Metaspace       used 25977K, capacity 27864K, committed 28080K, reserved 1073152K
  class space    used 3808K, capacity 4158K, committed 4272K, reserved 1048576K
GC Heap History (10 events):
Event: 2.472 GC heap before
{Heap before GC invocations=3 (full 0):
 PSYoungGen      total 37888K, used 37865K [0x00000000d6000000, 0x00000000d8a00000, 0x0000000100000000)
  eden space 32768K, 100% used [0x00000000d6000000,0x00000000d8000000,0x00000000d8000000)
  from space 5120K, 99% used [0x00000000d8500000,0x00000000d89fa5c0,0x00000000d8a00000)
  to   space 5120K, 0% used [0x00000000d8000000,0x00000000d8000000,0x00000000d8500000)
 ParOldGen       total 86016K, used 9092K [0x0000000082000000, 0x0000000087400000, 0x00000000d6000000)
  object space 86016K, 10% used [0x0000000082000000,0x00000000828e1048,0x0000000087400000)
 Metaspace       used 18263K, capacity 18928K, committed 19072K, reserved 1064960K
  class space    used 2491K, capacity 2674K, committed 2688K, reserved 1048576K
Event: 2.478 GC heap after
Heap after GC invocations=3 (full 0):
 PSYoungGen      total 37888K, used 5113K [0x00000000d6000000, 0x00000000d8a00000, 0x0000000100000000)
  eden space 32768K, 0% used [0x00000000d6000000,0x00000000d6000000,0x00000000d8000000)
  from space 5120K, 99% used [0x00000000d8000000,0x00000000d84fe590,0x00000000d8500000)
  to   space 5120K, 0% used [0x00000000d8500000,0x00000000d8500000,0x00000000d8a00000)
 ParOldGen       total 86016K, used 12670K [0x0000000082000000, 0x0000000087400000, 0x00000000d6000000)
  object space 86016K, 14% used [0x0000000082000000,0x0000000082c5f9f0,0x0000000087400000)
 Metaspace       used 18263K, capacity 18928K, committed 19072K, reserved 1064960K
  class space    used 2491K, capacity 2674K, committed 2688K, reserved 1048576K
}
Event: 2.945 GC heap before
{Heap before GC invocations=4 (full 0):
 PSYoungGen      total 37888K, used 37881K [0x00000000d6000000, 0x00000000d8a00000, 0x0000000100000000)
  eden space 32768K, 100% used [0x00000000d6000000,0x00000000d8000000,0x00000000d8000000)
  from space 5120K, 99% used [0x00000000d8000000,0x00000000d84fe590,0x00000000d8500000)
  to   space 5120K, 0% used [0x00000000d8500000,0x00000000d8500000,0x00000000d8a00000)
 ParOldGen       total 86016K, used 12670K [0x0000000082000000, 0x0000000087400000, 0x00000000d6000000)
  object space 86016K, 14% used [0x0000000082000000,0x0000000082c5f9f0,0x0000000087400000)
 Metaspace       used 20126K, capacity 21010K, committed 21248K, reserved 1067008K
  class space    used 2857K, capacity 3057K, committed 3072K, reserved 1048576K
Event: 2.949 GC heap after
Heap after GC invocations=4 (full 0):
 PSYoungGen      total 37888K, used 5104K [0x00000000d6000000, 0x00000000d8a00000, 0x0000000100000000)
  eden space 32768K, 0% used [0x00000000d6000000,0x00000000d6000000,0x00000000d8000000)
  from space 5120K, 99% used [0x00000000d8500000,0x00000000d89fc190,0x00000000d8a00000)
  to   space 5120K, 0% used [0x00000000d8000000,0x00000000d8000000,0x00000000d8500000)
 ParOldGen       total 86016K, used 13707K [0x0000000082000000, 0x0000000087400000, 0x00000000d6000000)
  object space 86016K, 15% used [0x0000000082000000,0x0000000082d62f70,0x0000000087400000)
 Metaspace       used 20126K, capacity 21010K, committed 21248K, reserved 1067008K
  class space    used 2857K, capacity 3057K, committed 3072K, reserved 1048576K
}
Event: 3.228 GC heap before
{Heap before GC invocations=5 (full 0):
 PSYoungGen      total 37888K, used 24516K [0x00000000d6000000, 0x00000000d8a00000, 0x0000000100000000)
  eden space 32768K, 59% used [0x00000000d6000000,0x00000000d72f5160,0x00000000d8000000)
  from space 5120K, 99% used [0x00000000d8500000,0x00000000d89fc190,0x00000000d8a00000)
  to   space 5120K, 0% used [0x00000000d8000000,0x00000000d8000000,0x00000000d8500000)
 ParOldGen       total 86016K, used 13707K [0x0000000082000000, 0x0000000087400000, 0x00000000d6000000)
  object space 86016K, 15% used [0x0000000082000000,0x0000000082d62f70,0x0000000087400000)
 Metaspace       used 20382K, capacity 21272K, committed 21296K, reserved 1067008K
  class space    used 2914K, capacity 3106K, committed 3120K, reserved 1048576K
Event: 3.233 GC heap after
Heap after GC invocations=5 (full 0):
 PSYoungGen      total 37888K, used 5088K [0x00000000d6000000, 0x00000000dba00000, 0x0000000100000000)
  eden space 32768K, 0% used [0x00000000d6000000,0x00000000d6000000,0x00000000d8000000)
  from space 5120K, 99% used [0x00000000d8000000,0x00000000d84f8170,0x00000000d8500000)
  to   space 13312K, 0% used [0x00000000dad00000,0x00000000dad00000,0x00000000dba00000)
 ParOldGen       total 86016K, used 14203K [0x0000000082000000, 0x0000000087400000, 0x00000000d6000000)
  object space 86016K, 16% used [0x0000000082000000,0x0000000082ddef80,0x0000000087400000)
 Metaspace       used 20382K, capacity 21272K, committed 21296K, reserved 1067008K
  class space    used 2914K, capacity 3106K, committed 3120K, reserved 1048576K
}
Event: 3.233 GC heap before
{Heap before GC invocations=6 (full 1):
 PSYoungGen      total 37888K, used 5088K [0x00000000d6000000, 0x00000000dba00000, 0x0000000100000000)
  eden space 32768K, 0% used [0x00000000d6000000,0x00000000d6000000,0x00000000d8000000)
  from space 5120K, 99% used [0x00000000d8000000,0x00000000d84f8170,0x00000000d8500000)
  to   space 13312K, 0% used [0x00000000dad00000,0x00000000dad00000,0x00000000dba00000)
 ParOldGen       total 86016K, used 14203K [0x0000000082000000, 0x0000000087400000, 0x00000000d6000000)
  object space 86016K, 16% used [0x0000000082000000,0x0000000082ddef80,0x0000000087400000)
 Metaspace       used 20382K, capacity 21272K, committed 21296K, reserved 1067008K
  class space    used 2914K, capacity 3106K, committed 3120K, reserved 1048576K
Event: 3.266 GC heap after
Heap after GC invocations=6 (full 1):
 PSYoungGen      total 37888K, used 0K [0x00000000d6000000, 0x00000000dba00000, 0x0000000100000000)
  eden space 32768K, 0% used [0x00000000d6000000,0x00000000d6000000,0x00000000d8000000)
  from space 5120K, 0% used [0x00000000d8000000,0x00000000d8000000,0x00000000d8500000)
  to   space 13312K, 0% used [0x00000000dad00000,0x00000000dad00000,0x00000000dba00000)
 ParOldGen       total 75776K, used 16904K [0x0000000082000000, 0x0000000086a00000, 0x00000000d6000000)
  object space 75776K, 22% used [0x0000000082000000,0x0000000083082280,0x0000000086a00000)
 Metaspace       used 20382K, capacity 21272K, committed 21296K, reserved 1067008K
  class space    used 2914K, capacity 3106K, committed 3120K, reserved 1048576K
}
Event: 3.931 GC heap before
{Heap before GC invocations=7 (full 1):
 PSYoungGen      total 37888K, used 32768K [0x00000000d6000000, 0x00000000dba00000, 0x0000000100000000)
  eden space 32768K, 100% used [0x00000000d6000000,0x00000000d8000000,0x00000000d8000000)
  from space 5120K, 0% used [0x00000000d8000000,0x00000000d8000000,0x00000000d8500000)
  to   space 13312K, 0% used [0x00000000dad00000,0x00000000dad00000,0x00000000dba00000)
 ParOldGen       total 75776K, used 16904K [0x0000000082000000, 0x0000000086a00000, 0x00000000d6000000)
  object space 75776K, 22% used [0x0000000082000000,0x0000000083082280,0x0000000086a00000)
 Metaspace       used 23972K, capacity 25540K, committed 25648K, reserved 1071104K
  class space    used 3598K, capacity 3884K, committed 3888K, reserved 1048576K
Event: 3.940 GC heap after
Heap after GC invocations=7 (full 1):
 PSYoungGen      total 54784K, used 5056K [0x00000000d6000000, 0x00000000db200000, 0x0000000100000000)
  eden space 49664K, 0% used [0x00000000d6000000,0x00000000d6000000,0x00000000d9080000)
  from space 5120K, 98% used [0x00000000dad00000,0x00000000db1f0000,0x00000000db200000)
  to   space 13312K, 0% used [0x00000000d9800000,0x00000000d9800000,0x00000000da500000)
 ParOldGen       total 75776K, used 16912K [0x0000000082000000, 0x0000000086a00000, 0x00000000d6000000)
  object space 75776K, 22% used [0x0000000082000000,0x0000000083084280,0x0000000086a00000)
 Metaspace       used 23972K, capacity 25540K, committed 25648K, reserved 1071104K
  class space    used 3598K, capacity 3884K, committed 3888K, reserved 1048576K
}

