# JRE version: Java(TM) SE Runtime Environment (8.0_121-b13) (build 1.8.0_121-b13)
# Java VM: Java HotSpot(TM) 64-Bit Server VM (25.121-b13 mixed mode windows-amd64 compressed oops)
Heap:
 PSYoungGen      total 68096K, used 47925K [0x00000000d5b00000, 0x00000000dc480000, 0x0000000100000000)
  eden space 53760K, 62% used [0x00000000d5b00000,0x00000000d7bcff18,0x00000000d8f80000)
  from space 14336K, 99% used [0x00000000d8f80000,0x00000000d9d7d790,0x00000000d9d80000)
  to   space 19968K, 0% used [0x00000000db100000,0x00000000db100000,0x00000000dc480000)
 ParOldGen       total 83968K, used 21172K [0x0000000081000000, 0x0000000086200000, 0x00000000d5b00000)
  object space 83968K, 25% used [0x0000000081000000,0x00000000824ad028,0x0000000086200000)
 Metaspace       used 32675K, capacity 34810K, committed 34944K, reserved 1079296K
  class space    used 4610K, capacity 4979K, committed 4992K, reserved 1048576K
GC Heap History (10 events):
Event: 1.566 GC heap before
{Heap before GC invocations=4 (full 1):
 PSYoungGen      total 38400K, used 5097K [0x00000000d5b00000, 0x00000000da600000, 0x0000000100000000)
  eden space 33280K, 0% used [0x00000000d5b00000,0x00000000d5b00000,0x00000000d7b80000)
  from space 5120K, 99% used [0x00000000d7b80000,0x00000000d807a5a0,0x00000000d8080000)
  to   space 5120K, 0% used [0x00000000da100000,0x00000000da100000,0x00000000da600000)
 ParOldGen       total 87552K, used 11724K [0x0000000081000000, 0x0000000086580000, 0x00000000d5b00000)
  object space 87552K, 13% used [0x0000000081000000,0x0000000081b732c0,0x0000000086580000)
 Metaspace       used 20450K, capacity 21082K, committed 21248K, reserved 1067008K
  class space    used 2799K, capacity 2949K, committed 3072K, reserved 1048576K
Event: 1.637 GC heap after
Heap after GC invocations=4 (full 1):
 PSYoungGen      total 38400K, used 0K [0x00000000d5b00000, 0x00000000da600000, 0x0000000100000000)
  eden space 33280K, 0% used [0x00000000d5b00000,0x00000000d5b00000,0x00000000d7b80000)
  from space 5120K, 0% used [0x00000000d7b80000,0x00000000d7b80000,0x00000000d8080000)
  to   space 5120K, 0% used [0x00000000da100000,0x00000000da100000,0x00000000da600000)
 ParOldGen       total 83968K, used 15803K [0x0000000081000000, 0x0000000086200000, 0x00000000d5b00000)
  object space 83968K, 18% used [0x0000000081000000,0x0000000081f6efd8,0x0000000086200000)
 Metaspace       used 20450K, capacity 21082K, committed 21248K, reserved 1067008K
  class space    used 2799K, capacity 2949K, committed 3072K, reserved 1048576K
}
Event: 1.952 GC heap before
{Heap before GC invocations=5 (full 1):
 PSYoungGen      total 38400K, used 33280K [0x00000000d5b00000, 0x00000000da600000, 0x0000000100000000)
  eden space 33280K, 100% used [0x00000000d5b00000,0x00000000d7b80000,0x00000000d7b80000)
  from space 5120K, 0% used [0x00000000d7b80000,0x00000000d7b80000,0x00000000d8080000)
  to   space 5120K, 0% used [0x00000000da100000,0x00000000da100000,0x00000000da600000)
 ParOldGen       total 83968K, used 15803K [0x0000000081000000, 0x0000000086200000, 0x00000000d5b00000)
  object space 83968K, 18% used [0x0000000081000000,0x0000000081f6efd8,0x0000000086200000)
 Metaspace       used 22941K, capacity 23908K, committed 24192K, reserved 1071104K
  class space    used 3185K, capacity 3404K, committed 3456K, reserved 1048576K
Event: 1.955 GC heap after
Heap after GC invocations=5 (full 1):
 PSYoungGen      total 44544K, used 2579K [0x00000000d5b00000, 0x00000000da400000, 0x0000000100000000)
  eden space 41472K, 0% used [0x00000000d5b00000,0x00000000d5b00000,0x00000000d8380000)
  from space 3072K, 83% used [0x00000000da100000,0x00000000da384f40,0x00000000da400000)
  to   space 5120K, 0% used [0x00000000d9a00000,0x00000000d9a00000,0x00000000d9f00000)
 ParOldGen       total 83968K, used 15803K [0x0000000081000000, 0x0000000086200000, 0x00000000d5b00000)
  object space 83968K, 18% used [0x0000000081000000,0x0000000081f6efd8,0x0000000086200000)
 Metaspace       used 22941K, capacity 23908K, committed 24192K, reserved 1071104K
  class space    used 3185K, capacity 3404K, committed 3456K, reserved 1048576K
}
Event: 2.259 GC heap before
{Heap before GC invocations=6 (full 1):
 PSYoungGen      total 44544K, used 44051K [0x00000000d5b00000, 0x00000000da400000, 0x0000000100000000)
  eden space 41472K, 100% used [0x00000000d5b00000,0x00000000d8380000,0x00000000d8380000)
  from space 3072K, 83% used [0x00000000da100000,0x00000000da384f40,0x00000000da400000)
  to   space 5120K, 0% used [0x00000000d9a00000,0x00000000d9a00000,0x00000000d9f00000)
 ParOldGen       total 83968K, used 15803K [0x0000000081000000, 0x0000000086200000, 0x00000000d5b00000)
  object space 83968K, 18% used [0x0000000081000000,0x0000000081f6efd8,0x0000000086200000)
 Metaspace       used 24047K, capacity 25128K, committed 25472K, reserved 1071104K
  class space    used 3394K, capacity 3600K, committed 3712K, reserved 1048576K
Event: 2.264 GC heap after
Heap after GC invocations=6 (full 1):
 PSYoungGen      total 55808K, used 3413K [0x00000000d5b00000, 0x00000000dac00000, 0x0000000100000000)
  eden space 52224K, 0% used [0x00000000d5b00000,0x00000000d5b00000,0x00000000d8e00000)
  from space 3584K, 95% used [0x00000000d9a00000,0x00000000d9d55628,0x00000000d9d80000)
  to   space 14848K, 0% used [0x00000000d9d80000,0x00000000d9d80000,0x00000000dac00000)
 ParOldGen       total 83968K, used 15811K [0x0000000081000000, 0x0000000086200000, 0x00000000d5b00000)
  object space 83968K, 18% used [0x0000000081000000,0x0000000081f70fd8,0x0000000086200000)
 Metaspace       used 24047K, capacity 25128K, committed 25472K, reserved 1071104K
  class space    used 3394K, capacity 3600K, committed 3712K, reserved 1048576K
}
Event: 2.835 GC heap before
{Heap before GC invocations=7 (full 1):
 PSYoungGen      total 55808K, used 55637K [0x00000000d5b00000, 0x00000000dac00000, 0x0000000100000000)
  eden space 52224K, 100% used [0x00000000d5b00000,0x00000000d8e00000,0x00000000d8e00000)
  from space 3584K, 95% used [0x00000000d9a00000,0x00000000d9d55628,0x00000000d9d80000)
  to   space 14848K, 0% used [0x00000000d9d80000,0x00000000d9d80000,0x00000000dac00000)
 ParOldGen       total 83968K, used 15811K [0x0000000081000000, 0x0000000086200000, 0x00000000d5b00000)
  object space 83968K, 18% used [0x0000000081000000,0x0000000081f70fd8,0x0000000086200000)
 Metaspace       used 26538K, capacity 27986K, committed 28288K, reserved 1073152K
  class space    used 3846K, capacity 4149K, committed 4224K, reserved 1048576K
Event: 2.841 GC heap after
Heap after GC invocations=7 (full 1):
 PSYoungGen      total 68608K, used 5274K [0x00000000d5b00000, 0x00000000db600000, 0x0000000100000000)
  eden space 53760K, 0% used [0x00000000d5b00000,0x00000000d5b00000,0x00000000d8f80000)
  from space 14848K, 35% used [0x00000000d9d80000,0x00000000da2a6b08,0x00000000dac00000)
  to   space 14336K, 0% used [0x00000000d8f80000,0x00000000d8f80000,0x00000000d9d80000)
 ParOldGen       total 83968K, used 15819K [0x0000000081000000, 0x0000000086200000, 0x00000000d5b00000)
  object space 83968K, 18% used [0x0000000081000000,0x0000000081f72fd8,0x0000000086200000)
 Metaspace       used 26538K, capacity 27986K, committed 28288K, reserved 1073152K
  class space    used 3846K, capacity 4149K, committed 4224K, reserved 1048576K
}
Event: 4.696 GC heap before
{Heap before GC invocations=8 (full 1):
 PSYoungGen      total 68608K, used 59034K [0x00000000d5b00000, 0x00000000db600000, 0x0000000100000000)
  eden space 53760K, 100% used [0x00000000d5b00000,0x00000000d8f80000,0x00000000d8f80000)
  from space 14848K, 35% used [0x00000000d9d80000,0x00000000da2a6b08,0x00000000dac00000)
  to   space 14336K, 0% used [0x00000000d8f80000,0x00000000d8f80000,0x00000000d9d80000)
 ParOldGen       total 83968K, used 15819K [0x0000000081000000, 0x0000000086200000, 0x00000000d5b00000)
  object space 83968K, 18% used [0x0000000081000000,0x0000000081f72fd8,0x0000000086200000)
 Metaspace       used 30985K, capacity 32994K, committed 33280K, reserved 1077248K
  class space    used 4437K, capacity 4799K, committed 4864K, reserved 1048576K
Event: 4.738 GC heap after
Heap after GC invocations=8 (full 1):
 PSYoungGen      total 68096K, used 14325K [0x00000000d5b00000, 0x00000000dc480000, 0x0000000100000000)
  eden space 53760K, 0% used [0x00000000d5b00000,0x00000000d5b00000,0x00000000d8f80000)
  from space 14336K, 99% used [0x00000000d8f80000,0x00000000d9d7d790,0x00000000d9d80000)
  to   space 19968K, 0% used [0x00000000db100000,0x00000000db100000,0x00000000dc480000)
 ParOldGen       total 83968K, used 21172K [0x0000000081000000, 0x0000000086200000, 0x00000000d5b00000)
  object space 83968K, 25% used [0x0000000081000000,0x00000000824ad028,0x0000000086200000)
 Metaspace       used 30985K, capacity 32994K, committed 33280K, reserved 1077248K
  class space    used 4437K, capacity 4799K, committed 4864K, reserved 1048576K
}

