# JRE version: Java(TM) SE Runtime Environment (8.0_151-b12) (build 1.8.0_151-b12)
# Java VM: Java HotSpot(TM) 64-Bit Server VM (25.151-b12 mixed mode windows-amd64 compressed oops)
Heap:
 PSYoungGen      total 152064K, used 25180K [0x00000000d5b00000, 0x00000000e3080000, 0x0000000100000000)
  eden space 131584K, 19% used [0x00000000d5b00000,0x00000000d7397218,0x00000000ddb80000)
  from space 20480K, 0% used [0x00000000df200000,0x00000000df200000,0x00000000e0600000)
  to   space 23040K, 0% used [0x00000000ddb80000,0x00000000ddb80000,0x00000000df200000)
 ParOldGen       total 133120K, used 42799K [0x0000000081000000, 0x0000000089200000, 0x00000000d5b00000)
  object space 133120K, 32% used [0x0000000081000000,0x00000000839cbcd0,0x0000000089200000)
 Metaspace       used 35532K, capacity 37488K, committed 37760K, reserved 1081344K
  class space    used 5028K, capacity 5378K, committed 5504K, reserved 1048576K
GC Heap History (10 events):
Event: 2.620 GC heap before
{Heap before GC invocations=6 (full 1):
 PSYoungGen      total 71680K, used 5111K [0x00000000d5b00000, 0x00000000df800000, 0x0000000100000000)
  eden space 66560K, 0% used [0x00000000d5b00000,0x00000000d5b00000,0x00000000d9c00000)
  from space 5120K, 99% used [0x00000000d9c00000,0x00000000da0fdcd0,0x00000000da100000)
  to   space 13824K, 0% used [0x00000000dea80000,0x00000000dea80000,0x00000000df800000)
 ParOldGen       total 87552K, used 13911K [0x0000000081000000, 0x0000000086580000, 0x00000000d5b00000)
  object space 87552K, 15% used [0x0000000081000000,0x0000000081d95ef0,0x0000000086580000)
 Metaspace       used 20294K, capacity 21260K, committed 21296K, reserved 1067008K
  class space    used 2957K, capacity 3166K, committed 3200K, reserved 1048576K
Event: 2.683 GC heap after
Heap after GC invocations=6 (full 1):
 PSYoungGen      total 71680K, used 0K [0x00000000d5b00000, 0x00000000df800000, 0x0000000100000000)
  eden space 66560K, 0% used [0x00000000d5b00000,0x00000000d5b00000,0x00000000d9c00000)
  from space 5120K, 0% used [0x00000000d9c00000,0x00000000d9c00000,0x00000000da100000)
  to   space 13824K, 0% used [0x00000000dea80000,0x00000000dea80000,0x00000000df800000)
 ParOldGen       total 76288K, used 16771K [0x0000000081000000, 0x0000000085a80000, 0x00000000d5b00000)
  object space 76288K, 21% used [0x0000000081000000,0x0000000082060ef0,0x0000000085a80000)
 Metaspace       used 20294K, capacity 21260K, committed 21296K, reserved 1067008K
  class space    used 2957K, capacity 3166K, committed 3200K, reserved 1048576K
}
Event: 3.301 GC heap before
{Heap before GC invocations=7 (full 1):
 PSYoungGen      total 71680K, used 66560K [0x00000000d5b00000, 0x00000000df800000, 0x0000000100000000)
  eden space 66560K, 100% used [0x00000000d5b00000,0x00000000d9c00000,0x00000000d9c00000)
  from space 5120K, 0% used [0x00000000d9c00000,0x00000000d9c00000,0x00000000da100000)
  to   space 13824K, 0% used [0x00000000dea80000,0x00000000dea80000,0x00000000df800000)
 ParOldGen       total 76288K, used 16771K [0x0000000081000000, 0x0000000085a80000, 0x00000000d5b00000)
  object space 76288K, 21% used [0x0000000081000000,0x0000000082060ef0,0x0000000085a80000)
 Metaspace       used 21797K, capacity 22854K, committed 22912K, reserved 1069056K
  class space    used 3196K, capacity 3437K, committed 3456K, reserved 1048576K
Event: 3.305 GC heap after
Heap after GC invocations=7 (full 1):
 PSYoungGen      total 101888K, used 4754K [0x00000000d5b00000, 0x00000000def80000, 0x0000000100000000)
  eden space 96768K, 0% used [0x00000000d5b00000,0x00000000d5b00000,0x00000000db980000)
  from space 5120K, 92% used [0x00000000dea80000,0x00000000def24868,0x00000000def80000)
  to   space 13312K, 0% used [0x00000000dd580000,0x00000000dd580000,0x00000000de280000)
 ParOldGen       total 76288K, used 16779K [0x0000000081000000, 0x0000000085a80000, 0x00000000d5b00000)
  object space 76288K, 21% used [0x0000000081000000,0x0000000082062ef0,0x0000000085a80000)
 Metaspace       used 21797K, capacity 22854K, committed 22912K, reserved 1069056K
  class space    used 3196K, capacity 3437K, committed 3456K, reserved 1048576K
}
Event: 14.467 GC heap before
{Heap before GC invocations=8 (full 1):
 PSYoungGen      total 101888K, used 101522K [0x00000000d5b00000, 0x00000000def80000, 0x0000000100000000)
  eden space 96768K, 100% used [0x00000000d5b00000,0x00000000db980000,0x00000000db980000)
  from space 5120K, 92% used [0x00000000dea80000,0x00000000def24868,0x00000000def80000)
  to   space 13312K, 0% used [0x00000000dd580000,0x00000000dd580000,0x00000000de280000)
 ParOldGen       total 76288K, used 16779K [0x0000000081000000, 0x0000000085a80000, 0x00000000d5b00000)
  object space 76288K, 21% used [0x0000000081000000,0x0000000082062ef0,0x0000000085a80000)
 Metaspace       used 27624K, capacity 29490K, committed 29696K, reserved 1075200K
  class space    used 4021K, capacity 4343K, committed 4352K, reserved 1048576K
Event: 14.488 GC heap after
Heap after GC invocations=8 (full 1):
 PSYoungGen      total 138752K, used 13304K [0x00000000d5b00000, 0x00000000e0600000, 0x0000000100000000)
  eden space 125440K, 0% used [0x00000000d5b00000,0x00000000d5b00000,0x00000000dd580000)
  from space 13312K, 99% used [0x00000000dd580000,0x00000000de27e3d0,0x00000000de280000)
  to   space 20480K, 0% used [0x00000000df200000,0x00000000df200000,0x00000000e0600000)
 ParOldGen       total 76288K, used 26490K [0x0000000081000000, 0x0000000085a80000, 0x00000000d5b00000)
  object space 76288K, 34% used [0x0000000081000000,0x00000000829de818,0x0000000085a80000)
 Metaspace       used 27624K, capacity 29490K, committed 29696K, reserved 1075200K
  class space    used 4021K, capacity 4343K, committed 4352K, reserved 1048576K
}
Event: 15.869 GC heap before
{Heap before GC invocations=9 (full 1):
 PSYoungGen      total 138752K, used 57011K [0x00000000d5b00000, 0x00000000e0600000, 0x0000000100000000)
  eden space 125440K, 34% used [0x00000000d5b00000,0x00000000d85ae918,0x00000000dd580000)
  from space 13312K, 99% used [0x00000000dd580000,0x00000000de27e3d0,0x00000000de280000)
  to   space 20480K, 0% used [0x00000000df200000,0x00000000df200000,0x00000000e0600000)
 ParOldGen       total 76288K, used 26490K [0x0000000081000000, 0x0000000085a80000, 0x00000000d5b00000)
  object space 76288K, 34% used [0x0000000081000000,0x00000000829de818,0x0000000085a80000)
 Metaspace       used 33525K, capacity 35410K, committed 35496K, reserved 1079296K
  class space    used 4765K, capacity 5117K, committed 5120K, reserved 1048576K
Event: 15.886 GC heap after
Heap after GC invocations=9 (full 1):
 PSYoungGen      total 152064K, used 18029K [0x00000000d5b00000, 0x00000000e3080000, 0x0000000100000000)
  eden space 131584K, 0% used [0x00000000d5b00000,0x00000000d5b00000,0x00000000ddb80000)
  from space 20480K, 88% used [0x00000000df200000,0x00000000e039b5a8,0x00000000e0600000)
  to   space 23040K, 0% used [0x00000000ddb80000,0x00000000ddb80000,0x00000000df200000)
 ParOldGen       total 76288K, used 26498K [0x0000000081000000, 0x0000000085a80000, 0x00000000d5b00000)
  object space 76288K, 34% used [0x0000000081000000,0x00000000829e0818,0x0000000085a80000)
 Metaspace       used 33525K, capacity 35410K, committed 35496K, reserved 1079296K
  class space    used 4765K, capacity 5117K, committed 5120K, reserved 1048576K
}
Event: 15.886 GC heap before
{Heap before GC invocations=10 (full 2):
 PSYoungGen      total 152064K, used 18029K [0x00000000d5b00000, 0x00000000e3080000, 0x0000000100000000)
  eden space 131584K, 0% used [0x00000000d5b00000,0x00000000d5b00000,0x00000000ddb80000)
  from space 20480K, 88% used [0x00000000df200000,0x00000000e039b5a8,0x00000000e0600000)
  to   space 23040K, 0% used [0x00000000ddb80000,0x00000000ddb80000,0x00000000df200000)
 ParOldGen       total 76288K, used 26498K [0x0000000081000000, 0x0000000085a80000, 0x00000000d5b00000)
  object space 76288K, 34% used [0x0000000081000000,0x00000000829e0818,0x0000000085a80000)
 Metaspace       used 33525K, capacity 35410K, committed 35496K, reserved 1079296K
  class space    used 4765K, capacity 5117K, committed 5120K, reserved 1048576K
Event: 16.068 GC heap after
Heap after GC invocations=10 (full 2):
 PSYoungGen      total 152064K, used 0K [0x00000000d5b00000, 0x00000000e3080000, 0x0000000100000000)
  eden space 131584K, 0% used [0x00000000d5b00000,0x00000000d5b00000,0x00000000ddb80000)
  from space 20480K, 0% used [0x00000000df200000,0x00000000df200000,0x00000000e0600000)
  to   space 23040K, 0% used [0x00000000ddb80000,0x00000000ddb80000,0x00000000df200000)
 ParOldGen       total 133120K, used 42799K [0x0000000081000000, 0x0000000089200000, 0x00000000d5b00000)
  object space 133120K, 32% used [0x0000000081000000,0x00000000839cbcd0,0x0000000089200000)
 Metaspace       used 33525K, capacity 35410K, committed 35496K, reserved 1079296K
  class space    used 4765K, capacity 5117K, committed 5120K, reserved 1048576K
}

