# JRE version: Java(TM) SE Runtime Environment (8.0_151-b12) (build 1.8.0_151-b12)
# Java VM: Java HotSpot(TM) 64-Bit Server VM (25.151-b12 mixed mode windows-amd64 compressed oops)
Heap:
 PSYoungGen      total 134656K, used 39371K [0x00000000d5b00000, 0x00000000e0e80000, 0x0000000100000000)
  eden space 120320K, 24% used [0x00000000d5b00000,0x00000000d77a34d0,0x00000000dd080000)
  from space 14336K, 70% used [0x00000000dd080000,0x00000000dda4fa80,0x00000000dde80000)
  to   space 14848K, 0% used [0x00000000e0000000,0x00000000e0000000,0x00000000e0e80000)
 ParOldGen       total 73216K, used 16679K [0x0000000081000000, 0x0000000085780000, 0x00000000d5b00000)
  object space 73216K, 22% used [0x0000000081000000,0x0000000082049d80,0x0000000085780000)
 Metaspace       used 26298K, capacity 28160K, committed 28288K, reserved 1073152K
  class space    used 3884K, capacity 4218K, committed 4224K, reserved 1048576K
GC Heap History (10 events):
Event: 2.152 GC heap before
{Heap before GC invocations=4 (full 0):
 PSYoungGen      total 38400K, used 38368K [0x00000000d5b00000, 0x00000000da600000, 0x0000000100000000)
  eden space 33280K, 100% used [0x00000000d5b00000,0x00000000d7b80000,0x00000000d7b80000)
  from space 5120K, 99% used [0x00000000d7b80000,0x00000000d8078080,0x00000000d8080000)
  to   space 5120K, 0% used [0x00000000da100000,0x00000000da100000,0x00000000da600000)
 ParOldGen       total 87552K, used 12577K [0x0000000081000000, 0x0000000086580000, 0x00000000d5b00000)
  object space 87552K, 14% used [0x0000000081000000,0x0000000081c48418,0x0000000086580000)
 Metaspace       used 19899K, capacity 20798K, committed 20992K, reserved 1067008K
  class space    used 2869K, capacity 3061K, committed 3072K, reserved 1048576K
Event: 2.160 GC heap after
Heap after GC invocations=4 (full 0):
 PSYoungGen      total 71680K, used 5095K [0x00000000d5b00000, 0x00000000da600000, 0x0000000100000000)
  eden space 66560K, 0% used [0x00000000d5b00000,0x00000000d5b00000,0x00000000d9c00000)
  from space 5120K, 99% used [0x00000000da100000,0x00000000da5f9cf0,0x00000000da600000)
  to   space 5120K, 0% used [0x00000000d9c00000,0x00000000d9c00000,0x00000000da100000)
 ParOldGen       total 87552K, used 13558K [0x0000000081000000, 0x0000000086580000, 0x00000000d5b00000)
  object space 87552K, 15% used [0x0000000081000000,0x0000000081d3d918,0x0000000086580000)
 Metaspace       used 19899K, capacity 20798K, committed 20992K, reserved 1067008K
  class space    used 2869K, capacity 3061K, committed 3072K, reserved 1048576K
}
Event: 2.272 GC heap before
{Heap before GC invocations=5 (full 0):
 PSYoungGen      total 71680K, used 28100K [0x00000000d5b00000, 0x00000000da600000, 0x0000000100000000)
  eden space 66560K, 34% used [0x00000000d5b00000,0x00000000d7177438,0x00000000d9c00000)
  from space 5120K, 99% used [0x00000000da100000,0x00000000da5f9cf0,0x00000000da600000)
  to   space 5120K, 0% used [0x00000000d9c00000,0x00000000d9c00000,0x00000000da100000)
 ParOldGen       total 87552K, used 13558K [0x0000000081000000, 0x0000000086580000, 0x00000000d5b00000)
  object space 87552K, 15% used [0x0000000081000000,0x0000000081d3d918,0x0000000086580000)
 Metaspace       used 20297K, capacity 21260K, committed 21296K, reserved 1067008K
  class space    used 2958K, capacity 3166K, committed 3200K, reserved 1048576K
Event: 2.279 GC heap after
Heap after GC invocations=5 (full 0):
 PSYoungGen      total 71680K, used 5111K [0x00000000d5b00000, 0x00000000df800000, 0x0000000100000000)
  eden space 66560K, 0% used [0x00000000d5b00000,0x00000000d5b00000,0x00000000d9c00000)
  from space 5120K, 99% used [0x00000000d9c00000,0x00000000da0fdd00,0x00000000da100000)
  to   space 13824K, 0% used [0x00000000dea80000,0x00000000dea80000,0x00000000df800000)
 ParOldGen       total 87552K, used 13814K [0x0000000081000000, 0x0000000086580000, 0x00000000d5b00000)
  object space 87552K, 15% used [0x0000000081000000,0x0000000081d7d918,0x0000000086580000)
 Metaspace       used 20297K, capacity 21260K, committed 21296K, reserved 1067008K
  class space    used 2958K, capacity 3166K, committed 3200K, reserved 1048576K
}
Event: 2.279 GC heap before
{Heap before GC invocations=6 (full 1):
 PSYoungGen      total 71680K, used 5111K [0x00000000d5b00000, 0x00000000df800000, 0x0000000100000000)
  eden space 66560K, 0% used [0x00000000d5b00000,0x00000000d5b00000,0x00000000d9c00000)
  from space 5120K, 99% used [0x00000000d9c00000,0x00000000da0fdd00,0x00000000da100000)
  to   space 13824K, 0% used [0x00000000dea80000,0x00000000dea80000,0x00000000df800000)
 ParOldGen       total 87552K, used 13814K [0x0000000081000000, 0x0000000086580000, 0x00000000d5b00000)
  object space 87552K, 15% used [0x0000000081000000,0x0000000081d7d918,0x0000000086580000)
 Metaspace       used 20297K, capacity 21260K, committed 21296K, reserved 1067008K
  class space    used 2958K, capacity 3166K, committed 3200K, reserved 1048576K
Event: 2.319 GC heap after
Heap after GC invocations=6 (full 1):
 PSYoungGen      total 71680K, used 0K [0x00000000d5b00000, 0x00000000df800000, 0x0000000100000000)
  eden space 66560K, 0% used [0x00000000d5b00000,0x00000000d5b00000,0x00000000d9c00000)
  from space 5120K, 0% used [0x00000000d9c00000,0x00000000d9c00000,0x00000000da100000)
  to   space 13824K, 0% used [0x00000000dea80000,0x00000000dea80000,0x00000000df800000)
 ParOldGen       total 73216K, used 16671K [0x0000000081000000, 0x0000000085780000, 0x00000000d5b00000)
  object space 73216K, 22% used [0x0000000081000000,0x0000000082047d80,0x0000000085780000)
 Metaspace       used 20297K, capacity 21260K, committed 21296K, reserved 1067008K
  class space    used 2958K, capacity 3166K, committed 3200K, reserved 1048576K
}
Event: 2.717 GC heap before
{Heap before GC invocations=7 (full 1):
 PSYoungGen      total 71680K, used 66560K [0x00000000d5b00000, 0x00000000df800000, 0x0000000100000000)
  eden space 66560K, 100% used [0x00000000d5b00000,0x00000000d9c00000,0x00000000d9c00000)
  from space 5120K, 0% used [0x00000000d9c00000,0x00000000d9c00000,0x00000000da100000)
  to   space 13824K, 0% used [0x00000000dea80000,0x00000000dea80000,0x00000000df800000)
 ParOldGen       total 73216K, used 16671K [0x0000000081000000, 0x0000000085780000, 0x00000000d5b00000)
  object space 73216K, 22% used [0x0000000081000000,0x0000000082047d80,0x0000000085780000)
 Metaspace       used 20959K, capacity 22010K, committed 22272K, reserved 1069056K
  class space    used 3098K, capacity 3307K, committed 3328K, reserved 1048576K
Event: 2.720 GC heap after
Heap after GC invocations=7 (full 1):
 PSYoungGen      total 103936K, used 1915K [0x00000000d5b00000, 0x00000000dec80000, 0x0000000100000000)
  eden space 101888K, 0% used [0x00000000d5b00000,0x00000000d5b00000,0x00000000dbe80000)
  from space 2048K, 93% used [0x00000000dea80000,0x00000000dec5ef00,0x00000000dec80000)
  to   space 14336K, 0% used [0x00000000dd080000,0x00000000dd080000,0x00000000dde80000)
 ParOldGen       total 73216K, used 16679K [0x0000000081000000, 0x0000000085780000, 0x00000000d5b00000)
  object space 73216K, 22% used [0x0000000081000000,0x0000000082049d80,0x0000000085780000)
 Metaspace       used 20959K, capacity 22010K, committed 22272K, reserved 1069056K
  class space    used 3098K, capacity 3307K, committed 3328K, reserved 1048576K
}
Event: 3.909 GC heap before
{Heap before GC invocations=8 (full 1):
 PSYoungGen      total 103936K, used 103803K [0x00000000d5b00000, 0x00000000dec80000, 0x0000000100000000)
  eden space 101888K, 100% used [0x00000000d5b00000,0x00000000dbe80000,0x00000000dbe80000)
  from space 2048K, 93% used [0x00000000dea80000,0x00000000dec5ef00,0x00000000dec80000)
  to   space 14336K, 0% used [0x00000000dd080000,0x00000000dd080000,0x00000000dde80000)
 ParOldGen       total 73216K, used 16679K [0x0000000081000000, 0x0000000085780000, 0x00000000d5b00000)
  object space 73216K, 22% used [0x0000000081000000,0x0000000082049d80,0x0000000085780000)
 Metaspace       used 24298K, capacity 25988K, committed 26240K, reserved 1071104K
  class space    used 3672K, capacity 3950K, committed 3968K, reserved 1048576K
Event: 3.926 GC heap after
Heap after GC invocations=8 (full 1):
 PSYoungGen      total 134656K, used 10046K [0x00000000d5b00000, 0x00000000e0e80000, 0x0000000100000000)
  eden space 120320K, 0% used [0x00000000d5b00000,0x00000000d5b00000,0x00000000dd080000)
  from space 14336K, 70% used [0x00000000dd080000,0x00000000dda4fa80,0x00000000dde80000)
  to   space 14848K, 0% used [0x00000000e0000000,0x00000000e0000000,0x00000000e0e80000)
 ParOldGen       total 73216K, used 16679K [0x0000000081000000, 0x0000000085780000, 0x00000000d5b00000)
  object space 73216K, 22% used [0x0000000081000000,0x0000000082049d80,0x0000000085780000)
 Metaspace       used 24298K, capacity 25988K, committed 26240K, reserved 1071104K
  class space    used 3672K, capacity 3950K, committed 3968K, reserved 1048576K
}

